2022-12-01 07:33:16 LogWrapper init() ./logs/EUR_CHF.log
2022-12-01 07:33:16 {'n_ma': 12, 'n_std': 2.5, 'maxspread': 0.0004, 'mingain': 0.0006, 'riskreward': 1.5, 'strategy': 'M', 'dim_lot': [1, 1.4, 1, 1.4, 1.9, 2.5, 3.3, 4.4], 'max_open_trades': 8, 'sl': 0.008, 'tp': 0.006, 'delta_sl_tp': 0.002, 'size': 50}
2022-12-01 07:33:18 CandleManager() init last_candle:last_candle:22-12-01 06:32 is_ready:False
2022-12-01 07:34:03 CandleManager() new candle:last_candle:22-12-01 06:33 is_ready:True
2022-12-01 07:34:05 tech_manager: max_rows:32 candle_time:2022-12-01 06:33:00+00:00 granularity:M1
2022-12-01 07:34:05 process_candles:
       PAIR                      time    mid_c    mid_o   SL   TP   SPREAD      GAIN     LOSS  SIGNAL     BB_UP     BB_LW     BB_MA
26  EUR_CHF 2022-12-01 06:29:00+00:00  0.98548  0.98542  0.0  0.0  0.00020  0.000006  0.98548       0  0.985647  0.985324  0.985486
27  EUR_CHF 2022-12-01 06:30:00+00:00  0.98550  0.98548  0.0  0.0  0.00017  0.000012  0.98550       0  0.985647  0.985329  0.985488
28  EUR_CHF 2022-12-01 06:31:00+00:00  0.98556  0.98550  0.0  0.0  0.00021  0.000069  0.98556       0  0.985653  0.985328  0.985491
29  EUR_CHF 2022-12-01 06:32:00+00:00  0.98541  0.98556  0.0  0.0  0.00024  0.000071  0.98541       0  0.985631  0.985332  0.985481
30  EUR_CHF 2022-12-01 06:33:00+00:00  0.98550  0.98542  0.0  0.0  0.00021  0.000026  0.98550       0  0.985605  0.985342  0.985474
2022-12-01 07:35:02 CandleManager() new candle:last_candle:22-12-01 06:34 is_ready:True
2022-12-01 07:35:04 tech_manager: max_rows:32 candle_time:2022-12-01 06:34:00+00:00 granularity:M1
2022-12-01 07:35:04 process_candles:
       PAIR                      time    mid_c    mid_o   SL   TP   SPREAD      GAIN     LOSS  SIGNAL     BB_UP     BB_LW     BB_MA
26  EUR_CHF 2022-12-01 06:30:00+00:00  0.98550  0.98548  0.0  0.0  0.00017  0.000012  0.98550       0  0.985647  0.985329  0.985488
27  EUR_CHF 2022-12-01 06:31:00+00:00  0.98556  0.98550  0.0  0.0  0.00021  0.000069  0.98556       0  0.985653  0.985328  0.985491
28  EUR_CHF 2022-12-01 06:32:00+00:00  0.98541  0.98556  0.0  0.0  0.00024  0.000071  0.98541       0  0.985631  0.985332  0.985481
29  EUR_CHF 2022-12-01 06:33:00+00:00  0.98550  0.98542  0.0  0.0  0.00021  0.000026  0.98550       0  0.985605  0.985342  0.985474
30  EUR_CHF 2022-12-01 06:34:00+00:00  0.98542  0.98550  0.0  0.0  0.00019  0.000044  0.98542       0  0.985573  0.985354  0.985464
2022-12-01 07:36:01 CandleManager() new candle:last_candle:22-12-01 06:35 is_ready:True
2022-12-01 07:36:02 tech_manager: max_rows:32 candle_time:2022-12-01 06:35:00+00:00 granularity:M1
2022-12-01 07:36:03 process_candles:
       PAIR                      time    mid_c    mid_o   SL   TP   SPREAD      GAIN     LOSS  SIGNAL     BB_UP     BB_LW     BB_MA
26  EUR_CHF 2022-12-01 06:31:00+00:00  0.98556  0.98550  0.0  0.0  0.00021  0.000069  0.98556       0  0.985653  0.985328  0.985491
27  EUR_CHF 2022-12-01 06:32:00+00:00  0.98541  0.98556  0.0  0.0  0.00024  0.000071  0.98541       0  0.985631  0.985332  0.985481
28  EUR_CHF 2022-12-01 06:33:00+00:00  0.98550  0.98542  0.0  0.0  0.00021  0.000026  0.98550       0  0.985605  0.985342  0.985474
29  EUR_CHF 2022-12-01 06:34:00+00:00  0.98542  0.98550  0.0  0.0  0.00019  0.000044  0.98542       0  0.985573  0.985354  0.985464
30  EUR_CHF 2022-12-01 06:35:00+00:00  0.98552  0.98544  0.0  0.0  0.00021  0.000062  0.98552       0  0.985542  0.985373  0.985457
2022-12-01 07:37:00 CandleManager() new candle:last_candle:22-12-01 06:36 is_ready:True
2022-12-01 07:37:01 tech_manager: max_rows:32 candle_time:2022-12-01 06:36:00+00:00 granularity:M1
2022-12-01 07:37:01 process_candles:
       PAIR                      time    mid_c    mid_o   SL   TP   SPREAD      GAIN     LOSS  SIGNAL     BB_UP     BB_LW     BB_MA
26  EUR_CHF 2022-12-01 06:32:00+00:00  0.98541  0.98556  0.0  0.0  0.00024  0.000071  0.98541       0  0.985631  0.985332  0.985481
27  EUR_CHF 2022-12-01 06:33:00+00:00  0.98550  0.98542  0.0  0.0  0.00021  0.000026  0.98550       0  0.985605  0.985342  0.985474
28  EUR_CHF 2022-12-01 06:34:00+00:00  0.98542  0.98550  0.0  0.0  0.00019  0.000044  0.98542       0  0.985573  0.985354  0.985464
29  EUR_CHF 2022-12-01 06:35:00+00:00  0.98552  0.98544  0.0  0.0  0.00021  0.000062  0.98552       0  0.985542  0.985373  0.985457
30  EUR_CHF 2022-12-01 06:36:00+00:00  0.98542  0.98550  0.0  0.0  0.00017  0.000042  0.98542       0  0.985541  0.985384  0.985462
2022-12-01 07:37:59 CandleManager() new candle:last_candle:22-12-01 06:37 is_ready:True
2022-12-01 07:38:00 tech_manager: max_rows:32 candle_time:2022-12-01 06:37:00+00:00 granularity:M1
2022-12-01 07:38:00 process_candles:
       PAIR                      time    mid_c    mid_o   SL   TP   SPREAD      GAIN     LOSS  SIGNAL     BB_UP     BB_LW     BB_MA
26  EUR_CHF 2022-12-01 06:33:00+00:00  0.98550  0.98542  0.0  0.0  0.00021  0.000026  0.98550       0  0.985605  0.985342  0.985474
27  EUR_CHF 2022-12-01 06:34:00+00:00  0.98542  0.98550  0.0  0.0  0.00019  0.000044  0.98542       0  0.985573  0.985354  0.985464
28  EUR_CHF 2022-12-01 06:35:00+00:00  0.98552  0.98544  0.0  0.0  0.00021  0.000063  0.98552       0  0.985542  0.985373  0.985457
29  EUR_CHF 2022-12-01 06:36:00+00:00  0.98542  0.98550  0.0  0.0  0.00017  0.000042  0.98542       0  0.985541  0.985384  0.985462
30  EUR_CHF 2022-12-01 06:37:00+00:00  0.98554  0.98544  0.0  0.0  0.00018  0.000073  0.98554       0  0.985542  0.985393  0.985467
2022-12-01 07:39:09 CandleManager() new candle:last_candle:22-12-01 06:38 is_ready:True
2022-12-01 07:39:11 tech_manager: max_rows:32 candle_time:2022-12-01 06:38:00+00:00 granularity:M1
2022-12-01 07:39:11 process_candles:
       PAIR                      time    mid_c    mid_o   SL   TP   SPREAD      GAIN     LOSS  SIGNAL     BB_UP     BB_LW     BB_MA
26  EUR_CHF 2022-12-01 06:34:00+00:00  0.98542  0.98550  0.0  0.0  0.00019  0.000044  0.98542       0  0.985573  0.985354  0.985464
27  EUR_CHF 2022-12-01 06:35:00+00:00  0.98552  0.98544  0.0  0.0  0.00021  0.000063  0.98552       0  0.985542  0.985373  0.985457
28  EUR_CHF 2022-12-01 06:36:00+00:00  0.98542  0.98550  0.0  0.0  0.00017  0.000042  0.98542       0  0.985541  0.985384  0.985462
29  EUR_CHF 2022-12-01 06:37:00+00:00  0.98554  0.98544  0.0  0.0  0.00018  0.000073  0.98554       0  0.985542  0.985393  0.985467
30  EUR_CHF 2022-12-01 06:38:00+00:00  0.98566  0.98556  0.0  0.0  0.00019  0.000175  0.98566       0  0.985624  0.985346  0.985485
2022-12-01 07:40:08 CandleManager() new candle:last_candle:22-12-01 06:39 is_ready:True
2022-12-01 07:40:10 tech_manager: max_rows:32 candle_time:2022-12-01 06:39:00+00:00 granularity:M1
2022-12-01 07:40:10 process_candles:
       PAIR                      time    mid_c    mid_o   SL   TP   SPREAD      GAIN     LOSS  SIGNAL     BB_UP     BB_LW     BB_MA
26  EUR_CHF 2022-12-01 06:35:00+00:00  0.98552  0.98544  0.0  0.0  0.00021  0.000062  0.98552       0  0.985542  0.985373  0.985457
27  EUR_CHF 2022-12-01 06:36:00+00:00  0.98542  0.98550  0.0  0.0  0.00017  0.000042  0.98542       0  0.985541  0.985384  0.985462
28  EUR_CHF 2022-12-01 06:37:00+00:00  0.98554  0.98544  0.0  0.0  0.00018  0.000073  0.98554       0  0.985542  0.985393  0.985467
29  EUR_CHF 2022-12-01 06:38:00+00:00  0.98566  0.98556  0.0  0.0  0.00019  0.000175  0.98566       0  0.985624  0.985346  0.985485
30  EUR_CHF 2022-12-01 06:39:00+00:00  0.98540  0.98564  0.0  0.0  0.00020  0.000087  0.98540       0  0.985625  0.985350  0.985487
2022-12-01 07:41:07 CandleManager() new candle:last_candle:22-12-01 06:40 is_ready:True
2022-12-01 07:41:09 tech_manager: max_rows:32 candle_time:2022-12-01 06:40:00+00:00 granularity:M1
2022-12-01 07:41:09 process_candles:
       PAIR                      time    mid_c    mid_o   SL   TP   SPREAD      GAIN     LOSS  SIGNAL     BB_UP     BB_LW     BB_MA
26  EUR_CHF 2022-12-01 06:36:00+00:00  0.98542  0.98550  0.0  0.0  0.00017  0.000042  0.98542       0  0.985541  0.985384  0.985462
27  EUR_CHF 2022-12-01 06:37:00+00:00  0.98554  0.98544  0.0  0.0  0.00018  0.000073  0.98554       0  0.985542  0.985393  0.985467
28  EUR_CHF 2022-12-01 06:38:00+00:00  0.98566  0.98556  0.0  0.0  0.00019  0.000175  0.98566       0  0.985624  0.985346  0.985485
29  EUR_CHF 2022-12-01 06:39:00+00:00  0.98540  0.98564  0.0  0.0  0.00020  0.000087  0.98540       0  0.985625  0.985350  0.985487
30  EUR_CHF 2022-12-01 06:40:00+00:00  0.98544  0.98538  0.0  0.0  0.00017  0.000046  0.98544       0  0.985628  0.985344  0.985486
