2022-11-21 05:15:24 LogWrapper init() ./logs/EUR_GBP.log
2022-11-21 05:15:24 {'n_ma': 12, 'n_std': 2.5, 'maxspread': 0.0004, 'mingain': 0.0006, 'riskreward': 1.5, 'strategy': 'B', 'dim_lot': [1], 'max_open_trades': 1, 'sl': 0, 'tp': 0, 'delta_sl_tp': 0}
2022-11-21 05:15:25 CandleManager() init last_candle:last_candle:22-11-21 05:14 is_ready:False
2022-11-21 05:16:11 CandleManager() new candle:last_candle:22-11-21 05:15 is_ready:True
2022-11-21 05:16:12 tech_manager: max_rows:32 candle_time:2022-11-21 05:15:00+00:00 granularity:M1
2022-11-21 05:16:12 process_candles:
       PAIR                      time    mid_c    mid_o   SL   TP   SPREAD      GAIN     LOSS  SIGNAL     BB_UP     BB_LW     BB_MA
26  EUR_GBP 2022-11-21 05:11:00+00:00  0.86868  0.86870  0.0  0.0  0.00019  0.000004  0.86868       0  0.868787  0.868565  0.868676
27  EUR_GBP 2022-11-21 05:12:00+00:00  0.86862  0.86870  0.0  0.0  0.00017  0.000050  0.86862       0  0.868770  0.868569  0.868670
28  EUR_GBP 2022-11-21 05:13:00+00:00  0.86870  0.86863  0.0  0.0  0.00015  0.000028  0.86870       0  0.868773  0.868572  0.868672
29  EUR_GBP 2022-11-21 05:14:00+00:00  0.86872  0.86870  0.0  0.0  0.00021  0.000043  0.86872       0  0.868778  0.868576  0.868677
30  EUR_GBP 2022-11-21 05:15:00+00:00  0.86884  0.86874  0.0  0.0  0.00017  0.000148  0.86884       0  0.868816  0.868568  0.868692
2022-11-21 05:17:07 CandleManager() new candle:last_candle:22-11-21 05:16 is_ready:True
2022-11-21 05:17:09 tech_manager: max_rows:32 candle_time:2022-11-21 05:16:00+00:00 granularity:M1
2022-11-21 05:17:10 process_candles:
       PAIR                      time    mid_c    mid_o   SL   TP   SPREAD      GAIN     LOSS  SIGNAL     BB_UP     BB_LW     BB_MA
26  EUR_GBP 2022-11-21 05:12:00+00:00  0.86862  0.86870  0.0  0.0  0.00017  0.000050  0.86862       0  0.868770  0.868569  0.868670
27  EUR_GBP 2022-11-21 05:13:00+00:00  0.86870  0.86863  0.0  0.0  0.00015  0.000028  0.86870       0  0.868773  0.868572  0.868672
28  EUR_GBP 2022-11-21 05:14:00+00:00  0.86872  0.86870  0.0  0.0  0.00021  0.000043  0.86872       0  0.868778  0.868576  0.868677
29  EUR_GBP 2022-11-21 05:15:00+00:00  0.86884  0.86874  0.0  0.0  0.00017  0.000148  0.86884       0  0.868816  0.868568  0.868692
30  EUR_GBP 2022-11-21 05:16:00+00:00  0.86882  0.86884  0.0  0.0  0.00018  0.000111  0.86882       0  0.868857  0.868561  0.868709
2022-11-21 05:18:04 CandleManager() new candle:last_candle:22-11-21 05:17 is_ready:True
2022-11-21 05:18:06 tech_manager: max_rows:32 candle_time:2022-11-21 05:17:00+00:00 granularity:M1
2022-11-21 05:18:07 process_candles:
       PAIR                      time    mid_c    mid_o   SL   TP   SPREAD      GAIN     LOSS  SIGNAL     BB_UP     BB_LW     BB_MA
26  EUR_GBP 2022-11-21 05:13:00+00:00  0.86870  0.86863  0.0  0.0  0.00015  0.000028  0.86870       0  0.868773  0.868572  0.868672
27  EUR_GBP 2022-11-21 05:14:00+00:00  0.86872  0.86870  0.0  0.0  0.00021  0.000043  0.86872       0  0.868778  0.868576  0.868677
28  EUR_GBP 2022-11-21 05:15:00+00:00  0.86884  0.86874  0.0  0.0  0.00017  0.000148  0.86884       0  0.868816  0.868568  0.868692
29  EUR_GBP 2022-11-21 05:16:00+00:00  0.86882  0.86884  0.0  0.0  0.00018  0.000111  0.86882       0  0.868857  0.868561  0.868709
30  EUR_GBP 2022-11-21 05:17:00+00:00  0.86890  0.86884  0.0  0.0  0.00016  0.000168  0.86890       0  0.868907  0.868558  0.868732
2022-11-21 05:19:02 CandleManager() new candle:last_candle:22-11-21 05:18 is_ready:True
2022-11-21 05:19:03 tech_manager: max_rows:32 candle_time:2022-11-21 05:18:00+00:00 granularity:M1
2022-11-21 05:19:04 process_candles:
       PAIR                      time    mid_c    mid_o   SL   TP   SPREAD      GAIN     LOSS  SIGNAL     BB_UP     BB_LW     BB_MA
26  EUR_GBP 2022-11-21 05:14:00+00:00  0.86872  0.86870  0.0  0.0  0.00021  0.000043  0.86872       0  0.868778  0.868576  0.868677
27  EUR_GBP 2022-11-21 05:15:00+00:00  0.86884  0.86874  0.0  0.0  0.00017  0.000148  0.86884       0  0.868816  0.868568  0.868692
28  EUR_GBP 2022-11-21 05:16:00+00:00  0.86882  0.86884  0.0  0.0  0.00018  0.000111  0.86882       0  0.868857  0.868561  0.868709
29  EUR_GBP 2022-11-21 05:17:00+00:00  0.86890  0.86884  0.0  0.0  0.00016  0.000168  0.86890       0  0.868907  0.868558  0.868732
30  EUR_GBP 2022-11-21 05:18:00+00:00  0.86901  0.86890  0.0  0.0  0.00022  0.000256  0.86901       0  0.868999  0.868510  0.868754
2022-11-21 05:20:10 CandleManager() new candle:last_candle:22-11-21 05:19 is_ready:True
2022-11-21 05:20:12 tech_manager: max_rows:32 candle_time:2022-11-21 05:19:00+00:00 granularity:M1
2022-11-21 05:20:12 process_candles:
       PAIR                      time    mid_c    mid_o   SL   TP   SPREAD      GAIN     LOSS  SIGNAL     BB_UP     BB_LW     BB_MA
26  EUR_GBP 2022-11-21 05:15:00+00:00  0.86884  0.86874  0.0  0.0  0.00017  0.000148  0.86884       0  0.868816  0.868568  0.868692
27  EUR_GBP 2022-11-21 05:16:00+00:00  0.86882  0.86884  0.0  0.0  0.00018  0.000111  0.86882       0  0.868857  0.868561  0.868709
28  EUR_GBP 2022-11-21 05:17:00+00:00  0.86890  0.86884  0.0  0.0  0.00016  0.000168  0.86890       0  0.868907  0.868558  0.868732
29  EUR_GBP 2022-11-21 05:18:00+00:00  0.86901  0.86890  0.0  0.0  0.00022  0.000256  0.86901       0  0.868999  0.868510  0.868754
30  EUR_GBP 2022-11-21 05:19:00+00:00  0.86896  0.86900  0.0  0.0  0.00021  0.000185  0.86896       0  0.869069  0.868480  0.868775
2022-11-21 05:21:07 CandleManager() new candle:last_candle:22-11-21 05:20 is_ready:True
2022-11-21 05:21:09 tech_manager: max_rows:32 candle_time:2022-11-21 05:20:00+00:00 granularity:M1
2022-11-21 05:21:09 process_candles:
       PAIR                      time    mid_c    mid_o   SL   TP   SPREAD      GAIN     LOSS  SIGNAL     BB_UP     BB_LW     BB_MA
26  EUR_GBP 2022-11-21 05:16:00+00:00  0.86882  0.86884  0.0  0.0  0.00018  0.000111  0.86882       0  0.868857  0.868561  0.868709
27  EUR_GBP 2022-11-21 05:17:00+00:00  0.86890  0.86884  0.0  0.0  0.00016  0.000168  0.86890       0  0.868907  0.868558  0.868732
28  EUR_GBP 2022-11-21 05:18:00+00:00  0.86901  0.86890  0.0  0.0  0.00022  0.000256  0.86901       0  0.868999  0.868510  0.868754
29  EUR_GBP 2022-11-21 05:19:00+00:00  0.86896  0.86900  0.0  0.0  0.00021  0.000185  0.86896       0  0.869069  0.868480  0.868775
30  EUR_GBP 2022-11-21 05:20:00+00:00  0.86906  0.86895  0.0  0.0  0.00021  0.000259  0.86906       0  0.869140  0.868462  0.868801
2022-11-21 05:22:04 CandleManager() new candle:last_candle:22-11-21 05:21 is_ready:True
2022-11-21 05:22:05 tech_manager: max_rows:32 candle_time:2022-11-21 05:21:00+00:00 granularity:M1
2022-11-21 05:22:06 process_candles:
       PAIR                      time    mid_c    mid_o   SL   TP   SPREAD      GAIN     LOSS  SIGNAL     BB_UP     BB_LW     BB_MA
26  EUR_GBP 2022-11-21 05:17:00+00:00  0.86890  0.86884  0.0  0.0  0.00016  0.000168  0.86890       0  0.868907  0.868558  0.868732
27  EUR_GBP 2022-11-21 05:18:00+00:00  0.86901  0.86890  0.0  0.0  0.00022  0.000256  0.86901       0  0.868999  0.868510  0.868754
28  EUR_GBP 2022-11-21 05:19:00+00:00  0.86896  0.86900  0.0  0.0  0.00021  0.000185  0.86896       0  0.869069  0.868480  0.868775
29  EUR_GBP 2022-11-21 05:20:00+00:00  0.86906  0.86895  0.0  0.0  0.00021  0.000259  0.86906       0  0.869140  0.868462  0.868801
30  EUR_GBP 2022-11-21 05:21:00+00:00  0.86906  0.86908  0.0  0.0  0.00023  0.000226  0.86906       0  0.869208  0.868460  0.868834
2022-11-21 05:23:01 CandleManager() new candle:last_candle:22-11-21 05:22 is_ready:True
2022-11-21 05:23:03 tech_manager: max_rows:32 candle_time:2022-11-21 05:22:00+00:00 granularity:M1
2022-11-21 05:23:03 process_candles:
       PAIR                      time    mid_c    mid_o   SL   TP   SPREAD      GAIN     LOSS  SIGNAL     BB_UP     BB_LW     BB_MA
26  EUR_GBP 2022-11-21 05:18:00+00:00  0.86901  0.86890  0.0  0.0  0.00022  0.000256  0.86901       0  0.868999  0.868510  0.868754
27  EUR_GBP 2022-11-21 05:19:00+00:00  0.86896  0.86900  0.0  0.0  0.00021  0.000185  0.86896       0  0.869069  0.868480  0.868775
28  EUR_GBP 2022-11-21 05:20:00+00:00  0.86906  0.86895  0.0  0.0  0.00021  0.000259  0.86906       0  0.869140  0.868462  0.868801
29  EUR_GBP 2022-11-21 05:21:00+00:00  0.86906  0.86908  0.0  0.0  0.00023  0.000226  0.86906       0  0.869208  0.868460  0.868834
30  EUR_GBP 2022-11-21 05:22:00+00:00  0.86904  0.86905  0.0  0.0  0.00021  0.000179  0.86904       0  0.869243  0.868479  0.868861
2022-11-21 05:24:09 CandleManager() new candle:last_candle:22-11-21 05:23 is_ready:True
2022-11-21 05:24:11 tech_manager: max_rows:32 candle_time:2022-11-21 05:23:00+00:00 granularity:M1
2022-11-21 05:24:11 process_candles:
       PAIR                      time    mid_c    mid_o   SL   TP   SPREAD      GAIN     LOSS  SIGNAL     BB_UP     BB_LW     BB_MA
26  EUR_GBP 2022-11-21 05:19:00+00:00  0.86896  0.86900  0.0  0.0  0.00021  0.000185  0.86896       0  0.869069  0.868480  0.868775
27  EUR_GBP 2022-11-21 05:20:00+00:00  0.86906  0.86895  0.0  0.0  0.00021  0.000259  0.86906       0  0.869140  0.868462  0.868801
28  EUR_GBP 2022-11-21 05:21:00+00:00  0.86906  0.86908  0.0  0.0  0.00023  0.000226  0.86906       0  0.869208  0.868460  0.868834
29  EUR_GBP 2022-11-21 05:22:00+00:00  0.86904  0.86905  0.0  0.0  0.00021  0.000179  0.86904       0  0.869243  0.868479  0.868861
30  EUR_GBP 2022-11-21 05:23:00+00:00  0.86914  0.86904  0.0  0.0  0.00023  0.000244  0.86914       0  0.869287  0.868505  0.868896
2022-11-21 05:25:07 CandleManager() new candle:last_candle:22-11-21 05:24 is_ready:True
2022-11-21 05:25:08 tech_manager: max_rows:32 candle_time:2022-11-21 05:24:00+00:00 granularity:M1
2022-11-21 05:25:09 process_candles:
       PAIR                      time    mid_c    mid_o   SL   TP   SPREAD      GAIN     LOSS  SIGNAL     BB_UP     BB_LW     BB_MA
26  EUR_GBP 2022-11-21 05:20:00+00:00  0.86906  0.86895  0.0  0.0  0.00021  0.000259  0.86906       0  0.869140  0.868462  0.868801
27  EUR_GBP 2022-11-21 05:21:00+00:00  0.86906  0.86908  0.0  0.0  0.00023  0.000226  0.86906       0  0.869208  0.868460  0.868834
28  EUR_GBP 2022-11-21 05:22:00+00:00  0.86904  0.86905  0.0  0.0  0.00021  0.000179  0.86904       0  0.869243  0.868479  0.868861
29  EUR_GBP 2022-11-21 05:23:00+00:00  0.86914  0.86904  0.0  0.0  0.00023  0.000244  0.86914       0  0.869287  0.868505  0.868896
30  EUR_GBP 2022-11-21 05:24:00+00:00  0.86917  0.86914  0.0  0.0  0.00024  0.000232  0.86917       0  0.869325  0.868550  0.868938
2022-11-21 05:26:16 CandleManager() new candle:last_candle:22-11-21 05:25 is_ready:True
2022-11-21 05:26:17 tech_manager: max_rows:32 candle_time:2022-11-21 05:25:00+00:00 granularity:M1
2022-11-21 05:26:17 process_candles:
       PAIR                      time    mid_c    mid_o   SL   TP   SPREAD      GAIN     LOSS  SIGNAL     BB_UP     BB_LW     BB_MA
26  EUR_GBP 2022-11-21 05:21:00+00:00  0.86906  0.86908  0.0  0.0  0.00023  0.000226  0.86906       0  0.869208  0.868460  0.868834
27  EUR_GBP 2022-11-21 05:22:00+00:00  0.86904  0.86905  0.0  0.0  0.00021  0.000179  0.86904       0  0.869243  0.868479  0.868861
28  EUR_GBP 2022-11-21 05:23:00+00:00  0.86914  0.86904  0.0  0.0  0.00023  0.000244  0.86914       0  0.869287  0.868505  0.868896
29  EUR_GBP 2022-11-21 05:24:00+00:00  0.86917  0.86914  0.0  0.0  0.00024  0.000232  0.86917       0  0.869325  0.868550  0.868938
30  EUR_GBP 2022-11-21 05:25:00+00:00  0.86916  0.86916  0.0  0.0  0.00019  0.000183  0.86916       0  0.869338  0.868616  0.868977
2022-11-21 05:27:13 CandleManager() new candle:last_candle:22-11-21 05:26 is_ready:True
2022-11-21 05:27:14 tech_manager: max_rows:32 candle_time:2022-11-21 05:26:00+00:00 granularity:M1
2022-11-21 05:27:14 process_candles:
       PAIR                      time    mid_c    mid_o   SL   TP   SPREAD      GAIN     LOSS  SIGNAL     BB_UP     BB_LW     BB_MA
26  EUR_GBP 2022-11-21 05:22:00+00:00  0.86904  0.86905  0.0  0.0  0.00021  0.000179  0.86904       0  0.869243  0.868479  0.868861
27  EUR_GBP 2022-11-21 05:23:00+00:00  0.86914  0.86904  0.0  0.0  0.00023  0.000244  0.86914       0  0.869287  0.868505  0.868896
28  EUR_GBP 2022-11-21 05:24:00+00:00  0.86917  0.86914  0.0  0.0  0.00024  0.000232  0.86917       0  0.869325  0.868550  0.868938
29  EUR_GBP 2022-11-21 05:25:00+00:00  0.86916  0.86916  0.0  0.0  0.00019  0.000183  0.86916       0  0.869338  0.868616  0.868977
30  EUR_GBP 2022-11-21 05:26:00+00:00  0.86912  0.86919  0.0  0.0  0.00019  0.000107  0.86912       0  0.869322  0.868704  0.869013
2022-11-21 05:28:09 CandleManager() new candle:last_candle:22-11-21 05:27 is_ready:True
2022-11-21 05:28:11 tech_manager: max_rows:32 candle_time:2022-11-21 05:27:00+00:00 granularity:M1
2022-11-21 05:28:11 process_candles:
       PAIR                      time    mid_c    mid_o   SL   TP   SPREAD      GAIN     LOSS  SIGNAL     BB_UP     BB_LW     BB_MA
26  EUR_GBP 2022-11-21 05:23:00+00:00  0.86914  0.86904  0.0  0.0  0.00023  0.000244  0.86914       0  0.869287  0.868505  0.868896
27  EUR_GBP 2022-11-21 05:24:00+00:00  0.86917  0.86914  0.0  0.0  0.00024  0.000232  0.86917       0  0.869325  0.868550  0.868938
28  EUR_GBP 2022-11-21 05:25:00+00:00  0.86916  0.86916  0.0  0.0  0.00019  0.000183  0.86916       0  0.869338  0.868616  0.868977
29  EUR_GBP 2022-11-21 05:26:00+00:00  0.86912  0.86919  0.0  0.0  0.00019  0.000107  0.86912       0  0.869322  0.868704  0.869013
30  EUR_GBP 2022-11-21 05:27:00+00:00  0.86909  0.86911  0.0  0.0  0.00022  0.000052  0.86909       0  0.869302  0.868774  0.869038
2022-11-21 05:29:06 CandleManager() new candle:last_candle:22-11-21 05:28 is_ready:True
2022-11-21 05:29:08 tech_manager: max_rows:32 candle_time:2022-11-21 05:28:00+00:00 granularity:M1
2022-11-21 05:29:08 process_candles:
       PAIR                      time    mid_c    mid_o   SL   TP   SPREAD      GAIN     LOSS  SIGNAL     BB_UP     BB_LW     BB_MA
26  EUR_GBP 2022-11-21 05:24:00+00:00  0.86917  0.86914  0.0  0.0  0.00024  0.000232  0.86917       0  0.869325  0.868550  0.868938
27  EUR_GBP 2022-11-21 05:25:00+00:00  0.86916  0.86916  0.0  0.0  0.00019  0.000183  0.86916       0  0.869338  0.868616  0.868977
28  EUR_GBP 2022-11-21 05:26:00+00:00  0.86912  0.86919  0.0  0.0  0.00019  0.000107  0.86912       0  0.869322  0.868704  0.869013
29  EUR_GBP 2022-11-21 05:27:00+00:00  0.86909  0.86911  0.0  0.0  0.00022  0.000052  0.86909       0  0.869302  0.868774  0.869038
30  EUR_GBP 2022-11-21 05:28:00+00:00  0.86895  0.86908  0.0  0.0  0.00018  0.000102  0.86895       0  0.869264  0.868839  0.869052
2022-11-21 05:30:03 CandleManager() new candle:last_candle:22-11-21 05:29 is_ready:True
2022-11-21 05:30:05 tech_manager: max_rows:32 candle_time:2022-11-21 05:29:00+00:00 granularity:M1
2022-11-21 05:30:05 process_candles:
       PAIR                      time    mid_c    mid_o   SL   TP   SPREAD      GAIN     LOSS  SIGNAL     BB_UP     BB_LW     BB_MA
26  EUR_GBP 2022-11-21 05:25:00+00:00  0.86916  0.86916  0.0  0.0  0.00019  0.000183  0.86916       0  0.869338  0.868616  0.868977
27  EUR_GBP 2022-11-21 05:26:00+00:00  0.86912  0.86919  0.0  0.0  0.00019  0.000107  0.86912       0  0.869322  0.868704  0.869013
28  EUR_GBP 2022-11-21 05:27:00+00:00  0.86909  0.86911  0.0  0.0  0.00022  0.000052  0.86909       0  0.869302  0.868774  0.869038
29  EUR_GBP 2022-11-21 05:28:00+00:00  0.86895  0.86908  0.0  0.0  0.00018  0.000102  0.86895       0  0.869264  0.868839  0.869052
30  EUR_GBP 2022-11-21 05:29:00+00:00  0.86891  0.86896  0.0  0.0  0.00018  0.000145  0.86891       0  0.869252  0.868857  0.869055
2022-11-21 05:31:00 CandleManager() new candle:last_candle:22-11-21 05:30 is_ready:True
2022-11-21 05:31:02 tech_manager: max_rows:32 candle_time:2022-11-21 05:30:00+00:00 granularity:M1
2022-11-21 05:31:02 process_candles:
       PAIR                      time    mid_c    mid_o   SL   TP   SPREAD      GAIN     LOSS  SIGNAL     BB_UP     BB_LW     BB_MA
26  EUR_GBP 2022-11-21 05:26:00+00:00  0.86912  0.86919  0.0  0.0  0.00019  0.000107  0.86912       0  0.869322  0.868704  0.869013
27  EUR_GBP 2022-11-21 05:27:00+00:00  0.86909  0.86911  0.0  0.0  0.00022  0.000052  0.86909       0  0.869302  0.868774  0.869038
28  EUR_GBP 2022-11-21 05:28:00+00:00  0.86895  0.86908  0.0  0.0  0.00018  0.000102  0.86895       0  0.869264  0.868839  0.869052
29  EUR_GBP 2022-11-21 05:29:00+00:00  0.86891  0.86896  0.0  0.0  0.00018  0.000145  0.86891       0  0.869252  0.868857  0.869055
30  EUR_GBP 2022-11-21 05:30:00+00:00  0.86893  0.86893  0.0  0.0  0.00020  0.000121  0.86893       0  0.869262  0.868839  0.869051
2022-11-21 05:32:09 CandleManager() new candle:last_candle:22-11-21 05:31 is_ready:True
2022-11-21 05:32:10 tech_manager: max_rows:32 candle_time:2022-11-21 05:31:00+00:00 granularity:M1
2022-11-21 05:32:11 process_candles:
       PAIR                      time    mid_c    mid_o   SL   TP   SPREAD      GAIN     LOSS  SIGNAL     BB_UP     BB_LW     BB_MA
26  EUR_GBP 2022-11-21 05:27:00+00:00  0.86909  0.86911  0.0  0.0  0.00022  0.000052  0.86909       0  0.869302  0.868774  0.869038
27  EUR_GBP 2022-11-21 05:28:00+00:00  0.86895  0.86908  0.0  0.0  0.00018  0.000102  0.86895       0  0.869264  0.868839  0.869052
28  EUR_GBP 2022-11-21 05:29:00+00:00  0.86891  0.86896  0.0  0.0  0.00018  0.000145  0.86891       0  0.869252  0.868857  0.869055
29  EUR_GBP 2022-11-21 05:30:00+00:00  0.86893  0.86893  0.0  0.0  0.00020  0.000121  0.86893       0  0.869262  0.868839  0.869051
30  EUR_GBP 2022-11-21 05:31:00+00:00  0.86891  0.86892  0.0  0.0  0.00022  0.000133  0.86891       0  0.869280  0.868806  0.869043
2022-11-21 05:33:06 CandleManager() new candle:last_candle:22-11-21 05:32 is_ready:True
2022-11-21 05:33:08 tech_manager: max_rows:32 candle_time:2022-11-21 05:32:00+00:00 granularity:M1
2022-11-21 05:33:08 process_candles:
       PAIR                      time    mid_c    mid_o   SL   TP   SPREAD      GAIN     LOSS  SIGNAL     BB_UP     BB_LW     BB_MA
26  EUR_GBP 2022-11-21 05:28:00+00:00  0.86895  0.86908  0.0  0.0  0.00018  0.000102  0.86895       0  0.869264  0.868839  0.869052
27  EUR_GBP 2022-11-21 05:29:00+00:00  0.86891  0.86896  0.0  0.0  0.00018  0.000145  0.86891       0  0.869252  0.868857  0.869055
28  EUR_GBP 2022-11-21 05:30:00+00:00  0.86893  0.86893  0.0  0.0  0.00020  0.000121  0.86893       0  0.869262  0.868839  0.869051
29  EUR_GBP 2022-11-21 05:31:00+00:00  0.86891  0.86892  0.0  0.0  0.00022  0.000133  0.86891       0  0.869280  0.868806  0.869043
30  EUR_GBP 2022-11-21 05:32:00+00:00  0.86893  0.86894  0.0  0.0  0.00022  0.000106  0.86893       0  0.869284  0.868789  0.869036
2022-11-21 05:34:03 CandleManager() new candle:last_candle:22-11-21 05:33 is_ready:True
2022-11-21 05:34:05 tech_manager: max_rows:32 candle_time:2022-11-21 05:33:00+00:00 granularity:M1
2022-11-21 05:34:05 process_candles:
       PAIR                      time    mid_c    mid_o   SL   TP   SPREAD      GAIN     LOSS  SIGNAL     BB_UP     BB_LW     BB_MA
26  EUR_GBP 2022-11-21 05:29:00+00:00  0.86891  0.86896  0.0  0.0  0.00018  0.000145  0.86891       0  0.869252  0.868857  0.869055
27  EUR_GBP 2022-11-21 05:30:00+00:00  0.86893  0.86893  0.0  0.0  0.00020  0.000121  0.86893       0  0.869262  0.868839  0.869051
28  EUR_GBP 2022-11-21 05:31:00+00:00  0.86891  0.86892  0.0  0.0  0.00022  0.000133  0.86891       0  0.869280  0.868806  0.869043
29  EUR_GBP 2022-11-21 05:32:00+00:00  0.86893  0.86894  0.0  0.0  0.00022  0.000106  0.86893       0  0.869284  0.868789  0.869036
30  EUR_GBP 2022-11-21 05:33:00+00:00  0.86902  0.86892  0.0  0.0  0.00018  0.000010  0.86902       0  0.869277  0.868782  0.869030
2022-11-21 05:35:00 CandleManager() new candle:last_candle:22-11-21 05:34 is_ready:True
2022-11-21 05:35:01 tech_manager: max_rows:32 candle_time:2022-11-21 05:34:00+00:00 granularity:M1
2022-11-21 05:35:02 process_candles:
       PAIR                      time    mid_c    mid_o   SL   TP   SPREAD      GAIN     LOSS  SIGNAL     BB_UP     BB_LW     BB_MA
26  EUR_GBP 2022-11-21 05:30:00+00:00  0.86893  0.86893  0.0  0.0  0.00020  0.000121  0.86893       0  0.869262  0.868839  0.869051
27  EUR_GBP 2022-11-21 05:31:00+00:00  0.86891  0.86892  0.0  0.0  0.00022  0.000133  0.86891       0  0.869280  0.868806  0.869043
28  EUR_GBP 2022-11-21 05:32:00+00:00  0.86893  0.86894  0.0  0.0  0.00022  0.000106  0.86893       0  0.869284  0.868789  0.869036
29  EUR_GBP 2022-11-21 05:33:00+00:00  0.86902  0.86892  0.0  0.0  0.00018  0.000010  0.86902       0  0.869277  0.868782  0.869030
30  EUR_GBP 2022-11-21 05:34:00+00:00  0.86901  0.86900  0.0  0.0  0.00022  0.000017  0.86901       0  0.869276  0.868778  0.869027
2022-11-21 05:36:09 CandleManager() new candle:last_candle:22-11-21 05:35 is_ready:True
2022-11-21 05:36:10 tech_manager: max_rows:32 candle_time:2022-11-21 05:35:00+00:00 granularity:M1
2022-11-21 05:36:11 process_candles:
       PAIR                      time    mid_c    mid_o   SL   TP   SPREAD      GAIN     LOSS  SIGNAL     BB_UP     BB_LW     BB_MA
26  EUR_GBP 2022-11-21 05:31:00+00:00  0.86891  0.86892  0.0  0.0  0.00022  0.000133  0.86891       0  0.869280  0.868806  0.869043
27  EUR_GBP 2022-11-21 05:32:00+00:00  0.86893  0.86894  0.0  0.0  0.00022  0.000106  0.86893       0  0.869284  0.868789  0.869036
28  EUR_GBP 2022-11-21 05:33:00+00:00  0.86902  0.86892  0.0  0.0  0.00018  0.000010  0.86902       0  0.869277  0.868782  0.869030
29  EUR_GBP 2022-11-21 05:34:00+00:00  0.86901  0.86900  0.0  0.0  0.00022  0.000017  0.86901       0  0.869276  0.868778  0.869027
30  EUR_GBP 2022-11-21 05:35:00+00:00  0.86922  0.86901  0.0  0.0  0.00021  0.000188  0.86922       0  0.869294  0.868770  0.869032
2022-11-21 05:37:06 CandleManager() new candle:last_candle:22-11-21 05:36 is_ready:True
2022-11-21 05:37:08 tech_manager: max_rows:32 candle_time:2022-11-21 05:36:00+00:00 granularity:M1
2022-11-21 05:37:08 process_candles:
       PAIR                      time    mid_c    mid_o   SL   TP   SPREAD      GAIN     LOSS  SIGNAL     BB_UP     BB_LW     BB_MA
26  EUR_GBP 2022-11-21 05:32:00+00:00  0.86893  0.86894  0.0  0.0  0.00022  0.000106  0.86893       0  0.869284  0.868789  0.869036
27  EUR_GBP 2022-11-21 05:33:00+00:00  0.86902  0.86892  0.0  0.0  0.00018  0.000010  0.86902       0  0.869277  0.868782  0.869030
28  EUR_GBP 2022-11-21 05:34:00+00:00  0.86901  0.86900  0.0  0.0  0.00022  0.000017  0.86901       0  0.869276  0.868778  0.869027
29  EUR_GBP 2022-11-21 05:35:00+00:00  0.86922  0.86901  0.0  0.0  0.00021  0.000188  0.86922       0  0.869294  0.868770  0.869032
30  EUR_GBP 2022-11-21 05:36:00+00:00  0.86916  0.86924  0.0  0.0  0.00019  0.000126  0.86916       0  0.869301  0.868766  0.869034
2022-11-21 05:38:03 CandleManager() new candle:last_candle:22-11-21 05:37 is_ready:True
2022-11-21 05:38:05 tech_manager: max_rows:32 candle_time:2022-11-21 05:37:00+00:00 granularity:M1
2022-11-21 05:38:05 process_candles:
       PAIR                      time    mid_c    mid_o   SL   TP   SPREAD      GAIN     LOSS  SIGNAL     BB_UP     BB_LW     BB_MA
26  EUR_GBP 2022-11-21 05:33:00+00:00  0.86902  0.86892  0.0  0.0  0.00018  0.000010  0.86902       0  0.869277  0.868782  0.869030
27  EUR_GBP 2022-11-21 05:34:00+00:00  0.86901  0.86900  0.0  0.0  0.00022  0.000017  0.86901       0  0.869276  0.868778  0.869027
28  EUR_GBP 2022-11-21 05:35:00+00:00  0.86922  0.86901  0.0  0.0  0.00021  0.000188  0.86922       0  0.869294  0.868770  0.869032
29  EUR_GBP 2022-11-21 05:36:00+00:00  0.86916  0.86924  0.0  0.0  0.00019  0.000126  0.86916       0  0.869301  0.868766  0.869034
30  EUR_GBP 2022-11-21 05:37:00+00:00  0.86915  0.86915  0.0  0.0  0.00018  0.000117  0.86915       0  0.869299  0.868767  0.869033
2022-11-21 05:39:00 CandleManager() new candle:last_candle:22-11-21 05:38 is_ready:True
2022-11-21 05:39:02 tech_manager: max_rows:32 candle_time:2022-11-21 05:38:00+00:00 granularity:M1
2022-11-21 05:39:02 process_candles:
       PAIR                      time    mid_c    mid_o   SL   TP   SPREAD      GAIN     LOSS  SIGNAL     BB_UP     BB_LW     BB_MA
26  EUR_GBP 2022-11-21 05:34:00+00:00  0.86901  0.86900  0.0  0.0  0.00022  0.000017  0.86901       0  0.869276  0.868778  0.869027
27  EUR_GBP 2022-11-21 05:35:00+00:00  0.86922  0.86901  0.0  0.0  0.00021  0.000188  0.86922       0  0.869294  0.868770  0.869032
28  EUR_GBP 2022-11-21 05:36:00+00:00  0.86916  0.86924  0.0  0.0  0.00019  0.000126  0.86916       0  0.869301  0.868766  0.869034
29  EUR_GBP 2022-11-21 05:37:00+00:00  0.86915  0.86915  0.0  0.0  0.00018  0.000117  0.86915       0  0.869299  0.868767  0.869033
30  EUR_GBP 2022-11-21 05:38:00+00:00  0.86918  0.86915  0.0  0.0  0.00014  0.000145  0.86918       0  0.869306  0.868764  0.869035
2022-11-21 05:40:08 CandleManager() new candle:last_candle:22-11-21 05:39 is_ready:True
2022-11-21 05:40:10 tech_manager: max_rows:32 candle_time:2022-11-21 05:39:00+00:00 granularity:M1
2022-11-21 05:40:10 process_candles:
       PAIR                      time    mid_c    mid_o   SL   TP   SPREAD      GAIN     LOSS  SIGNAL     BB_UP     BB_LW     BB_MA
26  EUR_GBP 2022-11-21 05:35:00+00:00  0.86922  0.86901  0.0  0.0  0.00021  0.000188  0.86922       0  0.869294  0.868770  0.869032
27  EUR_GBP 2022-11-21 05:36:00+00:00  0.86916  0.86924  0.0  0.0  0.00019  0.000126  0.86916       0  0.869301  0.868766  0.869034
28  EUR_GBP 2022-11-21 05:37:00+00:00  0.86915  0.86915  0.0  0.0  0.00018  0.000117  0.86915       0  0.869299  0.868767  0.869033
29  EUR_GBP 2022-11-21 05:38:00+00:00  0.86918  0.86915  0.0  0.0  0.00014  0.000145  0.86918       0  0.869306  0.868764  0.869035
30  EUR_GBP 2022-11-21 05:39:00+00:00  0.86910  0.86918  0.0  0.0  0.00019  0.000064  0.86910       0  0.869309  0.868763  0.869036
2022-11-21 05:41:05 CandleManager() new candle:last_candle:22-11-21 05:40 is_ready:True
2022-11-21 05:41:07 tech_manager: max_rows:32 candle_time:2022-11-21 05:40:00+00:00 granularity:M1
2022-11-21 05:41:07 process_candles:
       PAIR                      time    mid_c    mid_o   SL   TP   SPREAD      GAIN     LOSS  SIGNAL     BB_UP     BB_LW     BB_MA
26  EUR_GBP 2022-11-21 05:36:00+00:00  0.86916  0.86924  0.0  0.0  0.00019  0.000126  0.86916       0  0.869301  0.868766  0.869034
27  EUR_GBP 2022-11-21 05:37:00+00:00  0.86915  0.86915  0.0  0.0  0.00018  0.000117  0.86915       0  0.869299  0.868767  0.869033
28  EUR_GBP 2022-11-21 05:38:00+00:00  0.86918  0.86915  0.0  0.0  0.00014  0.000145  0.86918       0  0.869306  0.868764  0.869035
29  EUR_GBP 2022-11-21 05:39:00+00:00  0.86910  0.86918  0.0  0.0  0.00019  0.000064  0.86910       0  0.869309  0.868763  0.869036
30  EUR_GBP 2022-11-21 05:40:00+00:00  0.86906  0.86908  0.0  0.0  0.00015  0.000021  0.86906       0  0.869310  0.868768  0.869039
2022-11-21 05:42:02 CandleManager() new candle:last_candle:22-11-21 05:41 is_ready:True
2022-11-21 05:42:04 tech_manager: max_rows:32 candle_time:2022-11-21 05:41:00+00:00 granularity:M1
2022-11-21 05:42:04 process_candles:
       PAIR                      time    mid_c    mid_o   SL   TP   SPREAD      GAIN     LOSS  SIGNAL     BB_UP     BB_LW     BB_MA
26  EUR_GBP 2022-11-21 05:37:00+00:00  0.86915  0.86915  0.0  0.0  0.00018  0.000117  0.86915       0  0.869299  0.868767  0.869033
27  EUR_GBP 2022-11-21 05:38:00+00:00  0.86918  0.86915  0.0  0.0  0.00014  0.000145  0.86918       0  0.869306  0.868764  0.869035
28  EUR_GBP 2022-11-21 05:39:00+00:00  0.86910  0.86918  0.0  0.0  0.00019  0.000064  0.86910       0  0.869309  0.868763  0.869036
29  EUR_GBP 2022-11-21 05:40:00+00:00  0.86906  0.86908  0.0  0.0  0.00015  0.000021  0.86906       0  0.869310  0.868768  0.869039
30  EUR_GBP 2022-11-21 05:41:00+00:00  0.86906  0.86904  0.0  0.0  0.00015  0.000011  0.86906       0  0.869304  0.868793  0.869049
2022-11-21 05:43:10 CandleManager() new candle:last_candle:22-11-21 05:42 is_ready:True
2022-11-21 05:43:12 tech_manager: max_rows:32 candle_time:2022-11-21 05:42:00+00:00 granularity:M1
2022-11-21 05:43:12 process_candles:
       PAIR                      time    mid_c    mid_o   SL   TP   SPREAD      GAIN     LOSS  SIGNAL     BB_UP     BB_LW     BB_MA
26  EUR_GBP 2022-11-21 05:38:00+00:00  0.86918  0.86915  0.0  0.0  0.00014  0.000145  0.86918       0  0.869306  0.868764  0.869035
27  EUR_GBP 2022-11-21 05:39:00+00:00  0.86910  0.86918  0.0  0.0  0.00019  0.000064  0.86910       0  0.869309  0.868763  0.869036
28  EUR_GBP 2022-11-21 05:40:00+00:00  0.86906  0.86908  0.0  0.0  0.00015  0.000021  0.86906       0  0.869310  0.868768  0.869039
29  EUR_GBP 2022-11-21 05:41:00+00:00  0.86906  0.86904  0.0  0.0  0.00015  0.000011  0.86906       0  0.869304  0.868793  0.869049
30  EUR_GBP 2022-11-21 05:42:00+00:00  0.86902  0.86906  0.0  0.0  0.00016  0.000036  0.86902       0  0.869294  0.868819  0.869056
2022-11-21 05:44:07 CandleManager() new candle:last_candle:22-11-21 05:43 is_ready:True
2022-11-21 05:44:09 tech_manager: max_rows:32 candle_time:2022-11-21 05:43:00+00:00 granularity:M1
2022-11-21 05:44:09 process_candles:
       PAIR                      time    mid_c    mid_o   SL   TP   SPREAD      GAIN     LOSS  SIGNAL     BB_UP     BB_LW     BB_MA
26  EUR_GBP 2022-11-21 05:39:00+00:00  0.86910  0.86918  0.0  0.0  0.00019  0.000064  0.86910       0  0.869309  0.868763  0.869036
27  EUR_GBP 2022-11-21 05:40:00+00:00  0.86906  0.86908  0.0  0.0  0.00015  0.000021  0.86906       0  0.869310  0.868768  0.869039
28  EUR_GBP 2022-11-21 05:41:00+00:00  0.86906  0.86904  0.0  0.0  0.00015  0.000011  0.86906       0  0.869304  0.868793  0.869049
29  EUR_GBP 2022-11-21 05:42:00+00:00  0.86902  0.86906  0.0  0.0  0.00016  0.000036  0.86902       0  0.869294  0.868819  0.869056
30  EUR_GBP 2022-11-21 05:43:00+00:00  0.86914  0.86900  0.0  0.0  0.00019  0.000065  0.86914       0  0.869278  0.868872  0.869075
2022-11-21 05:45:04 CandleManager() new candle:last_candle:22-11-21 05:44 is_ready:True
2022-11-21 05:45:06 tech_manager: max_rows:32 candle_time:2022-11-21 05:44:00+00:00 granularity:M1
2022-11-21 05:45:06 process_candles:
       PAIR                      time    mid_c    mid_o   SL   TP   SPREAD      GAIN     LOSS  SIGNAL     BB_UP     BB_LW     BB_MA
26  EUR_GBP 2022-11-21 05:40:00+00:00  0.86906  0.86908  0.0  0.0  0.00015  0.000021  0.86906       0  0.869310  0.868768  0.869039
27  EUR_GBP 2022-11-21 05:41:00+00:00  0.86906  0.86904  0.0  0.0  0.00015  0.000011  0.86906       0  0.869304  0.868793  0.869049
28  EUR_GBP 2022-11-21 05:42:00+00:00  0.86902  0.86906  0.0  0.0  0.00016  0.000036  0.86902       0  0.869294  0.868819  0.869056
29  EUR_GBP 2022-11-21 05:43:00+00:00  0.86914  0.86900  0.0  0.0  0.00019  0.000065  0.86914       0  0.869278  0.868872  0.869075
30  EUR_GBP 2022-11-21 05:44:00+00:00  0.86909  0.86916  0.0  0.0  0.00018  0.000002  0.86909       0  0.869263  0.868914  0.869088
2022-11-21 05:46:12 CandleManager() new candle:last_candle:22-11-21 05:45 is_ready:True
2022-11-21 05:46:13 tech_manager: max_rows:32 candle_time:2022-11-21 05:45:00+00:00 granularity:M1
2022-11-21 05:46:14 process_candles:
       PAIR                      time    mid_c    mid_o   SL   TP   SPREAD      GAIN     LOSS  SIGNAL     BB_UP     BB_LW     BB_MA
26  EUR_GBP 2022-11-21 05:41:00+00:00  0.86906  0.86904  0.0  0.0  0.00015  0.000011  0.86906       0  0.869304  0.868793  0.869049
27  EUR_GBP 2022-11-21 05:42:00+00:00  0.86902  0.86906  0.0  0.0  0.00016  0.000036  0.86902       0  0.869294  0.868819  0.869056
28  EUR_GBP 2022-11-21 05:43:00+00:00  0.86914  0.86900  0.0  0.0  0.00019  0.000065  0.86914       0  0.869278  0.868872  0.869075
29  EUR_GBP 2022-11-21 05:44:00+00:00  0.86909  0.86916  0.0  0.0  0.00018  0.000002  0.86909       0  0.869263  0.868914  0.869088
30  EUR_GBP 2022-11-21 05:45:00+00:00  0.86918  0.86910  0.0  0.0  0.00018  0.000078  0.86918       0  0.869263  0.868940  0.869102
2022-11-21 05:47:09 CandleManager() new candle:last_candle:22-11-21 05:46 is_ready:True
2022-11-21 05:47:10 tech_manager: max_rows:32 candle_time:2022-11-21 05:46:00+00:00 granularity:M1
2022-11-21 05:47:11 process_candles:
       PAIR                      time    mid_c    mid_o   SL   TP   SPREAD      GAIN     LOSS  SIGNAL     BB_UP     BB_LW     BB_MA
26  EUR_GBP 2022-11-21 05:42:00+00:00  0.86902  0.86906  0.0  0.0  0.00016  0.000036  0.86902       0  0.869294  0.868819  0.869056
27  EUR_GBP 2022-11-21 05:43:00+00:00  0.86914  0.86900  0.0  0.0  0.00019  0.000065  0.86914       0  0.869278  0.868872  0.869075
28  EUR_GBP 2022-11-21 05:44:00+00:00  0.86909  0.86916  0.0  0.0  0.00018  0.000002  0.86909       0  0.869263  0.868914  0.869088
29  EUR_GBP 2022-11-21 05:45:00+00:00  0.86918  0.86910  0.0  0.0  0.00018  0.000078  0.86918       0  0.869263  0.868940  0.869102
30  EUR_GBP 2022-11-21 05:46:00+00:00  0.86916  0.86918  0.0  0.0  0.00018  0.000045  0.86916       0  0.869257  0.868973  0.869115
2022-11-21 05:48:06 CandleManager() new candle:last_candle:22-11-21 05:47 is_ready:True
2022-11-21 05:48:07 tech_manager: max_rows:32 candle_time:2022-11-21 05:47:00+00:00 granularity:M1
2022-11-21 05:48:08 process_candles:
       PAIR                      time    mid_c    mid_o   SL   TP   SPREAD      GAIN     LOSS  SIGNAL     BB_UP     BB_LW     BB_MA
26  EUR_GBP 2022-11-21 05:43:00+00:00  0.86914  0.86900  0.0  0.0  0.00019  0.000065  0.86914       0  0.869278  0.868872  0.869075
27  EUR_GBP 2022-11-21 05:44:00+00:00  0.86909  0.86916  0.0  0.0  0.00018  0.000002  0.86909       0  0.869263  0.868914  0.869088
28  EUR_GBP 2022-11-21 05:45:00+00:00  0.86918  0.86910  0.0  0.0  0.00018  0.000078  0.86918       0  0.869263  0.868940  0.869102
29  EUR_GBP 2022-11-21 05:46:00+00:00  0.86916  0.86918  0.0  0.0  0.00018  0.000045  0.86916       0  0.869257  0.868973  0.869115
30  EUR_GBP 2022-11-21 05:47:00+00:00  0.86917  0.86918  0.0  0.0  0.00014  0.000054  0.86917       0  0.869262  0.868970  0.869116
2022-11-21 05:49:03 CandleManager() new candle:last_candle:22-11-21 05:48 is_ready:True
2022-11-21 05:49:05 tech_manager: max_rows:32 candle_time:2022-11-21 05:48:00+00:00 granularity:M1
2022-11-21 05:49:05 process_candles:
       PAIR                      time    mid_c    mid_o   SL   TP   SPREAD      GAIN     LOSS  SIGNAL     BB_UP     BB_LW     BB_MA
26  EUR_GBP 2022-11-21 05:44:00+00:00  0.86909  0.86916  0.0  0.0  0.00018  0.000002  0.86909       0  0.869263  0.868914  0.869088
27  EUR_GBP 2022-11-21 05:45:00+00:00  0.86918  0.86910  0.0  0.0  0.00018  0.000078  0.86918       0  0.869263  0.868940  0.869102
28  EUR_GBP 2022-11-21 05:46:00+00:00  0.86916  0.86918  0.0  0.0  0.00018  0.000045  0.86916       0  0.869257  0.868973  0.869115
29  EUR_GBP 2022-11-21 05:47:00+00:00  0.86917  0.86918  0.0  0.0  0.00014  0.000054  0.86917       0  0.869262  0.868970  0.869116
30  EUR_GBP 2022-11-21 05:48:00+00:00  0.86910  0.86916  0.0  0.0  0.00015  0.000011  0.86910       0  0.869247  0.868974  0.869111
2022-11-21 05:50:00 CandleManager() new candle:last_candle:22-11-21 05:49 is_ready:True
2022-11-21 05:50:01 tech_manager: max_rows:32 candle_time:2022-11-21 05:49:00+00:00 granularity:M1
2022-11-21 05:50:02 process_candles:
       PAIR                      time    mid_c    mid_o   SL   TP   SPREAD      GAIN     LOSS  SIGNAL     BB_UP     BB_LW     BB_MA
26  EUR_GBP 2022-11-21 05:45:00+00:00  0.86918  0.86910  0.0  0.0  0.00018  0.000078  0.86918       0  0.869263  0.868940  0.869102
27  EUR_GBP 2022-11-21 05:46:00+00:00  0.86916  0.86918  0.0  0.0  0.00018  0.000045  0.86916       0  0.869257  0.868973  0.869115
28  EUR_GBP 2022-11-21 05:47:00+00:00  0.86917  0.86918  0.0  0.0  0.00014  0.000054  0.86917       0  0.869262  0.868970  0.869116
29  EUR_GBP 2022-11-21 05:48:00+00:00  0.86910  0.86916  0.0  0.0  0.00015  0.000011  0.86910       0  0.869247  0.868974  0.869111
30  EUR_GBP 2022-11-21 05:49:00+00:00  0.86904  0.86914  0.0  0.0  0.00013  0.000064  0.86904       0  0.869240  0.868967  0.869104
2022-11-21 05:51:08 CandleManager() new candle:last_candle:22-11-21 05:50 is_ready:True
2022-11-21 05:51:10 tech_manager: max_rows:32 candle_time:2022-11-21 05:50:00+00:00 granularity:M1
2022-11-21 05:51:10 process_candles:
       PAIR                      time    mid_c    mid_o   SL   TP   SPREAD      GAIN     LOSS  SIGNAL     BB_UP     BB_LW     BB_MA
26  EUR_GBP 2022-11-21 05:46:00+00:00  0.86916  0.86918  0.0  0.0  0.00018  0.000045  0.86916       0  0.869257  0.868973  0.869115
27  EUR_GBP 2022-11-21 05:47:00+00:00  0.86917  0.86918  0.0  0.0  0.00014  0.000054  0.86917       0  0.869262  0.868970  0.869116
28  EUR_GBP 2022-11-21 05:48:00+00:00  0.86910  0.86916  0.0  0.0  0.00015  0.000011  0.86910       0  0.869247  0.868974  0.869111
29  EUR_GBP 2022-11-21 05:49:00+00:00  0.86904  0.86914  0.0  0.0  0.00013  0.000064  0.86904       0  0.869240  0.868967  0.869104
30  EUR_GBP 2022-11-21 05:50:00+00:00  0.86900  0.86905  0.0  0.0  0.00013  0.000090  0.86900       0  0.869237  0.868944  0.869090
2022-11-21 05:52:05 CandleManager() new candle:last_candle:22-11-21 05:51 is_ready:True
2022-11-21 05:52:07 tech_manager: max_rows:32 candle_time:2022-11-21 05:51:00+00:00 granularity:M1
2022-11-21 05:52:07 process_candles:
       PAIR                      time    mid_c    mid_o   SL   TP   SPREAD      GAIN     LOSS  SIGNAL     BB_UP     BB_LW     BB_MA
26  EUR_GBP 2022-11-21 05:47:00+00:00  0.86917  0.86918  0.0  0.0  0.00014  0.000054  0.86917       0  0.869262  0.868970  0.869116
27  EUR_GBP 2022-11-21 05:48:00+00:00  0.86910  0.86916  0.0  0.0  0.00015  0.000011  0.86910       0  0.869247  0.868974  0.869111
28  EUR_GBP 2022-11-21 05:49:00+00:00  0.86904  0.86914  0.0  0.0  0.00013  0.000064  0.86904       0  0.869240  0.868967  0.869104
29  EUR_GBP 2022-11-21 05:50:00+00:00  0.86900  0.86905  0.0  0.0  0.00013  0.000090  0.86900       0  0.869237  0.868944  0.869090
30  EUR_GBP 2022-11-21 05:51:00+00:00  0.86888  0.86898  0.0  0.0  0.00016  0.000192  0.86888       0  0.869273  0.868872  0.869072
2022-11-21 05:53:02 CandleManager() new candle:last_candle:22-11-21 05:52 is_ready:True
2022-11-21 05:53:04 tech_manager: max_rows:32 candle_time:2022-11-21 05:52:00+00:00 granularity:M1
2022-11-21 05:53:04 process_candles:
       PAIR                      time    mid_c    mid_o   SL   TP   SPREAD      GAIN     LOSS  SIGNAL     BB_UP     BB_LW     BB_MA
26  EUR_GBP 2022-11-21 05:48:00+00:00  0.86910  0.86916  0.0  0.0  0.00015  0.000011  0.86910       0  0.869247  0.868974  0.869111
27  EUR_GBP 2022-11-21 05:49:00+00:00  0.86904  0.86914  0.0  0.0  0.00013  0.000064  0.86904       0  0.869240  0.868967  0.869104
28  EUR_GBP 2022-11-21 05:50:00+00:00  0.86900  0.86905  0.0  0.0  0.00013  0.000090  0.86900       0  0.869237  0.868944  0.869090
29  EUR_GBP 2022-11-21 05:51:00+00:00  0.86888  0.86898  0.0  0.0  0.00016  0.000192  0.86888       0  0.869273  0.868872  0.869072
30  EUR_GBP 2022-11-21 05:52:00+00:00  0.86895  0.86890  0.0  0.0  0.00016  0.000114  0.86895       0  0.869287  0.868841  0.869064
2022-11-21 05:54:10 CandleManager() new candle:last_candle:22-11-21 05:53 is_ready:True
2022-11-21 05:54:12 tech_manager: max_rows:32 candle_time:2022-11-21 05:53:00+00:00 granularity:M1
2022-11-21 05:54:12 process_candles:
       PAIR                      time    mid_c    mid_o   SL   TP   SPREAD      GAIN     LOSS  SIGNAL     BB_UP     BB_LW     BB_MA
26  EUR_GBP 2022-11-21 05:49:00+00:00  0.86904  0.86914  0.0  0.0  0.00013  0.000064  0.86904       0  0.869240  0.868967  0.869104
27  EUR_GBP 2022-11-21 05:50:00+00:00  0.86900  0.86905  0.0  0.0  0.00013  0.000090  0.86900       0  0.869237  0.868944  0.869090
28  EUR_GBP 2022-11-21 05:51:00+00:00  0.86888  0.86898  0.0  0.0  0.00016  0.000192  0.86888       0  0.869273  0.868872  0.869072
29  EUR_GBP 2022-11-21 05:52:00+00:00  0.86895  0.86890  0.0  0.0  0.00016  0.000114  0.86895       0  0.869287  0.868841  0.869064
30  EUR_GBP 2022-11-21 05:53:00+00:00  0.86883  0.86895  0.0  0.0  0.00014  0.000220  0.86883       0  0.869314  0.868786  0.869050
2022-11-21 05:55:07 CandleManager() new candle:last_candle:22-11-21 05:54 is_ready:True
2022-11-21 05:55:09 tech_manager: max_rows:32 candle_time:2022-11-21 05:54:00+00:00 granularity:M1
2022-11-21 05:55:09 process_candles:
       PAIR                      time    mid_c    mid_o   SL   TP   SPREAD      GAIN     LOSS  SIGNAL     BB_UP     BB_LW     BB_MA
26  EUR_GBP 2022-11-21 05:50:00+00:00  0.86900  0.86905  0.0  0.0  0.00013  0.000090  0.86900       0  0.869237  0.868944  0.869090
27  EUR_GBP 2022-11-21 05:51:00+00:00  0.86888  0.86898  0.0  0.0  0.00016  0.000192  0.86888       0  0.869273  0.868872  0.869072
28  EUR_GBP 2022-11-21 05:52:00+00:00  0.86895  0.86890  0.0  0.0  0.00016  0.000114  0.86895       0  0.869287  0.868841  0.869064
29  EUR_GBP 2022-11-21 05:53:00+00:00  0.86883  0.86895  0.0  0.0  0.00014  0.000220  0.86883       0  0.869314  0.868786  0.869050
30  EUR_GBP 2022-11-21 05:54:00+00:00  0.86894  0.86882  0.0  0.0  0.00016  0.000101  0.86894       0  0.869324  0.868758  0.869041
2022-11-21 05:56:04 CandleManager() new candle:last_candle:22-11-21 05:55 is_ready:True
2022-11-21 05:56:06 tech_manager: max_rows:32 candle_time:2022-11-21 05:55:00+00:00 granularity:M1
2022-11-21 05:56:06 process_candles:
       PAIR                      time    mid_c    mid_o   SL   TP   SPREAD      GAIN     LOSS  SIGNAL     BB_UP     BB_LW     BB_MA
26  EUR_GBP 2022-11-21 05:51:00+00:00  0.86888  0.86898  0.0  0.0  0.00016  0.000192  0.86888       0  0.869273  0.868872  0.869072
27  EUR_GBP 2022-11-21 05:52:00+00:00  0.86895  0.86890  0.0  0.0  0.00016  0.000114  0.86895       0  0.869287  0.868841  0.869064
28  EUR_GBP 2022-11-21 05:53:00+00:00  0.86883  0.86895  0.0  0.0  0.00014  0.000220  0.86883       0  0.869314  0.868786  0.869050
29  EUR_GBP 2022-11-21 05:54:00+00:00  0.86894  0.86882  0.0  0.0  0.00016  0.000101  0.86894       0  0.869324  0.868758  0.869041
30  EUR_GBP 2022-11-21 05:55:00+00:00  0.86890  0.86895  0.0  0.0  0.00016  0.000123  0.86890       0  0.869315  0.868732  0.869023
2022-11-21 05:57:13 CandleManager() new candle:last_candle:22-11-21 05:56 is_ready:True
2022-11-21 05:57:14 tech_manager: max_rows:32 candle_time:2022-11-21 05:56:00+00:00 granularity:M1
2022-11-21 05:57:14 process_candles:
       PAIR                      time    mid_c    mid_o   SL   TP   SPREAD      GAIN     LOSS  SIGNAL     BB_UP     BB_LW     BB_MA
26  EUR_GBP 2022-11-21 05:52:00+00:00  0.86895  0.86890  0.0  0.0  0.00016  0.000114  0.86895       0  0.869287  0.868841  0.869064
27  EUR_GBP 2022-11-21 05:53:00+00:00  0.86883  0.86895  0.0  0.0  0.00014  0.000220  0.86883       0  0.869314  0.868786  0.869050
28  EUR_GBP 2022-11-21 05:54:00+00:00  0.86894  0.86882  0.0  0.0  0.00016  0.000101  0.86894       0  0.869324  0.868758  0.869041
29  EUR_GBP 2022-11-21 05:55:00+00:00  0.86890  0.86895  0.0  0.0  0.00016  0.000123  0.86890       0  0.869315  0.868732  0.869023
30  EUR_GBP 2022-11-21 05:56:00+00:00  0.86885  0.86890  0.0  0.0  0.00014  0.000155  0.86885       0  0.869306  0.868704  0.869005
2022-11-21 05:58:09 CandleManager() new candle:last_candle:22-11-21 05:57 is_ready:True
2022-11-21 05:58:11 tech_manager: max_rows:32 candle_time:2022-11-21 05:57:00+00:00 granularity:M1
2022-11-21 05:58:11 process_candles:
       PAIR                      time    mid_c    mid_o   SL   TP   SPREAD      GAIN     LOSS  SIGNAL     BB_UP     BB_LW     BB_MA
26  EUR_GBP 2022-11-21 05:53:00+00:00  0.86883  0.86895  0.0  0.0  0.00014  0.000220  0.86883       0  0.869314  0.868786  0.869050
27  EUR_GBP 2022-11-21 05:54:00+00:00  0.86894  0.86882  0.0  0.0  0.00016  0.000101  0.86894       0  0.869324  0.868758  0.869041
28  EUR_GBP 2022-11-21 05:55:00+00:00  0.86890  0.86895  0.0  0.0  0.00016  0.000123  0.86890       0  0.869315  0.868732  0.869023
29  EUR_GBP 2022-11-21 05:56:00+00:00  0.86885  0.86890  0.0  0.0  0.00014  0.000155  0.86885       0  0.869306  0.868704  0.869005
30  EUR_GBP 2022-11-21 05:57:00+00:00  0.86884  0.86884  0.0  0.0  0.00017  0.000141  0.86884       0  0.869274  0.868689  0.868981
2022-11-21 05:59:06 CandleManager() new candle:last_candle:22-11-21 05:58 is_ready:True
2022-11-21 05:59:08 tech_manager: max_rows:32 candle_time:2022-11-21 05:58:00+00:00 granularity:M1
2022-11-21 05:59:08 process_candles:
       PAIR                      time    mid_c    mid_o   SL   TP   SPREAD      GAIN     LOSS  SIGNAL     BB_UP     BB_LW     BB_MA
26  EUR_GBP 2022-11-21 05:54:00+00:00  0.86894  0.86882  0.0  0.0  0.00016  0.000101  0.86894       0  0.869324  0.868758  0.869041
27  EUR_GBP 2022-11-21 05:55:00+00:00  0.86890  0.86895  0.0  0.0  0.00016  0.000123  0.86890       0  0.869315  0.868732  0.869023
28  EUR_GBP 2022-11-21 05:56:00+00:00  0.86885  0.86890  0.0  0.0  0.00014  0.000155  0.86885       0  0.869306  0.868704  0.869005
29  EUR_GBP 2022-11-21 05:57:00+00:00  0.86884  0.86884  0.0  0.0  0.00017  0.000141  0.86884       0  0.869274  0.868689  0.868981
30  EUR_GBP 2022-11-21 05:58:00+00:00  0.86895  0.86883  0.0  0.0  0.00020  0.000012  0.86895       0  0.869223  0.868700  0.868962
2022-11-21 06:00:03 CandleManager() new candle:last_candle:22-11-21 05:59 is_ready:True
2022-11-21 06:00:05 tech_manager: max_rows:32 candle_time:2022-11-21 05:59:00+00:00 granularity:M1
2022-11-21 06:00:05 process_candles:
       PAIR                      time    mid_c    mid_o   SL   TP   SPREAD      GAIN     LOSS  SIGNAL     BB_UP     BB_LW     BB_MA
26  EUR_GBP 2022-11-21 05:55:00+00:00  0.86890  0.86895  0.0  0.0  0.00016  0.000123  0.86890       0  0.869315  0.868732  0.869023
27  EUR_GBP 2022-11-21 05:56:00+00:00  0.86885  0.86890  0.0  0.0  0.00014  0.000155  0.86885       0  0.869306  0.868704  0.869005
28  EUR_GBP 2022-11-21 05:57:00+00:00  0.86884  0.86884  0.0  0.0  0.00017  0.000141  0.86884       0  0.869274  0.868689  0.868981
29  EUR_GBP 2022-11-21 05:58:00+00:00  0.86895  0.86883  0.0  0.0  0.00020  0.000012  0.86895       0  0.869223  0.868700  0.868962
30  EUR_GBP 2022-11-21 05:59:00+00:00  0.86901  0.86894  0.0  0.0  0.00018  0.000065  0.86901       0  0.869144  0.868746  0.868945
2022-11-21 06:01:12 CandleManager() new candle:last_candle:22-11-21 06:00 is_ready:True
2022-11-21 06:01:13 tech_manager: max_rows:32 candle_time:2022-11-21 06:00:00+00:00 granularity:M1
2022-11-21 06:01:14 process_candles:
       PAIR                      time    mid_c    mid_o   SL   TP   SPREAD      GAIN     LOSS  SIGNAL     BB_UP     BB_LW     BB_MA
26  EUR_GBP 2022-11-21 05:56:00+00:00  0.86885  0.86890  0.0  0.0  0.00014  0.000155  0.86885       0  0.869306  0.868704  0.869005
27  EUR_GBP 2022-11-21 05:57:00+00:00  0.86884  0.86884  0.0  0.0  0.00017  0.000141  0.86884       0  0.869274  0.868689  0.868981
28  EUR_GBP 2022-11-21 05:58:00+00:00  0.86895  0.86883  0.0  0.0  0.00020  0.000012  0.86895       0  0.869223  0.868700  0.868962
29  EUR_GBP 2022-11-21 05:59:00+00:00  0.86901  0.86894  0.0  0.0  0.00018  0.000065  0.86901       0  0.869144  0.868746  0.868945
30  EUR_GBP 2022-11-21 06:00:00+00:00  0.86892  0.86902  0.0  0.0  0.00020  0.000012  0.86892       0  0.869081  0.868782  0.868932
2022-11-21 06:02:09 CandleManager() new candle:last_candle:22-11-21 06:01 is_ready:True
2022-11-21 06:02:10 tech_manager: max_rows:32 candle_time:2022-11-21 06:01:00+00:00 granularity:M1
2022-11-21 06:02:11 process_candles:
       PAIR                      time    mid_c    mid_o   SL   TP   SPREAD      GAIN     LOSS  SIGNAL     BB_UP     BB_LW     BB_MA
26  EUR_GBP 2022-11-21 05:57:00+00:00  0.86884  0.86884  0.0  0.0  0.00017  0.000141  0.86884       0  0.869274  0.868689  0.868981
27  EUR_GBP 2022-11-21 05:58:00+00:00  0.86895  0.86883  0.0  0.0  0.00020  0.000012  0.86895       0  0.869223  0.868700  0.868962
28  EUR_GBP 2022-11-21 05:59:00+00:00  0.86901  0.86894  0.0  0.0  0.00018  0.000065  0.86901       0  0.869144  0.868746  0.868945
29  EUR_GBP 2022-11-21 06:00:00+00:00  0.86892  0.86902  0.0  0.0  0.00020  0.000012  0.86892       0  0.869081  0.868782  0.868932
30  EUR_GBP 2022-11-21 06:01:00+00:00  0.86878  0.86892  0.0  0.0  0.00020  0.000130  0.86878       0  0.869041  0.868779  0.868910
2022-11-21 06:03:06 CandleManager() new candle:last_candle:22-11-21 06:02 is_ready:True
2022-11-21 06:03:07 tech_manager: max_rows:32 candle_time:2022-11-21 06:02:00+00:00 granularity:M1
2022-11-21 06:03:08 process_candles:
       PAIR                      time    mid_c    mid_o   SL   TP   SPREAD      GAIN     LOSS  SIGNAL     BB_UP     BB_LW     BB_MA
26  EUR_GBP 2022-11-21 05:58:00+00:00  0.86895  0.86883  0.0  0.0  0.00020  0.000012  0.86895       0  0.869223  0.868700  0.868962
27  EUR_GBP 2022-11-21 05:59:00+00:00  0.86901  0.86894  0.0  0.0  0.00018  0.000065  0.86901       0  0.869144  0.868746  0.868945
28  EUR_GBP 2022-11-21 06:00:00+00:00  0.86892  0.86902  0.0  0.0  0.00020  0.000012  0.86892       0  0.869081  0.868782  0.868932
29  EUR_GBP 2022-11-21 06:01:00+00:00  0.86878  0.86892  0.0  0.0  0.00020  0.000130  0.86878       0  0.869041  0.868779  0.868910
30  EUR_GBP 2022-11-21 06:02:00+00:00  0.86875  0.86877  0.0  0.0  0.00022  0.000141  0.86875       0  0.869040  0.868741  0.868891
2022-11-21 06:04:03 CandleManager() new candle:last_candle:22-11-21 06:03 is_ready:True
2022-11-21 06:04:04 tech_manager: max_rows:32 candle_time:2022-11-21 06:03:00+00:00 granularity:M1
2022-11-21 06:04:05 process_candles:
       PAIR                      time    mid_c    mid_o   SL   TP   SPREAD      GAIN     LOSS  SIGNAL     BB_UP     BB_LW     BB_MA
26  EUR_GBP 2022-11-21 05:59:00+00:00  0.86901  0.86894  0.0  0.0  0.00018  0.000065  0.86901       0  0.869144  0.868746  0.868945
27  EUR_GBP 2022-11-21 06:00:00+00:00  0.86892  0.86902  0.0  0.0  0.00020  0.000012  0.86892       0  0.869081  0.868782  0.868932
28  EUR_GBP 2022-11-21 06:01:00+00:00  0.86878  0.86892  0.0  0.0  0.00020  0.000130  0.86878       0  0.869041  0.868779  0.868910
29  EUR_GBP 2022-11-21 06:02:00+00:00  0.86875  0.86877  0.0  0.0  0.00022  0.000141  0.86875       0  0.869040  0.868741  0.868891
30  EUR_GBP 2022-11-21 06:03:00+00:00  0.86874  0.86876  0.0  0.0  0.00024  0.000137  0.86874       0  0.869063  0.868692  0.868877
2022-11-21 06:05:00 CandleManager() new candle:last_candle:22-11-21 06:04 is_ready:True
2022-11-21 06:05:01 tech_manager: max_rows:32 candle_time:2022-11-21 06:04:00+00:00 granularity:M1
2022-11-21 06:05:01 process_candles:
       PAIR                      time    mid_c    mid_o   SL   TP   SPREAD      GAIN     LOSS  SIGNAL     BB_UP     BB_LW     BB_MA
26  EUR_GBP 2022-11-21 06:00:00+00:00  0.86892  0.86902  0.0  0.0  0.00020  0.000012  0.86892       0  0.869081  0.868782  0.868932
27  EUR_GBP 2022-11-21 06:01:00+00:00  0.86878  0.86892  0.0  0.0  0.00020  0.000130  0.86878       0  0.869041  0.868779  0.868910
28  EUR_GBP 2022-11-21 06:02:00+00:00  0.86875  0.86877  0.0  0.0  0.00022  0.000141  0.86875       0  0.869040  0.868741  0.868891
29  EUR_GBP 2022-11-21 06:03:00+00:00  0.86874  0.86876  0.0  0.0  0.00024  0.000137  0.86874       0  0.869063  0.868692  0.868877
30  EUR_GBP 2022-11-21 06:04:00+00:00  0.86872  0.86874  0.0  0.0  0.00021  0.000142  0.86872       0  0.869063  0.868661  0.868862
2022-11-21 06:06:08 CandleManager() new candle:last_candle:22-11-21 06:05 is_ready:True
2022-11-21 06:06:10 tech_manager: max_rows:32 candle_time:2022-11-21 06:05:00+00:00 granularity:M1
2022-11-21 06:06:10 process_candles:
       PAIR                      time    mid_c    mid_o   SL   TP   SPREAD      GAIN     LOSS  SIGNAL     BB_UP     BB_LW     BB_MA
26  EUR_GBP 2022-11-21 06:01:00+00:00  0.86878  0.86892  0.0  0.0  0.00020  0.000130  0.86878       0  0.869041  0.868779  0.868910
27  EUR_GBP 2022-11-21 06:02:00+00:00  0.86875  0.86877  0.0  0.0  0.00022  0.000141  0.86875       0  0.869040  0.868741  0.868891
28  EUR_GBP 2022-11-21 06:03:00+00:00  0.86874  0.86876  0.0  0.0  0.00024  0.000137  0.86874       0  0.869063  0.868692  0.868877
29  EUR_GBP 2022-11-21 06:04:00+00:00  0.86872  0.86874  0.0  0.0  0.00021  0.000142  0.86872       0  0.869063  0.868661  0.868862
30  EUR_GBP 2022-11-21 06:05:00+00:00  0.86881  0.86874  0.0  0.0  0.00020  0.000045  0.86881       0  0.869063  0.868646  0.868855
2022-11-21 06:07:05 CandleManager() new candle:last_candle:22-11-21 06:06 is_ready:True
2022-11-21 06:07:06 tech_manager: max_rows:32 candle_time:2022-11-21 06:06:00+00:00 granularity:M1
2022-11-21 06:07:07 process_candles:
       PAIR                      time    mid_c    mid_o   SL   TP   SPREAD      GAIN     LOSS  SIGNAL     BB_UP     BB_LW     BB_MA
26  EUR_GBP 2022-11-21 06:02:00+00:00  0.86875  0.86877  0.0  0.0  0.00022  0.000141  0.86875       0  0.869040  0.868741  0.868891
27  EUR_GBP 2022-11-21 06:03:00+00:00  0.86874  0.86876  0.0  0.0  0.00024  0.000137  0.86874       0  0.869063  0.868692  0.868877
28  EUR_GBP 2022-11-21 06:04:00+00:00  0.86872  0.86874  0.0  0.0  0.00021  0.000142  0.86872       0  0.869063  0.868661  0.868862
29  EUR_GBP 2022-11-21 06:05:00+00:00  0.86881  0.86874  0.0  0.0  0.00020  0.000045  0.86881       0  0.869063  0.868646  0.868855
30  EUR_GBP 2022-11-21 06:06:00+00:00  0.86878  0.86882  0.0  0.0  0.00019  0.000065  0.86878       0  0.869054  0.868635  0.868845
2022-11-21 06:08:14 CandleManager() new candle:last_candle:22-11-21 06:07 is_ready:True
2022-11-21 06:08:15 tech_manager: max_rows:32 candle_time:2022-11-21 06:07:00+00:00 granularity:M1
2022-11-21 06:08:15 process_candles:
       PAIR                      time    mid_c    mid_o   SL   TP   SPREAD      GAIN     LOSS  SIGNAL     BB_UP     BB_LW     BB_MA
26  EUR_GBP 2022-11-21 06:03:00+00:00  0.86874  0.86876  0.0  0.0  0.00024  0.000137  0.86874       0  0.869063  0.868692  0.868877
27  EUR_GBP 2022-11-21 06:04:00+00:00  0.86872  0.86874  0.0  0.0  0.00021  0.000142  0.86872       0  0.869063  0.868661  0.868862
28  EUR_GBP 2022-11-21 06:05:00+00:00  0.86881  0.86874  0.0  0.0  0.00020  0.000045  0.86881       0  0.869063  0.868646  0.868855
29  EUR_GBP 2022-11-21 06:06:00+00:00  0.86878  0.86882  0.0  0.0  0.00019  0.000065  0.86878       0  0.869054  0.868635  0.868845
30  EUR_GBP 2022-11-21 06:07:00+00:00  0.86894  0.86876  0.0  0.0  0.00018  0.000098  0.86894       0  0.869048  0.868637  0.868842
2022-11-21 06:09:10 CandleManager() new candle:last_candle:22-11-21 06:08 is_ready:True
2022-11-21 06:09:12 tech_manager: max_rows:32 candle_time:2022-11-21 06:08:00+00:00 granularity:M1
2022-11-21 06:09:12 process_candles:
       PAIR                      time    mid_c    mid_o   SL   TP   SPREAD      GAIN     LOSS  SIGNAL     BB_UP     BB_LW     BB_MA
26  EUR_GBP 2022-11-21 06:04:00+00:00  0.86872  0.86874  0.0  0.0  0.00021  0.000142  0.86872       0  0.869063  0.868661  0.868862
27  EUR_GBP 2022-11-21 06:05:00+00:00  0.86881  0.86874  0.0  0.0  0.00020  0.000045  0.86881       0  0.869063  0.868646  0.868855
28  EUR_GBP 2022-11-21 06:06:00+00:00  0.86878  0.86882  0.0  0.0  0.00019  0.000065  0.86878       0  0.869054  0.868635  0.868845
29  EUR_GBP 2022-11-21 06:07:00+00:00  0.86894  0.86876  0.0  0.0  0.00018  0.000097  0.86894       0  0.869048  0.868637  0.868843
30  EUR_GBP 2022-11-21 06:08:00+00:00  0.86896  0.86894  0.0  0.0  0.00020  0.000112  0.86896       0  0.869066  0.868630  0.868848
2022-11-21 06:10:07 CandleManager() new candle:last_candle:22-11-21 06:09 is_ready:True
2022-11-21 06:10:09 tech_manager: max_rows:32 candle_time:2022-11-21 06:09:00+00:00 granularity:M1
2022-11-21 06:10:09 process_candles:
       PAIR                      time    mid_c    mid_o   SL   TP   SPREAD      GAIN     LOSS  SIGNAL     BB_UP     BB_LW     BB_MA
26  EUR_GBP 2022-11-21 06:05:00+00:00  0.86881  0.86874  0.0  0.0  0.00020  0.000045  0.86881       0  0.869063  0.868646  0.868855
27  EUR_GBP 2022-11-21 06:06:00+00:00  0.86878  0.86882  0.0  0.0  0.00019  0.000065  0.86878       0  0.869054  0.868635  0.868845
28  EUR_GBP 2022-11-21 06:07:00+00:00  0.86894  0.86876  0.0  0.0  0.00018  0.000098  0.86894       0  0.869048  0.868637  0.868842
29  EUR_GBP 2022-11-21 06:08:00+00:00  0.86896  0.86894  0.0  0.0  0.00020  0.000112  0.86896       0  0.869066  0.868630  0.868848
30  EUR_GBP 2022-11-21 06:09:00+00:00  0.86902  0.86897  0.0  0.0  0.00017  0.000161  0.86902       0  0.869101  0.868617  0.868859
2022-11-21 06:11:04 CandleManager() new candle:last_candle:22-11-21 06:10 is_ready:True
2022-11-21 06:11:06 tech_manager: max_rows:32 candle_time:2022-11-21 06:10:00+00:00 granularity:M1
2022-11-21 06:11:07 process_candles:
       PAIR                      time    mid_c    mid_o   SL   TP   SPREAD      GAIN     LOSS  SIGNAL     BB_UP     BB_LW     BB_MA
26  EUR_GBP 2022-11-21 06:06:00+00:00  0.86878  0.86882  0.0  0.0  0.00019  0.000065  0.86878       0  0.869054  0.868635  0.868845
27  EUR_GBP 2022-11-21 06:07:00+00:00  0.86894  0.86876  0.0  0.0  0.00018  0.000098  0.86894       0  0.869048  0.868637  0.868842
28  EUR_GBP 2022-11-21 06:08:00+00:00  0.86896  0.86894  0.0  0.0  0.00020  0.000112  0.86896       0  0.869066  0.868630  0.868848
29  EUR_GBP 2022-11-21 06:09:00+00:00  0.86902  0.86897  0.0  0.0  0.00017  0.000161  0.86902       0  0.869101  0.868617  0.868859
30  EUR_GBP 2022-11-21 06:10:00+00:00  0.86896  0.86904  0.0  0.0  0.00017  0.000097  0.86896       0  0.869117  0.868610  0.868863
2022-11-21 06:12:02 CandleManager() new candle:last_candle:22-11-21 06:11 is_ready:True
2022-11-21 06:12:04 tech_manager: max_rows:32 candle_time:2022-11-21 06:11:00+00:00 granularity:M1
2022-11-21 06:12:04 process_candles:
       PAIR                      time    mid_c    mid_o   SL   TP   SPREAD      GAIN     LOSS  SIGNAL     BB_UP     BB_LW     BB_MA
26  EUR_GBP 2022-11-21 06:07:00+00:00  0.86894  0.86876  0.0  0.0  0.00018  0.000098  0.86894       0  0.869048  0.868637  0.868842
27  EUR_GBP 2022-11-21 06:08:00+00:00  0.86896  0.86894  0.0  0.0  0.00020  0.000112  0.86896       0  0.869066  0.868630  0.868848
28  EUR_GBP 2022-11-21 06:09:00+00:00  0.86902  0.86897  0.0  0.0  0.00017  0.000161  0.86902       0  0.869101  0.868617  0.868859
29  EUR_GBP 2022-11-21 06:10:00+00:00  0.86896  0.86904  0.0  0.0  0.00017  0.000097  0.86896       0  0.869117  0.868610  0.868863
30  EUR_GBP 2022-11-21 06:11:00+00:00  0.86886  0.86895  0.0  0.0  0.00016  0.000004  0.86886       0  0.869093  0.868619  0.868856
2022-11-21 06:13:10 CandleManager() new candle:last_candle:22-11-21 06:12 is_ready:True
2022-11-21 06:13:12 tech_manager: max_rows:32 candle_time:2022-11-21 06:12:00+00:00 granularity:M1
2022-11-21 06:13:12 process_candles:
       PAIR                      time    mid_c    mid_o   SL   TP   SPREAD      GAIN     LOSS  SIGNAL     BB_UP     BB_LW     BB_MA
26  EUR_GBP 2022-11-21 06:08:00+00:00  0.86896  0.86894  0.0  0.0  0.00020  0.000112  0.86896       0  0.869066  0.868630  0.868848
27  EUR_GBP 2022-11-21 06:09:00+00:00  0.86902  0.86897  0.0  0.0  0.00017  0.000161  0.86902       0  0.869101  0.868617  0.868859
28  EUR_GBP 2022-11-21 06:10:00+00:00  0.86896  0.86904  0.0  0.0  0.00017  0.000097  0.86896       0  0.869117  0.868610  0.868863
29  EUR_GBP 2022-11-21 06:11:00+00:00  0.86886  0.86895  0.0  0.0  0.00016  0.000004  0.86886       0  0.869093  0.868619  0.868856
30  EUR_GBP 2022-11-21 06:12:00+00:00  0.86888  0.86886  0.0  0.0  0.00016  0.000030  0.86888       0  0.869077  0.868624  0.868850
2022-11-21 06:14:07 CandleManager() new candle:last_candle:22-11-21 06:13 is_ready:True
2022-11-21 06:14:09 tech_manager: max_rows:32 candle_time:2022-11-21 06:13:00+00:00 granularity:M1
2022-11-21 06:14:09 process_candles:
       PAIR                      time    mid_c    mid_o   SL   TP   SPREAD      GAIN     LOSS  SIGNAL     BB_UP     BB_LW     BB_MA
26  EUR_GBP 2022-11-21 06:09:00+00:00  0.86902  0.86897  0.0  0.0  0.00017  0.000161  0.86902       0  0.869101  0.868617  0.868859
27  EUR_GBP 2022-11-21 06:10:00+00:00  0.86896  0.86904  0.0  0.0  0.00017  0.000097  0.86896       0  0.869117  0.868610  0.868863
28  EUR_GBP 2022-11-21 06:11:00+00:00  0.86886  0.86895  0.0  0.0  0.00016  0.000004  0.86886       0  0.869093  0.868619  0.868856
29  EUR_GBP 2022-11-21 06:12:00+00:00  0.86888  0.86886  0.0  0.0  0.00016  0.000030  0.86888       0  0.869077  0.868624  0.868850
30  EUR_GBP 2022-11-21 06:13:00+00:00  0.86891  0.86888  0.0  0.0  0.00016  0.000054  0.86891       0  0.869081  0.868631  0.868856
2022-11-21 06:15:04 CandleManager() new candle:last_candle:22-11-21 06:14 is_ready:True
2022-11-21 06:15:06 tech_manager: max_rows:32 candle_time:2022-11-21 06:14:00+00:00 granularity:M1
2022-11-21 06:15:06 process_candles:
       PAIR                      time    mid_c    mid_o   SL   TP   SPREAD      GAIN     LOSS  SIGNAL     BB_UP     BB_LW     BB_MA
26  EUR_GBP 2022-11-21 06:10:00+00:00  0.86896  0.86904  0.0  0.0  0.00017  0.000097  0.86896       0  0.869117  0.868610  0.868863
27  EUR_GBP 2022-11-21 06:11:00+00:00  0.86886  0.86895  0.0  0.0  0.00016  0.000004  0.86886       0  0.869093  0.868619  0.868856
28  EUR_GBP 2022-11-21 06:12:00+00:00  0.86888  0.86886  0.0  0.0  0.00016  0.000030  0.86888       0  0.869077  0.868624  0.868850
29  EUR_GBP 2022-11-21 06:13:00+00:00  0.86891  0.86888  0.0  0.0  0.00016  0.000054  0.86891       0  0.869081  0.868631  0.868856
30  EUR_GBP 2022-11-21 06:14:00+00:00  0.86894  0.86894  0.0  0.0  0.00016  0.000070  0.86894       0  0.869088  0.868652  0.868870
2022-11-21 06:16:01 CandleManager() new candle:last_candle:22-11-21 06:15 is_ready:True
2022-11-21 06:16:03 tech_manager: max_rows:32 candle_time:2022-11-21 06:15:00+00:00 granularity:M1
2022-11-21 06:16:03 process_candles:
       PAIR                      time    mid_c    mid_o   SL   TP   SPREAD      GAIN     LOSS  SIGNAL     BB_UP     BB_LW     BB_MA
26  EUR_GBP 2022-11-21 06:11:00+00:00  0.86886  0.86895  0.0  0.0  0.00016  0.000004  0.86886       0  0.869093  0.868619  0.868856
27  EUR_GBP 2022-11-21 06:12:00+00:00  0.86888  0.86886  0.0  0.0  0.00016  0.000030  0.86888       0  0.869077  0.868624  0.868850
28  EUR_GBP 2022-11-21 06:13:00+00:00  0.86891  0.86888  0.0  0.0  0.00016  0.000054  0.86891       0  0.869081  0.868631  0.868856
29  EUR_GBP 2022-11-21 06:14:00+00:00  0.86894  0.86894  0.0  0.0  0.00016  0.000070  0.86894       0  0.869088  0.868652  0.868870
30  EUR_GBP 2022-11-21 06:15:00+00:00  0.86898  0.86894  0.0  0.0  0.00017  0.000092  0.86898       0  0.869084  0.868691  0.868888
2022-11-21 06:17:10 CandleManager() new candle:last_candle:22-11-21 06:16 is_ready:True
2022-11-21 06:17:11 tech_manager: max_rows:32 candle_time:2022-11-21 06:16:00+00:00 granularity:M1
2022-11-21 06:17:12 process_candles:
       PAIR                      time    mid_c    mid_o   SL   TP   SPREAD      GAIN     LOSS  SIGNAL     BB_UP     BB_LW     BB_MA
26  EUR_GBP 2022-11-21 06:12:00+00:00  0.86888  0.86886  0.0  0.0  0.00016  0.000030  0.86888       0  0.869077  0.868624  0.868850
27  EUR_GBP 2022-11-21 06:13:00+00:00  0.86891  0.86888  0.0  0.0  0.00016  0.000054  0.86891       0  0.869081  0.868631  0.868856
28  EUR_GBP 2022-11-21 06:14:00+00:00  0.86894  0.86894  0.0  0.0  0.00016  0.000070  0.86894       0  0.869088  0.868652  0.868870
29  EUR_GBP 2022-11-21 06:15:00+00:00  0.86898  0.86894  0.0  0.0  0.00017  0.000092  0.86898       0  0.869084  0.868691  0.868888
30  EUR_GBP 2022-11-21 06:16:00+00:00  0.86894  0.86896  0.0  0.0  0.00017  0.000036  0.86894       0  0.869071  0.868736  0.868904
2022-11-21 06:18:07 CandleManager() new candle:last_candle:22-11-21 06:17 is_ready:True
2022-11-21 06:18:08 tech_manager: max_rows:32 candle_time:2022-11-21 06:17:00+00:00 granularity:M1
2022-11-21 06:18:09 process_candles:
       PAIR                      time    mid_c    mid_o   SL   TP   SPREAD      GAIN     LOSS  SIGNAL     BB_UP     BB_LW     BB_MA
26  EUR_GBP 2022-11-21 06:13:00+00:00  0.86891  0.86888  0.0  0.0  0.00016  0.000054  0.86891       0  0.869081  0.868631  0.868856
27  EUR_GBP 2022-11-21 06:14:00+00:00  0.86894  0.86894  0.0  0.0  0.00016  0.000070  0.86894       0  0.869088  0.868652  0.868870
28  EUR_GBP 2022-11-21 06:15:00+00:00  0.86898  0.86894  0.0  0.0  0.00017  0.000092  0.86898       0  0.869084  0.868691  0.868888
29  EUR_GBP 2022-11-21 06:16:00+00:00  0.86894  0.86896  0.0  0.0  0.00017  0.000036  0.86894       0  0.869071  0.868736  0.868904
30  EUR_GBP 2022-11-21 06:17:00+00:00  0.86890  0.86892  0.0  0.0  0.00017  0.000014  0.86890       0  0.869052  0.868776  0.868914
2022-11-21 06:19:04 CandleManager() new candle:last_candle:22-11-21 06:18 is_ready:True
2022-11-21 06:19:05 tech_manager: max_rows:32 candle_time:2022-11-21 06:18:00+00:00 granularity:M1
2022-11-21 06:19:05 process_candles:
       PAIR                      time    mid_c    mid_o   SL   TP   SPREAD      GAIN     LOSS  SIGNAL     BB_UP     BB_LW     BB_MA
26  EUR_GBP 2022-11-21 06:14:00+00:00  0.86894  0.86894  0.0  0.0  0.00016  0.000070  0.86894       0  0.869088  0.868652  0.868870
27  EUR_GBP 2022-11-21 06:15:00+00:00  0.86898  0.86894  0.0  0.0  0.00017  0.000092  0.86898       0  0.869084  0.868691  0.868888
28  EUR_GBP 2022-11-21 06:16:00+00:00  0.86894  0.86896  0.0  0.0  0.00017  0.000036  0.86894       0  0.869071  0.868736  0.868904
29  EUR_GBP 2022-11-21 06:17:00+00:00  0.86890  0.86892  0.0  0.0  0.00017  0.000014  0.86890       0  0.869052  0.868776  0.868914
30  EUR_GBP 2022-11-21 06:18:00+00:00  0.86890  0.86888  0.0  0.0  0.00018  0.000022  0.86890       0  0.869022  0.868822  0.868922
2022-11-21 06:20:01 CandleManager() new candle:last_candle:22-11-21 06:19 is_ready:True
2022-11-21 06:20:02 tech_manager: max_rows:32 candle_time:2022-11-21 06:19:00+00:00 granularity:M1
2022-11-21 06:20:02 process_candles:
       PAIR                      time    mid_c    mid_o   SL   TP   SPREAD      GAIN     LOSS  SIGNAL     BB_UP     BB_LW     BB_MA
26  EUR_GBP 2022-11-21 06:15:00+00:00  0.86898  0.86894  0.0  0.0  0.00017  0.000093  0.86898       0  0.869084  0.868691  0.868887
27  EUR_GBP 2022-11-21 06:16:00+00:00  0.86894  0.86896  0.0  0.0  0.00017  0.000036  0.86894       0  0.869071  0.868736  0.868904
28  EUR_GBP 2022-11-21 06:17:00+00:00  0.86890  0.86892  0.0  0.0  0.00017  0.000014  0.86890       0  0.869052  0.868776  0.868914
29  EUR_GBP 2022-11-21 06:18:00+00:00  0.86890  0.86888  0.0  0.0  0.00018  0.000022  0.86890       0  0.869022  0.868822  0.868922
30  EUR_GBP 2022-11-21 06:19:00+00:00  0.86880  0.86890  0.0  0.0  0.00017  0.000118  0.86880       0  0.869033  0.868804  0.868918
2022-11-21 06:21:09 CandleManager() new candle:last_candle:22-11-21 06:20 is_ready:True
2022-11-21 06:21:11 tech_manager: max_rows:32 candle_time:2022-11-21 06:20:00+00:00 granularity:M1
2022-11-21 06:21:11 process_candles:
       PAIR                      time    mid_c    mid_o   SL   TP   SPREAD      GAIN     LOSS  SIGNAL     BB_UP     BB_LW     BB_MA
26  EUR_GBP 2022-11-21 06:16:00+00:00  0.86894  0.86896  0.0  0.0  0.00017  0.000036  0.86894       0  0.869071  0.868736  0.868904
27  EUR_GBP 2022-11-21 06:17:00+00:00  0.86890  0.86892  0.0  0.0  0.00017  0.000014  0.86890       0  0.869052  0.868776  0.868914
28  EUR_GBP 2022-11-21 06:18:00+00:00  0.86890  0.86888  0.0  0.0  0.00018  0.000022  0.86890       0  0.869022  0.868822  0.868922
29  EUR_GBP 2022-11-21 06:19:00+00:00  0.86880  0.86890  0.0  0.0  0.00017  0.000118  0.86880       0  0.869033  0.868804  0.868918
30  EUR_GBP 2022-11-21 06:20:00+00:00  0.86882  0.86882  0.0  0.0  0.00018  0.000089  0.86882       0  0.869037  0.868781  0.868909
2022-11-21 06:22:06 CandleManager() new candle:last_candle:22-11-21 06:21 is_ready:True
2022-11-21 06:22:08 tech_manager: max_rows:32 candle_time:2022-11-21 06:21:00+00:00 granularity:M1
2022-11-21 06:22:08 process_candles:
       PAIR                      time    mid_c    mid_o   SL   TP   SPREAD      GAIN     LOSS  SIGNAL     BB_UP     BB_LW     BB_MA
26  EUR_GBP 2022-11-21 06:17:00+00:00  0.86890  0.86892  0.0  0.0  0.00017  0.000014  0.86890       0  0.869052  0.868776  0.868914
27  EUR_GBP 2022-11-21 06:18:00+00:00  0.86890  0.86888  0.0  0.0  0.00018  0.000022  0.86890       0  0.869022  0.868822  0.868922
28  EUR_GBP 2022-11-21 06:19:00+00:00  0.86880  0.86890  0.0  0.0  0.00017  0.000118  0.86880       0  0.869033  0.868804  0.868918
29  EUR_GBP 2022-11-21 06:20:00+00:00  0.86882  0.86882  0.0  0.0  0.00018  0.000089  0.86882       0  0.869037  0.868781  0.868909
30  EUR_GBP 2022-11-21 06:21:00+00:00  0.86883  0.86883  0.0  0.0  0.00016  0.000065  0.86883       0  0.869015  0.868776  0.868895
2022-11-21 06:23:03 CandleManager() new candle:last_candle:22-11-21 06:22 is_ready:True
2022-11-21 06:23:05 tech_manager: max_rows:32 candle_time:2022-11-21 06:22:00+00:00 granularity:M1
2022-11-21 06:23:05 process_candles:
       PAIR                      time    mid_c    mid_o   SL   TP   SPREAD      GAIN     LOSS  SIGNAL     BB_UP     BB_LW     BB_MA
26  EUR_GBP 2022-11-21 06:18:00+00:00  0.86890  0.86888  0.0  0.0  0.00018  0.000022  0.86890       0  0.869022  0.868822  0.868922
27  EUR_GBP 2022-11-21 06:19:00+00:00  0.86880  0.86890  0.0  0.0  0.00017  0.000118  0.86880       0  0.869033  0.868804  0.868918
28  EUR_GBP 2022-11-21 06:20:00+00:00  0.86882  0.86882  0.0  0.0  0.00018  0.000089  0.86882       0  0.869037  0.868781  0.868909
29  EUR_GBP 2022-11-21 06:21:00+00:00  0.86883  0.86883  0.0  0.0  0.00016  0.000065  0.86883       0  0.869015  0.868776  0.868895
30  EUR_GBP 2022-11-21 06:22:00+00:00  0.86888  0.86882  0.0  0.0  0.00017  0.000006  0.86888       0  0.868988  0.868784  0.868886
2022-11-21 06:24:00 CandleManager() new candle:last_candle:22-11-21 06:23 is_ready:True
2022-11-21 06:24:00 tech_manager: max_rows:32 candle_time:2022-11-21 06:23:00+00:00 granularity:M1
2022-11-21 06:24:01 process_candles:
       PAIR                      time    mid_c    mid_o   SL   TP   SPREAD      GAIN     LOSS  SIGNAL     BB_UP     BB_LW     BB_MA
26  EUR_GBP 2022-11-21 06:19:00+00:00  0.86880  0.86890  0.0  0.0  0.00017  0.000118  0.86880       0  0.869033  0.868804  0.868918
27  EUR_GBP 2022-11-21 06:20:00+00:00  0.86882  0.86882  0.0  0.0  0.00018  0.000089  0.86882       0  0.869037  0.868781  0.868909
28  EUR_GBP 2022-11-21 06:21:00+00:00  0.86883  0.86883  0.0  0.0  0.00016  0.000065  0.86883       0  0.869015  0.868776  0.868895
29  EUR_GBP 2022-11-21 06:22:00+00:00  0.86888  0.86882  0.0  0.0  0.00017  0.000006  0.86888       0  0.868988  0.868784  0.868886
30  EUR_GBP 2022-11-21 06:23:00+00:00  0.86890  0.86890  0.0  0.0  0.00016  0.000014  0.86890       0  0.868989  0.868784  0.868886
2022-11-21 06:25:08 CandleManager() new candle:last_candle:22-11-21 06:24 is_ready:True
2022-11-21 06:25:10 tech_manager: max_rows:32 candle_time:2022-11-21 06:24:00+00:00 granularity:M1
2022-11-21 06:25:10 process_candles:
       PAIR                      time    mid_c    mid_o   SL   TP   SPREAD      GAIN     LOSS  SIGNAL     BB_UP     BB_LW     BB_MA
26  EUR_GBP 2022-11-21 06:20:00+00:00  0.86882  0.86882  0.0  0.0  0.00018  0.000089  0.86882       0  0.869037  0.868781  0.868909
27  EUR_GBP 2022-11-21 06:21:00+00:00  0.86883  0.86883  0.0  0.0  0.00016  0.000065  0.86883       0  0.869015  0.868776  0.868895
28  EUR_GBP 2022-11-21 06:22:00+00:00  0.86888  0.86882  0.0  0.0  0.00017  0.000006  0.86888       0  0.868988  0.868784  0.868886
29  EUR_GBP 2022-11-21 06:23:00+00:00  0.86890  0.86890  0.0  0.0  0.00016  0.000014  0.86890       0  0.868989  0.868784  0.868886
30  EUR_GBP 2022-11-21 06:24:00+00:00  0.86894  0.86890  0.0  0.0  0.00021  0.000051  0.86894       0  0.868995  0.868784  0.868889
2022-11-21 06:26:05 CandleManager() new candle:last_candle:22-11-21 06:25 is_ready:True
2022-11-21 06:26:07 tech_manager: max_rows:32 candle_time:2022-11-21 06:25:00+00:00 granularity:M1
2022-11-21 06:26:07 process_candles:
       PAIR                      time    mid_c    mid_o   SL   TP   SPREAD      GAIN     LOSS  SIGNAL     BB_UP     BB_LW     BB_MA
26  EUR_GBP 2022-11-21 06:21:00+00:00  0.86883  0.86883  0.0  0.0  0.00016  0.000065  0.86883       0  0.869015  0.868776  0.868895
27  EUR_GBP 2022-11-21 06:22:00+00:00  0.86888  0.86882  0.0  0.0  0.00017  0.000006  0.86888       0  0.868988  0.868784  0.868886
28  EUR_GBP 2022-11-21 06:23:00+00:00  0.86890  0.86890  0.0  0.0  0.00016  0.000014  0.86890       0  0.868989  0.868784  0.868886
29  EUR_GBP 2022-11-21 06:24:00+00:00  0.86894  0.86890  0.0  0.0  0.00021  0.000051  0.86894       0  0.868995  0.868784  0.868889
30  EUR_GBP 2022-11-21 06:25:00+00:00  0.86899  0.86896  0.0  0.0  0.00016  0.000092  0.86899       0  0.869023  0.868773  0.868898
2022-11-21 06:27:03 CandleManager() new candle:last_candle:22-11-21 06:26 is_ready:True
2022-11-21 06:27:04 tech_manager: max_rows:32 candle_time:2022-11-21 06:26:00+00:00 granularity:M1
2022-11-21 06:27:05 process_candles:
       PAIR                      time    mid_c    mid_o   SL   TP   SPREAD      GAIN     LOSS  SIGNAL     BB_UP     BB_LW     BB_MA
26  EUR_GBP 2022-11-21 06:22:00+00:00  0.86888  0.86882  0.0  0.0  0.00017  0.000006  0.86888       0  0.868988  0.868784  0.868886
27  EUR_GBP 2022-11-21 06:23:00+00:00  0.86890  0.86890  0.0  0.0  0.00016  0.000014  0.86890       0  0.868989  0.868784  0.868886
28  EUR_GBP 2022-11-21 06:24:00+00:00  0.86894  0.86890  0.0  0.0  0.00021  0.000051  0.86894       0  0.868995  0.868784  0.868889
29  EUR_GBP 2022-11-21 06:25:00+00:00  0.86899  0.86896  0.0  0.0  0.00016  0.000092  0.86899       0  0.869023  0.868773  0.868898
30  EUR_GBP 2022-11-21 06:26:00+00:00  0.86888  0.86898  0.0  0.0  0.00017  0.000017  0.86888       0  0.869021  0.868774  0.868897
2022-11-21 06:28:12 CandleManager() new candle:last_candle:22-11-21 06:27 is_ready:True
2022-11-21 06:28:13 tech_manager: max_rows:32 candle_time:2022-11-21 06:27:00+00:00 granularity:M1
2022-11-21 06:28:13 process_candles:
       PAIR                      time    mid_c    mid_o   SL   TP   SPREAD      GAIN     LOSS  SIGNAL     BB_UP     BB_LW     BB_MA
26  EUR_GBP 2022-11-21 06:23:00+00:00  0.86890  0.86890  0.0  0.0  0.00016  0.000014  0.86890       0  0.868989  0.868784  0.868886
27  EUR_GBP 2022-11-21 06:24:00+00:00  0.86894  0.86890  0.0  0.0  0.00021  0.000051  0.86894       0  0.868995  0.868784  0.868889
28  EUR_GBP 2022-11-21 06:25:00+00:00  0.86899  0.86896  0.0  0.0  0.00016  0.000092  0.86899       0  0.869023  0.868773  0.868898
29  EUR_GBP 2022-11-21 06:26:00+00:00  0.86888  0.86898  0.0  0.0  0.00017  0.000017  0.86888       0  0.869021  0.868774  0.868897
30  EUR_GBP 2022-11-21 06:27:00+00:00  0.86885  0.86886  0.0  0.0  0.00018  0.000038  0.86885       0  0.869012  0.868764  0.868888
2022-11-21 06:29:08 CandleManager() new candle:last_candle:22-11-21 06:28 is_ready:True
2022-11-21 06:29:10 tech_manager: max_rows:32 candle_time:2022-11-21 06:28:00+00:00 granularity:M1
2022-11-21 06:29:10 process_candles:
       PAIR                      time    mid_c    mid_o   SL   TP   SPREAD      GAIN     LOSS  SIGNAL     BB_UP     BB_LW     BB_MA
26  EUR_GBP 2022-11-21 06:24:00+00:00  0.86894  0.86890  0.0  0.0  0.00021  0.000051  0.86894       0  0.868995  0.868784  0.868889
27  EUR_GBP 2022-11-21 06:25:00+00:00  0.86899  0.86896  0.0  0.0  0.00016  0.000092  0.86899       0  0.869023  0.868773  0.868898
28  EUR_GBP 2022-11-21 06:26:00+00:00  0.86888  0.86898  0.0  0.0  0.00017  0.000017  0.86888       0  0.869021  0.868774  0.868897
29  EUR_GBP 2022-11-21 06:27:00+00:00  0.86885  0.86886  0.0  0.0  0.00018  0.000038  0.86885       0  0.869012  0.868764  0.868888
30  EUR_GBP 2022-11-21 06:28:00+00:00  0.86882  0.86885  0.0  0.0  0.00017  0.000059  0.86882       0  0.868999  0.868759  0.868879
2022-11-21 06:30:05 CandleManager() new candle:last_candle:22-11-21 06:29 is_ready:True
2022-11-21 06:30:07 tech_manager: max_rows:32 candle_time:2022-11-21 06:29:00+00:00 granularity:M1
2022-11-21 06:30:07 process_candles:
       PAIR                      time    mid_c    mid_o   SL   TP   SPREAD      GAIN     LOSS  SIGNAL     BB_UP     BB_LW     BB_MA
26  EUR_GBP 2022-11-21 06:25:00+00:00  0.86899  0.86896  0.0  0.0  0.00016  0.000092  0.86899       0  0.869023  0.868773  0.868898
27  EUR_GBP 2022-11-21 06:26:00+00:00  0.86888  0.86898  0.0  0.0  0.00017  0.000017  0.86888       0  0.869021  0.868774  0.868897
28  EUR_GBP 2022-11-21 06:27:00+00:00  0.86885  0.86886  0.0  0.0  0.00018  0.000038  0.86885       0  0.869012  0.868764  0.868888
29  EUR_GBP 2022-11-21 06:28:00+00:00  0.86882  0.86885  0.0  0.0  0.00017  0.000059  0.86882       0  0.868999  0.868759  0.868879
30  EUR_GBP 2022-11-21 06:29:00+00:00  0.86871  0.86883  0.0  0.0  0.00018  0.000155  0.86871       0  0.869019  0.868711  0.868865
2022-11-21 06:31:02 CandleManager() new candle:last_candle:22-11-21 06:30 is_ready:True
2022-11-21 06:31:04 tech_manager: max_rows:32 candle_time:2022-11-21 06:30:00+00:00 granularity:M1
2022-11-21 06:31:04 process_candles:
       PAIR                      time    mid_c    mid_o   SL   TP   SPREAD      GAIN     LOSS  SIGNAL     BB_UP     BB_LW     BB_MA
26  EUR_GBP 2022-11-21 06:26:00+00:00  0.86888  0.86898  0.0  0.0  0.00017  0.000017  0.86888       0  0.869021  0.868774  0.868897
27  EUR_GBP 2022-11-21 06:27:00+00:00  0.86885  0.86886  0.0  0.0  0.00018  0.000038  0.86885       0  0.869012  0.868764  0.868888
28  EUR_GBP 2022-11-21 06:28:00+00:00  0.86882  0.86885  0.0  0.0  0.00017  0.000059  0.86882       0  0.868999  0.868759  0.868879
29  EUR_GBP 2022-11-21 06:29:00+00:00  0.86871  0.86883  0.0  0.0  0.00018  0.000155  0.86871       0  0.869019  0.868711  0.868865
30  EUR_GBP 2022-11-21 06:30:00+00:00  0.86877  0.86872  0.0  0.0  0.00016  0.000086  0.86877       0  0.869024  0.868687  0.868856
2022-11-21 06:32:10 CandleManager() new candle:last_candle:22-11-21 06:31 is_ready:True
2022-11-21 06:32:12 tech_manager: max_rows:32 candle_time:2022-11-21 06:31:00+00:00 granularity:M1
2022-11-21 06:32:12 process_candles:
       PAIR                      time    mid_c    mid_o   SL   TP   SPREAD      GAIN     LOSS  SIGNAL     BB_UP     BB_LW     BB_MA
26  EUR_GBP 2022-11-21 06:27:00+00:00  0.86885  0.86886  0.0  0.0  0.00018  0.000038  0.86885       0  0.869012  0.868764  0.868888
27  EUR_GBP 2022-11-21 06:28:00+00:00  0.86882  0.86885  0.0  0.0  0.00017  0.000059  0.86882       0  0.868999  0.868759  0.868879
28  EUR_GBP 2022-11-21 06:29:00+00:00  0.86871  0.86883  0.0  0.0  0.00018  0.000155  0.86871       0  0.869019  0.868711  0.868865
29  EUR_GBP 2022-11-21 06:30:00+00:00  0.86877  0.86872  0.0  0.0  0.00016  0.000086  0.86877       0  0.869024  0.868687  0.868856
30  EUR_GBP 2022-11-21 06:31:00+00:00  0.86889  0.86878  0.0  0.0  0.00016  0.000035  0.86889       0  0.869024  0.868687  0.868855
2022-11-21 06:33:08 CandleManager() new candle:last_candle:22-11-21 06:32 is_ready:True
2022-11-21 06:33:10 tech_manager: max_rows:32 candle_time:2022-11-21 06:32:00+00:00 granularity:M1
2022-11-21 06:33:10 process_candles:
       PAIR                      time    mid_c    mid_o   SL   TP   SPREAD      GAIN     LOSS  SIGNAL     BB_UP     BB_LW     BB_MA
26  EUR_GBP 2022-11-21 06:28:00+00:00  0.86882  0.86885  0.0  0.0  0.00017  0.000059  0.86882       0  0.868999  0.868759  0.868879
27  EUR_GBP 2022-11-21 06:29:00+00:00  0.86871  0.86883  0.0  0.0  0.00018  0.000155  0.86871       0  0.869019  0.868711  0.868865
28  EUR_GBP 2022-11-21 06:30:00+00:00  0.86877  0.86872  0.0  0.0  0.00016  0.000086  0.86877       0  0.869024  0.868687  0.868856
29  EUR_GBP 2022-11-21 06:31:00+00:00  0.86889  0.86878  0.0  0.0  0.00016  0.000035  0.86889       0  0.869024  0.868687  0.868855
30  EUR_GBP 2022-11-21 06:32:00+00:00  0.86890  0.86891  0.0  0.0  0.00017  0.000039  0.86890       0  0.869031  0.868691  0.868861
2022-11-21 06:34:05 CandleManager() new candle:last_candle:22-11-21 06:33 is_ready:True
2022-11-21 06:34:07 tech_manager: max_rows:32 candle_time:2022-11-21 06:33:00+00:00 granularity:M1
2022-11-21 06:34:07 process_candles:
       PAIR                      time    mid_c    mid_o   SL   TP   SPREAD      GAIN     LOSS  SIGNAL     BB_UP     BB_LW     BB_MA
26  EUR_GBP 2022-11-21 06:29:00+00:00  0.86871  0.86883  0.0  0.0  0.00018  0.000155  0.86871       0  0.869019  0.868711  0.868865
27  EUR_GBP 2022-11-21 06:30:00+00:00  0.86877  0.86872  0.0  0.0  0.00016  0.000086  0.86877       0  0.869024  0.868687  0.868856
28  EUR_GBP 2022-11-21 06:31:00+00:00  0.86889  0.86878  0.0  0.0  0.00016  0.000035  0.86889       0  0.869024  0.868687  0.868855
29  EUR_GBP 2022-11-21 06:32:00+00:00  0.86890  0.86891  0.0  0.0  0.00017  0.000039  0.86890       0  0.869031  0.868691  0.868861
30  EUR_GBP 2022-11-21 06:33:00+00:00  0.86896  0.86894  0.0  0.0  0.00016  0.000088  0.86896       0  0.869054  0.868689  0.868872
2022-11-21 06:35:14 CandleManager() new candle:last_candle:22-11-21 06:34 is_ready:True
2022-11-21 06:35:15 tech_manager: max_rows:32 candle_time:2022-11-21 06:34:00+00:00 granularity:M1
2022-11-21 06:35:15 process_candles:
       PAIR                      time    mid_c    mid_o   SL   TP   SPREAD      GAIN     LOSS  SIGNAL     BB_UP     BB_LW     BB_MA
26  EUR_GBP 2022-11-21 06:30:00+00:00  0.86877  0.86872  0.0  0.0  0.00016  0.000086  0.86877       0  0.869024  0.868687  0.868856
27  EUR_GBP 2022-11-21 06:31:00+00:00  0.86889  0.86878  0.0  0.0  0.00016  0.000035  0.86889       0  0.869024  0.868687  0.868855
28  EUR_GBP 2022-11-21 06:32:00+00:00  0.86890  0.86891  0.0  0.0  0.00017  0.000039  0.86890       0  0.869031  0.868691  0.868861
29  EUR_GBP 2022-11-21 06:33:00+00:00  0.86896  0.86894  0.0  0.0  0.00016  0.000088  0.86896       0  0.869054  0.868689  0.868872
30  EUR_GBP 2022-11-21 06:34:00+00:00  0.86910  0.86896  0.0  0.0  0.00017  0.000213  0.86910       0  0.869110  0.868664  0.868887
2022-11-21 06:35:59 CandleManager() new candle:last_candle:22-11-21 06:35 is_ready:True
2022-11-21 06:35:59 tech_manager: max_rows:32 candle_time:2022-11-21 06:35:00+00:00 granularity:M1
2022-11-21 06:36:00 process_candles:
       PAIR                      time    mid_c    mid_o   SL   TP   SPREAD      GAIN     LOSS  SIGNAL     BB_UP     BB_LW     BB_MA
27  EUR_GBP 2022-11-21 06:31:00+00:00  0.86889  0.86878  0.0  0.0  0.00016  0.000035  0.86889       0  0.869024  0.868687  0.868855
28  EUR_GBP 2022-11-21 06:32:00+00:00  0.86890  0.86891  0.0  0.0  0.00017  0.000039  0.86890       0  0.869031  0.868691  0.868861
29  EUR_GBP 2022-11-21 06:33:00+00:00  0.86896  0.86894  0.0  0.0  0.00016  0.000088  0.86896       0  0.869054  0.868689  0.868872
30  EUR_GBP 2022-11-21 06:34:00+00:00  0.86910  0.86896  0.0  0.0  0.00017  0.000213  0.86910       0  0.869110  0.868664  0.868887
31  EUR_GBP 2022-11-21 06:35:00+00:00  0.86906  0.86910  0.0  0.0  0.00015  0.000158  0.86906       0  0.869166  0.868639  0.868902
2022-11-21 06:37:07 CandleManager() new candle:last_candle:22-11-21 06:36 is_ready:True
2022-11-21 06:37:09 tech_manager: max_rows:32 candle_time:2022-11-21 06:36:00+00:00 granularity:M1
2022-11-21 06:37:09 process_candles:
       PAIR                      time    mid_c    mid_o   SL   TP   SPREAD      GAIN     LOSS  SIGNAL     BB_UP     BB_LW     BB_MA
26  EUR_GBP 2022-11-21 06:32:00+00:00  0.86890  0.86891  0.0  0.0  0.00017  0.000039  0.86890       0  0.869031  0.868691  0.868861
27  EUR_GBP 2022-11-21 06:33:00+00:00  0.86896  0.86894  0.0  0.0  0.00016  0.000088  0.86896       0  0.869054  0.868689  0.868872
28  EUR_GBP 2022-11-21 06:34:00+00:00  0.86910  0.86896  0.0  0.0  0.00017  0.000213  0.86910       0  0.869110  0.868664  0.868887
29  EUR_GBP 2022-11-21 06:35:00+00:00  0.86906  0.86910  0.0  0.0  0.00015  0.000158  0.86906       0  0.869166  0.868639  0.868902
30  EUR_GBP 2022-11-21 06:36:00+00:00  0.86911  0.86907  0.0  0.0  0.00016  0.000194  0.86911       0  0.869213  0.868620  0.868916
2022-11-21 06:38:04 CandleManager() new candle:last_candle:22-11-21 06:37 is_ready:True
2022-11-21 06:38:06 tech_manager: max_rows:32 candle_time:2022-11-21 06:37:00+00:00 granularity:M1
2022-11-21 06:38:06 process_candles:
       PAIR                      time    mid_c    mid_o   SL   TP   SPREAD      GAIN     LOSS  SIGNAL     BB_UP     BB_LW     BB_MA
26  EUR_GBP 2022-11-21 06:33:00+00:00  0.86896  0.86894  0.0  0.0  0.00016  0.000088  0.86896       0  0.869054  0.868689  0.868872
27  EUR_GBP 2022-11-21 06:34:00+00:00  0.86910  0.86896  0.0  0.0  0.00017  0.000213  0.86910       0  0.869110  0.868664  0.868887
28  EUR_GBP 2022-11-21 06:35:00+00:00  0.86906  0.86910  0.0  0.0  0.00015  0.000158  0.86906       0  0.869166  0.868639  0.868902
29  EUR_GBP 2022-11-21 06:36:00+00:00  0.86911  0.86907  0.0  0.0  0.00016  0.000194  0.86911       0  0.869213  0.868620  0.868916
30  EUR_GBP 2022-11-21 06:37:00+00:00  0.86907  0.86911  0.0  0.0  0.00018  0.000145  0.86907       0  0.869242  0.868607  0.868925
2022-11-21 06:39:02 CandleManager() new candle:last_candle:22-11-21 06:38 is_ready:True
