2022-12-08 08:26:41 LogWrapper init() ./logs/GBP_USD.log
2022-12-08 08:26:41 {'n_ma': 12, 'n_std': 2.5, 'maxspread': 0.0004, 'mingain': 0.0006, 'riskreward': 1.5, 'strategy': 'M', 'dim_lot': [1, 1.4, 1, 1.4, 1.9, 2.5, 3.3, 4.4], 'max_open_trades': 8, 'sl': 0, 'tp': 0, 'delta_sl_tp': 0, 'size': 500}
2022-12-08 08:26:43 CandleManager() init last_candle:last_candle:22-12-08 07:25 is_ready:False
2022-12-08 08:27:06 CandleManager() new candle:last_candle:22-12-08 07:26 is_ready:True
2022-12-08 08:27:08 tech_manager: max_rows:32 candle_time:2022-12-08 07:26:00+00:00 granularity:M1
2022-12-08 08:27:08 process_candles:
       PAIR                      time    mid_c    mid_o   SL   TP   SPREAD      GAIN     LOSS  SIGNAL     BB_UP     BB_LW     BB_MA
26  GBP_USD 2022-12-08 07:22:00+00:00  1.22074  1.22058  0.0  0.0  0.00023  0.000629  1.22074       0  1.220798  1.219425  1.220111
27  GBP_USD 2022-12-08 07:23:00+00:00  1.22086  1.22074  0.0  0.0  0.00022  0.000698  1.22086       0  1.221007  1.219317  1.220162
28  GBP_USD 2022-12-08 07:24:00+00:00  1.22101  1.22088  0.0  0.0  0.00020  0.000774  1.22101       0  1.221263  1.219209  1.220236
29  GBP_USD 2022-12-08 07:25:00+00:00  1.22091  1.22095  0.0  0.0  0.00024  0.000604  1.22091       0  1.221461  1.219151  1.220306
30  GBP_USD 2022-12-08 07:26:00+00:00  1.22034  1.22090  0.0  0.0  0.00023  0.000008  1.22034       0  1.221489  1.219207  1.220348
2022-12-08 08:28:05 CandleManager() new candle:last_candle:22-12-08 07:27 is_ready:True
2022-12-08 08:28:07 tech_manager: max_rows:32 candle_time:2022-12-08 07:27:00+00:00 granularity:M1
2022-12-08 08:28:07 process_candles:
       PAIR                      time    mid_c    mid_o   SL   TP   SPREAD      GAIN     LOSS  SIGNAL     BB_UP     BB_LW     BB_MA
26  GBP_USD 2022-12-08 07:23:00+00:00  1.22086  1.22074  0.0  0.0  0.00022  0.000698  1.22086       0  1.221007  1.219317  1.220162
27  GBP_USD 2022-12-08 07:24:00+00:00  1.22101  1.22088  0.0  0.0  0.00020  0.000774  1.22101       0  1.221263  1.219209  1.220236
28  GBP_USD 2022-12-08 07:25:00+00:00  1.22091  1.22095  0.0  0.0  0.00024  0.000604  1.22091       0  1.221461  1.219151  1.220306
29  GBP_USD 2022-12-08 07:26:00+00:00  1.22034  1.22090  0.0  0.0  0.00023  0.000008  1.22034       0  1.221489  1.219207  1.220348
30  GBP_USD 2022-12-08 07:27:00+00:00  1.22046  1.22032  0.0  0.0  0.00021  0.000073  1.22046       0  1.221474  1.219300  1.220387
2022-12-08 08:29:04 CandleManager() new candle:last_candle:22-12-08 07:28 is_ready:True
2022-12-08 08:29:06 tech_manager: max_rows:32 candle_time:2022-12-08 07:28:00+00:00 granularity:M1
2022-12-08 08:29:06 process_candles:
       PAIR                      time    mid_c    mid_o   SL   TP   SPREAD      GAIN     LOSS  SIGNAL     BB_UP     BB_LW     BB_MA
26  GBP_USD 2022-12-08 07:24:00+00:00  1.22101  1.22088  0.0  0.0  0.00020  0.000774  1.22101       0  1.221263  1.219209  1.220236
27  GBP_USD 2022-12-08 07:25:00+00:00  1.22091  1.22095  0.0  0.0  0.00024  0.000604  1.22091       0  1.221461  1.219151  1.220306
28  GBP_USD 2022-12-08 07:26:00+00:00  1.22034  1.22090  0.0  0.0  0.00023  0.000008  1.22034       0  1.221489  1.219207  1.220348
29  GBP_USD 2022-12-08 07:27:00+00:00  1.22046  1.22032  0.0  0.0  0.00021  0.000073  1.22046       0  1.221474  1.219300  1.220387
30  GBP_USD 2022-12-08 07:28:00+00:00  1.22058  1.22046  0.0  0.0  0.00022  0.000143  1.22058       0  1.221464  1.219411  1.220437
2022-12-08 08:30:03 CandleManager() new candle:last_candle:22-12-08 07:29 is_ready:True
2022-12-08 08:30:05 tech_manager: max_rows:32 candle_time:2022-12-08 07:29:00+00:00 granularity:M1
2022-12-08 08:30:05 process_candles:
       PAIR                      time    mid_c    mid_o   SL   TP   SPREAD      GAIN     LOSS  SIGNAL     BB_UP     BB_LW     BB_MA
26  GBP_USD 2022-12-08 07:25:00+00:00  1.22091  1.22095  0.0  0.0  0.00024  0.000604  1.22091       0  1.221461  1.219151  1.220306
27  GBP_USD 2022-12-08 07:26:00+00:00  1.22034  1.22090  0.0  0.0  0.00023  0.000008  1.22034       0  1.221489  1.219207  1.220348
28  GBP_USD 2022-12-08 07:27:00+00:00  1.22046  1.22032  0.0  0.0  0.00021  0.000073  1.22046       0  1.221474  1.219300  1.220387
29  GBP_USD 2022-12-08 07:28:00+00:00  1.22058  1.22046  0.0  0.0  0.00022  0.000143  1.22058       0  1.221464  1.219411  1.220437
30  GBP_USD 2022-12-08 07:29:00+00:00  1.22044  1.22057  0.0  0.0  0.00023  0.000051  1.22044       0  1.221387  1.219595  1.220491
2022-12-08 08:31:02 CandleManager() new candle:last_candle:22-12-08 07:30 is_ready:True
2022-12-08 08:31:04 tech_manager: max_rows:32 candle_time:2022-12-08 07:30:00+00:00 granularity:M1
2022-12-08 08:31:04 process_candles:
       PAIR                      time    mid_c    mid_o   SL   TP   SPREAD      GAIN     LOSS  SIGNAL     BB_UP     BB_LW     BB_MA
26  GBP_USD 2022-12-08 07:26:00+00:00  1.22034  1.22090  0.0  0.0  0.00023  0.000008  1.22034       0  1.221489  1.219207  1.220348
27  GBP_USD 2022-12-08 07:27:00+00:00  1.22046  1.22032  0.0  0.0  0.00021  0.000073  1.22046       0  1.221474  1.219300  1.220387
28  GBP_USD 2022-12-08 07:28:00+00:00  1.22058  1.22046  0.0  0.0  0.00022  0.000143  1.22058       0  1.221464  1.219411  1.220437
29  GBP_USD 2022-12-08 07:29:00+00:00  1.22044  1.22057  0.0  0.0  0.00023  0.000051  1.22044       0  1.221387  1.219595  1.220491
30  GBP_USD 2022-12-08 07:30:00+00:00  1.22052  1.22045  0.0  0.0  0.00020  0.000029  1.22052       0  1.221270  1.219828  1.220549
2022-12-08 08:32:01 CandleManager() new candle:last_candle:22-12-08 07:31 is_ready:True
2022-12-08 08:32:03 tech_manager: max_rows:32 candle_time:2022-12-08 07:31:00+00:00 granularity:M1
2022-12-08 08:32:03 process_candles:
       PAIR                      time    mid_c    mid_o   SL   TP   SPREAD      GAIN     LOSS  SIGNAL     BB_UP     BB_LW     BB_MA
26  GBP_USD 2022-12-08 07:27:00+00:00  1.22046  1.22032  0.0  0.0  0.00021  0.000073  1.22046       0  1.221474  1.219300  1.220387
27  GBP_USD 2022-12-08 07:28:00+00:00  1.22058  1.22046  0.0  0.0  0.00022  0.000143  1.22058       0  1.221464  1.219411  1.220437
28  GBP_USD 2022-12-08 07:29:00+00:00  1.22044  1.22057  0.0  0.0  0.00023  0.000051  1.22044       0  1.221387  1.219595  1.220491
29  GBP_USD 2022-12-08 07:30:00+00:00  1.22052  1.22045  0.0  0.0  0.00020  0.000029  1.22052       0  1.221270  1.219828  1.220549
30  GBP_USD 2022-12-08 07:31:00+00:00  1.22064  1.22052  0.0  0.0  0.00022  0.000040  1.22064       0  1.221154  1.220046  1.220600
2022-12-08 08:33:00 CandleManager() new candle:last_candle:22-12-08 07:32 is_ready:True
2022-12-08 08:33:02 tech_manager: max_rows:32 candle_time:2022-12-08 07:32:00+00:00 granularity:M1
2022-12-08 08:33:02 process_candles:
       PAIR                      time    mid_c    mid_o   SL   TP   SPREAD      GAIN     LOSS  SIGNAL     BB_UP     BB_LW     BB_MA
26  GBP_USD 2022-12-08 07:28:00+00:00  1.22058  1.22046  0.0  0.0  0.00022  0.000143  1.22058       0  1.221464  1.219411  1.220437
27  GBP_USD 2022-12-08 07:29:00+00:00  1.22044  1.22057  0.0  0.0  0.00023  0.000051  1.22044       0  1.221387  1.219595  1.220491
28  GBP_USD 2022-12-08 07:30:00+00:00  1.22052  1.22045  0.0  0.0  0.00020  0.000029  1.22052       0  1.221270  1.219828  1.220549
29  GBP_USD 2022-12-08 07:31:00+00:00  1.22064  1.22052  0.0  0.0  0.00022  0.000040  1.22064       0  1.221154  1.220046  1.220600
30  GBP_USD 2022-12-08 07:32:00+00:00  1.22060  1.22064  0.0  0.0  0.00022  0.000028  1.22060       0  1.221122  1.220135  1.220628
2022-12-08 08:34:11 CandleManager() new candle:last_candle:22-12-08 07:33 is_ready:True
2022-12-08 08:34:13 tech_manager: max_rows:32 candle_time:2022-12-08 07:33:00+00:00 granularity:M1
2022-12-08 08:34:13 process_candles:
       PAIR                      time    mid_c    mid_o   SL   TP   SPREAD      GAIN     LOSS  SIGNAL     BB_UP     BB_LW     BB_MA
26  GBP_USD 2022-12-08 07:29:00+00:00  1.22044  1.22057  0.0  0.0  0.00023  0.000051  1.22044       0  1.221387  1.219595  1.220491
27  GBP_USD 2022-12-08 07:30:00+00:00  1.22052  1.22045  0.0  0.0  0.00020  0.000029  1.22052       0  1.221270  1.219828  1.220549
28  GBP_USD 2022-12-08 07:31:00+00:00  1.22064  1.22052  0.0  0.0  0.00022  0.000040  1.22064       0  1.221154  1.220046  1.220600
29  GBP_USD 2022-12-08 07:32:00+00:00  1.22060  1.22064  0.0  0.0  0.00022  0.000028  1.22060       0  1.221122  1.220135  1.220628
30  GBP_USD 2022-12-08 07:33:00+00:00  1.22098  1.22062  0.0  0.0  0.00021  0.000323  1.22098       0  1.221171  1.220142  1.220657
2022-12-08 08:35:10 CandleManager() new candle:last_candle:22-12-08 07:34 is_ready:True
2022-12-08 08:35:12 tech_manager: max_rows:32 candle_time:2022-12-08 07:34:00+00:00 granularity:M1
2022-12-08 08:35:12 process_candles:
       PAIR                      time    mid_c    mid_o   SL   TP   SPREAD      GAIN     LOSS  SIGNAL     BB_UP     BB_LW     BB_MA
26  GBP_USD 2022-12-08 07:30:00+00:00  1.22052  1.22045  0.0  0.0  0.00020  0.000029  1.22052       0  1.221270  1.219828  1.220549
27  GBP_USD 2022-12-08 07:31:00+00:00  1.22064  1.22052  0.0  0.0  0.00022  0.000040  1.22064       0  1.221154  1.220046  1.220600
28  GBP_USD 2022-12-08 07:32:00+00:00  1.22060  1.22064  0.0  0.0  0.00022  0.000028  1.22060       0  1.221122  1.220135  1.220628
29  GBP_USD 2022-12-08 07:33:00+00:00  1.22098  1.22062  0.0  0.0  0.00021  0.000323  1.22098       0  1.221171  1.220142  1.220657
30  GBP_USD 2022-12-08 07:34:00+00:00  1.22104  1.22096  0.0  0.0  0.00023  0.000353  1.22104       0  1.221274  1.220100  1.220687
2022-12-08 08:36:09 CandleManager() new candle:last_candle:22-12-08 07:35 is_ready:True
2022-12-08 08:36:11 tech_manager: max_rows:32 candle_time:2022-12-08 07:35:00+00:00 granularity:M1
2022-12-08 08:36:11 process_candles:
       PAIR                      time    mid_c    mid_o   SL   TP   SPREAD      GAIN     LOSS  SIGNAL     BB_UP     BB_LW     BB_MA
26  GBP_USD 2022-12-08 07:31:00+00:00  1.22064  1.22052  0.0  0.0  0.00022  0.000040  1.22064       0  1.221154  1.220046  1.220600
27  GBP_USD 2022-12-08 07:32:00+00:00  1.22060  1.22064  0.0  0.0  0.00022  0.000028  1.22060       0  1.221122  1.220135  1.220628
28  GBP_USD 2022-12-08 07:33:00+00:00  1.22098  1.22062  0.0  0.0  0.00021  0.000323  1.22098       0  1.221171  1.220142  1.220657
29  GBP_USD 2022-12-08 07:34:00+00:00  1.22104  1.22096  0.0  0.0  0.00023  0.000353  1.22104       0  1.221274  1.220100  1.220687
30  GBP_USD 2022-12-08 07:35:00+00:00  1.22111  1.22104  0.0  0.0  0.00020  0.000399  1.22111       0  1.221363  1.220060  1.220711
2022-12-08 08:37:08 CandleManager() new candle:last_candle:22-12-08 07:36 is_ready:True
2022-12-08 08:37:10 tech_manager: max_rows:32 candle_time:2022-12-08 07:36:00+00:00 granularity:M1
2022-12-08 08:37:10 process_candles:
       PAIR                      time    mid_c    mid_o   SL   TP   SPREAD      GAIN     LOSS  SIGNAL     BB_UP     BB_LW     BB_MA
26  GBP_USD 2022-12-08 07:32:00+00:00  1.22060  1.22064  0.0  0.0  0.00022  0.000028  1.22060       0  1.221122  1.220135  1.220628
27  GBP_USD 2022-12-08 07:33:00+00:00  1.22098  1.22062  0.0  0.0  0.00021  0.000323  1.22098       0  1.221171  1.220142  1.220657
28  GBP_USD 2022-12-08 07:34:00+00:00  1.22104  1.22096  0.0  0.0  0.00023  0.000353  1.22104       0  1.221274  1.220100  1.220687
29  GBP_USD 2022-12-08 07:35:00+00:00  1.22111  1.22104  0.0  0.0  0.00020  0.000399  1.22111       0  1.221363  1.220060  1.220711
30  GBP_USD 2022-12-08 07:36:00+00:00  1.22102  1.22105  0.0  0.0  0.00022  0.000305  1.22102       0  1.221376  1.220053  1.220715
2022-12-08 08:38:06 CandleManager() new candle:last_candle:22-12-08 07:37 is_ready:True
2022-12-08 08:38:08 tech_manager: max_rows:32 candle_time:2022-12-08 07:37:00+00:00 granularity:M1
2022-12-08 08:38:09 process_candles:
       PAIR                      time    mid_c    mid_o   SL   TP   SPREAD      GAIN     LOSS  SIGNAL     BB_UP     BB_LW     BB_MA
26  GBP_USD 2022-12-08 07:33:00+00:00  1.22098  1.22062  0.0  0.0  0.00021  0.000323  1.22098       0  1.221171  1.220142  1.220657
27  GBP_USD 2022-12-08 07:34:00+00:00  1.22104  1.22096  0.0  0.0  0.00023  0.000353  1.22104       0  1.221274  1.220100  1.220687
28  GBP_USD 2022-12-08 07:35:00+00:00  1.22111  1.22104  0.0  0.0  0.00020  0.000399  1.22111       0  1.221363  1.220060  1.220711
29  GBP_USD 2022-12-08 07:36:00+00:00  1.22102  1.22105  0.0  0.0  0.00022  0.000305  1.22102       0  1.221376  1.220053  1.220715
30  GBP_USD 2022-12-08 07:37:00+00:00  1.22084  1.22104  0.0  0.0  0.00022  0.000130  1.22084       0  1.221360  1.220060  1.220710
2022-12-08 08:39:06 CandleManager() new candle:last_candle:22-12-08 07:38 is_ready:True
2022-12-08 08:39:07 tech_manager: max_rows:32 candle_time:2022-12-08 07:38:00+00:00 granularity:M1
2022-12-08 08:39:08 process_candles:
       PAIR                      time    mid_c    mid_o   SL   TP   SPREAD      GAIN     LOSS  SIGNAL     BB_UP     BB_LW     BB_MA
26  GBP_USD 2022-12-08 07:34:00+00:00  1.22104  1.22096  0.0  0.0  0.00023  0.000353  1.22104       0  1.221274  1.220100  1.220687
27  GBP_USD 2022-12-08 07:35:00+00:00  1.22111  1.22104  0.0  0.0  0.00020  0.000399  1.22111       0  1.221363  1.220060  1.220711
28  GBP_USD 2022-12-08 07:36:00+00:00  1.22102  1.22105  0.0  0.0  0.00022  0.000305  1.22102       0  1.221376  1.220053  1.220715
29  GBP_USD 2022-12-08 07:37:00+00:00  1.22084  1.22104  0.0  0.0  0.00022  0.000130  1.22084       0  1.221360  1.220060  1.220710
30  GBP_USD 2022-12-08 07:38:00+00:00  1.22110  1.22084  0.0  0.0  0.00022  0.000349  1.22110       0  1.221417  1.220084  1.220751
2022-12-08 08:40:05 CandleManager() new candle:last_candle:22-12-08 07:39 is_ready:True
2022-12-08 08:40:07 tech_manager: max_rows:32 candle_time:2022-12-08 07:39:00+00:00 granularity:M1
2022-12-08 08:40:07 process_candles:
       PAIR                      time    mid_c    mid_o   SL   TP   SPREAD      GAIN     LOSS  SIGNAL     BB_UP     BB_LW     BB_MA
26  GBP_USD 2022-12-08 07:35:00+00:00  1.22111  1.22104  0.0  0.0  0.00020  0.000399  1.22111       0  1.221363  1.220060  1.220711
27  GBP_USD 2022-12-08 07:36:00+00:00  1.22102  1.22105  0.0  0.0  0.00022  0.000305  1.22102       0  1.221376  1.220053  1.220715
28  GBP_USD 2022-12-08 07:37:00+00:00  1.22084  1.22104  0.0  0.0  0.00022  0.000130  1.22084       0  1.221360  1.220060  1.220710
29  GBP_USD 2022-12-08 07:38:00+00:00  1.22110  1.22084  0.0  0.0  0.00022  0.000349  1.22110       0  1.221417  1.220084  1.220751
30  GBP_USD 2022-12-08 07:39:00+00:00  1.22120  1.22108  0.0  0.0  0.00020  0.000380  1.22120       0  1.221484  1.220156  1.220820
2022-12-08 08:41:04 CandleManager() new candle:last_candle:22-12-08 07:40 is_ready:True
2022-12-08 08:41:07 tech_manager: max_rows:32 candle_time:2022-12-08 07:40:00+00:00 granularity:M1
2022-12-08 08:41:07 process_candles:
       PAIR                      time    mid_c    mid_o   SL   TP   SPREAD      GAIN     LOSS  SIGNAL     BB_UP     BB_LW     BB_MA
26  GBP_USD 2022-12-08 07:36:00+00:00  1.22102  1.22105  0.0  0.0  0.00022  0.000305  1.22102       0  1.221376  1.220053  1.220715
27  GBP_USD 2022-12-08 07:37:00+00:00  1.22084  1.22104  0.0  0.0  0.00022  0.000130  1.22084       0  1.221360  1.220060  1.220710
28  GBP_USD 2022-12-08 07:38:00+00:00  1.22110  1.22084  0.0  0.0  0.00022  0.000349  1.22110       0  1.221417  1.220084  1.220751
29  GBP_USD 2022-12-08 07:39:00+00:00  1.22120  1.22108  0.0  0.0  0.00020  0.000380  1.22120       0  1.221484  1.220156  1.220820
30  GBP_USD 2022-12-08 07:40:00+00:00  1.22104  1.22118  0.0  0.0  0.00022  0.000172  1.22104       0  1.221519  1.220217  1.220868
2022-12-08 08:42:04 CandleManager() new candle:last_candle:22-12-08 07:41 is_ready:True
2022-12-08 08:42:07 tech_manager: max_rows:32 candle_time:2022-12-08 07:41:00+00:00 granularity:M1
2022-12-08 08:42:07 process_candles:
       PAIR                      time    mid_c    mid_o   SL   TP   SPREAD      GAIN     LOSS  SIGNAL     BB_UP     BB_LW     BB_MA
26  GBP_USD 2022-12-08 07:37:00+00:00  1.22084  1.22104  0.0  0.0  0.00022  0.000130  1.22084       0  1.221360  1.220060  1.220710
27  GBP_USD 2022-12-08 07:38:00+00:00  1.22110  1.22084  0.0  0.0  0.00022  0.000349  1.22110       0  1.221417  1.220084  1.220751
28  GBP_USD 2022-12-08 07:39:00+00:00  1.22120  1.22108  0.0  0.0  0.00020  0.000380  1.22120       0  1.221484  1.220156  1.220820
29  GBP_USD 2022-12-08 07:40:00+00:00  1.22104  1.22118  0.0  0.0  0.00022  0.000172  1.22104       0  1.221519  1.220217  1.220868
30  GBP_USD 2022-12-08 07:41:00+00:00  1.22100  1.22104  0.0  0.0  0.00023  0.000090  1.22100       0  1.221473  1.220347  1.220910
2022-12-08 08:43:04 CandleManager() new candle:last_candle:22-12-08 07:42 is_ready:True
2022-12-08 08:43:06 tech_manager: max_rows:32 candle_time:2022-12-08 07:42:00+00:00 granularity:M1
2022-12-08 08:43:06 process_candles:
       PAIR                      time    mid_c    mid_o   SL   TP   SPREAD      GAIN     LOSS  SIGNAL     BB_UP     BB_LW     BB_MA
26  GBP_USD 2022-12-08 07:38:00+00:00  1.22110  1.22084  0.0  0.0  0.00022  0.000349  1.22110       0  1.221417  1.220084  1.220751
27  GBP_USD 2022-12-08 07:39:00+00:00  1.22120  1.22108  0.0  0.0  0.00020  0.000380  1.22120       0  1.221484  1.220156  1.220820
28  GBP_USD 2022-12-08 07:40:00+00:00  1.22104  1.22118  0.0  0.0  0.00022  0.000172  1.22104       0  1.221519  1.220217  1.220868
29  GBP_USD 2022-12-08 07:41:00+00:00  1.22100  1.22104  0.0  0.0  0.00023  0.000090  1.22100       0  1.221473  1.220347  1.220910
30  GBP_USD 2022-12-08 07:42:00+00:00  1.22118  1.22100  0.0  0.0  0.00023  0.000217  1.22118       0  1.221445  1.220480  1.220962
2022-12-08 08:44:03 CandleManager() new candle:last_candle:22-12-08 07:43 is_ready:True
2022-12-08 08:44:04 tech_manager: max_rows:32 candle_time:2022-12-08 07:43:00+00:00 granularity:M1
2022-12-08 08:44:04 process_candles:
       PAIR                      time    mid_c    mid_o   SL   TP   SPREAD      GAIN     LOSS  SIGNAL     BB_UP     BB_LW     BB_MA
26  GBP_USD 2022-12-08 07:39:00+00:00  1.22120  1.22108  0.0  0.0  0.00020  0.000380  1.22120       0  1.221484  1.220156  1.220820
27  GBP_USD 2022-12-08 07:40:00+00:00  1.22104  1.22118  0.0  0.0  0.00022  0.000172  1.22104       0  1.221519  1.220217  1.220868
28  GBP_USD 2022-12-08 07:41:00+00:00  1.22100  1.22104  0.0  0.0  0.00023  0.000090  1.22100       0  1.221473  1.220347  1.220910
29  GBP_USD 2022-12-08 07:42:00+00:00  1.22118  1.22100  0.0  0.0  0.00023  0.000217  1.22118       0  1.221445  1.220480  1.220962
30  GBP_USD 2022-12-08 07:43:00+00:00  1.22113  1.22118  0.0  0.0  0.00022  0.000120  1.22113       0  1.221401  1.220619  1.221010
2022-12-08 08:45:02 CandleManager() new candle:last_candle:22-12-08 07:44 is_ready:True
2022-12-08 08:45:03 tech_manager: max_rows:32 candle_time:2022-12-08 07:44:00+00:00 granularity:M1
2022-12-08 08:45:03 process_candles:
       PAIR                      time    mid_c    mid_o   SL   TP   SPREAD      GAIN     LOSS  SIGNAL     BB_UP     BB_LW     BB_MA
26  GBP_USD 2022-12-08 07:40:00+00:00  1.22104  1.22118  0.0  0.0  0.00022  0.000172  1.22104       0  1.221519  1.220217  1.220868
27  GBP_USD 2022-12-08 07:41:00+00:00  1.22100  1.22104  0.0  0.0  0.00023  0.000090  1.22100       0  1.221473  1.220347  1.220910
28  GBP_USD 2022-12-08 07:42:00+00:00  1.22118  1.22100  0.0  0.0  0.00023  0.000217  1.22118       0  1.221445  1.220480  1.220962
29  GBP_USD 2022-12-08 07:43:00+00:00  1.22113  1.22118  0.0  0.0  0.00022  0.000120  1.22113       0  1.221401  1.220619  1.221010
30  GBP_USD 2022-12-08 07:44:00+00:00  1.22092  1.22114  0.0  0.0  0.00019  0.000120  1.22092       0  1.221287  1.220793  1.221040
2022-12-08 08:46:01 CandleManager() new candle:last_candle:22-12-08 07:45 is_ready:True
2022-12-08 08:46:02 tech_manager: max_rows:32 candle_time:2022-12-08 07:45:00+00:00 granularity:M1
2022-12-08 08:46:02 process_candles:
       PAIR                      time    mid_c    mid_o   SL   TP   SPREAD      GAIN     LOSS  SIGNAL     BB_UP     BB_LW     BB_MA
26  GBP_USD 2022-12-08 07:41:00+00:00  1.22100  1.22104  0.0  0.0  0.00023  0.000090  1.22100       0  1.221473  1.220347  1.220910
27  GBP_USD 2022-12-08 07:42:00+00:00  1.22118  1.22100  0.0  0.0  0.00023  0.000217  1.22118       0  1.221445  1.220480  1.220962
28  GBP_USD 2022-12-08 07:43:00+00:00  1.22113  1.22118  0.0  0.0  0.00022  0.000120  1.22113       0  1.221401  1.220619  1.221010
29  GBP_USD 2022-12-08 07:44:00+00:00  1.22092  1.22114  0.0  0.0  0.00019  0.000120  1.22092       0  1.221287  1.220793  1.221040
30  GBP_USD 2022-12-08 07:45:00+00:00  1.22074  1.22092  0.0  0.0  0.00024  0.000291  1.22074       0  1.221324  1.220738  1.221031
2022-12-08 08:47:00 CandleManager() new candle:last_candle:22-12-08 07:46 is_ready:True
2022-12-08 08:47:01 tech_manager: max_rows:32 candle_time:2022-12-08 07:46:00+00:00 granularity:M1
2022-12-08 08:47:01 process_candles:
       PAIR                      time    mid_c    mid_o   SL   TP   SPREAD      GAIN     LOSS  SIGNAL     BB_UP     BB_LW     BB_MA
26  GBP_USD 2022-12-08 07:42:00+00:00  1.22118  1.22100  0.0  0.0  0.00023  0.000217  1.22118       0  1.221445  1.220480  1.220962
27  GBP_USD 2022-12-08 07:43:00+00:00  1.22113  1.22118  0.0  0.0  0.00022  0.000120  1.22113       0  1.221401  1.220619  1.221010
28  GBP_USD 2022-12-08 07:44:00+00:00  1.22092  1.22114  0.0  0.0  0.00019  0.000120  1.22092       0  1.221287  1.220793  1.221040
29  GBP_USD 2022-12-08 07:45:00+00:00  1.22074  1.22092  0.0  0.0  0.00024  0.000291  1.22074       0  1.221324  1.220738  1.221031
30  GBP_USD 2022-12-08 07:46:00+00:00  1.22102  1.22072  0.0  0.0  0.00025  0.000002  1.22102       0  1.221323  1.220721  1.221022
2022-12-08 08:48:11 CandleManager() new candle:last_candle:22-12-08 07:47 is_ready:True
2022-12-08 08:48:13 tech_manager: max_rows:32 candle_time:2022-12-08 07:47:00+00:00 granularity:M1
2022-12-08 08:48:13 process_candles:
       PAIR                      time    mid_c    mid_o   SL   TP   SPREAD      GAIN     LOSS  SIGNAL     BB_UP     BB_LW     BB_MA
26  GBP_USD 2022-12-08 07:43:00+00:00  1.22113  1.22118  0.0  0.0  0.00022  0.000120  1.22113       0  1.221401  1.220619  1.221010
27  GBP_USD 2022-12-08 07:44:00+00:00  1.22092  1.22114  0.0  0.0  0.00019  0.000120  1.22092       0  1.221287  1.220793  1.221040
28  GBP_USD 2022-12-08 07:45:00+00:00  1.22074  1.22092  0.0  0.0  0.00024  0.000291  1.22074       0  1.221324  1.220738  1.221031
29  GBP_USD 2022-12-08 07:46:00+00:00  1.22102  1.22072  0.0  0.0  0.00025  0.000002  1.22102       0  1.221323  1.220721  1.221022
30  GBP_USD 2022-12-08 07:47:00+00:00  1.22103  1.22103  0.0  0.0  0.00026  0.000006  1.22103       0  1.221327  1.220720  1.221024
2022-12-08 08:49:10 CandleManager() new candle:last_candle:22-12-08 07:48 is_ready:True
2022-12-08 08:49:12 tech_manager: max_rows:32 candle_time:2022-12-08 07:48:00+00:00 granularity:M1
2022-12-08 08:49:12 process_candles:
       PAIR                      time    mid_c    mid_o   SL   TP   SPREAD      GAIN     LOSS  SIGNAL     BB_UP     BB_LW     BB_MA
26  GBP_USD 2022-12-08 07:44:00+00:00  1.22092  1.22114  0.0  0.0  0.00019  0.000120  1.22092       0  1.221287  1.220793  1.221040
27  GBP_USD 2022-12-08 07:45:00+00:00  1.22074  1.22092  0.0  0.0  0.00024  0.000291  1.22074       0  1.221324  1.220738  1.221031
28  GBP_USD 2022-12-08 07:46:00+00:00  1.22102  1.22072  0.0  0.0  0.00025  0.000002  1.22102       0  1.221323  1.220721  1.221022
29  GBP_USD 2022-12-08 07:47:00+00:00  1.22103  1.22103  0.0  0.0  0.00026  0.000006  1.22103       0  1.221327  1.220720  1.221024
30  GBP_USD 2022-12-08 07:48:00+00:00  1.22086  1.22104  0.0  0.0  0.00021  0.000154  1.22086       0  1.221329  1.220700  1.221014
2022-12-08 08:50:09 CandleManager() new candle:last_candle:22-12-08 07:49 is_ready:True
2022-12-08 08:50:11 tech_manager: max_rows:32 candle_time:2022-12-08 07:49:00+00:00 granularity:M1
2022-12-08 08:50:11 process_candles:
       PAIR                      time    mid_c    mid_o   SL   TP   SPREAD      GAIN     LOSS  SIGNAL     BB_UP     BB_LW     BB_MA
26  GBP_USD 2022-12-08 07:45:00+00:00  1.22074  1.22092  0.0  0.0  0.00024  0.000291  1.22074       0  1.221324  1.220738  1.221031
27  GBP_USD 2022-12-08 07:46:00+00:00  1.22102  1.22072  0.0  0.0  0.00025  0.000002  1.22102       0  1.221323  1.220721  1.221022
28  GBP_USD 2022-12-08 07:47:00+00:00  1.22103  1.22103  0.0  0.0  0.00026  0.000006  1.22103       0  1.221327  1.220720  1.221024
29  GBP_USD 2022-12-08 07:48:00+00:00  1.22086  1.22104  0.0  0.0  0.00021  0.000154  1.22086       0  1.221329  1.220700  1.221014
30  GBP_USD 2022-12-08 07:49:00+00:00  1.22100  1.22083  0.0  0.0  0.00023  0.000011  1.22100       0  1.221334  1.220688  1.221011
2022-12-08 08:51:09 CandleManager() new candle:last_candle:22-12-08 07:50 is_ready:True
2022-12-08 08:51:11 tech_manager: max_rows:32 candle_time:2022-12-08 07:50:00+00:00 granularity:M1
2022-12-08 08:51:11 process_candles:
       PAIR                      time    mid_c    mid_o   SL   TP   SPREAD      GAIN     LOSS  SIGNAL     BB_UP     BB_LW     BB_MA
26  GBP_USD 2022-12-08 07:46:00+00:00  1.22102  1.22072  0.0  0.0  0.00025  0.000002  1.22102       0  1.221323  1.220721  1.221022
27  GBP_USD 2022-12-08 07:47:00+00:00  1.22103  1.22103  0.0  0.0  0.00026  0.000006  1.22103       0  1.221327  1.220720  1.221024
28  GBP_USD 2022-12-08 07:48:00+00:00  1.22086  1.22104  0.0  0.0  0.00021  0.000154  1.22086       0  1.221329  1.220700  1.221014
29  GBP_USD 2022-12-08 07:49:00+00:00  1.22100  1.22083  0.0  0.0  0.00023  0.000011  1.22100       0  1.221334  1.220688  1.221011
30  GBP_USD 2022-12-08 07:50:00+00:00  1.22094  1.22099  0.0  0.0  0.00023  0.000066  1.22094       0  1.221331  1.220681  1.221006
2022-12-08 08:52:08 CandleManager() new candle:last_candle:22-12-08 07:51 is_ready:True
2022-12-08 08:52:10 tech_manager: max_rows:32 candle_time:2022-12-08 07:51:00+00:00 granularity:M1
2022-12-08 08:52:10 process_candles:
       PAIR                      time    mid_c    mid_o   SL   TP   SPREAD      GAIN     LOSS  SIGNAL     BB_UP     BB_LW     BB_MA
26  GBP_USD 2022-12-08 07:47:00+00:00  1.22103  1.22103  0.0  0.0  0.00026  0.000006  1.22103       0  1.221327  1.220720  1.221024
27  GBP_USD 2022-12-08 07:48:00+00:00  1.22086  1.22104  0.0  0.0  0.00021  0.000154  1.22086       0  1.221329  1.220700  1.221014
28  GBP_USD 2022-12-08 07:49:00+00:00  1.22100  1.22083  0.0  0.0  0.00023  0.000011  1.22100       0  1.221334  1.220688  1.221011
29  GBP_USD 2022-12-08 07:50:00+00:00  1.22094  1.22099  0.0  0.0  0.00023  0.000066  1.22094       0  1.221331  1.220681  1.221006
30  GBP_USD 2022-12-08 07:51:00+00:00  1.22108  1.22094  0.0  0.0  0.00023  0.000088  1.22108       0  1.221282  1.220702  1.220992
2022-12-08 08:53:07 CandleManager() new candle:last_candle:22-12-08 07:52 is_ready:True
2022-12-08 08:53:09 tech_manager: max_rows:32 candle_time:2022-12-08 07:52:00+00:00 granularity:M1
2022-12-08 08:53:09 process_candles:
       PAIR                      time    mid_c    mid_o   SL   TP   SPREAD      GAIN     LOSS  SIGNAL     BB_UP     BB_LW     BB_MA
26  GBP_USD 2022-12-08 07:48:00+00:00  1.22086  1.22104  0.0  0.0  0.00021  0.000154  1.22086       0  1.221329  1.220700  1.221014
27  GBP_USD 2022-12-08 07:49:00+00:00  1.22100  1.22083  0.0  0.0  0.00023  0.000011  1.22100       0  1.221334  1.220688  1.221011
28  GBP_USD 2022-12-08 07:50:00+00:00  1.22094  1.22099  0.0  0.0  0.00023  0.000066  1.22094       0  1.221331  1.220681  1.221006
29  GBP_USD 2022-12-08 07:51:00+00:00  1.22108  1.22094  0.0  0.0  0.00023  0.000088  1.22108       0  1.221282  1.220702  1.220992
30  GBP_USD 2022-12-08 07:52:00+00:00  1.22132  1.22108  0.0  0.0  0.00022  0.000318  1.22132       0  1.221329  1.220675  1.221002
2022-12-08 08:54:06 CandleManager() new candle:last_candle:22-12-08 07:53 is_ready:True
2022-12-08 08:54:08 tech_manager: max_rows:32 candle_time:2022-12-08 07:53:00+00:00 granularity:M1
2022-12-08 08:54:08 process_candles:
       PAIR                      time    mid_c    mid_o   SL   TP   SPREAD      GAIN     LOSS  SIGNAL     BB_UP     BB_LW     BB_MA
26  GBP_USD 2022-12-08 07:49:00+00:00  1.22100  1.22083  0.0  0.0  0.00023  0.000011  1.22100       0  1.221334  1.220688  1.221011
27  GBP_USD 2022-12-08 07:50:00+00:00  1.22094  1.22099  0.0  0.0  0.00023  0.000066  1.22094       0  1.221331  1.220681  1.221006
28  GBP_USD 2022-12-08 07:51:00+00:00  1.22108  1.22094  0.0  0.0  0.00023  0.000088  1.22108       0  1.221282  1.220702  1.220992
29  GBP_USD 2022-12-08 07:52:00+00:00  1.22132  1.22108  0.0  0.0  0.00022  0.000318  1.22132       0  1.221329  1.220675  1.221002
30  GBP_USD 2022-12-08 07:53:00+00:00  1.22134  1.22134  0.0  0.0  0.00019  0.000303  1.22134       0  1.221460  1.220615  1.221037
2022-12-08 08:55:05 CandleManager() new candle:last_candle:22-12-08 07:54 is_ready:True
2022-12-08 08:55:07 tech_manager: max_rows:32 candle_time:2022-12-08 07:54:00+00:00 granularity:M1
2022-12-08 08:55:07 process_candles:
       PAIR                      time    mid_c    mid_o   SL   TP   SPREAD      GAIN     LOSS  SIGNAL     BB_UP     BB_LW     BB_MA
26  GBP_USD 2022-12-08 07:50:00+00:00  1.22094  1.22099  0.0  0.0  0.00023  0.000066  1.22094       0  1.221331  1.220681  1.221006
27  GBP_USD 2022-12-08 07:51:00+00:00  1.22108  1.22094  0.0  0.0  0.00023  0.000088  1.22108       0  1.221282  1.220702  1.220992
28  GBP_USD 2022-12-08 07:52:00+00:00  1.22132  1.22108  0.0  0.0  0.00022  0.000318  1.22132       0  1.221329  1.220675  1.221002
29  GBP_USD 2022-12-08 07:53:00+00:00  1.22134  1.22134  0.0  0.0  0.00019  0.000303  1.22134       0  1.221460  1.220615  1.221037
30  GBP_USD 2022-12-08 07:54:00+00:00  1.22092  1.22134  0.0  0.0  0.00022  0.000112  1.22092       0  1.221448  1.220615  1.221032
2022-12-08 08:56:04 CandleManager() new candle:last_candle:22-12-08 07:55 is_ready:True
2022-12-08 08:56:09 tech_manager: max_rows:32 candle_time:2022-12-08 07:55:00+00:00 granularity:M1
2022-12-08 08:56:09 process_candles:
       PAIR                      time    mid_c    mid_o       SL        TP   SPREAD      GAIN     LOSS  SIGNAL     BB_UP     BB_LW     BB_MA
26  GBP_USD 2022-12-08 07:51:00+00:00  1.22108  1.22094  0.00000  0.000000  0.00023  0.000088  1.22108       0  1.221282  1.220702  1.220992
27  GBP_USD 2022-12-08 07:52:00+00:00  1.22132  1.22108  0.00000  0.000000  0.00022  0.000318  1.22132       0  1.221329  1.220675  1.221002
28  GBP_USD 2022-12-08 07:53:00+00:00  1.22134  1.22134  0.00000  0.000000  0.00019  0.000303  1.22134       0  1.221460  1.220615  1.221037
29  GBP_USD 2022-12-08 07:54:00+00:00  1.22092  1.22134  0.00000  0.000000  0.00022  0.000112  1.22092       0  1.221448  1.220615  1.221032
30  GBP_USD 2022-12-08 07:55:00+00:00  1.22014  1.22094  1.21959  1.220964  0.00023  0.000824  0.00055       1  1.221600  1.220329  1.220964
2022-12-08 08:56:09 Place Trade: TradeDecision(): GBP_USD dir:1 gain:0.0008 sl:1.2196 tp:1.2210
2022-12-08 08:56:10 ERROR placing TradeDecision(): GBP_USD dir:1 gain:0.0008 sl:1.2196 tp:1.2210 for trade_units 500
2022-12-08 08:57:07 CandleManager() new candle:last_candle:22-12-08 07:56 is_ready:True
2022-12-08 08:57:09 tech_manager: max_rows:32 candle_time:2022-12-08 07:56:00+00:00 granularity:M1
2022-12-08 08:57:10 process_candles:
       PAIR                      time    mid_c    mid_o       SL        TP   SPREAD      GAIN     LOSS  SIGNAL     BB_UP     BB_LW     BB_MA
26  GBP_USD 2022-12-08 07:52:00+00:00  1.22132  1.22108  0.00000  0.000000  0.00022  0.000318  1.22132       0  1.221329  1.220675  1.221002
27  GBP_USD 2022-12-08 07:53:00+00:00  1.22134  1.22134  0.00000  0.000000  0.00019  0.000303  1.22134       0  1.221460  1.220615  1.221037
28  GBP_USD 2022-12-08 07:54:00+00:00  1.22092  1.22134  0.00000  0.000000  0.00022  0.000112  1.22092       0  1.221448  1.220615  1.221032
29  GBP_USD 2022-12-08 07:55:00+00:00  1.22014  1.22094  1.21959  1.220964  0.00023  0.000824  0.00055       1  1.221600  1.220329  1.220964
30  GBP_USD 2022-12-08 07:56:00+00:00  1.22028  1.22018  0.00000  0.000000  0.00021  0.000622  1.22028       0  1.221731  1.220074  1.220902
2022-12-08 08:58:07 CandleManager() new candle:last_candle:22-12-08 07:57 is_ready:True
2022-12-08 08:58:09 tech_manager: max_rows:32 candle_time:2022-12-08 07:57:00+00:00 granularity:M1
2022-12-08 08:58:09 process_candles:
       PAIR                      time    mid_c    mid_o       SL        TP   SPREAD      GAIN     LOSS  SIGNAL     BB_UP     BB_LW     BB_MA
26  GBP_USD 2022-12-08 07:53:00+00:00  1.22134  1.22134  0.00000  0.000000  0.00019  0.000303  1.22134       0  1.221460  1.220615  1.221037
27  GBP_USD 2022-12-08 07:54:00+00:00  1.22092  1.22134  0.00000  0.000000  0.00022  0.000112  1.22092       0  1.221448  1.220615  1.221032
28  GBP_USD 2022-12-08 07:55:00+00:00  1.22014  1.22094  1.21959  1.220964  0.00023  0.000824  0.00055       1  1.221600  1.220329  1.220964
29  GBP_USD 2022-12-08 07:56:00+00:00  1.22028  1.22018  0.00000  0.000000  0.00021  0.000622  1.22028       0  1.221731  1.220074  1.220902
30  GBP_USD 2022-12-08 07:57:00+00:00  1.22026  1.22027  0.00000  0.000000  0.00023  0.000598  1.22026       0  1.221813  1.219903  1.220858
2022-12-08 08:59:06 CandleManager() new candle:last_candle:22-12-08 07:58 is_ready:True
2022-12-08 08:59:08 tech_manager: max_rows:32 candle_time:2022-12-08 07:58:00+00:00 granularity:M1
2022-12-08 08:59:08 process_candles:
       PAIR                      time    mid_c    mid_o       SL        TP   SPREAD      GAIN     LOSS  SIGNAL     BB_UP     BB_LW     BB_MA
26  GBP_USD 2022-12-08 07:54:00+00:00  1.22092  1.22134  0.00000  0.000000  0.00022  0.000112  1.22092       0  1.221448  1.220615  1.221032
27  GBP_USD 2022-12-08 07:55:00+00:00  1.22014  1.22094  1.21959  1.220964  0.00023  0.000824  0.00055       1  1.221600  1.220329  1.220964
28  GBP_USD 2022-12-08 07:56:00+00:00  1.22028  1.22018  0.00000  0.000000  0.00021  0.000622  1.22028       0  1.221731  1.220074  1.220902
29  GBP_USD 2022-12-08 07:57:00+00:00  1.22026  1.22027  0.00000  0.000000  0.00023  0.000598  1.22026       0  1.221813  1.219903  1.220858
30  GBP_USD 2022-12-08 07:58:00+00:00  1.22000  1.22025  0.00000  0.000000  0.00023  0.000792  1.22000       0  1.221875  1.219709  1.220792
2022-12-08 09:00:05 CandleManager() new candle:last_candle:22-12-08 07:59 is_ready:True
2022-12-08 09:00:07 tech_manager: max_rows:32 candle_time:2022-12-08 07:59:00+00:00 granularity:M1
2022-12-08 09:00:07 process_candles:
       PAIR                      time    mid_c    mid_o       SL        TP   SPREAD      GAIN     LOSS  SIGNAL     BB_UP     BB_LW     BB_MA
26  GBP_USD 2022-12-08 07:55:00+00:00  1.22014  1.22094  1.21959  1.220964  0.00023  0.000824  0.00055       1  1.221600  1.220329  1.220964
27  GBP_USD 2022-12-08 07:56:00+00:00  1.22028  1.22018  0.00000  0.000000  0.00021  0.000622  1.22028       0  1.221731  1.220074  1.220902
28  GBP_USD 2022-12-08 07:57:00+00:00  1.22026  1.22027  0.00000  0.000000  0.00023  0.000598  1.22026       0  1.221813  1.219903  1.220858
29  GBP_USD 2022-12-08 07:58:00+00:00  1.22000  1.22025  0.00000  0.000000  0.00023  0.000792  1.22000       0  1.221875  1.219709  1.220792
30  GBP_USD 2022-12-08 07:59:00+00:00  1.22016  1.21996  0.00000  0.000000  0.00023  0.000549  1.22016       0  1.221865  1.219552  1.220709
2022-12-08 09:01:04 CandleManager() new candle:last_candle:22-12-08 08:00 is_ready:True
2022-12-08 09:01:06 tech_manager: max_rows:32 candle_time:2022-12-08 08:00:00+00:00 granularity:M1
2022-12-08 09:01:06 process_candles:
       PAIR                      time    mid_c    mid_o   SL   TP   SPREAD      GAIN     LOSS  SIGNAL     BB_UP     BB_LW     BB_MA
26  GBP_USD 2022-12-08 07:56:00+00:00  1.22028  1.22018  0.0  0.0  0.00021  0.000622  1.22028       0  1.221731  1.220074  1.220902
27  GBP_USD 2022-12-08 07:57:00+00:00  1.22026  1.22027  0.0  0.0  0.00023  0.000598  1.22026       0  1.221813  1.219903  1.220858
28  GBP_USD 2022-12-08 07:58:00+00:00  1.22000  1.22025  0.0  0.0  0.00023  0.000792  1.22000       0  1.221875  1.219709  1.220792
29  GBP_USD 2022-12-08 07:59:00+00:00  1.22016  1.21996  0.0  0.0  0.00023  0.000549  1.22016       0  1.221865  1.219552  1.220709
30  GBP_USD 2022-12-08 08:00:00+00:00  1.21952  1.22016  0.0  0.0  0.00021  0.001090  1.21952       0  1.221949  1.219271  1.220610
2022-12-08 09:02:03 CandleManager() new candle:last_candle:22-12-08 08:01 is_ready:True
2022-12-08 09:02:05 tech_manager: max_rows:32 candle_time:2022-12-08 08:01:00+00:00 granularity:M1
2022-12-08 09:02:05 process_candles:
       PAIR                      time    mid_c    mid_o   SL   TP   SPREAD      GAIN     LOSS  SIGNAL     BB_UP     BB_LW     BB_MA
26  GBP_USD 2022-12-08 07:57:00+00:00  1.22026  1.22027  0.0  0.0  0.00023  0.000598  1.22026       0  1.221813  1.219903  1.220858
27  GBP_USD 2022-12-08 07:58:00+00:00  1.22000  1.22025  0.0  0.0  0.00023  0.000792  1.22000       0  1.221875  1.219709  1.220792
28  GBP_USD 2022-12-08 07:59:00+00:00  1.22016  1.21996  0.0  0.0  0.00023  0.000549  1.22016       0  1.221865  1.219552  1.220709
29  GBP_USD 2022-12-08 08:00:00+00:00  1.21952  1.22016  0.0  0.0  0.00021  0.001090  1.21952       0  1.221949  1.219271  1.220610
30  GBP_USD 2022-12-08 08:01:00+00:00  1.21932  1.21952  0.0  0.0  0.00022  0.001169  1.21932       0  1.222054  1.218923  1.220489
2022-12-08 09:03:02 CandleManager() new candle:last_candle:22-12-08 08:02 is_ready:True
2022-12-08 09:03:05 tech_manager: max_rows:32 candle_time:2022-12-08 08:02:00+00:00 granularity:M1
2022-12-08 09:03:05 process_candles:
       PAIR                      time    mid_c    mid_o   SL   TP   SPREAD      GAIN     LOSS  SIGNAL     BB_UP     BB_LW     BB_MA
26  GBP_USD 2022-12-08 07:58:00+00:00  1.22000  1.22025  0.0  0.0  0.00023  0.000792  1.22000       0  1.221875  1.219709  1.220792
27  GBP_USD 2022-12-08 07:59:00+00:00  1.22016  1.21996  0.0  0.0  0.00023  0.000549  1.22016       0  1.221865  1.219552  1.220709
28  GBP_USD 2022-12-08 08:00:00+00:00  1.21952  1.22016  0.0  0.0  0.00021  0.001090  1.21952       0  1.221949  1.219271  1.220610
29  GBP_USD 2022-12-08 08:01:00+00:00  1.21932  1.21952  0.0  0.0  0.00022  0.001169  1.21932       0  1.222054  1.218923  1.220489
30  GBP_USD 2022-12-08 08:02:00+00:00  1.21937  1.21933  0.0  0.0  0.00022  0.000989  1.21937       0  1.222056  1.218662  1.220359
2022-12-08 09:04:02 CandleManager() new candle:last_candle:22-12-08 08:03 is_ready:True
2022-12-08 09:04:04 tech_manager: max_rows:32 candle_time:2022-12-08 08:03:00+00:00 granularity:M1
2022-12-08 09:04:04 process_candles:
       PAIR                      time    mid_c    mid_o   SL   TP   SPREAD      GAIN     LOSS  SIGNAL     BB_UP     BB_LW     BB_MA
26  GBP_USD 2022-12-08 07:59:00+00:00  1.22016  1.21996  0.0  0.0  0.00023  0.000549  1.22016       0  1.221865  1.219552  1.220709
27  GBP_USD 2022-12-08 08:00:00+00:00  1.21952  1.22016  0.0  0.0  0.00021  0.001090  1.21952       0  1.221949  1.219271  1.220610
28  GBP_USD 2022-12-08 08:01:00+00:00  1.21932  1.21952  0.0  0.0  0.00022  0.001169  1.21932       0  1.222054  1.218923  1.220489
29  GBP_USD 2022-12-08 08:02:00+00:00  1.21937  1.21933  0.0  0.0  0.00022  0.000989  1.21937       0  1.222056  1.218662  1.220359
30  GBP_USD 2022-12-08 08:03:00+00:00  1.21993  1.21937  0.0  0.0  0.00022  0.000322  1.21993       0  1.221914  1.218590  1.220252
2022-12-08 09:05:01 CandleManager() new candle:last_candle:22-12-08 08:04 is_ready:True
2022-12-08 09:05:03 tech_manager: max_rows:32 candle_time:2022-12-08 08:04:00+00:00 granularity:M1
2022-12-08 09:05:03 process_candles:
       PAIR                      time    mid_c    mid_o   SL   TP   SPREAD      GAIN     LOSS  SIGNAL     BB_UP     BB_LW     BB_MA
26  GBP_USD 2022-12-08 08:00:00+00:00  1.21952  1.22016  0.0  0.0  0.00021  0.001090  1.21952       0  1.221949  1.219271  1.220610
27  GBP_USD 2022-12-08 08:01:00+00:00  1.21932  1.21952  0.0  0.0  0.00022  0.001169  1.21932       0  1.222054  1.218923  1.220489
28  GBP_USD 2022-12-08 08:02:00+00:00  1.21937  1.21933  0.0  0.0  0.00022  0.000989  1.21937       0  1.222056  1.218662  1.220359
29  GBP_USD 2022-12-08 08:03:00+00:00  1.21993  1.21937  0.0  0.0  0.00022  0.000322  1.21993       0  1.221914  1.218590  1.220252
30  GBP_USD 2022-12-08 08:04:00+00:00  1.21974  1.21994  0.0  0.0  0.00021  0.000396  1.21974       0  1.221629  1.218642  1.220136
2022-12-08 09:06:00 CandleManager() new candle:last_candle:22-12-08 08:05 is_ready:True
2022-12-08 09:06:01 tech_manager: max_rows:32 candle_time:2022-12-08 08:05:00+00:00 granularity:M1
2022-12-08 09:06:02 process_candles:
       PAIR                      time    mid_c    mid_o   SL   TP   SPREAD      GAIN     LOSS  SIGNAL     BB_UP     BB_LW     BB_MA
26  GBP_USD 2022-12-08 08:01:00+00:00  1.21932  1.21952  0.0  0.0  0.00022  0.001169  1.21932       0  1.222054  1.218923  1.220489
27  GBP_USD 2022-12-08 08:02:00+00:00  1.21937  1.21933  0.0  0.0  0.00022  0.000989  1.21937       0  1.222056  1.218662  1.220359
28  GBP_USD 2022-12-08 08:03:00+00:00  1.21993  1.21937  0.0  0.0  0.00022  0.000322  1.21993       0  1.221914  1.218590  1.220252
29  GBP_USD 2022-12-08 08:04:00+00:00  1.21974  1.21994  0.0  0.0  0.00021  0.000396  1.21974       0  1.221629  1.218642  1.220136
30  GBP_USD 2022-12-08 08:05:00+00:00  1.21986  1.21974  0.0  0.0  0.00019  0.000144  1.21986       0  1.221143  1.218865  1.220004
2022-12-08 09:07:11 CandleManager() new candle:last_candle:22-12-08 08:06 is_ready:True
2022-12-08 09:07:13 tech_manager: max_rows:32 candle_time:2022-12-08 08:06:00+00:00 granularity:M1
2022-12-08 09:07:14 process_candles:
       PAIR                      time    mid_c    mid_o   SL   TP   SPREAD      GAIN     LOSS  SIGNAL     BB_UP     BB_LW     BB_MA
26  GBP_USD 2022-12-08 08:02:00+00:00  1.21937  1.21933  0.0  0.0  0.00022  0.000989  1.21937       0  1.222056  1.218662  1.220359
27  GBP_USD 2022-12-08 08:03:00+00:00  1.21993  1.21937  0.0  0.0  0.00022  0.000322  1.21993       0  1.221914  1.218590  1.220252
28  GBP_USD 2022-12-08 08:04:00+00:00  1.21974  1.21994  0.0  0.0  0.00021  0.000396  1.21974       0  1.221629  1.218642  1.220136
29  GBP_USD 2022-12-08 08:05:00+00:00  1.21986  1.21974  0.0  0.0  0.00019  0.000144  1.21986       0  1.221143  1.218865  1.220004
30  GBP_USD 2022-12-08 08:06:00+00:00  1.21986  1.21987  0.0  0.0  0.00021  0.000048  1.21986       0  1.220684  1.219133  1.219908
2022-12-08 09:08:10 CandleManager() new candle:last_candle:22-12-08 08:07 is_ready:True
2022-12-08 09:08:12 tech_manager: max_rows:32 candle_time:2022-12-08 08:07:00+00:00 granularity:M1
2022-12-08 09:08:13 process_candles:
       PAIR                      time    mid_c    mid_o   SL   TP   SPREAD      GAIN     LOSS  SIGNAL     BB_UP     BB_LW     BB_MA
26  GBP_USD 2022-12-08 08:03:00+00:00  1.21993  1.21937  0.0  0.0  0.00022  0.000322  1.21993       0  1.221914  1.218590  1.220252
27  GBP_USD 2022-12-08 08:04:00+00:00  1.21974  1.21994  0.0  0.0  0.00021  0.000396  1.21974       0  1.221629  1.218642  1.220136
28  GBP_USD 2022-12-08 08:05:00+00:00  1.21986  1.21974  0.0  0.0  0.00019  0.000144  1.21986       0  1.221143  1.218865  1.220004
29  GBP_USD 2022-12-08 08:06:00+00:00  1.21986  1.21987  0.0  0.0  0.00021  0.000048  1.21986       0  1.220684  1.219133  1.219908
30  GBP_USD 2022-12-08 08:07:00+00:00  1.21953  1.21986  0.0  0.0  0.00020  0.000319  1.21953       0  1.220565  1.219133  1.219849
2022-12-08 09:09:10 CandleManager() new candle:last_candle:22-12-08 08:08 is_ready:True
2022-12-08 09:09:12 tech_manager: max_rows:32 candle_time:2022-12-08 08:08:00+00:00 granularity:M1
2022-12-08 09:09:12 process_candles:
       PAIR                      time    mid_c    mid_o   SL   TP   SPREAD      GAIN     LOSS  SIGNAL     BB_UP     BB_LW     BB_MA
26  GBP_USD 2022-12-08 08:04:00+00:00  1.21974  1.21994  0.0  0.0  0.00021  0.000396  1.21974       0  1.221629  1.218642  1.220136
27  GBP_USD 2022-12-08 08:05:00+00:00  1.21986  1.21974  0.0  0.0  0.00019  0.000144  1.21986       0  1.221143  1.218865  1.220004
28  GBP_USD 2022-12-08 08:06:00+00:00  1.21986  1.21987  0.0  0.0  0.00021  0.000048  1.21986       0  1.220684  1.219133  1.219908
29  GBP_USD 2022-12-08 08:07:00+00:00  1.21953  1.21986  0.0  0.0  0.00020  0.000319  1.21953       0  1.220565  1.219133  1.219849
30  GBP_USD 2022-12-08 08:08:00+00:00  1.21998  1.21954  0.0  0.0  0.00022  0.000164  1.21998       0  1.220468  1.219164  1.219816
2022-12-08 09:10:09 CandleManager() new candle:last_candle:22-12-08 08:09 is_ready:True
2022-12-08 09:10:11 tech_manager: max_rows:32 candle_time:2022-12-08 08:09:00+00:00 granularity:M1
2022-12-08 09:10:11 process_candles:
       PAIR                      time    mid_c    mid_o   SL   TP   SPREAD      GAIN     LOSS  SIGNAL     BB_UP     BB_LW     BB_MA
26  GBP_USD 2022-12-08 08:05:00+00:00  1.21986  1.21974  0.0  0.0  0.00019  0.000144  1.21986       0  1.221143  1.218865  1.220004
27  GBP_USD 2022-12-08 08:06:00+00:00  1.21986  1.21987  0.0  0.0  0.00021  0.000048  1.21986       0  1.220684  1.219133  1.219908
28  GBP_USD 2022-12-08 08:07:00+00:00  1.21953  1.21986  0.0  0.0  0.00020  0.000319  1.21953       0  1.220565  1.219133  1.219849
29  GBP_USD 2022-12-08 08:08:00+00:00  1.21998  1.21954  0.0  0.0  0.00022  0.000164  1.21998       0  1.220468  1.219164  1.219816
30  GBP_USD 2022-12-08 08:09:00+00:00  1.21972  1.22000  0.0  0.0  0.00020  0.000065  1.21972       0  1.220349  1.219221  1.219785
2022-12-08 09:11:09 CandleManager() new candle:last_candle:22-12-08 08:10 is_ready:True
2022-12-08 09:11:11 tech_manager: max_rows:32 candle_time:2022-12-08 08:10:00+00:00 granularity:M1
2022-12-08 09:11:11 process_candles:
       PAIR                      time    mid_c    mid_o   SL   TP   SPREAD      GAIN     LOSS  SIGNAL     BB_UP     BB_LW     BB_MA
26  GBP_USD 2022-12-08 08:06:00+00:00  1.21986  1.21987  0.0  0.0  0.00021  0.000048  1.21986       0  1.220684  1.219133  1.219908
27  GBP_USD 2022-12-08 08:07:00+00:00  1.21953  1.21986  0.0  0.0  0.00020  0.000319  1.21953       0  1.220565  1.219133  1.219849
28  GBP_USD 2022-12-08 08:08:00+00:00  1.21998  1.21954  0.0  0.0  0.00022  0.000164  1.21998       0  1.220468  1.219164  1.219816
29  GBP_USD 2022-12-08 08:09:00+00:00  1.21972  1.22000  0.0  0.0  0.00020  0.000065  1.21972       0  1.220349  1.219221  1.219785
30  GBP_USD 2022-12-08 08:10:00+00:00  1.22000  1.21975  0.0  0.0  0.00022  0.000240  1.22000       0  1.220253  1.219267  1.219760
2022-12-08 09:12:08 CandleManager() new candle:last_candle:22-12-08 08:11 is_ready:True
2022-12-08 09:12:10 tech_manager: max_rows:32 candle_time:2022-12-08 08:11:00+00:00 granularity:M1
2022-12-08 09:12:10 process_candles:
       PAIR                      time    mid_c    mid_o        SL        TP   SPREAD      GAIN      LOSS  SIGNAL     BB_UP     BB_LW     BB_MA
26  GBP_USD 2022-12-08 08:07:00+00:00  1.21953  1.21986  0.000000  0.000000  0.00020  0.000319  1.219530       0  1.220565  1.219133  1.219849
27  GBP_USD 2022-12-08 08:08:00+00:00  1.21998  1.21954  0.000000  0.000000  0.00022  0.000164  1.219980       0  1.220468  1.219164  1.219816
28  GBP_USD 2022-12-08 08:09:00+00:00  1.21972  1.22000  0.000000  0.000000  0.00020  0.000065  1.219720       0  1.220349  1.219221  1.219785
29  GBP_USD 2022-12-08 08:10:00+00:00  1.22000  1.21975  0.000000  0.000000  0.00022  0.000240  1.220000       0  1.220253  1.219267  1.219760
30  GBP_USD 2022-12-08 08:11:00+00:00  1.22048  1.22000  1.220948  1.219778  0.00021  0.000702  0.000468      -1  1.220375  1.219181  1.219778
2022-12-08 09:12:10 Place Trade: TradeDecision(): GBP_USD dir:-1 gain:0.0007 sl:1.2209 tp:1.2198
2022-12-08 09:12:11 ERROR placing TradeDecision(): GBP_USD dir:-1 gain:0.0007 sl:1.2209 tp:1.2198 for trade_units 500
2022-12-08 09:13:08 CandleManager() new candle:last_candle:22-12-08 08:12 is_ready:True
2022-12-08 09:13:10 tech_manager: max_rows:32 candle_time:2022-12-08 08:12:00+00:00 granularity:M1
2022-12-08 09:13:10 process_candles:
       PAIR                      time    mid_c    mid_o        SL        TP   SPREAD      GAIN      LOSS  SIGNAL     BB_UP     BB_LW     BB_MA
26  GBP_USD 2022-12-08 08:08:00+00:00  1.21998  1.21954  0.000000  0.000000  0.00022  0.000164  1.219980       0  1.220468  1.219164  1.219816
27  GBP_USD 2022-12-08 08:09:00+00:00  1.21972  1.22000  0.000000  0.000000  0.00020  0.000065  1.219720       0  1.220349  1.219221  1.219785
28  GBP_USD 2022-12-08 08:10:00+00:00  1.22000  1.21975  0.000000  0.000000  0.00022  0.000240  1.220000       0  1.220253  1.219267  1.219760
29  GBP_USD 2022-12-08 08:11:00+00:00  1.22048  1.22000  1.220948  1.219778  0.00021  0.000702  0.000468      -1  1.220375  1.219181  1.219778
30  GBP_USD 2022-12-08 08:12:00+00:00  1.22044  1.22049  0.000000  0.000000  0.00021  0.000607  1.220440       0  1.220573  1.219094  1.219833
2022-12-08 09:14:07 CandleManager() new candle:last_candle:22-12-08 08:13 is_ready:True
2022-12-08 09:14:09 tech_manager: max_rows:32 candle_time:2022-12-08 08:13:00+00:00 granularity:M1
2022-12-08 09:14:10 process_candles:
       PAIR                      time    mid_c    mid_o        SL        TP   SPREAD      GAIN      LOSS  SIGNAL     BB_UP     BB_LW     BB_MA
26  GBP_USD 2022-12-08 08:09:00+00:00  1.21972  1.22000  0.000000  0.000000  0.00020  0.000065  1.219720       0  1.220349  1.219221  1.219785
27  GBP_USD 2022-12-08 08:10:00+00:00  1.22000  1.21975  0.000000  0.000000  0.00022  0.000240  1.220000       0  1.220253  1.219267  1.219760
28  GBP_USD 2022-12-08 08:11:00+00:00  1.22048  1.22000  1.220948  1.219778  0.00021  0.000702  0.000468      -1  1.220375  1.219181  1.219778
29  GBP_USD 2022-12-08 08:12:00+00:00  1.22044  1.22049  0.000000  0.000000  0.00021  0.000607  1.220440       0  1.220573  1.219094  1.219833
30  GBP_USD 2022-12-08 08:13:00+00:00  1.22044  1.22043  0.000000  0.000000  0.00023  0.000528  1.220440       0  1.220668  1.219156  1.219912
2022-12-08 09:15:06 CandleManager() new candle:last_candle:22-12-08 08:14 is_ready:True
2022-12-08 09:15:08 tech_manager: max_rows:32 candle_time:2022-12-08 08:14:00+00:00 granularity:M1
2022-12-08 09:15:08 process_candles:
       PAIR                      time    mid_c    mid_o        SL        TP   SPREAD      GAIN      LOSS  SIGNAL     BB_UP     BB_LW     BB_MA
26  GBP_USD 2022-12-08 08:10:00+00:00  1.22000  1.21975  0.000000  0.000000  0.00022  0.000240  1.220000       0  1.220253  1.219267  1.219760
27  GBP_USD 2022-12-08 08:11:00+00:00  1.22048  1.22000  1.220948  1.219778  0.00021  0.000702  0.000468      -1  1.220375  1.219181  1.219778
28  GBP_USD 2022-12-08 08:12:00+00:00  1.22044  1.22049  0.000000  0.000000  0.00021  0.000607  1.220440       0  1.220573  1.219094  1.219833
29  GBP_USD 2022-12-08 08:13:00+00:00  1.22044  1.22043  0.000000  0.000000  0.00023  0.000528  1.220440       0  1.220668  1.219156  1.219912
30  GBP_USD 2022-12-08 08:14:00+00:00  1.22012  1.22044  0.000000  0.000000  0.00019  0.000144  1.220120       0  1.220636  1.219317  1.219976
2022-12-08 09:16:06 CandleManager() new candle:last_candle:22-12-08 08:15 is_ready:True
2022-12-08 09:16:08 tech_manager: max_rows:32 candle_time:2022-12-08 08:15:00+00:00 granularity:M1
2022-12-08 09:16:08 process_candles:
       PAIR                      time    mid_c    mid_o        SL        TP   SPREAD      GAIN      LOSS  SIGNAL     BB_UP     BB_LW     BB_MA
26  GBP_USD 2022-12-08 08:11:00+00:00  1.22048  1.22000  1.220948  1.219778  0.00021  0.000702  0.000468      -1  1.220375  1.219181  1.219778
27  GBP_USD 2022-12-08 08:12:00+00:00  1.22044  1.22049  0.000000  0.000000  0.00021  0.000607  1.220440       0  1.220573  1.219094  1.219833
28  GBP_USD 2022-12-08 08:13:00+00:00  1.22044  1.22043  0.000000  0.000000  0.00023  0.000528  1.220440       0  1.220668  1.219156  1.219912
29  GBP_USD 2022-12-08 08:14:00+00:00  1.22012  1.22044  0.000000  0.000000  0.00019  0.000144  1.220120       0  1.220636  1.219317  1.219976
30  GBP_USD 2022-12-08 08:15:00+00:00  1.22030  1.22012  0.000000  0.000000  0.00022  0.000282  1.220300       0  1.220675  1.219360  1.220018
2022-12-08 09:17:05 CandleManager() new candle:last_candle:22-12-08 08:16 is_ready:True
2022-12-08 09:17:07 tech_manager: max_rows:32 candle_time:2022-12-08 08:16:00+00:00 granularity:M1
2022-12-08 09:17:07 process_candles:
       PAIR                      time    mid_c    mid_o   SL   TP   SPREAD      GAIN     LOSS  SIGNAL     BB_UP     BB_LW     BB_MA
26  GBP_USD 2022-12-08 08:12:00+00:00  1.22044  1.22049  0.0  0.0  0.00021  0.000607  1.22044       0  1.220573  1.219094  1.219833
27  GBP_USD 2022-12-08 08:13:00+00:00  1.22044  1.22043  0.0  0.0  0.00023  0.000528  1.22044       0  1.220668  1.219156  1.219912
28  GBP_USD 2022-12-08 08:14:00+00:00  1.22012  1.22044  0.0  0.0  0.00019  0.000144  1.22012       0  1.220636  1.219317  1.219976
29  GBP_USD 2022-12-08 08:15:00+00:00  1.22030  1.22012  0.0  0.0  0.00022  0.000282  1.22030       0  1.220675  1.219360  1.220018
30  GBP_USD 2022-12-08 08:16:00+00:00  1.22044  1.22033  0.0  0.0  0.00021  0.000377  1.22044       0  1.220748  1.219378  1.220063
2022-12-08 09:18:04 CandleManager() new candle:last_candle:22-12-08 08:17 is_ready:True
2022-12-08 09:18:06 tech_manager: max_rows:32 candle_time:2022-12-08 08:17:00+00:00 granularity:M1
2022-12-08 09:18:06 process_candles:
       PAIR                      time    mid_c    mid_o   SL   TP   SPREAD      GAIN     LOSS  SIGNAL     BB_UP     BB_LW     BB_MA
26  GBP_USD 2022-12-08 08:13:00+00:00  1.22044  1.22043  0.0  0.0  0.00023  0.000528  1.22044       0  1.220668  1.219156  1.219912
27  GBP_USD 2022-12-08 08:14:00+00:00  1.22012  1.22044  0.0  0.0  0.00019  0.000144  1.22012       0  1.220636  1.219317  1.219976
28  GBP_USD 2022-12-08 08:15:00+00:00  1.22030  1.22012  0.0  0.0  0.00022  0.000282  1.22030       0  1.220675  1.219360  1.220018
29  GBP_USD 2022-12-08 08:16:00+00:00  1.22044  1.22033  0.0  0.0  0.00021  0.000377  1.22044       0  1.220748  1.219378  1.220063
30  GBP_USD 2022-12-08 08:17:00+00:00  1.22048  1.22044  0.0  0.0  0.00025  0.000364  1.22048       0  1.220818  1.219414  1.220116
2022-12-08 09:19:03 CandleManager() new candle:last_candle:22-12-08 08:18 is_ready:True
2022-12-08 09:19:05 tech_manager: max_rows:32 candle_time:2022-12-08 08:18:00+00:00 granularity:M1
2022-12-08 09:19:05 process_candles:
       PAIR                      time    mid_c    mid_o   SL   TP   SPREAD      GAIN     LOSS  SIGNAL     BB_UP     BB_LW     BB_MA
26  GBP_USD 2022-12-08 08:14:00+00:00  1.22012  1.22044  0.0  0.0  0.00019  0.000144  1.22012       0  1.220636  1.219317  1.219976
27  GBP_USD 2022-12-08 08:15:00+00:00  1.22030  1.22012  0.0  0.0  0.00022  0.000282  1.22030       0  1.220675  1.219360  1.220018
28  GBP_USD 2022-12-08 08:16:00+00:00  1.22044  1.22033  0.0  0.0  0.00021  0.000377  1.22044       0  1.220748  1.219378  1.220063
29  GBP_USD 2022-12-08 08:17:00+00:00  1.22048  1.22044  0.0  0.0  0.00025  0.000364  1.22048       0  1.220818  1.219414  1.220116
30  GBP_USD 2022-12-08 08:18:00+00:00  1.22064  1.22048  0.0  0.0  0.00019  0.000469  1.22064       0  1.220927  1.219416  1.220171
2022-12-08 09:20:02 CandleManager() new candle:last_candle:22-12-08 08:19 is_ready:True
2022-12-08 09:20:04 tech_manager: max_rows:32 candle_time:2022-12-08 08:19:00+00:00 granularity:M1
2022-12-08 09:20:04 process_candles:
       PAIR                      time    mid_c    mid_o   SL   TP   SPREAD      GAIN     LOSS  SIGNAL     BB_UP     BB_LW     BB_MA
26  GBP_USD 2022-12-08 08:15:00+00:00  1.22030  1.22012  0.0  0.0  0.00022  0.000282  1.22030       0  1.220675  1.219360  1.220018
27  GBP_USD 2022-12-08 08:16:00+00:00  1.22044  1.22033  0.0  0.0  0.00021  0.000377  1.22044       0  1.220748  1.219378  1.220063
28  GBP_USD 2022-12-08 08:17:00+00:00  1.22048  1.22044  0.0  0.0  0.00025  0.000364  1.22048       0  1.220818  1.219414  1.220116
29  GBP_USD 2022-12-08 08:18:00+00:00  1.22064  1.22048  0.0  0.0  0.00019  0.000469  1.22064       0  1.220927  1.219416  1.220171
30  GBP_USD 2022-12-08 08:19:00+00:00  1.22048  1.22064  0.0  0.0  0.00018  0.000242  1.22048       0  1.220883  1.219594  1.220238
2022-12-08 09:21:01 CandleManager() new candle:last_candle:22-12-08 08:20 is_ready:True
2022-12-08 09:21:02 tech_manager: max_rows:32 candle_time:2022-12-08 08:20:00+00:00 granularity:M1
2022-12-08 09:21:03 process_candles:
       PAIR                      time    mid_c    mid_o   SL   TP   SPREAD      GAIN     LOSS  SIGNAL     BB_UP     BB_LW     BB_MA
26  GBP_USD 2022-12-08 08:16:00+00:00  1.22044  1.22033  0.0  0.0  0.00021  0.000377  1.22044       0  1.220748  1.219378  1.220063
27  GBP_USD 2022-12-08 08:17:00+00:00  1.22048  1.22044  0.0  0.0  0.00025  0.000364  1.22048       0  1.220818  1.219414  1.220116
28  GBP_USD 2022-12-08 08:18:00+00:00  1.22064  1.22048  0.0  0.0  0.00019  0.000469  1.22064       0  1.220927  1.219416  1.220171
29  GBP_USD 2022-12-08 08:19:00+00:00  1.22048  1.22064  0.0  0.0  0.00018  0.000242  1.22048       0  1.220883  1.219594  1.220238
30  GBP_USD 2022-12-08 08:20:00+00:00  1.22018  1.22046  0.0  0.0  0.00018  0.000088  1.22018       0  1.220832  1.219705  1.220268
2022-12-08 09:22:12 CandleManager() new candle:last_candle:22-12-08 08:21 is_ready:True
2022-12-08 09:22:14 tech_manager: max_rows:32 candle_time:2022-12-08 08:21:00+00:00 granularity:M1
2022-12-08 09:22:14 process_candles:
       PAIR                      time    mid_c    mid_o        SL        TP   SPREAD      GAIN      LOSS  SIGNAL     BB_UP     BB_LW     BB_MA
26  GBP_USD 2022-12-08 08:17:00+00:00  1.22048  1.22044  0.000000  0.000000  0.00025  0.000364  1.220480       0  1.220818  1.219414  1.220116
27  GBP_USD 2022-12-08 08:18:00+00:00  1.22064  1.22048  0.000000  0.000000  0.00019  0.000469  1.220640       0  1.220927  1.219416  1.220171
28  GBP_USD 2022-12-08 08:19:00+00:00  1.22048  1.22064  0.000000  0.000000  0.00018  0.000242  1.220480       0  1.220883  1.219594  1.220238
29  GBP_USD 2022-12-08 08:20:00+00:00  1.22018  1.22046  0.000000  0.000000  0.00018  0.000088  1.220180       0  1.220832  1.219705  1.220268
30  GBP_USD 2022-12-08 08:21:00+00:00  1.21956  1.22019  1.219094  1.220259  0.00021  0.000699  0.000466       1  1.220872  1.219645  1.220259
2022-12-08 09:22:14 Place Trade: TradeDecision(): GBP_USD dir:1 gain:0.0007 sl:1.2191 tp:1.2203
2022-12-08 09:22:15 ERROR placing TradeDecision(): GBP_USD dir:1 gain:0.0007 sl:1.2191 tp:1.2203 for trade_units 500
2022-12-08 09:23:11 CandleManager() new candle:last_candle:22-12-08 08:22 is_ready:True
2022-12-08 09:23:13 tech_manager: max_rows:32 candle_time:2022-12-08 08:22:00+00:00 granularity:M1
2022-12-08 09:23:14 process_candles:
       PAIR                      time    mid_c    mid_o        SL        TP   SPREAD      GAIN      LOSS  SIGNAL     BB_UP     BB_LW     BB_MA
26  GBP_USD 2022-12-08 08:18:00+00:00  1.22064  1.22048  0.000000  0.000000  0.00019  0.000469  1.220640       0  1.220927  1.219416  1.220171
27  GBP_USD 2022-12-08 08:19:00+00:00  1.22048  1.22064  0.000000  0.000000  0.00018  0.000242  1.220480       0  1.220883  1.219594  1.220238
28  GBP_USD 2022-12-08 08:20:00+00:00  1.22018  1.22046  0.000000  0.000000  0.00018  0.000088  1.220180       0  1.220832  1.219705  1.220268
29  GBP_USD 2022-12-08 08:21:00+00:00  1.21956  1.22019  1.219094  1.220259  0.00021  0.000699  0.000466       1  1.220872  1.219645  1.220259
30  GBP_USD 2022-12-08 08:22:00+00:00  1.21918  1.21954  1.218491  1.220214  0.00023  0.001034  0.000689       1  1.221097  1.219331  1.220214
2022-12-08 09:23:14 Place Trade: TradeDecision(): GBP_USD dir:1 gain:0.0010 sl:1.2185 tp:1.2202
2022-12-08 09:23:15 ERROR placing TradeDecision(): GBP_USD dir:1 gain:0.0010 sl:1.2185 tp:1.2202 for trade_units 500
2022-12-08 09:24:00 CandleManager() new candle:last_candle:22-12-08 08:23 is_ready:True
2022-12-08 09:24:01 tech_manager: max_rows:32 candle_time:2022-12-08 08:23:00+00:00 granularity:M1
2022-12-08 09:24:01 process_candles:
       PAIR                      time    mid_c    mid_o        SL        TP   SPREAD      GAIN      LOSS  SIGNAL     BB_UP     BB_LW     BB_MA
26  GBP_USD 2022-12-08 08:19:00+00:00  1.22048  1.22064  0.000000  0.000000  0.00018  0.000242  1.220480       0  1.220883  1.219594  1.220238
27  GBP_USD 2022-12-08 08:20:00+00:00  1.22018  1.22046  0.000000  0.000000  0.00018  0.000088  1.220180       0  1.220832  1.219705  1.220268
28  GBP_USD 2022-12-08 08:21:00+00:00  1.21956  1.22019  1.219094  1.220259  0.00021  0.000699  0.000466       1  1.220872  1.219645  1.220259
29  GBP_USD 2022-12-08 08:22:00+00:00  1.21918  1.21954  1.218491  1.220214  0.00023  0.001034  0.000689       1  1.221097  1.219331  1.220214
30  GBP_USD 2022-12-08 08:23:00+00:00  1.21940  1.21920  0.000000  0.000000  0.00021  0.000731  1.219400       0  1.221212  1.219051  1.220131
2022-12-08 09:25:11 CandleManager() new candle:last_candle:22-12-08 08:24 is_ready:True
2022-12-08 09:25:13 tech_manager: max_rows:32 candle_time:2022-12-08 08:24:00+00:00 granularity:M1
2022-12-08 09:25:13 process_candles:
       PAIR                      time    mid_c    mid_o        SL        TP   SPREAD      GAIN      LOSS  SIGNAL     BB_UP     BB_LW     BB_MA
26  GBP_USD 2022-12-08 08:20:00+00:00  1.22018  1.22046  0.000000  0.000000  0.00018  0.000088  1.220180       0  1.220832  1.219705  1.220268
27  GBP_USD 2022-12-08 08:21:00+00:00  1.21956  1.22019  1.219094  1.220259  0.00021  0.000699  0.000466       1  1.220872  1.219645  1.220259
28  GBP_USD 2022-12-08 08:22:00+00:00  1.21918  1.21954  1.218491  1.220214  0.00023  0.001034  0.000689       1  1.221097  1.219331  1.220214
29  GBP_USD 2022-12-08 08:23:00+00:00  1.21940  1.21920  0.000000  0.000000  0.00021  0.000731  1.219400       0  1.221212  1.219051  1.220131
30  GBP_USD 2022-12-08 08:24:00+00:00  1.21958  1.21939  0.000000  0.000000  0.00023  0.000481  1.219580       0  1.221198  1.218923  1.220061
2022-12-08 09:26:10 CandleManager() new candle:last_candle:22-12-08 08:25 is_ready:True
2022-12-08 09:26:12 tech_manager: max_rows:32 candle_time:2022-12-08 08:25:00+00:00 granularity:M1
2022-12-08 09:26:12 process_candles:
       PAIR                      time    mid_c    mid_o        SL        TP   SPREAD      GAIN      LOSS  SIGNAL     BB_UP     BB_LW     BB_MA
26  GBP_USD 2022-12-08 08:21:00+00:00  1.21956  1.22019  1.219094  1.220259  0.00021  0.000699  0.000466       1  1.220872  1.219645  1.220259
27  GBP_USD 2022-12-08 08:22:00+00:00  1.21918  1.21954  1.218491  1.220214  0.00023  0.001034  0.000689       1  1.221097  1.219331  1.220214
28  GBP_USD 2022-12-08 08:23:00+00:00  1.21940  1.21920  0.000000  0.000000  0.00021  0.000731  1.219400       0  1.221212  1.219051  1.220131
29  GBP_USD 2022-12-08 08:24:00+00:00  1.21958  1.21939  0.000000  0.000000  0.00023  0.000481  1.219580       0  1.221198  1.218923  1.220061
30  GBP_USD 2022-12-08 08:25:00+00:00  1.21914  1.21955  0.000000  0.000000  0.00019  0.000831  1.219140       0  1.221204  1.218738  1.219971
2022-12-08 09:27:10 CandleManager() new candle:last_candle:22-12-08 08:26 is_ready:True
2022-12-08 09:27:12 tech_manager: max_rows:32 candle_time:2022-12-08 08:26:00+00:00 granularity:M1
2022-12-08 09:27:12 process_candles:
       PAIR                      time    mid_c    mid_o        SL        TP   SPREAD      GAIN      LOSS  SIGNAL     BB_UP     BB_LW     BB_MA
26  GBP_USD 2022-12-08 08:22:00+00:00  1.21918  1.21954  1.218491  1.220214  0.00023  0.001034  0.000689       1  1.221097  1.219331  1.220214
27  GBP_USD 2022-12-08 08:23:00+00:00  1.21940  1.21920  0.000000  0.000000  0.00021  0.000731  1.219400       0  1.221212  1.219051  1.220131
28  GBP_USD 2022-12-08 08:24:00+00:00  1.21958  1.21939  0.000000  0.000000  0.00023  0.000481  1.219580       0  1.221198  1.218923  1.220061
29  GBP_USD 2022-12-08 08:25:00+00:00  1.21914  1.21955  0.000000  0.000000  0.00019  0.000831  1.219140       0  1.221204  1.218738  1.219971
30  GBP_USD 2022-12-08 08:26:00+00:00  1.21902  1.21914  0.000000  0.000000  0.00023  0.000852  1.219020       0  1.221279  1.218465  1.219872
2022-12-08 09:28:09 CandleManager() new candle:last_candle:22-12-08 08:27 is_ready:True
2022-12-08 09:28:11 tech_manager: max_rows:32 candle_time:2022-12-08 08:27:00+00:00 granularity:M1
2022-12-08 09:28:11 process_candles:
       PAIR                      time    mid_c    mid_o   SL   TP   SPREAD      GAIN     LOSS  SIGNAL     BB_UP     BB_LW     BB_MA
26  GBP_USD 2022-12-08 08:23:00+00:00  1.21940  1.21920  0.0  0.0  0.00021  0.000731  1.21940       0  1.221212  1.219051  1.220131
27  GBP_USD 2022-12-08 08:24:00+00:00  1.21958  1.21939  0.0  0.0  0.00023  0.000481  1.21958       0  1.221198  1.218923  1.220061
28  GBP_USD 2022-12-08 08:25:00+00:00  1.21914  1.21955  0.0  0.0  0.00019  0.000831  1.21914       0  1.221204  1.218738  1.219971
29  GBP_USD 2022-12-08 08:26:00+00:00  1.21902  1.21914  0.0  0.0  0.00023  0.000852  1.21902       0  1.221279  1.218465  1.219872
30  GBP_USD 2022-12-08 08:27:00+00:00  1.21946  1.21904  0.0  0.0  0.00021  0.000335  1.21946       0  1.221222  1.218368  1.219795
2022-12-08 09:29:08 CandleManager() new candle:last_candle:22-12-08 08:28 is_ready:True
2022-12-08 09:29:10 tech_manager: max_rows:32 candle_time:2022-12-08 08:28:00+00:00 granularity:M1
2022-12-08 09:29:10 process_candles:
       PAIR                      time    mid_c    mid_o   SL   TP   SPREAD      GAIN     LOSS  SIGNAL     BB_UP     BB_LW     BB_MA
26  GBP_USD 2022-12-08 08:24:00+00:00  1.21958  1.21939  0.0  0.0  0.00023  0.000481  1.21958       0  1.221198  1.218923  1.220061
27  GBP_USD 2022-12-08 08:25:00+00:00  1.21914  1.21955  0.0  0.0  0.00019  0.000831  1.21914       0  1.221204  1.218738  1.219971
28  GBP_USD 2022-12-08 08:26:00+00:00  1.21902  1.21914  0.0  0.0  0.00023  0.000852  1.21902       0  1.221279  1.218465  1.219872
29  GBP_USD 2022-12-08 08:27:00+00:00  1.21946  1.21904  0.0  0.0  0.00021  0.000335  1.21946       0  1.221222  1.218368  1.219795
30  GBP_USD 2022-12-08 08:28:00+00:00  1.21974  1.21946  0.0  0.0  0.00021  0.000007  1.21974       0  1.221089  1.218378  1.219733
2022-12-08 09:30:07 CandleManager() new candle:last_candle:22-12-08 08:29 is_ready:True
2022-12-08 09:30:09 tech_manager: max_rows:32 candle_time:2022-12-08 08:29:00+00:00 granularity:M1
2022-12-08 09:30:09 process_candles:
       PAIR                      time    mid_c    mid_o   SL   TP   SPREAD      GAIN     LOSS  SIGNAL     BB_UP     BB_LW     BB_MA
26  GBP_USD 2022-12-08 08:25:00+00:00  1.21914  1.21955  0.0  0.0  0.00019  0.000831  1.21914       0  1.221204  1.218738  1.219971
27  GBP_USD 2022-12-08 08:26:00+00:00  1.21902  1.21914  0.0  0.0  0.00023  0.000852  1.21902       0  1.221279  1.218465  1.219872
28  GBP_USD 2022-12-08 08:27:00+00:00  1.21946  1.21904  0.0  0.0  0.00021  0.000335  1.21946       0  1.221222  1.218368  1.219795
29  GBP_USD 2022-12-08 08:28:00+00:00  1.21974  1.21946  0.0  0.0  0.00021  0.000007  1.21974       0  1.221089  1.218378  1.219733
30  GBP_USD 2022-12-08 08:29:00+00:00  1.21992  1.21973  0.0  0.0  0.00017  0.000242  1.21992       0  1.220916  1.218439  1.219678
2022-12-08 09:31:06 CandleManager() new candle:last_candle:22-12-08 08:30 is_ready:True
2022-12-08 09:31:08 tech_manager: max_rows:32 candle_time:2022-12-08 08:30:00+00:00 granularity:M1
2022-12-08 09:31:09 process_candles:
       PAIR                      time    mid_c    mid_o   SL   TP   SPREAD      GAIN     LOSS  SIGNAL     BB_UP     BB_LW     BB_MA
26  GBP_USD 2022-12-08 08:26:00+00:00  1.21902  1.21914  0.0  0.0  0.00023  0.000852  1.21902       0  1.221279  1.218465  1.219872
27  GBP_USD 2022-12-08 08:27:00+00:00  1.21946  1.21904  0.0  0.0  0.00021  0.000335  1.21946       0  1.221222  1.218368  1.219795
28  GBP_USD 2022-12-08 08:28:00+00:00  1.21974  1.21946  0.0  0.0  0.00021  0.000007  1.21974       0  1.221089  1.218378  1.219733
29  GBP_USD 2022-12-08 08:29:00+00:00  1.21992  1.21973  0.0  0.0  0.00017  0.000242  1.21992       0  1.220916  1.218439  1.219678
30  GBP_USD 2022-12-08 08:30:00+00:00  1.21922  1.21992  0.0  0.0  0.00019  0.000364  1.21922       0  1.220604  1.218565  1.219584
2022-12-08 09:32:06 CandleManager() new candle:last_candle:22-12-08 08:31 is_ready:True
2022-12-08 09:32:08 tech_manager: max_rows:32 candle_time:2022-12-08 08:31:00+00:00 granularity:M1
2022-12-08 09:32:08 process_candles:
       PAIR                      time    mid_c    mid_o   SL   TP   SPREAD      GAIN     LOSS  SIGNAL     BB_UP     BB_LW     BB_MA
26  GBP_USD 2022-12-08 08:27:00+00:00  1.21946  1.21904  0.0  0.0  0.00021  0.000335  1.21946       0  1.221222  1.218368  1.219795
27  GBP_USD 2022-12-08 08:28:00+00:00  1.21974  1.21946  0.0  0.0  0.00021  0.000007  1.21974       0  1.221089  1.218378  1.219733
28  GBP_USD 2022-12-08 08:29:00+00:00  1.21992  1.21973  0.0  0.0  0.00017  0.000242  1.21992       0  1.220916  1.218439  1.219678
29  GBP_USD 2022-12-08 08:30:00+00:00  1.21922  1.21992  0.0  0.0  0.00019  0.000364  1.21922       0  1.220604  1.218565  1.219584
30  GBP_USD 2022-12-08 08:31:00+00:00  1.21904  1.21922  0.0  0.0  0.00021  0.000443  1.21904       0  1.220278  1.218688  1.219483
2022-12-08 09:33:05 CandleManager() new candle:last_candle:22-12-08 08:32 is_ready:True
2022-12-08 09:33:07 tech_manager: max_rows:32 candle_time:2022-12-08 08:32:00+00:00 granularity:M1
2022-12-08 09:33:07 process_candles:
       PAIR                      time    mid_c    mid_o   SL   TP   SPREAD      GAIN     LOSS  SIGNAL     BB_UP     BB_LW     BB_MA
26  GBP_USD 2022-12-08 08:28:00+00:00  1.21974  1.21946  0.0  0.0  0.00021  0.000007  1.21974       0  1.221089  1.218378  1.219733
27  GBP_USD 2022-12-08 08:29:00+00:00  1.21992  1.21973  0.0  0.0  0.00017  0.000242  1.21992       0  1.220916  1.218439  1.219678
28  GBP_USD 2022-12-08 08:30:00+00:00  1.21922  1.21992  0.0  0.0  0.00019  0.000364  1.21922       0  1.220604  1.218565  1.219584
29  GBP_USD 2022-12-08 08:31:00+00:00  1.21904  1.21922  0.0  0.0  0.00021  0.000443  1.21904       0  1.220278  1.218688  1.219483
30  GBP_USD 2022-12-08 08:32:00+00:00  1.21869  1.21906  0.0  0.0  0.00022  0.000678  1.21869       0  1.220086  1.218650  1.219368
2022-12-08 09:34:04 CandleManager() new candle:last_candle:22-12-08 08:33 is_ready:True
2022-12-08 09:34:07 tech_manager: max_rows:32 candle_time:2022-12-08 08:33:00+00:00 granularity:M1
2022-12-08 09:34:07 process_candles:
       PAIR                      time    mid_c    mid_o   SL   TP   SPREAD      GAIN     LOSS  SIGNAL     BB_UP     BB_LW     BB_MA
26  GBP_USD 2022-12-08 08:29:00+00:00  1.21992  1.21973  0.0  0.0  0.00017  0.000242  1.21992       0  1.220916  1.218439  1.219678
27  GBP_USD 2022-12-08 08:30:00+00:00  1.21922  1.21992  0.0  0.0  0.00019  0.000364  1.21922       0  1.220604  1.218565  1.219584
28  GBP_USD 2022-12-08 08:31:00+00:00  1.21904  1.21922  0.0  0.0  0.00021  0.000443  1.21904       0  1.220278  1.218688  1.219483
29  GBP_USD 2022-12-08 08:32:00+00:00  1.21869  1.21906  0.0  0.0  0.00022  0.000678  1.21869       0  1.220086  1.218650  1.219368
30  GBP_USD 2022-12-08 08:33:00+00:00  1.21918  1.21868  0.0  0.0  0.00021  0.000125  1.21918       0  1.220002  1.218608  1.219305
2022-12-08 09:35:04 CandleManager() new candle:last_candle:22-12-08 08:34 is_ready:True
2022-12-08 09:35:05 tech_manager: max_rows:32 candle_time:2022-12-08 08:34:00+00:00 granularity:M1
2022-12-08 09:35:06 process_candles:
       PAIR                      time    mid_c    mid_o   SL   TP   SPREAD      GAIN     LOSS  SIGNAL     BB_UP     BB_LW     BB_MA
26  GBP_USD 2022-12-08 08:30:00+00:00  1.21922  1.21992  0.0  0.0  0.00019  0.000364  1.21922       0  1.220604  1.218565  1.219584
27  GBP_USD 2022-12-08 08:31:00+00:00  1.21904  1.21922  0.0  0.0  0.00021  0.000443  1.21904       0  1.220278  1.218688  1.219483
28  GBP_USD 2022-12-08 08:32:00+00:00  1.21869  1.21906  0.0  0.0  0.00022  0.000678  1.21869       0  1.220086  1.218650  1.219368
29  GBP_USD 2022-12-08 08:33:00+00:00  1.21918  1.21868  0.0  0.0  0.00021  0.000125  1.21918       0  1.220002  1.218608  1.219305
30  GBP_USD 2022-12-08 08:34:00+00:00  1.21910  1.21920  0.0  0.0  0.00023  0.000191  1.21910       0  1.219998  1.218583  1.219291
2022-12-08 09:36:03 CandleManager() new candle:last_candle:22-12-08 08:35 is_ready:True
2022-12-08 09:36:05 tech_manager: max_rows:32 candle_time:2022-12-08 08:35:00+00:00 granularity:M1
2022-12-08 09:36:05 process_candles:
       PAIR                      time    mid_c    mid_o   SL   TP   SPREAD      GAIN     LOSS  SIGNAL     BB_UP     BB_LW     BB_MA
26  GBP_USD 2022-12-08 08:31:00+00:00  1.21904  1.21922  0.0  0.0  0.00021  0.000443  1.21904       0  1.220278  1.218688  1.219483
27  GBP_USD 2022-12-08 08:32:00+00:00  1.21869  1.21906  0.0  0.0  0.00022  0.000678  1.21869       0  1.220086  1.218650  1.219368
28  GBP_USD 2022-12-08 08:33:00+00:00  1.21918  1.21868  0.0  0.0  0.00021  0.000125  1.21918       0  1.220002  1.218608  1.219305
29  GBP_USD 2022-12-08 08:34:00+00:00  1.21910  1.21920  0.0  0.0  0.00023  0.000191  1.21910       0  1.219998  1.218583  1.219291
30  GBP_USD 2022-12-08 08:35:00+00:00  1.21963  1.21908  0.0  0.0  0.00022  0.000328  1.21963       0  1.220022  1.218582  1.219302
2022-12-08 09:37:02 CandleManager() new candle:last_candle:22-12-08 08:36 is_ready:True
2022-12-08 09:37:03 tech_manager: max_rows:32 candle_time:2022-12-08 08:36:00+00:00 granularity:M1
2022-12-08 09:37:03 process_candles:
       PAIR                      time    mid_c    mid_o   SL   TP   SPREAD      GAIN     LOSS  SIGNAL     BB_UP     BB_LW     BB_MA
26  GBP_USD 2022-12-08 08:32:00+00:00  1.21869  1.21906  0.0  0.0  0.00022  0.000678  1.21869       0  1.220086  1.218650  1.219368
27  GBP_USD 2022-12-08 08:33:00+00:00  1.21918  1.21868  0.0  0.0  0.00021  0.000125  1.21918       0  1.220002  1.218608  1.219305
28  GBP_USD 2022-12-08 08:34:00+00:00  1.21910  1.21920  0.0  0.0  0.00023  0.000191  1.21910       0  1.219998  1.218583  1.219291
29  GBP_USD 2022-12-08 08:35:00+00:00  1.21963  1.21908  0.0  0.0  0.00022  0.000328  1.21963       0  1.220022  1.218582  1.219302
30  GBP_USD 2022-12-08 08:36:00+00:00  1.21950  1.21965  0.0  0.0  0.00021  0.000198  1.21950       0  1.220022  1.218582  1.219302
2022-12-08 09:38:01 CandleManager() new candle:last_candle:22-12-08 08:37 is_ready:True
2022-12-08 09:38:03 tech_manager: max_rows:32 candle_time:2022-12-08 08:37:00+00:00 granularity:M1
2022-12-08 09:38:04 process_candles:
       PAIR                      time    mid_c    mid_o   SL   TP   SPREAD      GAIN     LOSS  SIGNAL     BB_UP     BB_LW     BB_MA
26  GBP_USD 2022-12-08 08:33:00+00:00  1.21918  1.21868  0.0  0.0  0.00021  0.000125  1.21918       0  1.220002  1.218608  1.219305
27  GBP_USD 2022-12-08 08:34:00+00:00  1.21910  1.21920  0.0  0.0  0.00023  0.000191  1.21910       0  1.219998  1.218583  1.219291
28  GBP_USD 2022-12-08 08:35:00+00:00  1.21963  1.21908  0.0  0.0  0.00022  0.000328  1.21963       0  1.220022  1.218582  1.219302
29  GBP_USD 2022-12-08 08:36:00+00:00  1.21950  1.21965  0.0  0.0  0.00021  0.000198  1.21950       0  1.220022  1.218582  1.219302
30  GBP_USD 2022-12-08 08:37:00+00:00  1.21972  1.21954  0.0  0.0  0.00020  0.000390  1.21972       0  1.220087  1.218573  1.219330
2022-12-08 09:39:00 CandleManager() new candle:last_candle:22-12-08 08:38 is_ready:True
2022-12-08 09:39:01 tech_manager: max_rows:32 candle_time:2022-12-08 08:38:00+00:00 granularity:M1
2022-12-08 09:39:01 process_candles:
       PAIR                      time    mid_c    mid_o   SL   TP   SPREAD      GAIN     LOSS  SIGNAL     BB_UP     BB_LW     BB_MA
26  GBP_USD 2022-12-08 08:34:00+00:00  1.21910  1.21920  0.0  0.0  0.00023  0.000191  1.21910       0  1.219998  1.218583  1.219291
27  GBP_USD 2022-12-08 08:35:00+00:00  1.21963  1.21908  0.0  0.0  0.00022  0.000328  1.21963       0  1.220022  1.218582  1.219302
28  GBP_USD 2022-12-08 08:36:00+00:00  1.21950  1.21965  0.0  0.0  0.00021  0.000198  1.21950       0  1.220022  1.218582  1.219302
29  GBP_USD 2022-12-08 08:37:00+00:00  1.21972  1.21954  0.0  0.0  0.00020  0.000390  1.21972       0  1.220087  1.218573  1.219330
30  GBP_USD 2022-12-08 08:38:00+00:00  1.21940  1.21972  0.0  0.0  0.00022  0.000028  1.21940       0  1.220085  1.218659  1.219372
2022-12-08 09:40:11 CandleManager() new candle:last_candle:22-12-08 08:39 is_ready:True
2022-12-08 09:40:12 tech_manager: max_rows:32 candle_time:2022-12-08 08:39:00+00:00 granularity:M1
2022-12-08 09:40:13 process_candles:
       PAIR                      time    mid_c    mid_o   SL   TP   SPREAD      GAIN     LOSS  SIGNAL     BB_UP     BB_LW     BB_MA
26  GBP_USD 2022-12-08 08:35:00+00:00  1.21963  1.21908  0.0  0.0  0.00022  0.000328  1.21963       0  1.220022  1.218582  1.219302
27  GBP_USD 2022-12-08 08:36:00+00:00  1.21950  1.21965  0.0  0.0  0.00021  0.000198  1.21950       0  1.220022  1.218582  1.219302
28  GBP_USD 2022-12-08 08:37:00+00:00  1.21972  1.21954  0.0  0.0  0.00020  0.000390  1.21972       0  1.220087  1.218573  1.219330
29  GBP_USD 2022-12-08 08:38:00+00:00  1.21940  1.21972  0.0  0.0  0.00022  0.000028  1.21940       0  1.220085  1.218659  1.219372
30  GBP_USD 2022-12-08 08:39:00+00:00  1.21921  1.21940  0.0  0.0  0.00024  0.000156  1.21921       0  1.220084  1.218647  1.219366
2022-12-08 09:41:10 CandleManager() new candle:last_candle:22-12-08 08:40 is_ready:True
2022-12-08 09:41:12 tech_manager: max_rows:32 candle_time:2022-12-08 08:40:00+00:00 granularity:M1
2022-12-08 09:41:12 process_candles:
       PAIR                      time    mid_c    mid_o   SL   TP   SPREAD      GAIN     LOSS  SIGNAL     BB_UP     BB_LW     BB_MA
26  GBP_USD 2022-12-08 08:36:00+00:00  1.21950  1.21965  0.0  0.0  0.00021  0.000198  1.21950       0  1.220022  1.218582  1.219302
27  GBP_USD 2022-12-08 08:37:00+00:00  1.21972  1.21954  0.0  0.0  0.00020  0.000390  1.21972       0  1.220087  1.218573  1.219330
28  GBP_USD 2022-12-08 08:38:00+00:00  1.21940  1.21972  0.0  0.0  0.00022  0.000028  1.21940       0  1.220085  1.218659  1.219372
29  GBP_USD 2022-12-08 08:39:00+00:00  1.21921  1.21940  0.0  0.0  0.00024  0.000156  1.21921       0  1.220084  1.218647  1.219366
30  GBP_USD 2022-12-08 08:40:00+00:00  1.21930  1.21923  0.0  0.0  0.00019  0.000037  1.21930       0  1.220027  1.218646  1.219337
2022-12-08 09:42:09 CandleManager() new candle:last_candle:22-12-08 08:41 is_ready:True
2022-12-08 09:42:11 tech_manager: max_rows:32 candle_time:2022-12-08 08:41:00+00:00 granularity:M1
2022-12-08 09:42:11 process_candles:
       PAIR                      time    mid_c    mid_o   SL   TP   SPREAD      GAIN     LOSS  SIGNAL     BB_UP     BB_LW     BB_MA
26  GBP_USD 2022-12-08 08:37:00+00:00  1.21972  1.21954  0.0  0.0  0.00020  0.000390  1.21972       0  1.220087  1.218573  1.219330
27  GBP_USD 2022-12-08 08:38:00+00:00  1.21940  1.21972  0.0  0.0  0.00022  0.000028  1.21940       0  1.220085  1.218659  1.219372
28  GBP_USD 2022-12-08 08:39:00+00:00  1.21921  1.21940  0.0  0.0  0.00024  0.000156  1.21921       0  1.220084  1.218647  1.219366
29  GBP_USD 2022-12-08 08:40:00+00:00  1.21930  1.21923  0.0  0.0  0.00019  0.000037  1.21930       0  1.220027  1.218646  1.219337
30  GBP_USD 2022-12-08 08:41:00+00:00  1.21924  1.21932  0.0  0.0  0.00021  0.000047  1.21924       0  1.219892  1.218682  1.219287
2022-12-08 09:43:08 CandleManager() new candle:last_candle:22-12-08 08:42 is_ready:True
2022-12-08 09:43:10 tech_manager: max_rows:32 candle_time:2022-12-08 08:42:00+00:00 granularity:M1
2022-12-08 09:43:10 process_candles:
       PAIR                      time    mid_c    mid_o   SL   TP   SPREAD      GAIN     LOSS  SIGNAL     BB_UP     BB_LW     BB_MA
26  GBP_USD 2022-12-08 08:38:00+00:00  1.21940  1.21972  0.0  0.0  0.00022  0.000028  1.21940       0  1.220085  1.218659  1.219372
27  GBP_USD 2022-12-08 08:39:00+00:00  1.21921  1.21940  0.0  0.0  0.00024  0.000156  1.21921       0  1.220084  1.218647  1.219366
28  GBP_USD 2022-12-08 08:40:00+00:00  1.21930  1.21923  0.0  0.0  0.00019  0.000037  1.21930       0  1.220027  1.218646  1.219337
29  GBP_USD 2022-12-08 08:41:00+00:00  1.21924  1.21932  0.0  0.0  0.00021  0.000047  1.21924       0  1.219892  1.218682  1.219287
30  GBP_USD 2022-12-08 08:42:00+00:00  1.21916  1.21924  0.0  0.0  0.00020  0.000102  1.21916       0  1.219857  1.218668  1.219262
2022-12-08 09:44:07 CandleManager() new candle:last_candle:22-12-08 08:43 is_ready:True
2022-12-08 09:44:09 tech_manager: max_rows:32 candle_time:2022-12-08 08:43:00+00:00 granularity:M1
2022-12-08 09:44:09 process_candles:
       PAIR                      time    mid_c    mid_o   SL   TP   SPREAD      GAIN     LOSS  SIGNAL     BB_UP     BB_LW     BB_MA
26  GBP_USD 2022-12-08 08:39:00+00:00  1.21921  1.21940  0.0  0.0  0.00024  0.000156  1.21921       0  1.220084  1.218647  1.219366
27  GBP_USD 2022-12-08 08:40:00+00:00  1.21930  1.21923  0.0  0.0  0.00019  0.000037  1.21930       0  1.220027  1.218646  1.219337
28  GBP_USD 2022-12-08 08:41:00+00:00  1.21924  1.21932  0.0  0.0  0.00021  0.000047  1.21924       0  1.219892  1.218682  1.219287
29  GBP_USD 2022-12-08 08:42:00+00:00  1.21916  1.21924  0.0  0.0  0.00020  0.000102  1.21916       0  1.219857  1.218668  1.219262
30  GBP_USD 2022-12-08 08:43:00+00:00  1.21920  1.21920  0.0  0.0  0.00022  0.000059  1.21920       0  1.219855  1.218662  1.219259
2022-12-08 09:45:06 CandleManager() new candle:last_candle:22-12-08 08:44 is_ready:True
2022-12-08 09:45:09 tech_manager: max_rows:32 candle_time:2022-12-08 08:44:00+00:00 granularity:M1
2022-12-08 09:45:09 process_candles:
       PAIR                      time    mid_c    mid_o   SL   TP   SPREAD      GAIN     LOSS  SIGNAL     BB_UP     BB_LW     BB_MA
26  GBP_USD 2022-12-08 08:40:00+00:00  1.21930  1.21923  0.0  0.0  0.00019  0.000037  1.21930       0  1.220027  1.218646  1.219337
27  GBP_USD 2022-12-08 08:41:00+00:00  1.21924  1.21932  0.0  0.0  0.00021  0.000047  1.21924       0  1.219892  1.218682  1.219287
28  GBP_USD 2022-12-08 08:42:00+00:00  1.21916  1.21924  0.0  0.0  0.00020  0.000102  1.21916       0  1.219857  1.218668  1.219262
29  GBP_USD 2022-12-08 08:43:00+00:00  1.21920  1.21920  0.0  0.0  0.00022  0.000059  1.21920       0  1.219855  1.218662  1.219259
30  GBP_USD 2022-12-08 08:44:00+00:00  1.21872  1.21918  0.0  0.0  0.00022  0.000544  1.21872       0  1.219836  1.218691  1.219264
2022-12-08 09:46:06 CandleManager() new candle:last_candle:22-12-08 08:45 is_ready:True
2022-12-08 09:46:08 tech_manager: max_rows:32 candle_time:2022-12-08 08:45:00+00:00 granularity:M1
2022-12-08 09:46:08 process_candles:
       PAIR                      time    mid_c    mid_o   SL   TP   SPREAD      GAIN     LOSS  SIGNAL     BB_UP     BB_LW     BB_MA
26  GBP_USD 2022-12-08 08:41:00+00:00  1.21924  1.21932  0.0  0.0  0.00021  0.000047  1.21924       0  1.219892  1.218682  1.219287
27  GBP_USD 2022-12-08 08:42:00+00:00  1.21916  1.21924  0.0  0.0  0.00020  0.000102  1.21916       0  1.219857  1.218668  1.219262
28  GBP_USD 2022-12-08 08:43:00+00:00  1.21920  1.21920  0.0  0.0  0.00022  0.000059  1.21920       0  1.219855  1.218662  1.219259
29  GBP_USD 2022-12-08 08:44:00+00:00  1.21872  1.21918  0.0  0.0  0.00022  0.000544  1.21872       0  1.219836  1.218691  1.219264
30  GBP_USD 2022-12-08 08:45:00+00:00  1.21892  1.21872  0.0  0.0  0.00021  0.000332  1.21892       0  1.219869  1.218635  1.219252
2022-12-08 09:47:05 CandleManager() new candle:last_candle:22-12-08 08:46 is_ready:True
2022-12-08 09:47:07 tech_manager: max_rows:32 candle_time:2022-12-08 08:46:00+00:00 granularity:M1
2022-12-08 09:47:08 process_candles:
       PAIR                      time    mid_c    mid_o   SL   TP   SPREAD      GAIN     LOSS  SIGNAL     BB_UP     BB_LW     BB_MA
26  GBP_USD 2022-12-08 08:42:00+00:00  1.21916  1.21924  0.0  0.0  0.00020  0.000103  1.21916       0  1.219857  1.218668  1.219263
27  GBP_USD 2022-12-08 08:43:00+00:00  1.21920  1.21920  0.0  0.0  0.00022  0.000059  1.21920       0  1.219855  1.218662  1.219259
28  GBP_USD 2022-12-08 08:44:00+00:00  1.21872  1.21918  0.0  0.0  0.00022  0.000544  1.21872       0  1.219836  1.218691  1.219264
29  GBP_USD 2022-12-08 08:45:00+00:00  1.21892  1.21872  0.0  0.0  0.00021  0.000332  1.21892       0  1.219869  1.218635  1.219252
30  GBP_USD 2022-12-08 08:46:00+00:00  1.21878  1.21891  0.0  0.0  0.00019  0.000455  1.21878       0  1.219891  1.218579  1.219235
2022-12-08 09:48:05 CandleManager() new candle:last_candle:22-12-08 08:47 is_ready:True
2022-12-08 09:48:07 tech_manager: max_rows:32 candle_time:2022-12-08 08:47:00+00:00 granularity:M1
2022-12-08 09:48:07 process_candles:
       PAIR                      time    mid_c    mid_o   SL   TP   SPREAD      GAIN     LOSS  SIGNAL     BB_UP     BB_LW     BB_MA
26  GBP_USD 2022-12-08 08:43:00+00:00  1.21920  1.21920  0.0  0.0  0.00022  0.000059  1.21920       0  1.219855  1.218662  1.219259
27  GBP_USD 2022-12-08 08:44:00+00:00  1.21872  1.21918  0.0  0.0  0.00022  0.000544  1.21872       0  1.219836  1.218691  1.219264
28  GBP_USD 2022-12-08 08:45:00+00:00  1.21892  1.21872  0.0  0.0  0.00021  0.000332  1.21892       0  1.219869  1.218635  1.219252
29  GBP_USD 2022-12-08 08:46:00+00:00  1.21878  1.21891  0.0  0.0  0.00019  0.000455  1.21878       0  1.219891  1.218579  1.219235
30  GBP_USD 2022-12-08 08:47:00+00:00  1.21852  1.21879  0.0  0.0  0.00021  0.000643  1.21852       0  1.219927  1.218400  1.219163
2022-12-08 09:49:04 CandleManager() new candle:last_candle:22-12-08 08:48 is_ready:True
2022-12-08 09:49:06 tech_manager: max_rows:32 candle_time:2022-12-08 08:48:00+00:00 granularity:M1
2022-12-08 09:49:07 process_candles:
       PAIR                      time    mid_c    mid_o   SL   TP   SPREAD      GAIN     LOSS  SIGNAL     BB_UP     BB_LW     BB_MA
26  GBP_USD 2022-12-08 08:44:00+00:00  1.21872  1.21918  0.0  0.0  0.00022  0.000544  1.21872       0  1.219836  1.218691  1.219264
27  GBP_USD 2022-12-08 08:45:00+00:00  1.21892  1.21872  0.0  0.0  0.00021  0.000332  1.21892       0  1.219869  1.218635  1.219252
28  GBP_USD 2022-12-08 08:46:00+00:00  1.21878  1.21891  0.0  0.0  0.00019  0.000455  1.21878       0  1.219891  1.218579  1.219235
29  GBP_USD 2022-12-08 08:47:00+00:00  1.21852  1.21879  0.0  0.0  0.00021  0.000643  1.21852       0  1.219927  1.218400  1.219163
30  GBP_USD 2022-12-08 08:48:00+00:00  1.21825  1.21852  0.0  0.0  0.00020  0.000815  1.21825       0  1.219960  1.218171  1.219065
2022-12-08 09:50:04 CandleManager() new candle:last_candle:22-12-08 08:49 is_ready:True
2022-12-08 09:50:05 tech_manager: max_rows:32 candle_time:2022-12-08 08:49:00+00:00 granularity:M1
2022-12-08 09:50:05 process_candles:
       PAIR                      time    mid_c    mid_o   SL   TP   SPREAD      GAIN     LOSS  SIGNAL     BB_UP     BB_LW     BB_MA
26  GBP_USD 2022-12-08 08:45:00+00:00  1.21892  1.21872  0.0  0.0  0.00021  0.000332  1.21892       0  1.219869  1.218635  1.219252
27  GBP_USD 2022-12-08 08:46:00+00:00  1.21878  1.21891  0.0  0.0  0.00019  0.000455  1.21878       0  1.219891  1.218579  1.219235
28  GBP_USD 2022-12-08 08:47:00+00:00  1.21852  1.21879  0.0  0.0  0.00021  0.000643  1.21852       0  1.219927  1.218400  1.219163
29  GBP_USD 2022-12-08 08:48:00+00:00  1.21825  1.21852  0.0  0.0  0.00020  0.000815  1.21825       0  1.219960  1.218171  1.219065
30  GBP_USD 2022-12-08 08:49:00+00:00  1.21845  1.21824  0.0  0.0  0.00018  0.000511  1.21845       0  1.219866  1.218056  1.218961
