2022-12-01 07:33:16 LogWrapper init() ./logs/GBP_JPY.log
2022-12-01 07:33:16 {'n_ma': 12, 'n_std': 2.5, 'maxspread': 0.04, 'mingain': 0.06, 'riskreward': 1.5, 'strategy': 'M', 'dim_lot': [1, 1.4, 1, 1.4, 1.9, 2.5, 3.3, 4.4], 'max_open_trades': 8, 'sl': 0.008, 'tp': 0.006, 'delta_sl_tp': 0.002, 'size': 50}
2022-12-01 07:33:18 CandleManager() init last_candle:last_candle:22-12-01 06:32 is_ready:False
2022-12-01 07:34:03 CandleManager() new candle:last_candle:22-12-01 06:33 is_ready:True
2022-12-01 07:34:05 tech_manager: max_rows:32 candle_time:2022-12-01 06:33:00+00:00 granularity:M1
2022-12-01 07:34:05 process_candles:
       PAIR                      time    mid_c    mid_o   SL   TP  SPREAD      GAIN     LOSS  SIGNAL       BB_UP       BB_LW       BB_MA
26  GBP_JPY 2022-12-01 06:29:00+00:00  164.987  164.993  0.0  0.0   0.038  0.020389  164.987       0  165.075152  164.939625  165.007389
27  GBP_JPY 2022-12-01 06:30:00+00:00  164.996  164.988  0.0  0.0   0.037  0.008944  164.996       0  165.072585  164.937304  165.004944
28  GBP_JPY 2022-12-01 06:31:00+00:00  165.004  164.995  0.0  0.0   0.037  0.000583  165.004       0  165.071868  164.937298  165.004583
29  GBP_JPY 2022-12-01 06:32:00+00:00  164.988  165.004  0.0  0.0   0.036  0.013250  164.988       0  165.064202  164.938298  165.001250
30  GBP_JPY 2022-12-01 06:33:00+00:00  165.053  164.987  0.0  0.0   0.036  0.052750  165.053       0  165.059145  164.941355  165.000250
2022-12-01 07:35:02 CandleManager() new candle:last_candle:22-12-01 06:34 is_ready:True
2022-12-01 07:35:04 tech_manager: max_rows:32 candle_time:2022-12-01 06:34:00+00:00 granularity:M1
2022-12-01 07:35:04 process_candles:
       PAIR                      time    mid_c    mid_o   SL   TP  SPREAD      GAIN     LOSS  SIGNAL       BB_UP       BB_LW       BB_MA
26  GBP_JPY 2022-12-01 06:30:00+00:00  164.996  164.988  0.0  0.0   0.037  0.008944  164.996       0  165.072585  164.937304  165.004944
27  GBP_JPY 2022-12-01 06:31:00+00:00  165.004  164.995  0.0  0.0   0.037  0.000583  165.004       0  165.071868  164.937298  165.004583
28  GBP_JPY 2022-12-01 06:32:00+00:00  164.988  165.004  0.0  0.0   0.036  0.013250  164.988       0  165.064202  164.938298  165.001250
29  GBP_JPY 2022-12-01 06:33:00+00:00  165.053  164.987  0.0  0.0   0.036  0.052750  165.053       0  165.059145  164.941355  165.000250
30  GBP_JPY 2022-12-01 06:34:00+00:00  165.048  165.050  0.0  0.0   0.039  0.048000  165.048       0  165.057695  164.942305  165.000000
2022-12-01 07:36:01 CandleManager() new candle:last_candle:22-12-01 06:35 is_ready:True
2022-12-01 07:36:03 tech_manager: max_rows:32 candle_time:2022-12-01 06:35:00+00:00 granularity:M1
2022-12-01 07:36:03 process_candles:
       PAIR                      time    mid_c    mid_o   SL   TP  SPREAD      GAIN     LOSS  SIGNAL       BB_UP       BB_LW       BB_MA
26  GBP_JPY 2022-12-01 06:31:00+00:00  165.004  164.995  0.0  0.0   0.037  0.000583  165.004       0  165.071868  164.937298  165.004583
27  GBP_JPY 2022-12-01 06:32:00+00:00  164.988  165.004  0.0  0.0   0.036  0.013250  164.988       0  165.064202  164.938298  165.001250
28  GBP_JPY 2022-12-01 06:33:00+00:00  165.053  164.987  0.0  0.0   0.036  0.052750  165.053       0  165.059145  164.941355  165.000250
29  GBP_JPY 2022-12-01 06:34:00+00:00  165.048  165.050  0.0  0.0   0.039  0.048000  165.048       0  165.057695  164.942305  165.000000
30  GBP_JPY 2022-12-01 06:35:00+00:00  165.066  165.045  0.0  0.0   0.035  0.062583  165.066       0  165.074866  164.931968  165.003417
2022-12-01 07:37:00 CandleManager() new candle:last_candle:22-12-01 06:36 is_ready:True
2022-12-01 07:37:02 tech_manager: max_rows:32 candle_time:2022-12-01 06:36:00+00:00 granularity:M1
2022-12-01 07:37:02 process_candles:
       PAIR                      time    mid_c    mid_o   SL   TP  SPREAD      GAIN     LOSS  SIGNAL       BB_UP       BB_LW       BB_MA
26  GBP_JPY 2022-12-01 06:32:00+00:00  164.988  165.004  0.0  0.0   0.036  0.013250  164.988       0  165.064202  164.938298  165.001250
27  GBP_JPY 2022-12-01 06:33:00+00:00  165.053  164.987  0.0  0.0   0.036  0.052750  165.053       0  165.059145  164.941355  165.000250
28  GBP_JPY 2022-12-01 06:34:00+00:00  165.048  165.050  0.0  0.0   0.039  0.048000  165.048       0  165.057695  164.942305  165.000000
29  GBP_JPY 2022-12-01 06:35:00+00:00  165.066  165.045  0.0  0.0   0.035  0.062583  165.066       0  165.074866  164.931968  165.003417
30  GBP_JPY 2022-12-01 06:36:00+00:00  165.038  165.063  0.0  0.0   0.035  0.031667  165.038       0  165.084336  164.928331  165.006333
2022-12-01 07:37:59 CandleManager() new candle:last_candle:22-12-01 06:37 is_ready:True
2022-12-01 07:38:00 tech_manager: max_rows:32 candle_time:2022-12-01 06:37:00+00:00 granularity:M1
2022-12-01 07:38:01 process_candles:
       PAIR                      time    mid_c    mid_o   SL   TP  SPREAD      GAIN     LOSS  SIGNAL       BB_UP       BB_LW       BB_MA
26  GBP_JPY 2022-12-01 06:33:00+00:00  165.053  164.987  0.0  0.0   0.036  0.052750  165.053       0  165.059145  164.941355  165.000250
27  GBP_JPY 2022-12-01 06:34:00+00:00  165.048  165.050  0.0  0.0   0.039  0.048000  165.048       0  165.057695  164.942305  165.000000
28  GBP_JPY 2022-12-01 06:35:00+00:00  165.066  165.045  0.0  0.0   0.035  0.062583  165.066       0  165.074866  164.931968  165.003417
29  GBP_JPY 2022-12-01 06:36:00+00:00  165.038  165.063  0.0  0.0   0.035  0.031667  165.038       0  165.084336  164.928331  165.006333
30  GBP_JPY 2022-12-01 06:37:00+00:00  165.039  165.036  0.0  0.0   0.040  0.028444  165.039       0  165.088640  164.932471  165.010556
2022-12-01 07:39:09 CandleManager() new candle:last_candle:22-12-01 06:38 is_ready:True
2022-12-01 07:39:11 tech_manager: max_rows:32 candle_time:2022-12-01 06:38:00+00:00 granularity:M1
2022-12-01 07:39:11 process_candles:
       PAIR                      time    mid_c    mid_o   SL   TP  SPREAD      GAIN     LOSS  SIGNAL       BB_UP       BB_LW       BB_MA
26  GBP_JPY 2022-12-01 06:34:00+00:00  165.048  165.050  0.0  0.0   0.039  0.048000  165.048       0  165.057695  164.942305  165.000000
27  GBP_JPY 2022-12-01 06:35:00+00:00  165.066  165.045  0.0  0.0   0.035  0.062583  165.066       0  165.074866  164.931968  165.003417
28  GBP_JPY 2022-12-01 06:36:00+00:00  165.038  165.063  0.0  0.0   0.035  0.031667  165.038       0  165.084336  164.928331  165.006333
29  GBP_JPY 2022-12-01 06:37:00+00:00  165.039  165.036  0.0  0.0   0.040  0.028444  165.039       0  165.088640  164.932471  165.010556
30  GBP_JPY 2022-12-01 06:38:00+00:00  165.075  165.041  0.0  0.0   0.038  0.055806  165.075       0  165.097247  164.941142  165.019194
2022-12-01 07:40:08 CandleManager() new candle:last_candle:22-12-01 06:39 is_ready:True
2022-12-01 07:40:10 tech_manager: max_rows:32 candle_time:2022-12-01 06:39:00+00:00 granularity:M1
2022-12-01 07:40:10 process_candles:
       PAIR                      time    mid_c    mid_o   SL   TP  SPREAD      GAIN     LOSS  SIGNAL       BB_UP       BB_LW       BB_MA
26  GBP_JPY 2022-12-01 06:35:00+00:00  165.066  165.045  0.0  0.0   0.035  0.062583  165.066       0  165.074866  164.931968  165.003417
27  GBP_JPY 2022-12-01 06:36:00+00:00  165.038  165.063  0.0  0.0   0.035  0.031667  165.038       0  165.084336  164.928331  165.006333
28  GBP_JPY 2022-12-01 06:37:00+00:00  165.039  165.036  0.0  0.0   0.040  0.028444  165.039       0  165.088640  164.932471  165.010556
29  GBP_JPY 2022-12-01 06:38:00+00:00  165.075  165.041  0.0  0.0   0.038  0.055806  165.075       0  165.097247  164.941142  165.019194
30  GBP_JPY 2022-12-01 06:39:00+00:00  165.088  165.076  0.0  0.0   0.037  0.059472  165.088       0  165.111435  164.945621  165.028528
2022-12-01 07:41:07 CandleManager() new candle:last_candle:22-12-01 06:40 is_ready:True
2022-12-01 07:41:09 tech_manager: max_rows:32 candle_time:2022-12-01 06:40:00+00:00 granularity:M1
2022-12-01 07:41:09 process_candles:
       PAIR                      time    mid_c    mid_o   SL   TP  SPREAD      GAIN     LOSS  SIGNAL       BB_UP       BB_LW       BB_MA
26  GBP_JPY 2022-12-01 06:36:00+00:00  165.038  165.063  0.0  0.0   0.035  0.031667  165.038       0  165.084336  164.928331  165.006333
27  GBP_JPY 2022-12-01 06:37:00+00:00  165.039  165.036  0.0  0.0   0.040  0.028444  165.039       0  165.088640  164.932471  165.010556
28  GBP_JPY 2022-12-01 06:38:00+00:00  165.075  165.041  0.0  0.0   0.038  0.055806  165.075       0  165.097247  164.941142  165.019194
29  GBP_JPY 2022-12-01 06:39:00+00:00  165.088  165.076  0.0  0.0   0.037  0.059472  165.088       0  165.111435  164.945621  165.028528
30  GBP_JPY 2022-12-01 06:40:00+00:00  165.082  165.089  0.0  0.0   0.038  0.045278  165.082       0  165.122418  164.951026  165.036722
