2022-12-08 08:26:41 LogWrapper init() ./logs/GBP_CHF.log
2022-12-08 08:26:41 {'n_ma': 12, 'n_std': 2.5, 'maxspread': 0.0004, 'mingain': 0.0006, 'riskreward': 1.5, 'strategy': 'M', 'dim_lot': [1, 1.4, 1, 1.4, 1.9, 2.5, 3.3, 4.4], 'max_open_trades': 8, 'sl': 0.008, 'tp': 0.006, 'delta_sl_tp': 0.002, 'size': 500}
2022-12-08 08:26:43 CandleManager() init last_candle:last_candle:22-12-08 07:25 is_ready:False
2022-12-08 08:27:06 CandleManager() new candle:last_candle:22-12-08 07:26 is_ready:True
2022-12-08 08:27:07 tech_manager: max_rows:32 candle_time:2022-12-08 07:26:00+00:00 granularity:M1
2022-12-08 08:27:07 process_candles:
       PAIR                      time    mid_c    mid_o   SL   TP   SPREAD      GAIN     LOSS  SIGNAL     BB_UP     BB_LW     BB_MA
26  GBP_CHF 2022-12-08 07:22:00+00:00  1.14844  1.14847  0.0  0.0  0.00023  0.000324  1.14844       0  1.148606  1.147626  1.148116
27  GBP_CHF 2022-12-08 07:23:00+00:00  1.14858  1.14844  0.0  0.0  0.00021  0.000407  1.14858       0  1.148691  1.147654  1.148173
28  GBP_CHF 2022-12-08 07:24:00+00:00  1.14864  1.14858  0.0  0.0  0.00022  0.000415  1.14864       0  1.148834  1.147617  1.148225
29  GBP_CHF 2022-12-08 07:25:00+00:00  1.14872  1.14864  0.0  0.0  0.00020  0.000439  1.14872       0  1.148973  1.147589  1.148281
30  GBP_CHF 2022-12-08 07:26:00+00:00  1.14834  1.14872  0.0  0.0  0.00022  0.000013  1.14834       0  1.148979  1.147674  1.148327
2022-12-08 08:28:05 CandleManager() new candle:last_candle:22-12-08 07:27 is_ready:True
2022-12-08 08:28:06 tech_manager: max_rows:32 candle_time:2022-12-08 07:27:00+00:00 granularity:M1
2022-12-08 08:28:06 process_candles:
       PAIR                      time    mid_c    mid_o   SL   TP   SPREAD      GAIN     LOSS  SIGNAL     BB_UP     BB_LW     BB_MA
26  GBP_CHF 2022-12-08 07:23:00+00:00  1.14858  1.14844  0.0  0.0  0.00021  0.000407  1.14858       0  1.148691  1.147654  1.148173
27  GBP_CHF 2022-12-08 07:24:00+00:00  1.14864  1.14858  0.0  0.0  0.00022  0.000415  1.14864       0  1.148834  1.147617  1.148225
28  GBP_CHF 2022-12-08 07:25:00+00:00  1.14872  1.14864  0.0  0.0  0.00020  0.000439  1.14872       0  1.148973  1.147589  1.148281
29  GBP_CHF 2022-12-08 07:26:00+00:00  1.14834  1.14872  0.0  0.0  0.00022  0.000013  1.14834       0  1.148979  1.147674  1.148327
30  GBP_CHF 2022-12-08 07:27:00+00:00  1.14844  1.14834  0.0  0.0  0.00023  0.000088  1.14844       0  1.148971  1.147732  1.148352
2022-12-08 08:29:04 CandleManager() new candle:last_candle:22-12-08 07:28 is_ready:True
2022-12-08 08:29:05 tech_manager: max_rows:32 candle_time:2022-12-08 07:28:00+00:00 granularity:M1
2022-12-08 08:29:05 process_candles:
       PAIR                      time    mid_c    mid_o   SL   TP   SPREAD      GAIN     LOSS  SIGNAL     BB_UP     BB_LW     BB_MA
26  GBP_CHF 2022-12-08 07:24:00+00:00  1.14864  1.14858  0.0  0.0  0.00022  0.000415  1.14864       0  1.148834  1.147617  1.148225
27  GBP_CHF 2022-12-08 07:25:00+00:00  1.14872  1.14864  0.0  0.0  0.00020  0.000439  1.14872       0  1.148973  1.147589  1.148281
28  GBP_CHF 2022-12-08 07:26:00+00:00  1.14834  1.14872  0.0  0.0  0.00022  0.000013  1.14834       0  1.148979  1.147674  1.148327
29  GBP_CHF 2022-12-08 07:27:00+00:00  1.14844  1.14834  0.0  0.0  0.00023  0.000088  1.14844       0  1.148971  1.147732  1.148352
30  GBP_CHF 2022-12-08 07:28:00+00:00  1.14832  1.14845  0.0  0.0  0.00023  0.000054  1.14832       0  1.148952  1.147796  1.148374
2022-12-08 08:30:03 CandleManager() new candle:last_candle:22-12-08 07:29 is_ready:True
2022-12-08 08:30:04 tech_manager: max_rows:32 candle_time:2022-12-08 07:29:00+00:00 granularity:M1
2022-12-08 08:30:04 process_candles:
       PAIR                      time    mid_c    mid_o   SL   TP   SPREAD      GAIN     LOSS  SIGNAL     BB_UP     BB_LW     BB_MA
26  GBP_CHF 2022-12-08 07:25:00+00:00  1.14872  1.14864  0.0  0.0  0.00020  0.000439  1.14872       0  1.148973  1.147589  1.148281
27  GBP_CHF 2022-12-08 07:26:00+00:00  1.14834  1.14872  0.0  0.0  0.00022  0.000013  1.14834       0  1.148979  1.147674  1.148327
28  GBP_CHF 2022-12-08 07:27:00+00:00  1.14844  1.14834  0.0  0.0  0.00023  0.000088  1.14844       0  1.148971  1.147732  1.148352
29  GBP_CHF 2022-12-08 07:28:00+00:00  1.14832  1.14845  0.0  0.0  0.00023  0.000054  1.14832       0  1.148952  1.147796  1.148374
30  GBP_CHF 2022-12-08 07:29:00+00:00  1.14836  1.14836  0.0  0.0  0.00021  0.000041  1.14836       0  1.148900  1.147902  1.148401
2022-12-08 08:31:15 CandleManager() new candle:last_candle:22-12-08 07:30 is_ready:True
2022-12-08 08:31:16 tech_manager: max_rows:32 candle_time:2022-12-08 07:30:00+00:00 granularity:M1
2022-12-08 08:31:16 process_candles:
       PAIR                      time    mid_c    mid_o   SL   TP   SPREAD      GAIN     LOSS  SIGNAL     BB_UP     BB_LW     BB_MA
26  GBP_CHF 2022-12-08 07:26:00+00:00  1.14834  1.14872  0.0  0.0  0.00022  0.000013  1.14834       0  1.148979  1.147674  1.148327
27  GBP_CHF 2022-12-08 07:27:00+00:00  1.14844  1.14834  0.0  0.0  0.00023  0.000088  1.14844       0  1.148971  1.147732  1.148352
28  GBP_CHF 2022-12-08 07:28:00+00:00  1.14832  1.14845  0.0  0.0  0.00023  0.000054  1.14832       0  1.148952  1.147796  1.148374
29  GBP_CHF 2022-12-08 07:29:00+00:00  1.14836  1.14836  0.0  0.0  0.00021  0.000041  1.14836       0  1.148900  1.147902  1.148401
30  GBP_CHF 2022-12-08 07:30:00+00:00  1.14824  1.14832  0.0  0.0  0.00027  0.000182  1.14824       0  1.148839  1.148004  1.148422
2022-12-08 08:32:14 CandleManager() new candle:last_candle:22-12-08 07:31 is_ready:True
2022-12-08 08:32:15 tech_manager: max_rows:32 candle_time:2022-12-08 07:31:00+00:00 granularity:M1
2022-12-08 08:32:15 process_candles:
       PAIR                      time    mid_c    mid_o   SL   TP   SPREAD      GAIN     LOSS  SIGNAL     BB_UP     BB_LW     BB_MA
26  GBP_CHF 2022-12-08 07:27:00+00:00  1.14844  1.14834  0.0  0.0  0.00023  0.000088  1.14844       0  1.148971  1.147732  1.148352
27  GBP_CHF 2022-12-08 07:28:00+00:00  1.14832  1.14845  0.0  0.0  0.00023  0.000054  1.14832       0  1.148952  1.147796  1.148374
28  GBP_CHF 2022-12-08 07:29:00+00:00  1.14836  1.14836  0.0  0.0  0.00021  0.000041  1.14836       0  1.148900  1.147902  1.148401
29  GBP_CHF 2022-12-08 07:30:00+00:00  1.14824  1.14832  0.0  0.0  0.00027  0.000182  1.14824       0  1.148839  1.148004  1.148422
30  GBP_CHF 2022-12-08 07:31:00+00:00  1.14828  1.14825  0.0  0.0  0.00027  0.000151  1.14828       0  1.148812  1.148051  1.148431
2022-12-08 08:33:00 CandleManager() new candle:last_candle:22-12-08 07:32 is_ready:True
2022-12-08 08:33:01 tech_manager: max_rows:32 candle_time:2022-12-08 07:32:00+00:00 granularity:M1
2022-12-08 08:33:02 process_candles:
       PAIR                      time    mid_c    mid_o   SL   TP   SPREAD      GAIN     LOSS  SIGNAL     BB_UP     BB_LW     BB_MA
26  GBP_CHF 2022-12-08 07:28:00+00:00  1.14832  1.14845  0.0  0.0  0.00023  0.000054  1.14832       0  1.148952  1.147796  1.148374
27  GBP_CHF 2022-12-08 07:29:00+00:00  1.14836  1.14836  0.0  0.0  0.00021  0.000041  1.14836       0  1.148900  1.147902  1.148401
28  GBP_CHF 2022-12-08 07:30:00+00:00  1.14824  1.14832  0.0  0.0  0.00027  0.000182  1.14824       0  1.148839  1.148004  1.148422
29  GBP_CHF 2022-12-08 07:31:00+00:00  1.14828  1.14825  0.0  0.0  0.00027  0.000151  1.14828       0  1.148812  1.148051  1.148431
30  GBP_CHF 2022-12-08 07:32:00+00:00  1.14828  1.14828  0.0  0.0  0.00024  0.000152  1.14828       0  1.148811  1.148052  1.148432
2022-12-08 08:34:10 CandleManager() new candle:last_candle:22-12-08 07:33 is_ready:True
2022-12-08 08:34:12 tech_manager: max_rows:32 candle_time:2022-12-08 07:33:00+00:00 granularity:M1
2022-12-08 08:34:12 process_candles:
       PAIR                      time    mid_c    mid_o   SL   TP   SPREAD      GAIN     LOSS  SIGNAL     BB_UP     BB_LW     BB_MA
26  GBP_CHF 2022-12-08 07:29:00+00:00  1.14836  1.14836  0.0  0.0  0.00021  0.000041  1.14836       0  1.148900  1.147902  1.148401
27  GBP_CHF 2022-12-08 07:30:00+00:00  1.14824  1.14832  0.0  0.0  0.00027  0.000182  1.14824       0  1.148839  1.148004  1.148422
28  GBP_CHF 2022-12-08 07:31:00+00:00  1.14828  1.14825  0.0  0.0  0.00027  0.000151  1.14828       0  1.148812  1.148051  1.148431
29  GBP_CHF 2022-12-08 07:32:00+00:00  1.14828  1.14828  0.0  0.0  0.00024  0.000152  1.14828       0  1.148811  1.148052  1.148432
30  GBP_CHF 2022-12-08 07:33:00+00:00  1.14822  1.14830  0.0  0.0  0.00025  0.000199  1.14822       0  1.148806  1.148033  1.148419
2022-12-08 08:35:09 CandleManager() new candle:last_candle:22-12-08 07:34 is_ready:True
2022-12-08 08:35:11 tech_manager: max_rows:32 candle_time:2022-12-08 07:34:00+00:00 granularity:M1
2022-12-08 08:35:11 process_candles:
       PAIR                      time    mid_c    mid_o   SL   TP   SPREAD      GAIN     LOSS  SIGNAL     BB_UP     BB_LW     BB_MA
26  GBP_CHF 2022-12-08 07:30:00+00:00  1.14824  1.14832  0.0  0.0  0.00027  0.000182  1.14824       0  1.148839  1.148004  1.148422
27  GBP_CHF 2022-12-08 07:31:00+00:00  1.14828  1.14825  0.0  0.0  0.00027  0.000151  1.14828       0  1.148812  1.148051  1.148431
28  GBP_CHF 2022-12-08 07:32:00+00:00  1.14828  1.14828  0.0  0.0  0.00024  0.000152  1.14828       0  1.148811  1.148052  1.148432
29  GBP_CHF 2022-12-08 07:33:00+00:00  1.14822  1.14830  0.0  0.0  0.00025  0.000199  1.14822       0  1.148806  1.148033  1.148419
30  GBP_CHF 2022-12-08 07:34:00+00:00  1.14830  1.14822  0.0  0.0  0.00023  0.000105  1.14830       0  1.148800  1.148009  1.148405
2022-12-08 08:36:08 CandleManager() new candle:last_candle:22-12-08 07:35 is_ready:True
2022-12-08 08:36:10 tech_manager: max_rows:32 candle_time:2022-12-08 07:35:00+00:00 granularity:M1
2022-12-08 08:36:10 process_candles:
       PAIR                      time    mid_c    mid_o   SL   TP   SPREAD      GAIN     LOSS  SIGNAL     BB_UP     BB_LW     BB_MA
26  GBP_CHF 2022-12-08 07:31:00+00:00  1.14828  1.14825  0.0  0.0  0.00027  0.000151  1.14828       0  1.148812  1.148051  1.148431
27  GBP_CHF 2022-12-08 07:32:00+00:00  1.14828  1.14828  0.0  0.0  0.00024  0.000152  1.14828       0  1.148811  1.148052  1.148432
28  GBP_CHF 2022-12-08 07:33:00+00:00  1.14822  1.14830  0.0  0.0  0.00025  0.000199  1.14822       0  1.148806  1.148033  1.148419
29  GBP_CHF 2022-12-08 07:34:00+00:00  1.14830  1.14822  0.0  0.0  0.00023  0.000105  1.14830       0  1.148800  1.148009  1.148405
30  GBP_CHF 2022-12-08 07:35:00+00:00  1.14850  1.14832  0.0  0.0  0.00025  0.000100  1.14850       0  1.148789  1.148012  1.148400
2022-12-08 08:37:07 CandleManager() new candle:last_candle:22-12-08 07:36 is_ready:True
2022-12-08 08:37:08 tech_manager: max_rows:32 candle_time:2022-12-08 07:36:00+00:00 granularity:M1
2022-12-08 08:37:09 process_candles:
       PAIR                      time    mid_c    mid_o   SL   TP   SPREAD      GAIN     LOSS  SIGNAL     BB_UP     BB_LW     BB_MA
26  GBP_CHF 2022-12-08 07:32:00+00:00  1.14828  1.14828  0.0  0.0  0.00024  0.000152  1.14828       0  1.148811  1.148052  1.148432
27  GBP_CHF 2022-12-08 07:33:00+00:00  1.14822  1.14830  0.0  0.0  0.00025  0.000199  1.14822       0  1.148806  1.148033  1.148419
28  GBP_CHF 2022-12-08 07:34:00+00:00  1.14830  1.14822  0.0  0.0  0.00023  0.000105  1.14830       0  1.148800  1.148009  1.148405
29  GBP_CHF 2022-12-08 07:35:00+00:00  1.14850  1.14832  0.0  0.0  0.00025  0.000100  1.14850       0  1.148789  1.148012  1.148400
30  GBP_CHF 2022-12-08 07:36:00+00:00  1.14818  1.14850  0.0  0.0  0.00019  0.000189  1.14818       0  1.148708  1.148031  1.148369
2022-12-08 08:38:06 CandleManager() new candle:last_candle:22-12-08 07:37 is_ready:True
2022-12-08 08:38:07 tech_manager: max_rows:32 candle_time:2022-12-08 07:37:00+00:00 granularity:M1
2022-12-08 08:38:08 process_candles:
       PAIR                      time    mid_c    mid_o   SL   TP   SPREAD      GAIN     LOSS  SIGNAL     BB_UP     BB_LW     BB_MA
26  GBP_CHF 2022-12-08 07:33:00+00:00  1.14822  1.14830  0.0  0.0  0.00025  0.000199  1.14822       0  1.148806  1.148033  1.148419
27  GBP_CHF 2022-12-08 07:34:00+00:00  1.14830  1.14822  0.0  0.0  0.00023  0.000105  1.14830       0  1.148800  1.148009  1.148405
28  GBP_CHF 2022-12-08 07:35:00+00:00  1.14850  1.14832  0.0  0.0  0.00025  0.000100  1.14850       0  1.148789  1.148012  1.148400
29  GBP_CHF 2022-12-08 07:36:00+00:00  1.14818  1.14850  0.0  0.0  0.00019  0.000189  1.14818       0  1.148708  1.148031  1.148369
30  GBP_CHF 2022-12-08 07:37:00+00:00  1.14796  1.14819  0.0  0.0  0.00027  0.000352  1.14796       0  1.148591  1.148034  1.148313
2022-12-08 08:39:05 CandleManager() new candle:last_candle:22-12-08 07:38 is_ready:True
2022-12-08 08:39:06 tech_manager: max_rows:32 candle_time:2022-12-08 07:38:00+00:00 granularity:M1
2022-12-08 08:39:07 process_candles:
       PAIR                      time    mid_c    mid_o   SL   TP   SPREAD      GAIN     LOSS  SIGNAL     BB_UP     BB_LW     BB_MA
26  GBP_CHF 2022-12-08 07:34:00+00:00  1.14830  1.14822  0.0  0.0  0.00023  0.000105  1.14830       0  1.148800  1.148009  1.148405
27  GBP_CHF 2022-12-08 07:35:00+00:00  1.14850  1.14832  0.0  0.0  0.00025  0.000100  1.14850       0  1.148789  1.148012  1.148400
28  GBP_CHF 2022-12-08 07:36:00+00:00  1.14818  1.14850  0.0  0.0  0.00019  0.000189  1.14818       0  1.148708  1.148031  1.148369
29  GBP_CHF 2022-12-08 07:37:00+00:00  1.14796  1.14819  0.0  0.0  0.00027  0.000352  1.14796       0  1.148591  1.148034  1.148313
30  GBP_CHF 2022-12-08 07:38:00+00:00  1.14800  1.14794  0.0  0.0  0.00024  0.000270  1.14800       0  1.148600  1.147939  1.148270
2022-12-08 08:40:04 CandleManager() new candle:last_candle:22-12-08 07:39 is_ready:True
2022-12-08 08:40:05 tech_manager: max_rows:32 candle_time:2022-12-08 07:39:00+00:00 granularity:M1
2022-12-08 08:40:06 process_candles:
       PAIR                      time    mid_c    mid_o   SL   TP   SPREAD      GAIN     LOSS  SIGNAL     BB_UP     BB_LW     BB_MA
26  GBP_CHF 2022-12-08 07:35:00+00:00  1.14850  1.14832  0.0  0.0  0.00025  0.000100  1.14850       0  1.148789  1.148012  1.148400
27  GBP_CHF 2022-12-08 07:36:00+00:00  1.14818  1.14850  0.0  0.0  0.00019  0.000189  1.14818       0  1.148708  1.148031  1.148369
28  GBP_CHF 2022-12-08 07:37:00+00:00  1.14796  1.14819  0.0  0.0  0.00027  0.000352  1.14796       0  1.148591  1.148034  1.148313
29  GBP_CHF 2022-12-08 07:38:00+00:00  1.14800  1.14794  0.0  0.0  0.00024  0.000270  1.14800       0  1.148600  1.147939  1.148270
30  GBP_CHF 2022-12-08 07:39:00+00:00  1.14809  1.14800  0.0  0.0  0.00024  0.000154  1.14809       0  1.148598  1.147889  1.148244
2022-12-08 08:41:03 CandleManager() new candle:last_candle:22-12-08 07:40 is_ready:True
2022-12-08 08:41:05 tech_manager: max_rows:32 candle_time:2022-12-08 07:40:00+00:00 granularity:M1
2022-12-08 08:41:05 process_candles:
       PAIR                      time    mid_c    mid_o   SL   TP   SPREAD      GAIN     LOSS  SIGNAL     BB_UP     BB_LW     BB_MA
26  GBP_CHF 2022-12-08 07:36:00+00:00  1.14818  1.14850  0.0  0.0  0.00019  0.000189  1.14818       0  1.148708  1.148031  1.148369
27  GBP_CHF 2022-12-08 07:37:00+00:00  1.14796  1.14819  0.0  0.0  0.00027  0.000352  1.14796       0  1.148591  1.148034  1.148313
28  GBP_CHF 2022-12-08 07:38:00+00:00  1.14800  1.14794  0.0  0.0  0.00024  0.000270  1.14800       0  1.148600  1.147939  1.148270
29  GBP_CHF 2022-12-08 07:39:00+00:00  1.14809  1.14800  0.0  0.0  0.00024  0.000154  1.14809       0  1.148598  1.147889  1.148244
30  GBP_CHF 2022-12-08 07:40:00+00:00  1.14796  1.14808  0.0  0.0  0.00023  0.000256  1.14796       0  1.148602  1.147829  1.148216
2022-12-08 08:42:03 CandleManager() new candle:last_candle:22-12-08 07:41 is_ready:True
2022-12-08 08:42:05 tech_manager: max_rows:32 candle_time:2022-12-08 07:41:00+00:00 granularity:M1
2022-12-08 08:42:05 process_candles:
       PAIR                      time    mid_c    mid_o   SL   TP   SPREAD      GAIN     LOSS  SIGNAL     BB_UP     BB_LW     BB_MA
26  GBP_CHF 2022-12-08 07:37:00+00:00  1.14796  1.14819  0.0  0.0  0.00027  0.000352  1.14796       0  1.148591  1.148034  1.148313
27  GBP_CHF 2022-12-08 07:38:00+00:00  1.14800  1.14794  0.0  0.0  0.00024  0.000270  1.14800       0  1.148600  1.147939  1.148270
28  GBP_CHF 2022-12-08 07:39:00+00:00  1.14809  1.14800  0.0  0.0  0.00024  0.000154  1.14809       0  1.148598  1.147889  1.148244
29  GBP_CHF 2022-12-08 07:40:00+00:00  1.14796  1.14808  0.0  0.0  0.00023  0.000256  1.14796       0  1.148602  1.147829  1.148216
30  GBP_CHF 2022-12-08 07:41:00+00:00  1.14780  1.14797  0.0  0.0  0.00025  0.000376  1.14780       0  1.148638  1.147714  1.148176
2022-12-08 08:43:04 CandleManager() new candle:last_candle:22-12-08 07:42 is_ready:True
2022-12-08 08:43:05 tech_manager: max_rows:32 candle_time:2022-12-08 07:42:00+00:00 granularity:M1
2022-12-08 08:43:05 process_candles:
       PAIR                      time    mid_c    mid_o   SL   TP   SPREAD      GAIN     LOSS  SIGNAL     BB_UP     BB_LW     BB_MA
26  GBP_CHF 2022-12-08 07:38:00+00:00  1.14800  1.14794  0.0  0.0  0.00024  0.000270  1.14800       0  1.148600  1.147939  1.148270
27  GBP_CHF 2022-12-08 07:39:00+00:00  1.14809  1.14800  0.0  0.0  0.00024  0.000154  1.14809       0  1.148598  1.147889  1.148244
28  GBP_CHF 2022-12-08 07:40:00+00:00  1.14796  1.14808  0.0  0.0  0.00023  0.000256  1.14796       0  1.148602  1.147829  1.148216
29  GBP_CHF 2022-12-08 07:41:00+00:00  1.14780  1.14797  0.0  0.0  0.00025  0.000376  1.14780       0  1.148638  1.147714  1.148176
30  GBP_CHF 2022-12-08 07:42:00+00:00  1.14781  1.14778  0.0  0.0  0.00024  0.000327  1.14781       0  1.148664  1.147610  1.148137
2022-12-08 08:44:02 CandleManager() new candle:last_candle:22-12-08 07:43 is_ready:True
2022-12-08 08:44:03 tech_manager: max_rows:32 candle_time:2022-12-08 07:43:00+00:00 granularity:M1
2022-12-08 08:44:03 process_candles:
       PAIR                      time    mid_c    mid_o   SL   TP   SPREAD      GAIN     LOSS  SIGNAL     BB_UP     BB_LW     BB_MA
26  GBP_CHF 2022-12-08 07:39:00+00:00  1.14809  1.14800  0.0  0.0  0.00024  0.000154  1.14809       0  1.148598  1.147889  1.148244
27  GBP_CHF 2022-12-08 07:40:00+00:00  1.14796  1.14808  0.0  0.0  0.00023  0.000256  1.14796       0  1.148602  1.147829  1.148216
28  GBP_CHF 2022-12-08 07:41:00+00:00  1.14780  1.14797  0.0  0.0  0.00025  0.000376  1.14780       0  1.148638  1.147714  1.148176
29  GBP_CHF 2022-12-08 07:42:00+00:00  1.14781  1.14778  0.0  0.0  0.00024  0.000327  1.14781       0  1.148664  1.147610  1.148137
30  GBP_CHF 2022-12-08 07:43:00+00:00  1.14780  1.14786  0.0  0.0  0.00027  0.000299  1.14780       0  1.148665  1.147533  1.148099
2022-12-08 08:45:13 CandleManager() new candle:last_candle:22-12-08 07:44 is_ready:True
2022-12-08 08:45:15 tech_manager: max_rows:32 candle_time:2022-12-08 07:44:00+00:00 granularity:M1
2022-12-08 08:45:15 process_candles:
       PAIR                      time    mid_c    mid_o   SL   TP   SPREAD      GAIN     LOSS  SIGNAL     BB_UP     BB_LW     BB_MA
26  GBP_CHF 2022-12-08 07:40:00+00:00  1.14796  1.14808  0.0  0.0  0.00023  0.000256  1.14796       0  1.148602  1.147829  1.148216
27  GBP_CHF 2022-12-08 07:41:00+00:00  1.14780  1.14797  0.0  0.0  0.00025  0.000376  1.14780       0  1.148638  1.147714  1.148176
28  GBP_CHF 2022-12-08 07:42:00+00:00  1.14781  1.14778  0.0  0.0  0.00024  0.000327  1.14781       0  1.148664  1.147610  1.148137
29  GBP_CHF 2022-12-08 07:43:00+00:00  1.14780  1.14786  0.0  0.0  0.00027  0.000299  1.14780       0  1.148665  1.147533  1.148099
30  GBP_CHF 2022-12-08 07:44:00+00:00  1.14768  1.14778  0.0  0.0  0.00025  0.000370  1.14768       0  1.148658  1.147442  1.148050
2022-12-08 08:46:13 CandleManager() new candle:last_candle:22-12-08 07:45 is_ready:True
2022-12-08 08:46:15 tech_manager: max_rows:32 candle_time:2022-12-08 07:45:00+00:00 granularity:M1
2022-12-08 08:46:15 process_candles:
       PAIR                      time    mid_c    mid_o   SL   TP   SPREAD      GAIN     LOSS  SIGNAL     BB_UP     BB_LW     BB_MA
26  GBP_CHF 2022-12-08 07:41:00+00:00  1.14780  1.14797  0.0  0.0  0.00025  0.000376  1.14780       0  1.148638  1.147714  1.148176
27  GBP_CHF 2022-12-08 07:42:00+00:00  1.14781  1.14778  0.0  0.0  0.00024  0.000327  1.14781       0  1.148664  1.147610  1.148137
28  GBP_CHF 2022-12-08 07:43:00+00:00  1.14780  1.14786  0.0  0.0  0.00027  0.000299  1.14780       0  1.148665  1.147533  1.148099
29  GBP_CHF 2022-12-08 07:44:00+00:00  1.14768  1.14778  0.0  0.0  0.00025  0.000370  1.14768       0  1.148658  1.147442  1.148050
30  GBP_CHF 2022-12-08 07:45:00+00:00  1.14768  1.14767  0.0  0.0  0.00021  0.000316  1.14768       0  1.148619  1.147373  1.147996
2022-12-08 08:47:11 CandleManager() new candle:last_candle:22-12-08 07:46 is_ready:True
2022-12-08 08:47:13 tech_manager: max_rows:32 candle_time:2022-12-08 07:46:00+00:00 granularity:M1
2022-12-08 08:47:13 process_candles:
       PAIR                      time    mid_c    mid_o   SL   TP   SPREAD      GAIN     LOSS  SIGNAL     BB_UP     BB_LW     BB_MA
26  GBP_CHF 2022-12-08 07:42:00+00:00  1.14781  1.14778  0.0  0.0  0.00024  0.000327  1.14781       0  1.148664  1.147610  1.148137
27  GBP_CHF 2022-12-08 07:43:00+00:00  1.14780  1.14786  0.0  0.0  0.00027  0.000299  1.14780       0  1.148665  1.147533  1.148099
28  GBP_CHF 2022-12-08 07:44:00+00:00  1.14768  1.14778  0.0  0.0  0.00025  0.000370  1.14768       0  1.148658  1.147442  1.148050
29  GBP_CHF 2022-12-08 07:45:00+00:00  1.14768  1.14767  0.0  0.0  0.00021  0.000316  1.14768       0  1.148619  1.147373  1.147996
30  GBP_CHF 2022-12-08 07:46:00+00:00  1.14770  1.14768  0.0  0.0  0.00020  0.000243  1.14770       0  1.148565  1.147321  1.147943
2022-12-08 08:48:10 CandleManager() new candle:last_candle:22-12-08 07:47 is_ready:True
2022-12-08 08:48:12 tech_manager: max_rows:32 candle_time:2022-12-08 07:47:00+00:00 granularity:M1
2022-12-08 08:48:12 process_candles:
       PAIR                      time    mid_c    mid_o   SL   TP   SPREAD      GAIN     LOSS  SIGNAL     BB_UP     BB_LW     BB_MA
26  GBP_CHF 2022-12-08 07:43:00+00:00  1.14780  1.14786  0.0  0.0  0.00027  0.000299  1.14780       0  1.148665  1.147533  1.148099
27  GBP_CHF 2022-12-08 07:44:00+00:00  1.14768  1.14778  0.0  0.0  0.00025  0.000370  1.14768       0  1.148658  1.147442  1.148050
28  GBP_CHF 2022-12-08 07:45:00+00:00  1.14768  1.14767  0.0  0.0  0.00021  0.000316  1.14768       0  1.148619  1.147373  1.147996
29  GBP_CHF 2022-12-08 07:46:00+00:00  1.14770  1.14768  0.0  0.0  0.00020  0.000243  1.14770       0  1.148565  1.147321  1.147943
30  GBP_CHF 2022-12-08 07:47:00+00:00  1.14765  1.14768  0.0  0.0  0.00028  0.000226  1.14765       0  1.148372  1.147379  1.147876
2022-12-08 08:49:10 CandleManager() new candle:last_candle:22-12-08 07:48 is_ready:True
2022-12-08 08:49:11 tech_manager: max_rows:32 candle_time:2022-12-08 07:48:00+00:00 granularity:M1
2022-12-08 08:49:11 process_candles:
       PAIR                      time    mid_c    mid_o   SL   TP   SPREAD      GAIN     LOSS  SIGNAL     BB_UP     BB_LW     BB_MA
26  GBP_CHF 2022-12-08 07:44:00+00:00  1.14768  1.14778  0.0  0.0  0.00025  0.000370  1.14768       0  1.148658  1.147442  1.148050
27  GBP_CHF 2022-12-08 07:45:00+00:00  1.14768  1.14767  0.0  0.0  0.00021  0.000316  1.14768       0  1.148619  1.147373  1.147996
28  GBP_CHF 2022-12-08 07:46:00+00:00  1.14770  1.14768  0.0  0.0  0.00020  0.000243  1.14770       0  1.148565  1.147321  1.147943
29  GBP_CHF 2022-12-08 07:47:00+00:00  1.14765  1.14768  0.0  0.0  0.00028  0.000226  1.14765       0  1.148372  1.147379  1.147876
30  GBP_CHF 2022-12-08 07:48:00+00:00  1.14741  1.14765  0.0  0.0  0.00026  0.000399  1.14741       0  1.148262  1.147356  1.147809
2022-12-08 08:50:09 CandleManager() new candle:last_candle:22-12-08 07:49 is_ready:True
2022-12-08 08:50:10 tech_manager: max_rows:32 candle_time:2022-12-08 07:49:00+00:00 granularity:M1
2022-12-08 08:50:10 process_candles:
       PAIR                      time    mid_c    mid_o   SL   TP   SPREAD      GAIN     LOSS  SIGNAL     BB_UP     BB_LW     BB_MA
26  GBP_CHF 2022-12-08 07:45:00+00:00  1.14768  1.14767  0.0  0.0  0.00021  0.000316  1.14768       0  1.148619  1.147373  1.147996
27  GBP_CHF 2022-12-08 07:46:00+00:00  1.14770  1.14768  0.0  0.0  0.00020  0.000243  1.14770       0  1.148565  1.147321  1.147943
28  GBP_CHF 2022-12-08 07:47:00+00:00  1.14765  1.14768  0.0  0.0  0.00028  0.000226  1.14765       0  1.148372  1.147379  1.147876
29  GBP_CHF 2022-12-08 07:48:00+00:00  1.14741  1.14765  0.0  0.0  0.00026  0.000399  1.14741       0  1.148262  1.147356  1.147809
30  GBP_CHF 2022-12-08 07:49:00+00:00  1.14758  1.14742  0.0  0.0  0.00024  0.000188  1.14758       0  1.148214  1.147322  1.147768
2022-12-08 08:51:08 CandleManager() new candle:last_candle:22-12-08 07:50 is_ready:True
2022-12-08 08:51:10 tech_manager: max_rows:32 candle_time:2022-12-08 07:50:00+00:00 granularity:M1
2022-12-08 08:51:10 process_candles:
       PAIR                      time    mid_c    mid_o   SL   TP   SPREAD      GAIN     LOSS  SIGNAL     BB_UP     BB_LW     BB_MA
26  GBP_CHF 2022-12-08 07:46:00+00:00  1.14770  1.14768  0.0  0.0  0.00020  0.000243  1.14770       0  1.148565  1.147321  1.147943
27  GBP_CHF 2022-12-08 07:47:00+00:00  1.14765  1.14768  0.0  0.0  0.00028  0.000226  1.14765       0  1.148372  1.147379  1.147876
28  GBP_CHF 2022-12-08 07:48:00+00:00  1.14741  1.14765  0.0  0.0  0.00026  0.000399  1.14741       0  1.148262  1.147356  1.147809
29  GBP_CHF 2022-12-08 07:49:00+00:00  1.14758  1.14742  0.0  0.0  0.00024  0.000188  1.14758       0  1.148214  1.147322  1.147768
30  GBP_CHF 2022-12-08 07:50:00+00:00  1.14742  1.14756  0.0  0.0  0.00022  0.000306  1.14742       0  1.148185  1.147267  1.147726
2022-12-08 08:52:07 CandleManager() new candle:last_candle:22-12-08 07:51 is_ready:True
2022-12-08 08:52:09 tech_manager: max_rows:32 candle_time:2022-12-08 07:51:00+00:00 granularity:M1
2022-12-08 08:52:09 process_candles:
       PAIR                      time    mid_c    mid_o   SL   TP   SPREAD      GAIN     LOSS  SIGNAL     BB_UP     BB_LW     BB_MA
26  GBP_CHF 2022-12-08 07:47:00+00:00  1.14765  1.14768  0.0  0.0  0.00028  0.000226  1.14765       0  1.148372  1.147379  1.147876
27  GBP_CHF 2022-12-08 07:48:00+00:00  1.14741  1.14765  0.0  0.0  0.00026  0.000399  1.14741       0  1.148262  1.147356  1.147809
28  GBP_CHF 2022-12-08 07:49:00+00:00  1.14758  1.14742  0.0  0.0  0.00024  0.000188  1.14758       0  1.148214  1.147322  1.147768
29  GBP_CHF 2022-12-08 07:50:00+00:00  1.14742  1.14756  0.0  0.0  0.00022  0.000306  1.14742       0  1.148185  1.147267  1.147726
30  GBP_CHF 2022-12-08 07:51:00+00:00  1.14744  1.14746  0.0  0.0  0.00026  0.000234  1.14744       0  1.148098  1.147250  1.147674
2022-12-08 08:53:06 CandleManager() new candle:last_candle:22-12-08 07:52 is_ready:True
2022-12-08 08:53:08 tech_manager: max_rows:32 candle_time:2022-12-08 07:52:00+00:00 granularity:M1
2022-12-08 08:53:08 process_candles:
       PAIR                      time    mid_c    mid_o   SL   TP   SPREAD      GAIN     LOSS  SIGNAL     BB_UP     BB_LW     BB_MA
26  GBP_CHF 2022-12-08 07:48:00+00:00  1.14741  1.14765  0.0  0.0  0.00026  0.000399  1.14741       0  1.148262  1.147356  1.147809
27  GBP_CHF 2022-12-08 07:49:00+00:00  1.14758  1.14742  0.0  0.0  0.00024  0.000188  1.14758       0  1.148214  1.147322  1.147768
28  GBP_CHF 2022-12-08 07:50:00+00:00  1.14742  1.14756  0.0  0.0  0.00022  0.000306  1.14742       0  1.148185  1.147267  1.147726
29  GBP_CHF 2022-12-08 07:51:00+00:00  1.14744  1.14746  0.0  0.0  0.00026  0.000234  1.14744       0  1.148098  1.147250  1.147674
30  GBP_CHF 2022-12-08 07:52:00+00:00  1.14750  1.14744  0.0  0.0  0.00021  0.000131  1.14750       0  1.147988  1.147274  1.147631
2022-12-08 08:54:05 CandleManager() new candle:last_candle:22-12-08 07:53 is_ready:True
2022-12-08 08:54:07 tech_manager: max_rows:32 candle_time:2022-12-08 07:53:00+00:00 granularity:M1
2022-12-08 08:54:07 process_candles:
       PAIR                      time    mid_c    mid_o   SL   TP   SPREAD      GAIN     LOSS  SIGNAL     BB_UP     BB_LW     BB_MA
26  GBP_CHF 2022-12-08 07:49:00+00:00  1.14758  1.14742  0.0  0.0  0.00024  0.000188  1.14758       0  1.148214  1.147322  1.147768
27  GBP_CHF 2022-12-08 07:50:00+00:00  1.14742  1.14756  0.0  0.0  0.00022  0.000306  1.14742       0  1.148185  1.147267  1.147726
28  GBP_CHF 2022-12-08 07:51:00+00:00  1.14744  1.14746  0.0  0.0  0.00026  0.000234  1.14744       0  1.148098  1.147250  1.147674
29  GBP_CHF 2022-12-08 07:52:00+00:00  1.14750  1.14744  0.0  0.0  0.00021  0.000131  1.14750       0  1.147988  1.147274  1.147631
30  GBP_CHF 2022-12-08 07:53:00+00:00  1.14748  1.14750  0.0  0.0  0.00021  0.000120  1.14748       0  1.147934  1.147266  1.147600
2022-12-08 08:55:05 CandleManager() new candle:last_candle:22-12-08 07:54 is_ready:True
2022-12-08 08:55:06 tech_manager: max_rows:32 candle_time:2022-12-08 07:54:00+00:00 granularity:M1
2022-12-08 08:55:06 process_candles:
       PAIR                      time    mid_c    mid_o   SL   TP   SPREAD      GAIN     LOSS  SIGNAL     BB_UP     BB_LW     BB_MA
26  GBP_CHF 2022-12-08 07:50:00+00:00  1.14742  1.14756  0.0  0.0  0.00022  0.000306  1.14742       0  1.148185  1.147267  1.147726
27  GBP_CHF 2022-12-08 07:51:00+00:00  1.14744  1.14746  0.0  0.0  0.00026  0.000234  1.14744       0  1.148098  1.147250  1.147674
28  GBP_CHF 2022-12-08 07:52:00+00:00  1.14750  1.14744  0.0  0.0  0.00021  0.000131  1.14750       0  1.147988  1.147274  1.147631
29  GBP_CHF 2022-12-08 07:53:00+00:00  1.14748  1.14750  0.0  0.0  0.00021  0.000120  1.14748       0  1.147934  1.147266  1.147600
30  GBP_CHF 2022-12-08 07:54:00+00:00  1.14708  1.14752  0.0  0.0  0.00027  0.000472  1.14708       0  1.147945  1.147158  1.147552
2022-12-08 08:56:04 CandleManager() new candle:last_candle:22-12-08 07:55 is_ready:True
2022-12-08 08:56:05 tech_manager: max_rows:32 candle_time:2022-12-08 07:55:00+00:00 granularity:M1
2022-12-08 08:56:05 process_candles:
       PAIR                      time    mid_c    mid_o        SL        TP   SPREAD      GAIN      LOSS  SIGNAL     BB_UP     BB_LW     BB_MA
26  GBP_CHF 2022-12-08 07:51:00+00:00  1.14744  1.14746  0.000000  0.000000  0.00026  0.000234  1.147440       0  1.148098  1.147250  1.147674
27  GBP_CHF 2022-12-08 07:52:00+00:00  1.14750  1.14744  0.000000  0.000000  0.00021  0.000131  1.147500       0  1.147988  1.147274  1.147631
28  GBP_CHF 2022-12-08 07:53:00+00:00  1.14748  1.14750  0.000000  0.000000  0.00021  0.000120  1.147480       0  1.147934  1.147266  1.147600
29  GBP_CHF 2022-12-08 07:54:00+00:00  1.14708  1.14752  0.000000  0.000000  0.00027  0.000472  1.147080       0  1.147945  1.147158  1.147552
30  GBP_CHF 2022-12-08 07:55:00+00:00  1.14650  1.14708  1.145863  1.147455  0.00024  0.000955  0.000637       1  1.148173  1.146737  1.147455
2022-12-08 08:56:05 Place Trade: TradeDecision(): GBP_CHF dir:1 gain:0.0010 sl:1.1459 tp:1.1475
2022-12-08 08:56:06 placed trade_id:430 for TradeDecision(): GBP_CHF dir:1 gain:0.0010 sl:1.1459 tp:1.1475 , strategy M, traded units 500 , strategy_state {'price_trades': [1.1465], 'unit_trades': [500], 'signals': [1], 'current_n_ot': 1, 'sl': 1.1385, 'tp': 1.1525}
2022-12-08 08:57:07 CandleManager() new candle:last_candle:22-12-08 07:56 is_ready:True
2022-12-08 08:57:08 tech_manager: max_rows:32 candle_time:2022-12-08 07:56:00+00:00 granularity:M1
2022-12-08 08:57:08 process_candles:
       PAIR                      time    mid_c    mid_o   SL   TP   SPREAD      GAIN     LOSS  SIGNAL     BB_UP     BB_LW     BB_MA
26  GBP_CHF 2022-12-08 07:52:00+00:00  1.14750  1.14744  0.0  0.0  0.00021  0.000131  1.14750       0  1.147988  1.147274  1.147631
27  GBP_CHF 2022-12-08 07:53:00+00:00  1.14748  1.14750  0.0  0.0  0.00021  0.000120  1.14748       0  1.147934  1.147266  1.147600
28  GBP_CHF 2022-12-08 07:54:00+00:00  1.14708  1.14752  0.0  0.0  0.00027  0.000472  1.14708       0  1.147945  1.147158  1.147552
29  GBP_CHF 2022-12-08 07:55:00+00:00  1.14650  1.14708  0.0  0.0  0.00024  0.000955  1.14650       0  1.148173  1.146737  1.147455
30  GBP_CHF 2022-12-08 07:56:00+00:00  1.14664  1.14653  0.0  0.0  0.00023  0.000722  1.14664       0  1.148279  1.146446  1.147363
2022-12-08 08:58:06 CandleManager() new candle:last_candle:22-12-08 07:57 is_ready:True
2022-12-08 08:58:08 tech_manager: max_rows:32 candle_time:2022-12-08 07:57:00+00:00 granularity:M1
2022-12-08 08:58:08 process_candles:
       PAIR                      time    mid_c    mid_o   SL   TP   SPREAD      GAIN     LOSS  SIGNAL     BB_UP     BB_LW     BB_MA
26  GBP_CHF 2022-12-08 07:53:00+00:00  1.14748  1.14750  0.0  0.0  0.00021  0.000120  1.14748       0  1.147934  1.147266  1.147600
27  GBP_CHF 2022-12-08 07:54:00+00:00  1.14708  1.14752  0.0  0.0  0.00027  0.000472  1.14708       0  1.147945  1.147158  1.147552
28  GBP_CHF 2022-12-08 07:55:00+00:00  1.14650  1.14708  0.0  0.0  0.00024  0.000955  1.14650       0  1.148173  1.146737  1.147455
29  GBP_CHF 2022-12-08 07:56:00+00:00  1.14664  1.14653  0.0  0.0  0.00023  0.000722  1.14664       0  1.148279  1.146446  1.147363
30  GBP_CHF 2022-12-08 07:57:00+00:00  1.14658  1.14665  0.0  0.0  0.00027  0.000692  1.14658       0  1.148307  1.146237  1.147272
2022-12-08 08:59:05 CandleManager() new candle:last_candle:22-12-08 07:58 is_ready:True
2022-12-08 08:59:07 tech_manager: max_rows:32 candle_time:2022-12-08 07:58:00+00:00 granularity:M1
2022-12-08 08:59:07 process_candles:
       PAIR                      time    mid_c    mid_o   SL   TP   SPREAD      GAIN     LOSS  SIGNAL     BB_UP     BB_LW     BB_MA
26  GBP_CHF 2022-12-08 07:54:00+00:00  1.14708  1.14752  0.0  0.0  0.00027  0.000472  1.14708       0  1.147945  1.147158  1.147552
27  GBP_CHF 2022-12-08 07:55:00+00:00  1.14650  1.14708  0.0  0.0  0.00024  0.000955  1.14650       0  1.148173  1.146737  1.147455
28  GBP_CHF 2022-12-08 07:56:00+00:00  1.14664  1.14653  0.0  0.0  0.00023  0.000722  1.14664       0  1.148279  1.146446  1.147363
29  GBP_CHF 2022-12-08 07:57:00+00:00  1.14658  1.14665  0.0  0.0  0.00027  0.000692  1.14658       0  1.148307  1.146237  1.147272
30  GBP_CHF 2022-12-08 07:58:00+00:00  1.14646  1.14656  0.0  0.0  0.00021  0.000721  1.14646       0  1.148284  1.146078  1.147181
2022-12-08 09:00:04 CandleManager() new candle:last_candle:22-12-08 07:59 is_ready:True
2022-12-08 09:00:06 tech_manager: max_rows:32 candle_time:2022-12-08 07:59:00+00:00 granularity:M1
2022-12-08 09:00:06 process_candles:
       PAIR                      time    mid_c    mid_o   SL   TP   SPREAD      GAIN     LOSS  SIGNAL     BB_UP     BB_LW     BB_MA
26  GBP_CHF 2022-12-08 07:55:00+00:00  1.14650  1.14708  0.0  0.0  0.00024  0.000955  1.14650       0  1.148173  1.146737  1.147455
27  GBP_CHF 2022-12-08 07:56:00+00:00  1.14664  1.14653  0.0  0.0  0.00023  0.000722  1.14664       0  1.148279  1.146446  1.147363
28  GBP_CHF 2022-12-08 07:57:00+00:00  1.14658  1.14665  0.0  0.0  0.00027  0.000692  1.14658       0  1.148307  1.146237  1.147272
29  GBP_CHF 2022-12-08 07:58:00+00:00  1.14646  1.14656  0.0  0.0  0.00021  0.000721  1.14646       0  1.148284  1.146078  1.147181
30  GBP_CHF 2022-12-08 07:59:00+00:00  1.14682  1.14650  0.0  0.0  0.00021  0.000284  1.14682       0  1.148182  1.146026  1.147104
2022-12-08 09:01:03 CandleManager() new candle:last_candle:22-12-08 08:00 is_ready:True
2022-12-08 09:01:05 tech_manager: max_rows:32 candle_time:2022-12-08 08:00:00+00:00 granularity:M1
2022-12-08 09:01:05 process_candles:
       PAIR                      time    mid_c    mid_o   SL   TP   SPREAD      GAIN     LOSS  SIGNAL     BB_UP     BB_LW     BB_MA
26  GBP_CHF 2022-12-08 07:56:00+00:00  1.14664  1.14653  0.0  0.0  0.00023  0.000722  1.14664       0  1.148279  1.146446  1.147363
27  GBP_CHF 2022-12-08 07:57:00+00:00  1.14658  1.14665  0.0  0.0  0.00027  0.000692  1.14658       0  1.148307  1.146237  1.147272
28  GBP_CHF 2022-12-08 07:58:00+00:00  1.14646  1.14656  0.0  0.0  0.00021  0.000721  1.14646       0  1.148284  1.146078  1.147181
29  GBP_CHF 2022-12-08 07:59:00+00:00  1.14682  1.14650  0.0  0.0  0.00021  0.000284  1.14682       0  1.148182  1.146026  1.147104
30  GBP_CHF 2022-12-08 08:00:00+00:00  1.14648  1.14682  0.0  0.0  0.00026  0.000550  1.14648       0  1.148118  1.145943  1.147030
2022-12-08 09:02:03 CandleManager() new candle:last_candle:22-12-08 08:01 is_ready:True
2022-12-08 09:02:04 tech_manager: max_rows:32 candle_time:2022-12-08 08:01:00+00:00 granularity:M1
2022-12-08 09:02:04 process_candles:
       PAIR                      time    mid_c    mid_o   SL   TP   SPREAD      GAIN     LOSS  SIGNAL     BB_UP     BB_LW     BB_MA
26  GBP_CHF 2022-12-08 07:57:00+00:00  1.14658  1.14665  0.0  0.0  0.00027  0.000692  1.14658       0  1.148307  1.146237  1.147272
27  GBP_CHF 2022-12-08 07:58:00+00:00  1.14646  1.14656  0.0  0.0  0.00021  0.000721  1.14646       0  1.148284  1.146078  1.147181
28  GBP_CHF 2022-12-08 07:59:00+00:00  1.14682  1.14650  0.0  0.0  0.00021  0.000284  1.14682       0  1.148182  1.146026  1.147104
29  GBP_CHF 2022-12-08 08:00:00+00:00  1.14648  1.14682  0.0  0.0  0.00026  0.000550  1.14648       0  1.148118  1.145943  1.147030
30  GBP_CHF 2022-12-08 08:01:00+00:00  1.14634  1.14646  0.0  0.0  0.00023  0.000591  1.14634       0  1.148033  1.145828  1.146931
2022-12-08 09:03:02 CandleManager() new candle:last_candle:22-12-08 08:02 is_ready:True
2022-12-08 09:03:03 tech_manager: max_rows:32 candle_time:2022-12-08 08:02:00+00:00 granularity:M1
2022-12-08 09:03:03 process_candles:
       PAIR                      time    mid_c    mid_o   SL   TP   SPREAD      GAIN     LOSS  SIGNAL     BB_UP     BB_LW     BB_MA
26  GBP_CHF 2022-12-08 07:58:00+00:00  1.14646  1.14656  0.0  0.0  0.00021  0.000721  1.14646       0  1.148284  1.146078  1.147181
27  GBP_CHF 2022-12-08 07:59:00+00:00  1.14682  1.14650  0.0  0.0  0.00021  0.000284  1.14682       0  1.148182  1.146026  1.147104
28  GBP_CHF 2022-12-08 08:00:00+00:00  1.14648  1.14682  0.0  0.0  0.00026  0.000550  1.14648       0  1.148118  1.145943  1.147030
29  GBP_CHF 2022-12-08 08:01:00+00:00  1.14634  1.14646  0.0  0.0  0.00023  0.000591  1.14634       0  1.148033  1.145828  1.146931
30  GBP_CHF 2022-12-08 08:02:00+00:00  1.14641  1.14634  0.0  0.0  0.00022  0.000436  1.14641       0  1.147908  1.145784  1.146846
2022-12-08 09:04:01 CandleManager() new candle:last_candle:22-12-08 08:03 is_ready:True
2022-12-08 09:04:03 tech_manager: max_rows:32 candle_time:2022-12-08 08:03:00+00:00 granularity:M1
2022-12-08 09:04:03 process_candles:
       PAIR                      time    mid_c    mid_o   SL   TP   SPREAD      GAIN     LOSS  SIGNAL     BB_UP     BB_LW     BB_MA
26  GBP_CHF 2022-12-08 07:59:00+00:00  1.14682  1.14650  0.0  0.0  0.00021  0.000284  1.14682       0  1.148182  1.146026  1.147104
27  GBP_CHF 2022-12-08 08:00:00+00:00  1.14648  1.14682  0.0  0.0  0.00026  0.000550  1.14648       0  1.148118  1.145943  1.147030
28  GBP_CHF 2022-12-08 08:01:00+00:00  1.14634  1.14646  0.0  0.0  0.00023  0.000591  1.14634       0  1.148033  1.145828  1.146931
29  GBP_CHF 2022-12-08 08:02:00+00:00  1.14641  1.14634  0.0  0.0  0.00022  0.000436  1.14641       0  1.147908  1.145784  1.146846
30  GBP_CHF 2022-12-08 08:03:00+00:00  1.14680  1.14644  0.0  0.0  0.00021  0.000016  1.14680       0  1.147743  1.145824  1.146784
2022-12-08 09:05:00 CandleManager() new candle:last_candle:22-12-08 08:04 is_ready:True
2022-12-08 09:05:02 tech_manager: max_rows:32 candle_time:2022-12-08 08:04:00+00:00 granularity:M1
2022-12-08 09:05:02 process_candles:
       PAIR                      time    mid_c    mid_o   SL   TP   SPREAD      GAIN     LOSS  SIGNAL     BB_UP     BB_LW     BB_MA
26  GBP_CHF 2022-12-08 08:00:00+00:00  1.14648  1.14682  0.0  0.0  0.00026  0.000550  1.14648       0  1.148118  1.145943  1.147030
27  GBP_CHF 2022-12-08 08:01:00+00:00  1.14634  1.14646  0.0  0.0  0.00023  0.000591  1.14634       0  1.148033  1.145828  1.146931
28  GBP_CHF 2022-12-08 08:02:00+00:00  1.14641  1.14634  0.0  0.0  0.00022  0.000436  1.14641       0  1.147908  1.145784  1.146846
29  GBP_CHF 2022-12-08 08:03:00+00:00  1.14680  1.14644  0.0  0.0  0.00021  0.000016  1.14680       0  1.147743  1.145824  1.146784
30  GBP_CHF 2022-12-08 08:04:00+00:00  1.14662  1.14680  0.0  0.0  0.00021  0.000097  1.14662       0  1.147503  1.145931  1.146717
2022-12-08 09:06:13 CandleManager() new candle:last_candle:22-12-08 08:05 is_ready:True
2022-12-08 09:06:14 tech_manager: max_rows:32 candle_time:2022-12-08 08:05:00+00:00 granularity:M1
2022-12-08 09:06:14 process_candles:
       PAIR                      time    mid_c    mid_o   SL   TP   SPREAD      GAIN     LOSS  SIGNAL     BB_UP     BB_LW     BB_MA
26  GBP_CHF 2022-12-08 08:01:00+00:00  1.14634  1.14646  0.0  0.0  0.00023  0.000591  1.14634       0  1.148033  1.145828  1.146931
27  GBP_CHF 2022-12-08 08:02:00+00:00  1.14641  1.14634  0.0  0.0  0.00022  0.000436  1.14641       0  1.147908  1.145784  1.146846
28  GBP_CHF 2022-12-08 08:03:00+00:00  1.14680  1.14644  0.0  0.0  0.00021  0.000016  1.14680       0  1.147743  1.145824  1.146784
29  GBP_CHF 2022-12-08 08:04:00+00:00  1.14662  1.14680  0.0  0.0  0.00021  0.000097  1.14662       0  1.147503  1.145931  1.146717
30  GBP_CHF 2022-12-08 08:05:00+00:00  1.14648  1.14659  0.0  0.0  0.00023  0.000156  1.14648       0  1.147166  1.146106  1.146636
2022-12-08 09:07:11 CandleManager() new candle:last_candle:22-12-08 08:06 is_ready:True
2022-12-08 09:07:12 tech_manager: max_rows:32 candle_time:2022-12-08 08:06:00+00:00 granularity:M1
2022-12-08 09:07:12 process_candles:
       PAIR                      time    mid_c    mid_o   SL   TP   SPREAD      GAIN     LOSS  SIGNAL     BB_UP     BB_LW     BB_MA
26  GBP_CHF 2022-12-08 08:02:00+00:00  1.14641  1.14634  0.0  0.0  0.00022  0.000436  1.14641       0  1.147908  1.145784  1.146846
27  GBP_CHF 2022-12-08 08:03:00+00:00  1.14680  1.14644  0.0  0.0  0.00021  0.000016  1.14680       0  1.147743  1.145824  1.146784
28  GBP_CHF 2022-12-08 08:04:00+00:00  1.14662  1.14680  0.0  0.0  0.00021  0.000097  1.14662       0  1.147503  1.145931  1.146717
29  GBP_CHF 2022-12-08 08:05:00+00:00  1.14648  1.14659  0.0  0.0  0.00023  0.000156  1.14648       0  1.147166  1.146106  1.146636
30  GBP_CHF 2022-12-08 08:06:00+00:00  1.14642  1.14646  0.0  0.0  0.00020  0.000154  1.14642       0  1.146848  1.146301  1.146574
2022-12-08 09:08:10 CandleManager() new candle:last_candle:22-12-08 08:07 is_ready:True
2022-12-08 09:08:11 tech_manager: max_rows:32 candle_time:2022-12-08 08:07:00+00:00 granularity:M1
2022-12-08 09:08:12 process_candles:
       PAIR                      time    mid_c    mid_o   SL   TP   SPREAD      GAIN     LOSS  SIGNAL     BB_UP     BB_LW     BB_MA
26  GBP_CHF 2022-12-08 08:03:00+00:00  1.14680  1.14644  0.0  0.0  0.00021  0.000016  1.14680       0  1.147743  1.145824  1.146784
27  GBP_CHF 2022-12-08 08:04:00+00:00  1.14662  1.14680  0.0  0.0  0.00021  0.000097  1.14662       0  1.147503  1.145931  1.146717
28  GBP_CHF 2022-12-08 08:05:00+00:00  1.14648  1.14659  0.0  0.0  0.00023  0.000156  1.14648       0  1.147166  1.146106  1.146636
29  GBP_CHF 2022-12-08 08:06:00+00:00  1.14642  1.14646  0.0  0.0  0.00020  0.000154  1.14642       0  1.146848  1.146301  1.146574
30  GBP_CHF 2022-12-08 08:07:00+00:00  1.14660  1.14642  0.0  0.0  0.00023  0.000037  1.14660       0  1.146833  1.146292  1.146563
2022-12-08 09:09:09 CandleManager() new candle:last_candle:22-12-08 08:08 is_ready:True
2022-12-08 09:09:11 tech_manager: max_rows:32 candle_time:2022-12-08 08:08:00+00:00 granularity:M1
2022-12-08 09:09:11 process_candles:
       PAIR                      time    mid_c    mid_o   SL   TP   SPREAD      GAIN     LOSS  SIGNAL     BB_UP     BB_LW     BB_MA
26  GBP_CHF 2022-12-08 08:04:00+00:00  1.14662  1.14680  0.0  0.0  0.00021  0.000097  1.14662       0  1.147503  1.145931  1.146717
27  GBP_CHF 2022-12-08 08:05:00+00:00  1.14648  1.14659  0.0  0.0  0.00023  0.000156  1.14648       0  1.147166  1.146106  1.146636
28  GBP_CHF 2022-12-08 08:06:00+00:00  1.14642  1.14646  0.0  0.0  0.00020  0.000154  1.14642       0  1.146848  1.146301  1.146574
29  GBP_CHF 2022-12-08 08:07:00+00:00  1.14660  1.14642  0.0  0.0  0.00023  0.000038  1.14660       0  1.146833  1.146292  1.146562
30  GBP_CHF 2022-12-08 08:08:00+00:00  1.14688  1.14664  0.0  0.0  0.00023  0.000301  1.14688       0  1.146899  1.146259  1.146579
2022-12-08 09:10:08 CandleManager() new candle:last_candle:22-12-08 08:09 is_ready:True
2022-12-08 09:10:10 tech_manager: max_rows:32 candle_time:2022-12-08 08:09:00+00:00 granularity:M1
2022-12-08 09:10:10 process_candles:
       PAIR                      time    mid_c    mid_o   SL   TP   SPREAD      GAIN     LOSS  SIGNAL     BB_UP     BB_LW     BB_MA
26  GBP_CHF 2022-12-08 08:05:00+00:00  1.14648  1.14659  0.0  0.0  0.00023  0.000156  1.14648       0  1.147166  1.146106  1.146636
27  GBP_CHF 2022-12-08 08:06:00+00:00  1.14642  1.14646  0.0  0.0  0.00020  0.000154  1.14642       0  1.146848  1.146301  1.146574
28  GBP_CHF 2022-12-08 08:07:00+00:00  1.14660  1.14642  0.0  0.0  0.00023  0.000038  1.14660       0  1.146833  1.146292  1.146562
29  GBP_CHF 2022-12-08 08:08:00+00:00  1.14688  1.14664  0.0  0.0  0.00023  0.000301  1.14688       0  1.146899  1.146259  1.146579
30  GBP_CHF 2022-12-08 08:09:00+00:00  1.14663  1.14690  0.0  0.0  0.00018  0.000039  1.14663       0  1.146926  1.146255  1.146591
2022-12-08 09:11:08 CandleManager() new candle:last_candle:22-12-08 08:10 is_ready:True
2022-12-08 09:11:09 tech_manager: max_rows:32 candle_time:2022-12-08 08:10:00+00:00 granularity:M1
2022-12-08 09:11:10 process_candles:
       PAIR                      time    mid_c    mid_o   SL   TP   SPREAD      GAIN     LOSS  SIGNAL     BB_UP     BB_LW     BB_MA
26  GBP_CHF 2022-12-08 08:06:00+00:00  1.14642  1.14646  0.0  0.0  0.00020  0.000154  1.14642       0  1.146848  1.146301  1.146574
27  GBP_CHF 2022-12-08 08:07:00+00:00  1.14660  1.14642  0.0  0.0  0.00023  0.000038  1.14660       0  1.146833  1.146292  1.146562
28  GBP_CHF 2022-12-08 08:08:00+00:00  1.14688  1.14664  0.0  0.0  0.00023  0.000301  1.14688       0  1.146899  1.146259  1.146579
29  GBP_CHF 2022-12-08 08:09:00+00:00  1.14663  1.14690  0.0  0.0  0.00018  0.000039  1.14663       0  1.146926  1.146255  1.146591
30  GBP_CHF 2022-12-08 08:10:00+00:00  1.14671  1.14660  0.0  0.0  0.00022  0.000108  1.14671       0  1.146945  1.146258  1.146602
2022-12-08 09:12:07 CandleManager() new candle:last_candle:22-12-08 08:11 is_ready:True
2022-12-08 09:12:09 tech_manager: max_rows:32 candle_time:2022-12-08 08:11:00+00:00 granularity:M1
2022-12-08 09:12:09 process_candles:
       PAIR                      time    mid_c    mid_o   SL   TP   SPREAD      GAIN     LOSS  SIGNAL     BB_UP     BB_LW     BB_MA
26  GBP_CHF 2022-12-08 08:07:00+00:00  1.14660  1.14642  0.0  0.0  0.00023  0.000038  1.14660       0  1.146833  1.146292  1.146562
27  GBP_CHF 2022-12-08 08:08:00+00:00  1.14688  1.14664  0.0  0.0  0.00023  0.000301  1.14688       0  1.146899  1.146259  1.146579
28  GBP_CHF 2022-12-08 08:09:00+00:00  1.14663  1.14690  0.0  0.0  0.00018  0.000039  1.14663       0  1.146926  1.146255  1.146591
29  GBP_CHF 2022-12-08 08:10:00+00:00  1.14671  1.14660  0.0  0.0  0.00022  0.000108  1.14671       0  1.146945  1.146258  1.146602
30  GBP_CHF 2022-12-08 08:11:00+00:00  1.14714  1.14673  0.0  0.0  0.00023  0.000516  1.14714       0  1.147069  1.146180  1.146624
2022-12-08 09:13:08 CandleManager() new candle:last_candle:22-12-08 08:12 is_ready:True
2022-12-08 09:13:09 tech_manager: max_rows:32 candle_time:2022-12-08 08:12:00+00:00 granularity:M1
2022-12-08 09:13:09 process_candles:
       PAIR                      time    mid_c    mid_o   SL   TP   SPREAD      GAIN     LOSS  SIGNAL     BB_UP     BB_LW     BB_MA
26  GBP_CHF 2022-12-08 08:08:00+00:00  1.14688  1.14664  0.0  0.0  0.00023  0.000301  1.14688       0  1.146899  1.146259  1.146579
27  GBP_CHF 2022-12-08 08:09:00+00:00  1.14663  1.14690  0.0  0.0  0.00018  0.000039  1.14663       0  1.146926  1.146255  1.146591
28  GBP_CHF 2022-12-08 08:10:00+00:00  1.14671  1.14660  0.0  0.0  0.00022  0.000108  1.14671       0  1.146945  1.146258  1.146602
29  GBP_CHF 2022-12-08 08:11:00+00:00  1.14714  1.14673  0.0  0.0  0.00023  0.000516  1.14714       0  1.147069  1.146180  1.146624
30  GBP_CHF 2022-12-08 08:12:00+00:00  1.14718  1.14716  0.0  0.0  0.00021  0.000510  1.14718       0  1.147251  1.146088  1.146670
2022-12-08 09:14:07 CandleManager() new candle:last_candle:22-12-08 08:13 is_ready:True
2022-12-08 09:14:08 tech_manager: max_rows:32 candle_time:2022-12-08 08:13:00+00:00 granularity:M1
2022-12-08 09:14:08 process_candles:
       PAIR                      time    mid_c    mid_o   SL   TP   SPREAD      GAIN     LOSS  SIGNAL     BB_UP     BB_LW     BB_MA
26  GBP_CHF 2022-12-08 08:09:00+00:00  1.14663  1.14690  0.0  0.0  0.00018  0.000039  1.14663       0  1.146926  1.146255  1.146591
27  GBP_CHF 2022-12-08 08:10:00+00:00  1.14671  1.14660  0.0  0.0  0.00022  0.000108  1.14671       0  1.146945  1.146258  1.146602
28  GBP_CHF 2022-12-08 08:11:00+00:00  1.14714  1.14673  0.0  0.0  0.00023  0.000516  1.14714       0  1.147069  1.146180  1.146624
29  GBP_CHF 2022-12-08 08:12:00+00:00  1.14718  1.14716  0.0  0.0  0.00021  0.000510  1.14718       0  1.147251  1.146088  1.146670
30  GBP_CHF 2022-12-08 08:13:00+00:00  1.14708  1.14714  0.0  0.0  0.00021  0.000346  1.14708       0  1.147346  1.146121  1.146734
2022-12-08 09:15:06 CandleManager() new candle:last_candle:22-12-08 08:14 is_ready:True
2022-12-08 09:15:07 tech_manager: max_rows:32 candle_time:2022-12-08 08:14:00+00:00 granularity:M1
2022-12-08 09:15:07 process_candles:
       PAIR                      time    mid_c    mid_o   SL   TP   SPREAD      GAIN     LOSS  SIGNAL     BB_UP     BB_LW     BB_MA
26  GBP_CHF 2022-12-08 08:10:00+00:00  1.14671  1.14660  0.0  0.0  0.00022  0.000108  1.14671       0  1.146945  1.146258  1.146602
27  GBP_CHF 2022-12-08 08:11:00+00:00  1.14714  1.14673  0.0  0.0  0.00023  0.000516  1.14714       0  1.147069  1.146180  1.146624
28  GBP_CHF 2022-12-08 08:12:00+00:00  1.14718  1.14716  0.0  0.0  0.00021  0.000510  1.14718       0  1.147251  1.146088  1.146670
29  GBP_CHF 2022-12-08 08:13:00+00:00  1.14708  1.14714  0.0  0.0  0.00021  0.000346  1.14708       0  1.147346  1.146121  1.146734
30  GBP_CHF 2022-12-08 08:14:00+00:00  1.14706  1.14711  0.0  0.0  0.00023  0.000275  1.14706       0  1.147400  1.146171  1.146785
2022-12-08 09:16:05 CandleManager() new candle:last_candle:22-12-08 08:15 is_ready:True
2022-12-08 09:16:07 tech_manager: max_rows:32 candle_time:2022-12-08 08:15:00+00:00 granularity:M1
2022-12-08 09:16:07 process_candles:
       PAIR                      time    mid_c    mid_o   SL   TP   SPREAD      GAIN     LOSS  SIGNAL     BB_UP     BB_LW     BB_MA
26  GBP_CHF 2022-12-08 08:11:00+00:00  1.14714  1.14673  0.0  0.0  0.00023  0.000516  1.14714       0  1.147069  1.146180  1.146624
27  GBP_CHF 2022-12-08 08:12:00+00:00  1.14718  1.14716  0.0  0.0  0.00021  0.000510  1.14718       0  1.147251  1.146088  1.146670
28  GBP_CHF 2022-12-08 08:13:00+00:00  1.14708  1.14714  0.0  0.0  0.00021  0.000346  1.14708       0  1.147346  1.146121  1.146734
29  GBP_CHF 2022-12-08 08:14:00+00:00  1.14706  1.14711  0.0  0.0  0.00023  0.000275  1.14706       0  1.147400  1.146171  1.146785
30  GBP_CHF 2022-12-08 08:15:00+00:00  1.14708  1.14709  0.0  0.0  0.00021  0.000258  1.14708       0  1.147477  1.146167  1.146822
2022-12-08 09:17:04 CandleManager() new candle:last_candle:22-12-08 08:16 is_ready:True
2022-12-08 09:17:06 tech_manager: max_rows:32 candle_time:2022-12-08 08:16:00+00:00 granularity:M1
2022-12-08 09:17:06 process_candles:
       PAIR                      time    mid_c    mid_o   SL   TP   SPREAD      GAIN     LOSS  SIGNAL     BB_UP     BB_LW     BB_MA
26  GBP_CHF 2022-12-08 08:12:00+00:00  1.14718  1.14716  0.0  0.0  0.00021  0.000510  1.14718       0  1.147251  1.146088  1.146670
27  GBP_CHF 2022-12-08 08:13:00+00:00  1.14708  1.14714  0.0  0.0  0.00021  0.000346  1.14708       0  1.147346  1.146121  1.146734
28  GBP_CHF 2022-12-08 08:14:00+00:00  1.14706  1.14711  0.0  0.0  0.00023  0.000275  1.14706       0  1.147400  1.146171  1.146785
29  GBP_CHF 2022-12-08 08:15:00+00:00  1.14708  1.14709  0.0  0.0  0.00021  0.000258  1.14708       0  1.147477  1.146167  1.146822
30  GBP_CHF 2022-12-08 08:16:00+00:00  1.14708  1.14707  0.0  0.0  0.00024  0.000231  1.14708       0  1.147505  1.146192  1.146849
2022-12-08 09:18:03 CandleManager() new candle:last_candle:22-12-08 08:17 is_ready:True
2022-12-08 09:18:04 tech_manager: max_rows:32 candle_time:2022-12-08 08:17:00+00:00 granularity:M1
2022-12-08 09:18:05 process_candles:
       PAIR                      time    mid_c    mid_o   SL   TP   SPREAD      GAIN     LOSS  SIGNAL     BB_UP     BB_LW     BB_MA
26  GBP_CHF 2022-12-08 08:13:00+00:00  1.14708  1.14714  0.0  0.0  0.00021  0.000346  1.14708       0  1.147346  1.146121  1.146734
27  GBP_CHF 2022-12-08 08:14:00+00:00  1.14706  1.14711  0.0  0.0  0.00023  0.000275  1.14706       0  1.147400  1.146171  1.146785
28  GBP_CHF 2022-12-08 08:15:00+00:00  1.14708  1.14709  0.0  0.0  0.00021  0.000258  1.14708       0  1.147477  1.146167  1.146822
29  GBP_CHF 2022-12-08 08:16:00+00:00  1.14708  1.14707  0.0  0.0  0.00024  0.000231  1.14708       0  1.147505  1.146192  1.146849
30  GBP_CHF 2022-12-08 08:17:00+00:00  1.14700  1.14708  0.0  0.0  0.00020  0.000111  1.14700       0  1.147489  1.146290  1.146889
2022-12-08 09:19:02 CandleManager() new candle:last_candle:22-12-08 08:18 is_ready:True
2022-12-08 09:19:04 tech_manager: max_rows:32 candle_time:2022-12-08 08:18:00+00:00 granularity:M1
2022-12-08 09:19:04 process_candles:
       PAIR                      time    mid_c    mid_o   SL   TP   SPREAD      GAIN     LOSS  SIGNAL     BB_UP     BB_LW     BB_MA
26  GBP_CHF 2022-12-08 08:14:00+00:00  1.14706  1.14711  0.0  0.0  0.00023  0.000275  1.14706       0  1.147400  1.146171  1.146785
27  GBP_CHF 2022-12-08 08:15:00+00:00  1.14708  1.14709  0.0  0.0  0.00021  0.000258  1.14708       0  1.147477  1.146167  1.146822
28  GBP_CHF 2022-12-08 08:16:00+00:00  1.14708  1.14707  0.0  0.0  0.00024  0.000231  1.14708       0  1.147505  1.146192  1.146849
29  GBP_CHF 2022-12-08 08:17:00+00:00  1.14700  1.14708  0.0  0.0  0.00020  0.000111  1.14700       0  1.147489  1.146290  1.146889
30  GBP_CHF 2022-12-08 08:18:00+00:00  1.14691  1.14700  0.0  0.0  0.00020  0.000020  1.14691       0  1.147438  1.146421  1.146930
2022-12-08 09:20:01 CandleManager() new candle:last_candle:22-12-08 08:19 is_ready:True
2022-12-08 09:20:03 tech_manager: max_rows:32 candle_time:2022-12-08 08:19:00+00:00 granularity:M1
2022-12-08 09:20:03 process_candles:
       PAIR                      time    mid_c    mid_o   SL   TP   SPREAD      GAIN     LOSS  SIGNAL     BB_UP     BB_LW     BB_MA
26  GBP_CHF 2022-12-08 08:15:00+00:00  1.14708  1.14709  0.0  0.0  0.00021  0.000258  1.14708       0  1.147477  1.146167  1.146822
27  GBP_CHF 2022-12-08 08:16:00+00:00  1.14708  1.14707  0.0  0.0  0.00024  0.000231  1.14708       0  1.147505  1.146192  1.146849
28  GBP_CHF 2022-12-08 08:17:00+00:00  1.14700  1.14708  0.0  0.0  0.00020  0.000111  1.14700       0  1.147489  1.146290  1.146889
29  GBP_CHF 2022-12-08 08:18:00+00:00  1.14691  1.14700  0.0  0.0  0.00020  0.000020  1.14691       0  1.147438  1.146421  1.146930
30  GBP_CHF 2022-12-08 08:19:00+00:00  1.14730  1.14694  0.0  0.0  0.00023  0.000314  1.14730       0  1.147400  1.146572  1.146986
2022-12-08 09:21:00 CandleManager() new candle:last_candle:22-12-08 08:20 is_ready:True
2022-12-08 09:21:01 tech_manager: max_rows:32 candle_time:2022-12-08 08:20:00+00:00 granularity:M1
2022-12-08 09:21:01 process_candles:
       PAIR                      time    mid_c    mid_o   SL   TP   SPREAD      GAIN     LOSS  SIGNAL     BB_UP     BB_LW     BB_MA
26  GBP_CHF 2022-12-08 08:16:00+00:00  1.14708  1.14707  0.0  0.0  0.00024  0.000231  1.14708       0  1.147505  1.146192  1.146849
27  GBP_CHF 2022-12-08 08:17:00+00:00  1.14700  1.14708  0.0  0.0  0.00020  0.000111  1.14700       0  1.147489  1.146290  1.146889
28  GBP_CHF 2022-12-08 08:18:00+00:00  1.14691  1.14700  0.0  0.0  0.00020  0.000020  1.14691       0  1.147438  1.146421  1.146930
29  GBP_CHF 2022-12-08 08:19:00+00:00  1.14730  1.14694  0.0  0.0  0.00023  0.000314  1.14730       0  1.147400  1.146572  1.146986
30  GBP_CHF 2022-12-08 08:20:00+00:00  1.14756  1.14734  0.0  0.0  0.00019  0.000523  1.14756       0  1.147525  1.146550  1.147037
2022-12-08 09:22:11 CandleManager() new candle:last_candle:22-12-08 08:21 is_ready:True
2022-12-08 09:22:13 tech_manager: max_rows:32 candle_time:2022-12-08 08:21:00+00:00 granularity:M1
2022-12-08 09:22:13 process_candles:
       PAIR                      time    mid_c    mid_o   SL   TP   SPREAD      GAIN     LOSS  SIGNAL     BB_UP     BB_LW     BB_MA
26  GBP_CHF 2022-12-08 08:17:00+00:00  1.14700  1.14708  0.0  0.0  0.00020  0.000111  1.14700       0  1.147489  1.146290  1.146889
27  GBP_CHF 2022-12-08 08:18:00+00:00  1.14691  1.14700  0.0  0.0  0.00020  0.000020  1.14691       0  1.147438  1.146421  1.146930
28  GBP_CHF 2022-12-08 08:19:00+00:00  1.14730  1.14694  0.0  0.0  0.00023  0.000314  1.14730       0  1.147400  1.146572  1.146986
29  GBP_CHF 2022-12-08 08:20:00+00:00  1.14756  1.14734  0.0  0.0  0.00019  0.000523  1.14756       0  1.147525  1.146550  1.147037
30  GBP_CHF 2022-12-08 08:21:00+00:00  1.14698  1.14756  0.0  0.0  0.00021  0.000093  1.14698       0  1.147496  1.146650  1.147073
2022-12-08 09:23:11 CandleManager() new candle:last_candle:22-12-08 08:22 is_ready:True
2022-12-08 09:23:12 tech_manager: max_rows:32 candle_time:2022-12-08 08:22:00+00:00 granularity:M1
2022-12-08 09:23:12 process_candles:
       PAIR                      time    mid_c    mid_o   SL   TP   SPREAD      GAIN     LOSS  SIGNAL     BB_UP     BB_LW     BB_MA
26  GBP_CHF 2022-12-08 08:18:00+00:00  1.14691  1.14700  0.0  0.0  0.00020  0.000020  1.14691       0  1.147438  1.146421  1.146930
27  GBP_CHF 2022-12-08 08:19:00+00:00  1.14730  1.14694  0.0  0.0  0.00023  0.000314  1.14730       0  1.147400  1.146572  1.146986
28  GBP_CHF 2022-12-08 08:20:00+00:00  1.14756  1.14734  0.0  0.0  0.00019  0.000523  1.14756       0  1.147525  1.146550  1.147037
29  GBP_CHF 2022-12-08 08:21:00+00:00  1.14698  1.14756  0.0  0.0  0.00021  0.000093  1.14698       0  1.147496  1.146650  1.147073
30  GBP_CHF 2022-12-08 08:22:00+00:00  1.14672  1.14699  0.0  0.0  0.00021  0.000361  1.14672       0  1.147460  1.146702  1.147081
2022-12-08 09:24:13 CandleManager() new candle:last_candle:22-12-08 08:23 is_ready:True
2022-12-08 09:24:14 tech_manager: max_rows:32 candle_time:2022-12-08 08:23:00+00:00 granularity:M1
2022-12-08 09:24:14 process_candles:
       PAIR                      time    mid_c    mid_o   SL   TP   SPREAD      GAIN     LOSS  SIGNAL     BB_UP     BB_LW     BB_MA
26  GBP_CHF 2022-12-08 08:19:00+00:00  1.14730  1.14694  0.0  0.0  0.00023  0.000314  1.14730       0  1.147400  1.146572  1.146986
27  GBP_CHF 2022-12-08 08:20:00+00:00  1.14756  1.14734  0.0  0.0  0.00019  0.000523  1.14756       0  1.147525  1.146550  1.147037
28  GBP_CHF 2022-12-08 08:21:00+00:00  1.14698  1.14756  0.0  0.0  0.00021  0.000093  1.14698       0  1.147496  1.146650  1.147073
29  GBP_CHF 2022-12-08 08:22:00+00:00  1.14672  1.14699  0.0  0.0  0.00021  0.000361  1.14672       0  1.147460  1.146702  1.147081
30  GBP_CHF 2022-12-08 08:23:00+00:00  1.14682  1.14672  0.0  0.0  0.00024  0.000242  1.14682       0  1.147496  1.146628  1.147062
2022-12-08 09:25:10 CandleManager() new candle:last_candle:22-12-08 08:24 is_ready:True
2022-12-08 09:25:11 tech_manager: max_rows:32 candle_time:2022-12-08 08:24:00+00:00 granularity:M1
2022-12-08 09:25:12 process_candles:
       PAIR                      time    mid_c    mid_o   SL   TP   SPREAD      GAIN     LOSS  SIGNAL     BB_UP     BB_LW     BB_MA
26  GBP_CHF 2022-12-08 08:20:00+00:00  1.14756  1.14734  0.0  0.0  0.00019  0.000523  1.14756       0  1.147525  1.146550  1.147037
27  GBP_CHF 2022-12-08 08:21:00+00:00  1.14698  1.14756  0.0  0.0  0.00021  0.000093  1.14698       0  1.147496  1.146650  1.147073
28  GBP_CHF 2022-12-08 08:22:00+00:00  1.14672  1.14699  0.0  0.0  0.00021  0.000361  1.14672       0  1.147460  1.146702  1.147081
29  GBP_CHF 2022-12-08 08:23:00+00:00  1.14682  1.14672  0.0  0.0  0.00024  0.000242  1.14682       0  1.147496  1.146628  1.147062
30  GBP_CHF 2022-12-08 08:24:00+00:00  1.14692  1.14681  0.0  0.0  0.00021  0.000121  1.14692       0  1.147486  1.146596  1.147041
2022-12-08 09:26:09 CandleManager() new candle:last_candle:22-12-08 08:25 is_ready:True
2022-12-08 09:26:11 tech_manager: max_rows:32 candle_time:2022-12-08 08:25:00+00:00 granularity:M1
2022-12-08 09:26:11 process_candles:
       PAIR                      time    mid_c    mid_o   SL   TP   SPREAD      GAIN     LOSS  SIGNAL     BB_UP     BB_LW     BB_MA
26  GBP_CHF 2022-12-08 08:21:00+00:00  1.14698  1.14756  0.0  0.0  0.00021  0.000093  1.14698       0  1.147496  1.146650  1.147073
27  GBP_CHF 2022-12-08 08:22:00+00:00  1.14672  1.14699  0.0  0.0  0.00021  0.000361  1.14672       0  1.147460  1.146702  1.147081
28  GBP_CHF 2022-12-08 08:23:00+00:00  1.14682  1.14672  0.0  0.0  0.00024  0.000242  1.14682       0  1.147496  1.146628  1.147062
29  GBP_CHF 2022-12-08 08:24:00+00:00  1.14692  1.14681  0.0  0.0  0.00021  0.000121  1.14692       0  1.147486  1.146596  1.147041
30  GBP_CHF 2022-12-08 08:25:00+00:00  1.14662  1.14690  0.0  0.0  0.00017  0.000388  1.14662       0  1.147500  1.146515  1.147008
2022-12-08 09:27:09 CandleManager() new candle:last_candle:22-12-08 08:26 is_ready:True
2022-12-08 09:27:11 tech_manager: max_rows:32 candle_time:2022-12-08 08:26:00+00:00 granularity:M1
2022-12-08 09:27:11 process_candles:
       PAIR                      time    mid_c    mid_o   SL   TP   SPREAD      GAIN     LOSS  SIGNAL     BB_UP     BB_LW     BB_MA
26  GBP_CHF 2022-12-08 08:22:00+00:00  1.14672  1.14699  0.0  0.0  0.00021  0.000361  1.14672       0  1.147460  1.146702  1.147081
27  GBP_CHF 2022-12-08 08:23:00+00:00  1.14682  1.14672  0.0  0.0  0.00024  0.000242  1.14682       0  1.147496  1.146628  1.147062
28  GBP_CHF 2022-12-08 08:24:00+00:00  1.14692  1.14681  0.0  0.0  0.00021  0.000121  1.14692       0  1.147486  1.146596  1.147041
29  GBP_CHF 2022-12-08 08:25:00+00:00  1.14662  1.14690  0.0  0.0  0.00017  0.000387  1.14662       0  1.147500  1.146515  1.147007
30  GBP_CHF 2022-12-08 08:26:00+00:00  1.14670  1.14664  0.0  0.0  0.00021  0.000269  1.14670       0  1.147534  1.146403  1.146969
2022-12-08 09:28:08 CandleManager() new candle:last_candle:22-12-08 08:27 is_ready:True
2022-12-08 09:28:10 tech_manager: max_rows:32 candle_time:2022-12-08 08:27:00+00:00 granularity:M1
2022-12-08 09:28:10 process_candles:
       PAIR                      time    mid_c    mid_o   SL   TP   SPREAD      GAIN     LOSS  SIGNAL     BB_UP     BB_LW     BB_MA
26  GBP_CHF 2022-12-08 08:23:00+00:00  1.14682  1.14672  0.0  0.0  0.00024  0.000242  1.14682       0  1.147496  1.146628  1.147062
27  GBP_CHF 2022-12-08 08:24:00+00:00  1.14692  1.14681  0.0  0.0  0.00021  0.000121  1.14692       0  1.147486  1.146596  1.147041
28  GBP_CHF 2022-12-08 08:25:00+00:00  1.14662  1.14690  0.0  0.0  0.00017  0.000388  1.14662       0  1.147500  1.146515  1.147008
29  GBP_CHF 2022-12-08 08:26:00+00:00  1.14670  1.14664  0.0  0.0  0.00021  0.000269  1.14670       0  1.147534  1.146403  1.146969
30  GBP_CHF 2022-12-08 08:27:00+00:00  1.14667  1.14670  0.0  0.0  0.00022  0.000258  1.14667       0  1.147525  1.146331  1.146928
2022-12-08 09:29:08 CandleManager() new candle:last_candle:22-12-08 08:28 is_ready:True
2022-12-08 09:29:09 tech_manager: max_rows:32 candle_time:2022-12-08 08:28:00+00:00 granularity:M1
2022-12-08 09:29:09 process_candles:
       PAIR                      time    mid_c    mid_o   SL   TP   SPREAD      GAIN     LOSS  SIGNAL     BB_UP     BB_LW     BB_MA
26  GBP_CHF 2022-12-08 08:24:00+00:00  1.14692  1.14681  0.0  0.0  0.00021  0.000121  1.14692       0  1.147486  1.146596  1.147041
27  GBP_CHF 2022-12-08 08:25:00+00:00  1.14662  1.14690  0.0  0.0  0.00017  0.000387  1.14662       0  1.147500  1.146515  1.147007
28  GBP_CHF 2022-12-08 08:26:00+00:00  1.14670  1.14664  0.0  0.0  0.00021  0.000269  1.14670       0  1.147534  1.146403  1.146969
29  GBP_CHF 2022-12-08 08:27:00+00:00  1.14667  1.14670  0.0  0.0  0.00022  0.000258  1.14667       0  1.147525  1.146331  1.146928
30  GBP_CHF 2022-12-08 08:28:00+00:00  1.14700  1.14666  0.0  0.0  0.00021  0.000082  1.14700       0  1.147514  1.146323  1.146918
2022-12-08 09:30:06 CandleManager() new candle:last_candle:22-12-08 08:29 is_ready:True
2022-12-08 09:30:08 tech_manager: max_rows:32 candle_time:2022-12-08 08:29:00+00:00 granularity:M1
2022-12-08 09:30:08 process_candles:
       PAIR                      time    mid_c    mid_o   SL   TP   SPREAD      GAIN     LOSS  SIGNAL     BB_UP     BB_LW     BB_MA
26  GBP_CHF 2022-12-08 08:25:00+00:00  1.14662  1.14690  0.0  0.0  0.00017  0.000387  1.14662       0  1.147500  1.146515  1.147007
27  GBP_CHF 2022-12-08 08:26:00+00:00  1.14670  1.14664  0.0  0.0  0.00021  0.000269  1.14670       0  1.147534  1.146403  1.146969
28  GBP_CHF 2022-12-08 08:27:00+00:00  1.14667  1.14670  0.0  0.0  0.00022  0.000258  1.14667       0  1.147525  1.146331  1.146928
29  GBP_CHF 2022-12-08 08:28:00+00:00  1.14700  1.14666  0.0  0.0  0.00021  0.000082  1.14700       0  1.147514  1.146323  1.146918
30  GBP_CHF 2022-12-08 08:29:00+00:00  1.14702  1.14701  0.0  0.0  0.00021  0.000104  1.14702       0  1.147510  1.146322  1.146916
2022-12-08 09:31:06 CandleManager() new candle:last_candle:22-12-08 08:30 is_ready:True
2022-12-08 09:31:07 tech_manager: max_rows:32 candle_time:2022-12-08 08:30:00+00:00 granularity:M1
2022-12-08 09:31:07 process_candles:
       PAIR                      time    mid_c    mid_o   SL   TP   SPREAD      GAIN     LOSS  SIGNAL     BB_UP     BB_LW     BB_MA
26  GBP_CHF 2022-12-08 08:26:00+00:00  1.14670  1.14664  0.0  0.0  0.00021  0.000269  1.14670       0  1.147534  1.146403  1.146969
27  GBP_CHF 2022-12-08 08:27:00+00:00  1.14667  1.14670  0.0  0.0  0.00022  0.000258  1.14667       0  1.147525  1.146331  1.146928
28  GBP_CHF 2022-12-08 08:28:00+00:00  1.14700  1.14666  0.0  0.0  0.00021  0.000082  1.14700       0  1.147514  1.146323  1.146918
29  GBP_CHF 2022-12-08 08:29:00+00:00  1.14702  1.14701  0.0  0.0  0.00021  0.000104  1.14702       0  1.147510  1.146322  1.146916
30  GBP_CHF 2022-12-08 08:30:00+00:00  1.14658  1.14702  0.0  0.0  0.00018  0.000316  1.14658       0  1.147503  1.146288  1.146896
2022-12-08 09:32:05 CandleManager() new candle:last_candle:22-12-08 08:31 is_ready:True
2022-12-08 09:32:07 tech_manager: max_rows:32 candle_time:2022-12-08 08:31:00+00:00 granularity:M1
2022-12-08 09:32:07 process_candles:
       PAIR                      time    mid_c    mid_o   SL   TP   SPREAD      GAIN     LOSS  SIGNAL     BB_UP     BB_LW     BB_MA
26  GBP_CHF 2022-12-08 08:27:00+00:00  1.14667  1.14670  0.0  0.0  0.00022  0.000258  1.14667       0  1.147525  1.146331  1.146928
27  GBP_CHF 2022-12-08 08:28:00+00:00  1.14700  1.14666  0.0  0.0  0.00021  0.000082  1.14700       0  1.147514  1.146323  1.146918
28  GBP_CHF 2022-12-08 08:29:00+00:00  1.14702  1.14701  0.0  0.0  0.00021  0.000104  1.14702       0  1.147510  1.146322  1.146916
29  GBP_CHF 2022-12-08 08:30:00+00:00  1.14658  1.14702  0.0  0.0  0.00018  0.000316  1.14658       0  1.147503  1.146288  1.146896
30  GBP_CHF 2022-12-08 08:31:00+00:00  1.14667  1.14658  0.0  0.0  0.00022  0.000188  1.14667       0  1.147431  1.146285  1.146858
2022-12-08 09:33:04 CandleManager() new candle:last_candle:22-12-08 08:32 is_ready:True
2022-12-08 09:33:06 tech_manager: max_rows:32 candle_time:2022-12-08 08:32:00+00:00 granularity:M1
2022-12-08 09:33:06 process_candles:
       PAIR                      time    mid_c    mid_o   SL   TP   SPREAD      GAIN     LOSS  SIGNAL     BB_UP     BB_LW     BB_MA
26  GBP_CHF 2022-12-08 08:28:00+00:00  1.14700  1.14666  0.0  0.0  0.00021  0.000082  1.14700       0  1.147514  1.146323  1.146918
27  GBP_CHF 2022-12-08 08:29:00+00:00  1.14702  1.14701  0.0  0.0  0.00021  0.000104  1.14702       0  1.147510  1.146322  1.146916
28  GBP_CHF 2022-12-08 08:30:00+00:00  1.14658  1.14702  0.0  0.0  0.00018  0.000316  1.14658       0  1.147503  1.146288  1.146896
29  GBP_CHF 2022-12-08 08:31:00+00:00  1.14667  1.14658  0.0  0.0  0.00022  0.000188  1.14667       0  1.147431  1.146285  1.146858
30  GBP_CHF 2022-12-08 08:32:00+00:00  1.14636  1.14668  0.0  0.0  0.00021  0.000418  1.14636       0  1.147229  1.146327  1.146778
2022-12-08 09:34:04 CandleManager() new candle:last_candle:22-12-08 08:33 is_ready:True
2022-12-08 09:34:05 tech_manager: max_rows:32 candle_time:2022-12-08 08:33:00+00:00 granularity:M1
2022-12-08 09:34:06 process_candles:
       PAIR                      time    mid_c    mid_o   SL   TP   SPREAD      GAIN     LOSS  SIGNAL     BB_UP     BB_LW     BB_MA
26  GBP_CHF 2022-12-08 08:29:00+00:00  1.14702  1.14701  0.0  0.0  0.00021  0.000104  1.14702       0  1.147510  1.146322  1.146916
27  GBP_CHF 2022-12-08 08:30:00+00:00  1.14658  1.14702  0.0  0.0  0.00018  0.000316  1.14658       0  1.147503  1.146288  1.146896
28  GBP_CHF 2022-12-08 08:31:00+00:00  1.14667  1.14658  0.0  0.0  0.00022  0.000188  1.14667       0  1.147431  1.146285  1.146858
29  GBP_CHF 2022-12-08 08:32:00+00:00  1.14636  1.14668  0.0  0.0  0.00021  0.000418  1.14636       0  1.147229  1.146327  1.146778
30  GBP_CHF 2022-12-08 08:33:00+00:00  1.14668  1.14636  0.0  0.0  0.00023  0.000050  1.14668       0  1.147093  1.146368  1.146730
2022-12-08 09:35:03 CandleManager() new candle:last_candle:22-12-08 08:34 is_ready:True
2022-12-08 09:35:04 tech_manager: max_rows:32 candle_time:2022-12-08 08:34:00+00:00 granularity:M1
2022-12-08 09:35:04 process_candles:
       PAIR                      time    mid_c    mid_o   SL   TP   SPREAD      GAIN     LOSS  SIGNAL     BB_UP     BB_LW     BB_MA
26  GBP_CHF 2022-12-08 08:30:00+00:00  1.14658  1.14702  0.0  0.0  0.00018  0.000316  1.14658       0  1.147503  1.146288  1.146896
27  GBP_CHF 2022-12-08 08:31:00+00:00  1.14667  1.14658  0.0  0.0  0.00022  0.000188  1.14667       0  1.147431  1.146285  1.146858
28  GBP_CHF 2022-12-08 08:32:00+00:00  1.14636  1.14668  0.0  0.0  0.00021  0.000418  1.14636       0  1.147229  1.146327  1.146778
29  GBP_CHF 2022-12-08 08:33:00+00:00  1.14668  1.14636  0.0  0.0  0.00023  0.000050  1.14668       0  1.147093  1.146368  1.146730
30  GBP_CHF 2022-12-08 08:34:00+00:00  1.14678  1.14668  0.0  0.0  0.00023  0.000051  1.14678       0  1.147091  1.146368  1.146729
2022-12-08 09:36:02 CandleManager() new candle:last_candle:22-12-08 08:35 is_ready:True
2022-12-08 09:36:04 tech_manager: max_rows:32 candle_time:2022-12-08 08:35:00+00:00 granularity:M1
2022-12-08 09:36:04 process_candles:
       PAIR                      time    mid_c    mid_o   SL   TP   SPREAD      GAIN     LOSS  SIGNAL     BB_UP     BB_LW     BB_MA
26  GBP_CHF 2022-12-08 08:31:00+00:00  1.14667  1.14658  0.0  0.0  0.00022  0.000188  1.14667       0  1.147431  1.146285  1.146858
27  GBP_CHF 2022-12-08 08:32:00+00:00  1.14636  1.14668  0.0  0.0  0.00021  0.000418  1.14636       0  1.147229  1.146327  1.146778
28  GBP_CHF 2022-12-08 08:33:00+00:00  1.14668  1.14636  0.0  0.0  0.00023  0.000050  1.14668       0  1.147093  1.146368  1.146730
29  GBP_CHF 2022-12-08 08:34:00+00:00  1.14678  1.14668  0.0  0.0  0.00023  0.000051  1.14678       0  1.147091  1.146368  1.146729
30  GBP_CHF 2022-12-08 08:35:00+00:00  1.14706  1.14678  0.0  0.0  0.00018  0.000314  1.14706       0  1.147151  1.146341  1.146746
2022-12-08 09:37:01 CandleManager() new candle:last_candle:22-12-08 08:36 is_ready:True
2022-12-08 09:37:02 tech_manager: max_rows:32 candle_time:2022-12-08 08:36:00+00:00 granularity:M1
2022-12-08 09:37:03 process_candles:
       PAIR                      time    mid_c    mid_o   SL   TP   SPREAD      GAIN     LOSS  SIGNAL     BB_UP     BB_LW     BB_MA
26  GBP_CHF 2022-12-08 08:32:00+00:00  1.14636  1.14668  0.0  0.0  0.00021  0.000418  1.14636       0  1.147229  1.146327  1.146778
27  GBP_CHF 2022-12-08 08:33:00+00:00  1.14668  1.14636  0.0  0.0  0.00023  0.000050  1.14668       0  1.147093  1.146368  1.146730
28  GBP_CHF 2022-12-08 08:34:00+00:00  1.14678  1.14668  0.0  0.0  0.00023  0.000051  1.14678       0  1.147091  1.146368  1.146729
29  GBP_CHF 2022-12-08 08:35:00+00:00  1.14706  1.14678  0.0  0.0  0.00018  0.000314  1.14706       0  1.147151  1.146341  1.146746
30  GBP_CHF 2022-12-08 08:36:00+00:00  1.14715  1.14707  0.0  0.0  0.00020  0.000384  1.14715       0  1.147250  1.146282  1.146766
2022-12-08 09:38:01 CandleManager() new candle:last_candle:22-12-08 08:37 is_ready:True
2022-12-08 09:38:02 tech_manager: max_rows:32 candle_time:2022-12-08 08:37:00+00:00 granularity:M1
2022-12-08 09:38:03 process_candles:
       PAIR                      time    mid_c    mid_o   SL   TP   SPREAD      GAIN     LOSS  SIGNAL     BB_UP     BB_LW     BB_MA
26  GBP_CHF 2022-12-08 08:33:00+00:00  1.14668  1.14636  0.0  0.0  0.00023  0.000050  1.14668       0  1.147093  1.146368  1.146730
27  GBP_CHF 2022-12-08 08:34:00+00:00  1.14678  1.14668  0.0  0.0  0.00023  0.000051  1.14678       0  1.147091  1.146368  1.146729
28  GBP_CHF 2022-12-08 08:35:00+00:00  1.14706  1.14678  0.0  0.0  0.00018  0.000314  1.14706       0  1.147151  1.146341  1.146746
29  GBP_CHF 2022-12-08 08:36:00+00:00  1.14715  1.14707  0.0  0.0  0.00020  0.000384  1.14715       0  1.147250  1.146282  1.146766
30  GBP_CHF 2022-12-08 08:37:00+00:00  1.14724  1.14716  0.0  0.0  0.00023  0.000435  1.14724       0  1.147377  1.146233  1.146805
2022-12-08 09:39:12 CandleManager() new candle:last_candle:22-12-08 08:38 is_ready:True
2022-12-08 09:39:14 tech_manager: max_rows:32 candle_time:2022-12-08 08:38:00+00:00 granularity:M1
2022-12-08 09:39:14 process_candles:
       PAIR                      time    mid_c    mid_o   SL   TP   SPREAD      GAIN     LOSS  SIGNAL     BB_UP     BB_LW     BB_MA
26  GBP_CHF 2022-12-08 08:34:00+00:00  1.14678  1.14668  0.0  0.0  0.00023  0.000051  1.14678       0  1.147091  1.146368  1.146729
27  GBP_CHF 2022-12-08 08:35:00+00:00  1.14706  1.14678  0.0  0.0  0.00018  0.000314  1.14706       0  1.147151  1.146341  1.146746
28  GBP_CHF 2022-12-08 08:36:00+00:00  1.14715  1.14707  0.0  0.0  0.00020  0.000384  1.14715       0  1.147250  1.146282  1.146766
29  GBP_CHF 2022-12-08 08:37:00+00:00  1.14724  1.14716  0.0  0.0  0.00023  0.000435  1.14724       0  1.147377  1.146233  1.146805
30  GBP_CHF 2022-12-08 08:38:00+00:00  1.14739  1.14724  0.0  0.0  0.00016  0.000527  1.14739       0  1.147515  1.146211  1.146863
2022-12-08 09:40:10 CandleManager() new candle:last_candle:22-12-08 08:39 is_ready:True
2022-12-08 09:40:11 tech_manager: max_rows:32 candle_time:2022-12-08 08:39:00+00:00 granularity:M1
2022-12-08 09:40:12 process_candles:
       PAIR                      time    mid_c    mid_o   SL   TP   SPREAD      GAIN     LOSS  SIGNAL     BB_UP     BB_LW     BB_MA
26  GBP_CHF 2022-12-08 08:35:00+00:00  1.14706  1.14678  0.0  0.0  0.00018  0.000314  1.14706       0  1.147151  1.146341  1.146746
27  GBP_CHF 2022-12-08 08:36:00+00:00  1.14715  1.14707  0.0  0.0  0.00020  0.000384  1.14715       0  1.147250  1.146282  1.146766
28  GBP_CHF 2022-12-08 08:37:00+00:00  1.14724  1.14716  0.0  0.0  0.00023  0.000435  1.14724       0  1.147377  1.146233  1.146805
29  GBP_CHF 2022-12-08 08:38:00+00:00  1.14739  1.14724  0.0  0.0  0.00016  0.000527  1.14739       0  1.147515  1.146211  1.146863
30  GBP_CHF 2022-12-08 08:39:00+00:00  1.14720  1.14738  0.0  0.0  0.00019  0.000287  1.14720       0  1.147590  1.146236  1.146913
2022-12-08 09:41:09 CandleManager() new candle:last_candle:22-12-08 08:40 is_ready:True
2022-12-08 09:41:11 tech_manager: max_rows:32 candle_time:2022-12-08 08:40:00+00:00 granularity:M1
2022-12-08 09:41:11 process_candles:
       PAIR                      time    mid_c    mid_o   SL   TP   SPREAD      GAIN     LOSS  SIGNAL     BB_UP     BB_LW     BB_MA
26  GBP_CHF 2022-12-08 08:36:00+00:00  1.14715  1.14707  0.0  0.0  0.00020  0.000384  1.14715       0  1.147250  1.146282  1.146766
27  GBP_CHF 2022-12-08 08:37:00+00:00  1.14724  1.14716  0.0  0.0  0.00023  0.000435  1.14724       0  1.147377  1.146233  1.146805
28  GBP_CHF 2022-12-08 08:38:00+00:00  1.14739  1.14724  0.0  0.0  0.00016  0.000527  1.14739       0  1.147515  1.146211  1.146863
29  GBP_CHF 2022-12-08 08:39:00+00:00  1.14720  1.14738  0.0  0.0  0.00019  0.000287  1.14720       0  1.147590  1.146236  1.146913
30  GBP_CHF 2022-12-08 08:40:00+00:00  1.14719  1.14718  0.0  0.0  0.00022  0.000251  1.14719       0  1.147643  1.146234  1.146939
2022-12-08 09:42:08 CandleManager() new candle:last_candle:22-12-08 08:41 is_ready:True
2022-12-08 09:42:10 tech_manager: max_rows:32 candle_time:2022-12-08 08:41:00+00:00 granularity:M1
2022-12-08 09:42:10 process_candles:
       PAIR                      time    mid_c    mid_o   SL   TP   SPREAD      GAIN     LOSS  SIGNAL     BB_UP     BB_LW     BB_MA
26  GBP_CHF 2022-12-08 08:37:00+00:00  1.14724  1.14716  0.0  0.0  0.00023  0.000435  1.14724       0  1.147377  1.146233  1.146805
27  GBP_CHF 2022-12-08 08:38:00+00:00  1.14739  1.14724  0.0  0.0  0.00016  0.000527  1.14739       0  1.147515  1.146211  1.146863
28  GBP_CHF 2022-12-08 08:39:00+00:00  1.14720  1.14738  0.0  0.0  0.00019  0.000287  1.14720       0  1.147590  1.146236  1.146913
29  GBP_CHF 2022-12-08 08:40:00+00:00  1.14719  1.14718  0.0  0.0  0.00022  0.000251  1.14719       0  1.147643  1.146234  1.146939
30  GBP_CHF 2022-12-08 08:41:00+00:00  1.14702  1.14722  0.0  0.0  0.00021  0.000071  1.14702       0  1.147660  1.146237  1.146949
2022-12-08 09:43:07 CandleManager() new candle:last_candle:22-12-08 08:42 is_ready:True
2022-12-08 09:43:09 tech_manager: max_rows:32 candle_time:2022-12-08 08:42:00+00:00 granularity:M1
2022-12-08 09:43:09 process_candles:
       PAIR                      time    mid_c    mid_o   SL   TP   SPREAD      GAIN     LOSS  SIGNAL     BB_UP     BB_LW     BB_MA
26  GBP_CHF 2022-12-08 08:38:00+00:00  1.14739  1.14724  0.0  0.0  0.00016  0.000527  1.14739       0  1.147515  1.146211  1.146863
27  GBP_CHF 2022-12-08 08:39:00+00:00  1.14720  1.14738  0.0  0.0  0.00019  0.000287  1.14720       0  1.147590  1.146236  1.146913
28  GBP_CHF 2022-12-08 08:40:00+00:00  1.14719  1.14718  0.0  0.0  0.00022  0.000251  1.14719       0  1.147643  1.146234  1.146939
29  GBP_CHF 2022-12-08 08:41:00+00:00  1.14702  1.14722  0.0  0.0  0.00021  0.000071  1.14702       0  1.147660  1.146237  1.146949
30  GBP_CHF 2022-12-08 08:42:00+00:00  1.14708  1.14705  0.0  0.0  0.00020  0.000106  1.14708       0  1.147665  1.146283  1.146974
2022-12-08 09:44:07 CandleManager() new candle:last_candle:22-12-08 08:43 is_ready:True
2022-12-08 09:44:08 tech_manager: max_rows:32 candle_time:2022-12-08 08:43:00+00:00 granularity:M1
2022-12-08 09:44:08 process_candles:
       PAIR                      time    mid_c    mid_o   SL   TP   SPREAD      GAIN     LOSS  SIGNAL     BB_UP     BB_LW     BB_MA
26  GBP_CHF 2022-12-08 08:39:00+00:00  1.14720  1.14738  0.0  0.0  0.00019  0.000287  1.14720       0  1.147590  1.146236  1.146913
27  GBP_CHF 2022-12-08 08:40:00+00:00  1.14719  1.14718  0.0  0.0  0.00022  0.000251  1.14719       0  1.147643  1.146234  1.146939
28  GBP_CHF 2022-12-08 08:41:00+00:00  1.14702  1.14722  0.0  0.0  0.00021  0.000071  1.14702       0  1.147660  1.146237  1.146949
29  GBP_CHF 2022-12-08 08:42:00+00:00  1.14708  1.14705  0.0  0.0  0.00020  0.000106  1.14708       0  1.147665  1.146283  1.146974
30  GBP_CHF 2022-12-08 08:43:00+00:00  1.14702  1.14708  0.0  0.0  0.00025  0.000024  1.14702       0  1.147661  1.146332  1.146996
2022-12-08 09:45:06 CandleManager() new candle:last_candle:22-12-08 08:44 is_ready:True
2022-12-08 09:45:07 tech_manager: max_rows:32 candle_time:2022-12-08 08:44:00+00:00 granularity:M1
2022-12-08 09:45:08 process_candles:
       PAIR                      time    mid_c    mid_o   SL   TP   SPREAD      GAIN     LOSS  SIGNAL     BB_UP     BB_LW     BB_MA
26  GBP_CHF 2022-12-08 08:40:00+00:00  1.14719  1.14718  0.0  0.0  0.00022  0.000251  1.14719       0  1.147643  1.146234  1.146939
27  GBP_CHF 2022-12-08 08:41:00+00:00  1.14702  1.14722  0.0  0.0  0.00021  0.000071  1.14702       0  1.147660  1.146237  1.146949
28  GBP_CHF 2022-12-08 08:42:00+00:00  1.14708  1.14705  0.0  0.0  0.00020  0.000106  1.14708       0  1.147665  1.146283  1.146974
29  GBP_CHF 2022-12-08 08:43:00+00:00  1.14702  1.14708  0.0  0.0  0.00025  0.000024  1.14702       0  1.147661  1.146332  1.146996
30  GBP_CHF 2022-12-08 08:44:00+00:00  1.14657  1.14700  0.0  0.0  0.00022  0.000450  1.14657       0  1.147573  1.146467  1.147020
2022-12-08 09:46:05 CandleManager() new candle:last_candle:22-12-08 08:45 is_ready:True
2022-12-08 09:46:07 tech_manager: max_rows:32 candle_time:2022-12-08 08:45:00+00:00 granularity:M1
2022-12-08 09:46:07 process_candles:
       PAIR                      time    mid_c    mid_o   SL   TP   SPREAD      GAIN     LOSS  SIGNAL     BB_UP     BB_LW     BB_MA
26  GBP_CHF 2022-12-08 08:41:00+00:00  1.14702  1.14722  0.0  0.0  0.00021  0.000071  1.14702       0  1.147660  1.146237  1.146949
27  GBP_CHF 2022-12-08 08:42:00+00:00  1.14708  1.14705  0.0  0.0  0.00020  0.000106  1.14708       0  1.147665  1.146283  1.146974
28  GBP_CHF 2022-12-08 08:43:00+00:00  1.14702  1.14708  0.0  0.0  0.00025  0.000024  1.14702       0  1.147661  1.146332  1.146996
29  GBP_CHF 2022-12-08 08:44:00+00:00  1.14657  1.14700  0.0  0.0  0.00022  0.000450  1.14657       0  1.147573  1.146467  1.147020
30  GBP_CHF 2022-12-08 08:45:00+00:00  1.14670  1.14654  0.0  0.0  0.00020  0.000327  1.14670       0  1.147545  1.146510  1.147027
2022-12-08 09:47:05 CandleManager() new candle:last_candle:22-12-08 08:46 is_ready:True
2022-12-08 09:47:06 tech_manager: max_rows:32 candle_time:2022-12-08 08:46:00+00:00 granularity:M1
2022-12-08 09:47:06 process_candles:
       PAIR                      time    mid_c    mid_o   SL   TP   SPREAD      GAIN     LOSS  SIGNAL     BB_UP     BB_LW     BB_MA
26  GBP_CHF 2022-12-08 08:42:00+00:00  1.14708  1.14705  0.0  0.0  0.00020  0.000106  1.14708       0  1.147665  1.146283  1.146974
27  GBP_CHF 2022-12-08 08:43:00+00:00  1.14702  1.14708  0.0  0.0  0.00025  0.000024  1.14702       0  1.147661  1.146332  1.146996
28  GBP_CHF 2022-12-08 08:44:00+00:00  1.14657  1.14700  0.0  0.0  0.00022  0.000450  1.14657       0  1.147573  1.146467  1.147020
29  GBP_CHF 2022-12-08 08:45:00+00:00  1.14670  1.14654  0.0  0.0  0.00020  0.000327  1.14670       0  1.147545  1.146510  1.147027
30  GBP_CHF 2022-12-08 08:46:00+00:00  1.14648  1.14672  0.0  0.0  0.00021  0.000533  1.14648       0  1.147590  1.146436  1.147013
2022-12-08 09:48:04 CandleManager() new candle:last_candle:22-12-08 08:47 is_ready:True
2022-12-08 09:48:06 tech_manager: max_rows:32 candle_time:2022-12-08 08:47:00+00:00 granularity:M1
2022-12-08 09:48:06 process_candles:
       PAIR                      time    mid_c    mid_o   SL   TP   SPREAD      GAIN     LOSS  SIGNAL     BB_UP     BB_LW     BB_MA
26  GBP_CHF 2022-12-08 08:43:00+00:00  1.14702  1.14708  0.0  0.0  0.00025  0.000024  1.14702       0  1.147661  1.146332  1.146996
27  GBP_CHF 2022-12-08 08:44:00+00:00  1.14657  1.14700  0.0  0.0  0.00022  0.000450  1.14657       0  1.147573  1.146467  1.147020
28  GBP_CHF 2022-12-08 08:45:00+00:00  1.14670  1.14654  0.0  0.0  0.00020  0.000327  1.14670       0  1.147545  1.146510  1.147027
29  GBP_CHF 2022-12-08 08:46:00+00:00  1.14648  1.14672  0.0  0.0  0.00021  0.000533  1.14648       0  1.147590  1.146436  1.147013
30  GBP_CHF 2022-12-08 08:47:00+00:00  1.14649  1.14644  0.0  0.0  0.00020  0.000475  1.14649       0  1.147688  1.146242  1.146965
2022-12-08 09:49:04 CandleManager() new candle:last_candle:22-12-08 08:48 is_ready:True
2022-12-08 09:49:05 tech_manager: max_rows:32 candle_time:2022-12-08 08:48:00+00:00 granularity:M1
2022-12-08 09:49:05 process_candles:
       PAIR                      time    mid_c    mid_o   SL   TP   SPREAD      GAIN     LOSS  SIGNAL     BB_UP     BB_LW     BB_MA
26  GBP_CHF 2022-12-08 08:44:00+00:00  1.14657  1.14700  0.0  0.0  0.00022  0.000450  1.14657       0  1.147573  1.146467  1.147020
27  GBP_CHF 2022-12-08 08:45:00+00:00  1.14670  1.14654  0.0  0.0  0.00020  0.000327  1.14670       0  1.147545  1.146510  1.147027
28  GBP_CHF 2022-12-08 08:46:00+00:00  1.14648  1.14672  0.0  0.0  0.00021  0.000533  1.14648       0  1.147590  1.146436  1.147013
29  GBP_CHF 2022-12-08 08:47:00+00:00  1.14649  1.14644  0.0  0.0  0.00020  0.000475  1.14649       0  1.147688  1.146242  1.146965
30  GBP_CHF 2022-12-08 08:48:00+00:00  1.14613  1.14645  0.0  0.0  0.00022  0.000761  1.14613       0  1.147764  1.146019  1.146891
2022-12-08 09:50:03 CandleManager() new candle:last_candle:22-12-08 08:49 is_ready:True
2022-12-08 09:50:04 tech_manager: max_rows:32 candle_time:2022-12-08 08:49:00+00:00 granularity:M1
2022-12-08 09:50:04 process_candles:
       PAIR                      time    mid_c    mid_o   SL   TP   SPREAD      GAIN     LOSS  SIGNAL     BB_UP     BB_LW     BB_MA
26  GBP_CHF 2022-12-08 08:45:00+00:00  1.14670  1.14654  0.0  0.0  0.00020  0.000327  1.14670       0  1.147545  1.146510  1.147027
27  GBP_CHF 2022-12-08 08:46:00+00:00  1.14648  1.14672  0.0  0.0  0.00021  0.000533  1.14648       0  1.147590  1.146436  1.147013
28  GBP_CHF 2022-12-08 08:47:00+00:00  1.14649  1.14644  0.0  0.0  0.00020  0.000475  1.14649       0  1.147688  1.146242  1.146965
29  GBP_CHF 2022-12-08 08:48:00+00:00  1.14613  1.14645  0.0  0.0  0.00022  0.000761  1.14613       0  1.147764  1.146019  1.146891
30  GBP_CHF 2022-12-08 08:49:00+00:00  1.14645  1.14617  0.0  0.0  0.00020  0.000371  1.14645       0  1.147739  1.145904  1.146821
