2022-11-21 05:15:24 LogWrapper init() ./logs/main.log
2022-11-21 05:15:24 Bot started with Trade Settings:
{'n_ma': 12, 'n_std': 2.5, 'maxspread': 0.0004, 'mingain': 0.0006, 'riskreward': 1.5, 'strategy': 'M', 'dim_lot': [1, 1.4, 1, 1.4, 1.9, 2.5, 3.3, 4.4], 'max_open_trades': 8, 'sl': 0.008, 'tp': 0.006, 'delta_sl_tp': 0.002}
{'n_ma': 12, 'n_std': 2.5, 'maxspread': 0.0004, 'mingain': 0.0006, 'riskreward': 1.5, 'strategy': 'B', 'dim_lot': [1], 'max_open_trades': 1, 'sl': 0, 'tp': 0, 'delta_sl_tp': 0}
{'n_ma': 12, 'n_std': 2.5, 'maxspread': 0.0004, 'mingain': 0.0006, 'riskreward': 1.5, 'strategy': 'M', 'dim_lot': [1, 1.4, 1, 1.4, 1.9, 2.5, 3.3, 4.4], 'max_open_trades': 8, 'sl': 0.008, 'tp': 0.006, 'delta_sl_tp': 0.002}
{'n_ma': 12, 'n_std': 2.5, 'maxspread': 0.04, 'mingain': 0.06, 'riskreward': 1.5, 'strategy': 'M', 'dim_lot': [1, 1.4, 1, 1.4, 1.9, 2.5, 3.3, 4.4], 'max_open_trades': 8, 'sl': 0.008, 'tp': 0.006, 'delta_sl_tp': 0.002}
{'n_ma': 12, 'n_std': 2.5, 'maxspread': 0.0004, 'mingain': 0.0006, 'riskreward': 1.5, 'strategy': 'B', 'dim_lot': [1], 'max_open_trades': 1, 'sl': 0, 'tp': 0, 'delta_sl_tp': 0}
{'n_ma': 12, 'n_std': 2.5, 'maxspread': 0.0004, 'mingain': 0.0006, 'riskreward': 1.5, 'strategy': 'B', 'dim_lot': [1], 'max_open_trades': 1, 'sl': 0, 'tp': 0, 'delta_sl_tp': 0}
 
2022-11-21 05:15:25 Bot started
2022-11-21 05:15:59 process_candles triggered:['GBP_USD']
2022-11-21 05:16:11 process_candles triggered:['XAU_USD', 'GBP_CHF', 'EUR_CHF', 'GBP_JPY', 'EUR_GBP']
2022-11-21 05:17:07 process_candles triggered:['XAU_USD', 'GBP_CHF', 'EUR_CHF', 'GBP_JPY', 'GBP_USD', 'EUR_GBP']
2022-11-21 05:18:04 process_candles triggered:['XAU_USD', 'GBP_CHF', 'EUR_CHF', 'GBP_JPY', 'GBP_USD', 'EUR_GBP']
2022-11-21 05:19:02 process_candles triggered:['XAU_USD', 'GBP_CHF', 'EUR_CHF', 'GBP_JPY', 'GBP_USD', 'EUR_GBP']
2022-11-21 05:20:10 process_candles triggered:['XAU_USD', 'GBP_CHF', 'EUR_CHF', 'GBP_JPY', 'GBP_USD', 'EUR_GBP']
2022-11-21 05:21:07 process_candles triggered:['XAU_USD', 'GBP_CHF', 'EUR_CHF', 'GBP_JPY', 'GBP_USD', 'EUR_GBP']
2022-11-21 05:22:04 process_candles triggered:['XAU_USD', 'GBP_CHF', 'GBP_JPY', 'GBP_USD', 'EUR_GBP']
2022-11-21 05:22:17 process_candles triggered:['EUR_CHF']
2022-11-21 05:23:01 process_candles triggered:['XAU_USD', 'GBP_CHF', 'GBP_JPY', 'GBP_USD', 'EUR_GBP']
2022-11-21 05:23:14 process_candles triggered:['EUR_CHF']
2022-11-21 05:24:09 process_candles triggered:['XAU_USD', 'GBP_CHF', 'EUR_CHF', 'GBP_JPY', 'GBP_USD', 'EUR_GBP']
2022-11-21 05:25:07 process_candles triggered:['XAU_USD', 'GBP_CHF', 'EUR_CHF', 'GBP_JPY', 'GBP_USD', 'EUR_GBP']
2022-11-21 05:26:04 process_candles triggered:['XAU_USD', 'GBP_CHF', 'EUR_CHF', 'GBP_JPY', 'GBP_USD']
2022-11-21 05:26:16 process_candles triggered:['EUR_GBP']
2022-11-21 05:27:01 process_candles triggered:['XAU_USD', 'GBP_CHF', 'EUR_CHF', 'GBP_JPY', 'GBP_USD']
2022-11-21 05:27:13 process_candles triggered:['EUR_GBP']
2022-11-21 05:28:09 process_candles triggered:['XAU_USD', 'GBP_CHF', 'EUR_CHF', 'GBP_JPY', 'GBP_USD', 'EUR_GBP']
2022-11-21 05:29:06 process_candles triggered:['XAU_USD', 'GBP_CHF', 'EUR_CHF', 'GBP_JPY', 'GBP_USD', 'EUR_GBP']
2022-11-21 05:30:03 process_candles triggered:['XAU_USD', 'GBP_CHF', 'EUR_CHF', 'GBP_JPY', 'GBP_USD', 'EUR_GBP']
2022-11-21 05:31:00 process_candles triggered:['GBP_CHF', 'EUR_CHF', 'GBP_JPY', 'GBP_USD', 'EUR_GBP']
2022-11-21 05:31:13 process_candles triggered:['XAU_USD']
2022-11-21 05:32:09 process_candles triggered:['XAU_USD', 'GBP_CHF', 'EUR_CHF', 'GBP_JPY', 'GBP_USD', 'EUR_GBP']
2022-11-21 05:33:06 process_candles triggered:['XAU_USD', 'GBP_CHF', 'EUR_CHF', 'GBP_JPY', 'GBP_USD', 'EUR_GBP']
2022-11-21 05:34:03 process_candles triggered:['XAU_USD', 'GBP_CHF', 'GBP_JPY', 'GBP_USD', 'EUR_GBP']
2022-11-21 05:34:16 process_candles triggered:['EUR_CHF']
2022-11-21 05:35:00 process_candles triggered:['EUR_CHF', 'GBP_JPY', 'GBP_USD', 'EUR_GBP']
2022-11-21 05:35:13 process_candles triggered:['XAU_USD', 'GBP_CHF']
2022-11-21 05:36:09 process_candles triggered:['XAU_USD', 'GBP_CHF', 'EUR_CHF', 'GBP_JPY', 'GBP_USD', 'EUR_GBP']
2022-11-21 05:37:06 process_candles triggered:['XAU_USD', 'GBP_CHF', 'EUR_CHF', 'GBP_JPY', 'GBP_USD', 'EUR_GBP']
2022-11-21 05:38:03 process_candles triggered:['XAU_USD', 'GBP_CHF', 'EUR_CHF', 'GBP_JPY', 'GBP_USD', 'EUR_GBP']
2022-11-21 05:39:00 process_candles triggered:['XAU_USD', 'GBP_JPY', 'GBP_USD', 'EUR_GBP']
2022-11-21 05:39:13 process_candles triggered:['GBP_CHF', 'EUR_CHF']
2022-11-21 05:40:08 process_candles triggered:['XAU_USD', 'GBP_CHF', 'EUR_CHF', 'GBP_JPY', 'GBP_USD', 'EUR_GBP']
2022-11-21 05:41:05 process_candles triggered:['XAU_USD', 'GBP_CHF', 'EUR_CHF', 'GBP_JPY', 'GBP_USD', 'EUR_GBP']
2022-11-21 05:42:02 process_candles triggered:['XAU_USD', 'GBP_CHF', 'EUR_CHF', 'GBP_JPY', 'GBP_USD', 'EUR_GBP']
2022-11-21 05:43:10 process_candles triggered:['XAU_USD', 'GBP_CHF', 'EUR_CHF', 'GBP_JPY', 'GBP_USD', 'EUR_GBP']
2022-11-21 05:44:07 process_candles triggered:['XAU_USD', 'GBP_CHF', 'EUR_CHF', 'GBP_JPY', 'GBP_USD', 'EUR_GBP']
2022-11-21 05:45:04 process_candles triggered:['XAU_USD', 'GBP_CHF', 'EUR_CHF', 'GBP_JPY', 'GBP_USD', 'EUR_GBP']
2022-11-21 05:46:01 process_candles triggered:['GBP_USD']
2022-11-21 05:46:12 process_candles triggered:['XAU_USD', 'GBP_CHF', 'EUR_CHF', 'GBP_JPY', 'EUR_GBP']
2022-11-21 05:47:09 process_candles triggered:['XAU_USD', 'GBP_CHF', 'EUR_CHF', 'GBP_JPY', 'GBP_USD', 'EUR_GBP']
2022-11-21 05:48:06 process_candles triggered:['XAU_USD', 'GBP_CHF', 'EUR_CHF', 'GBP_JPY', 'GBP_USD', 'EUR_GBP']
2022-11-21 05:49:03 process_candles triggered:['XAU_USD', 'GBP_CHF', 'EUR_CHF', 'GBP_JPY', 'GBP_USD', 'EUR_GBP']
2022-11-21 05:50:00 process_candles triggered:['GBP_CHF', 'EUR_CHF', 'GBP_JPY', 'GBP_USD', 'EUR_GBP']
2022-11-21 05:50:13 process_candles triggered:['XAU_USD']
2022-11-21 05:51:08 process_candles triggered:['XAU_USD', 'GBP_CHF', 'EUR_CHF', 'GBP_JPY', 'GBP_USD', 'EUR_GBP']
2022-11-21 05:52:05 process_candles triggered:['XAU_USD', 'GBP_CHF', 'EUR_CHF', 'GBP_JPY', 'GBP_USD', 'EUR_GBP']
2022-11-21 05:53:02 process_candles triggered:['XAU_USD', 'GBP_CHF', 'EUR_CHF', 'GBP_JPY', 'GBP_USD', 'EUR_GBP']
2022-11-21 05:54:10 process_candles triggered:['XAU_USD', 'GBP_CHF', 'EUR_CHF', 'GBP_JPY', 'GBP_USD', 'EUR_GBP']
2022-11-21 05:55:07 process_candles triggered:['XAU_USD', 'GBP_CHF', 'EUR_CHF', 'GBP_JPY', 'GBP_USD', 'EUR_GBP']
2022-11-21 05:56:04 process_candles triggered:['XAU_USD', 'GBP_CHF', 'EUR_CHF', 'GBP_JPY', 'GBP_USD', 'EUR_GBP']
2022-11-21 05:57:01 process_candles triggered:['GBP_JPY', 'GBP_USD']
2022-11-21 05:57:13 process_candles triggered:['XAU_USD', 'GBP_CHF', 'EUR_CHF', 'EUR_GBP']
2022-11-21 05:58:09 process_candles triggered:['XAU_USD', 'GBP_CHF', 'EUR_CHF', 'GBP_JPY', 'GBP_USD', 'EUR_GBP']
2022-11-21 05:59:06 process_candles triggered:['XAU_USD', 'GBP_CHF', 'EUR_CHF', 'GBP_JPY', 'GBP_USD', 'EUR_GBP']
2022-11-21 06:00:03 process_candles triggered:['XAU_USD', 'GBP_CHF', 'EUR_CHF', 'GBP_JPY', 'GBP_USD', 'EUR_GBP']
2022-11-21 06:01:00 process_candles triggered:['EUR_CHF', 'GBP_JPY', 'GBP_USD']
2022-11-21 06:01:12 process_candles triggered:['XAU_USD', 'GBP_CHF', 'EUR_GBP']
2022-11-21 06:02:09 process_candles triggered:['XAU_USD', 'GBP_CHF', 'EUR_CHF', 'GBP_JPY', 'GBP_USD', 'EUR_GBP']
2022-11-21 06:03:06 process_candles triggered:['XAU_USD', 'GBP_CHF', 'EUR_CHF', 'GBP_JPY', 'GBP_USD', 'EUR_GBP']
2022-11-21 06:04:03 process_candles triggered:['XAU_USD', 'GBP_CHF', 'EUR_CHF', 'GBP_JPY', 'GBP_USD', 'EUR_GBP']
2022-11-21 06:05:00 process_candles triggered:['GBP_JPY', 'GBP_USD', 'EUR_GBP']
2022-11-21 06:05:12 process_candles triggered:['XAU_USD', 'GBP_CHF', 'EUR_CHF']
2022-11-21 06:06:08 process_candles triggered:['XAU_USD', 'GBP_CHF', 'EUR_CHF', 'GBP_JPY', 'GBP_USD', 'EUR_GBP']
2022-11-21 06:07:05 process_candles triggered:['GBP_CHF', 'EUR_CHF', 'GBP_JPY', 'GBP_USD', 'EUR_GBP']
2022-11-21 06:07:18 process_candles triggered:['XAU_USD']
2022-11-21 06:08:02 process_candles triggered:['GBP_CHF', 'EUR_CHF', 'GBP_JPY', 'GBP_USD']
2022-11-21 06:08:14 process_candles triggered:['XAU_USD', 'EUR_GBP']
2022-11-21 06:09:10 process_candles triggered:['XAU_USD', 'GBP_CHF', 'EUR_CHF', 'GBP_JPY', 'GBP_USD', 'EUR_GBP']
2022-11-21 06:10:07 process_candles triggered:['XAU_USD', 'GBP_CHF', 'EUR_CHF', 'GBP_JPY', 'GBP_USD', 'EUR_GBP']
2022-11-21 06:11:04 process_candles triggered:['XAU_USD', 'GBP_CHF', 'EUR_CHF', 'GBP_JPY', 'GBP_USD', 'EUR_GBP']
2022-11-21 06:12:02 process_candles triggered:['XAU_USD', 'GBP_CHF', 'EUR_CHF', 'GBP_JPY', 'GBP_USD', 'EUR_GBP']
2022-11-21 06:13:10 process_candles triggered:['XAU_USD', 'GBP_CHF', 'EUR_CHF', 'GBP_JPY', 'GBP_USD', 'EUR_GBP']
2022-11-21 06:14:07 process_candles triggered:['XAU_USD', 'GBP_CHF', 'EUR_CHF', 'GBP_JPY', 'GBP_USD', 'EUR_GBP']
2022-11-21 06:15:04 process_candles triggered:['XAU_USD', 'GBP_CHF', 'EUR_CHF', 'GBP_JPY', 'GBP_USD', 'EUR_GBP']
2022-11-21 06:16:01 process_candles triggered:['XAU_USD', 'GBP_CHF', 'EUR_CHF', 'GBP_JPY', 'GBP_USD', 'EUR_GBP']
2022-11-21 06:17:10 process_candles triggered:['XAU_USD', 'GBP_CHF', 'EUR_CHF', 'GBP_JPY', 'GBP_USD', 'EUR_GBP']
2022-11-21 06:18:07 process_candles triggered:['XAU_USD', 'GBP_CHF', 'EUR_CHF', 'GBP_JPY', 'GBP_USD', 'EUR_GBP']
2022-11-21 06:19:04 process_candles triggered:['GBP_CHF', 'EUR_CHF', 'GBP_JPY', 'GBP_USD', 'EUR_GBP']
2022-11-21 06:19:16 process_candles triggered:['XAU_USD']
2022-11-21 06:20:01 process_candles triggered:['GBP_CHF', 'GBP_JPY', 'GBP_USD', 'EUR_GBP']
2022-11-21 06:20:13 process_candles triggered:['XAU_USD', 'EUR_CHF']
2022-11-21 06:21:09 process_candles triggered:['XAU_USD', 'GBP_CHF', 'EUR_CHF', 'GBP_JPY', 'GBP_USD', 'EUR_GBP']
2022-11-21 06:22:06 process_candles triggered:['XAU_USD', 'GBP_CHF', 'EUR_CHF', 'GBP_JPY', 'GBP_USD', 'EUR_GBP']
2022-11-21 06:23:03 process_candles triggered:['XAU_USD', 'GBP_CHF', 'EUR_CHF', 'GBP_JPY', 'GBP_USD', 'EUR_GBP']
2022-11-21 06:24:00 process_candles triggered:['GBP_JPY', 'EUR_GBP']
2022-11-21 06:24:12 process_candles triggered:['XAU_USD', 'GBP_CHF', 'EUR_CHF', 'GBP_USD']
2022-11-21 06:25:08 process_candles triggered:['XAU_USD', 'GBP_CHF', 'EUR_CHF', 'GBP_JPY', 'GBP_USD', 'EUR_GBP']
2022-11-21 06:26:05 process_candles triggered:['XAU_USD', 'GBP_CHF', 'EUR_CHF', 'GBP_JPY', 'GBP_USD', 'EUR_GBP']
2022-11-21 06:27:03 process_candles triggered:['XAU_USD', 'GBP_CHF', 'EUR_CHF', 'GBP_JPY', 'GBP_USD', 'EUR_GBP']
2022-11-21 06:28:00 process_candles triggered:['GBP_CHF', 'EUR_CHF', 'GBP_JPY', 'GBP_USD']
2022-11-21 06:28:12 process_candles triggered:['XAU_USD', 'EUR_GBP']
2022-11-21 06:29:08 process_candles triggered:['XAU_USD', 'GBP_CHF', 'EUR_CHF', 'GBP_JPY', 'GBP_USD', 'EUR_GBP']
2022-11-21 06:30:05 process_candles triggered:['XAU_USD', 'GBP_CHF', 'EUR_CHF', 'GBP_JPY', 'GBP_USD', 'EUR_GBP']
2022-11-21 06:31:02 process_candles triggered:['XAU_USD', 'GBP_CHF', 'EUR_CHF', 'GBP_JPY', 'GBP_USD', 'EUR_GBP']
2022-11-21 06:32:10 process_candles triggered:['XAU_USD', 'GBP_CHF', 'EUR_CHF', 'GBP_JPY', 'GBP_USD', 'EUR_GBP']
2022-11-21 06:33:08 process_candles triggered:['XAU_USD', 'GBP_CHF', 'EUR_CHF', 'GBP_JPY', 'GBP_USD', 'EUR_GBP']
2022-11-21 06:34:05 process_candles triggered:['XAU_USD', 'GBP_CHF', 'EUR_CHF', 'GBP_JPY', 'GBP_USD', 'EUR_GBP']
2022-11-21 06:35:02 process_candles triggered:['GBP_CHF', 'EUR_CHF', 'GBP_JPY', 'GBP_USD']
2022-11-21 06:35:14 process_candles triggered:['XAU_USD', 'EUR_GBP']
2022-11-21 06:35:59 process_candles triggered:['EUR_GBP']
2022-11-21 06:36:11 process_candles triggered:['XAU_USD', 'GBP_CHF', 'EUR_CHF', 'GBP_JPY', 'GBP_USD']
2022-11-21 06:37:07 process_candles triggered:['XAU_USD', 'GBP_CHF', 'EUR_CHF', 'GBP_JPY', 'GBP_USD', 'EUR_GBP']
2022-11-21 06:38:04 process_candles triggered:['GBP_CHF', 'EUR_CHF', 'GBP_JPY', 'GBP_USD', 'EUR_GBP']
2022-11-21 06:38:17 process_candles triggered:['XAU_USD']
2022-11-21 06:39:02 process_candles triggered:['XAU_USD', 'GBP_CHF', 'EUR_CHF', 'GBP_JPY', 'GBP_USD', 'EUR_GBP']
2022-11-21 06:39:03 Place Trade: TradeDecision(): GBP_JPY dir:1 gain:0.0993 sl:166.2678 tp:166.4333
