2022-11-21 05:15:24 LogWrapper init() ./logs/XAU_USD.log
2022-11-21 05:15:24 {'n_ma': 12, 'n_std': 2.5, 'maxspread': 0.0004, 'mingain': 0.0006, 'riskreward': 1.5, 'strategy': 'M', 'dim_lot': [1, 1.4, 1, 1.4, 1.9, 2.5, 3.3, 4.4], 'max_open_trades': 8, 'sl': 0.008, 'tp': 0.006, 'delta_sl_tp': 0.002}
2022-11-21 05:15:25 CandleManager() init last_candle:last_candle:22-11-21 05:14 is_ready:False
2022-11-21 05:16:10 CandleManager() new candle:last_candle:22-11-21 05:15 is_ready:True
2022-11-21 05:16:11 tech_manager: max_rows:32 candle_time:2022-11-21 05:15:00+00:00 granularity:M1
2022-11-21 05:16:11 process_candles:
       PAIR                      time     mid_c     mid_o   SL   TP  SPREAD      GAIN      LOSS  SIGNAL        BB_UP        BB_LW        BB_MA
26  XAU_USD 2022-11-21 05:11:00+00:00  1746.435  1746.205  0.0  0.0   0.330  0.527778  1746.435       0  1746.439090  1745.375355  1745.907222
27  XAU_USD 2022-11-21 05:12:00+00:00  1746.385  1746.405  0.0  0.0   0.270  0.446806  1746.385       0  1746.555154  1745.321235  1745.938194
28  XAU_USD 2022-11-21 05:13:00+00:00  1746.350  1746.390  0.0  0.0   0.276  0.376528  1746.350       0  1746.656134  1745.290810  1745.973472
29  XAU_USD 2022-11-21 05:14:00+00:00  1746.405  1746.355  0.0  0.0   0.344  0.384167  1746.405       0  1746.759687  1745.281980  1746.020833
30  XAU_USD 2022-11-21 05:15:00+00:00  1746.245  1746.405  0.0  0.0   0.250  0.203611  1746.245       0  1746.806134  1745.276644  1746.041389
2022-11-21 05:17:07 CandleManager() new candle:last_candle:22-11-21 05:16 is_ready:True
2022-11-21 05:17:08 tech_manager: max_rows:32 candle_time:2022-11-21 05:16:00+00:00 granularity:M1
2022-11-21 05:17:08 process_candles:
       PAIR                      time     mid_c     mid_o   SL   TP  SPREAD      GAIN      LOSS  SIGNAL        BB_UP        BB_LW        BB_MA
26  XAU_USD 2022-11-21 05:12:00+00:00  1746.385  1746.405  0.0  0.0   0.270  0.446806  1746.385       0  1746.555154  1745.321235  1745.938194
27  XAU_USD 2022-11-21 05:13:00+00:00  1746.350  1746.390  0.0  0.0   0.276  0.376528  1746.350       0  1746.656134  1745.290810  1745.973472
28  XAU_USD 2022-11-21 05:14:00+00:00  1746.405  1746.355  0.0  0.0   0.344  0.384167  1746.405       0  1746.759687  1745.281980  1746.020833
29  XAU_USD 2022-11-21 05:15:00+00:00  1746.245  1746.405  0.0  0.0   0.250  0.203611  1746.245       0  1746.806134  1745.276644  1746.041389
30  XAU_USD 2022-11-21 05:16:00+00:00  1746.440  1746.260  0.0  0.0   0.264  0.353472  1746.440       0  1746.873177  1745.299878  1746.086528
2022-11-21 05:18:04 CandleManager() new candle:last_candle:22-11-21 05:17 is_ready:True
2022-11-21 05:18:05 tech_manager: max_rows:32 candle_time:2022-11-21 05:17:00+00:00 granularity:M1
2022-11-21 05:18:05 process_candles:
       PAIR                      time     mid_c     mid_o   SL   TP  SPREAD      GAIN      LOSS  SIGNAL        BB_UP        BB_LW        BB_MA
26  XAU_USD 2022-11-21 05:13:00+00:00  1746.350  1746.390  0.0  0.0   0.276  0.376528  1746.350       0  1746.656134  1745.290810  1745.973472
27  XAU_USD 2022-11-21 05:14:00+00:00  1746.405  1746.355  0.0  0.0   0.344  0.384167  1746.405       0  1746.759687  1745.281980  1746.020833
28  XAU_USD 2022-11-21 05:15:00+00:00  1746.245  1746.405  0.0  0.0   0.250  0.203611  1746.245       0  1746.806134  1745.276644  1746.041389
29  XAU_USD 2022-11-21 05:16:00+00:00  1746.440  1746.260  0.0  0.0   0.264  0.353472  1746.440       0  1746.873177  1745.299878  1746.086528
30  XAU_USD 2022-11-21 05:17:00+00:00  1746.490  1746.430  0.0  0.0   0.276  0.335278  1746.490       0  1746.898978  1745.410466  1746.154722
2022-11-21 05:19:01 CandleManager() new candle:last_candle:22-11-21 05:18 is_ready:True
2022-11-21 05:19:02 tech_manager: max_rows:32 candle_time:2022-11-21 05:18:00+00:00 granularity:M1
2022-11-21 05:19:02 process_candles:
       PAIR                      time     mid_c     mid_o   SL   TP  SPREAD      GAIN      LOSS  SIGNAL        BB_UP        BB_LW        BB_MA
26  XAU_USD 2022-11-21 05:14:00+00:00  1746.405  1746.355  0.0  0.0   0.344  0.384167  1746.405       0  1746.759687  1745.281980  1746.020833
27  XAU_USD 2022-11-21 05:15:00+00:00  1746.245  1746.405  0.0  0.0   0.250  0.203611  1746.245       0  1746.806134  1745.276644  1746.041389
28  XAU_USD 2022-11-21 05:16:00+00:00  1746.440  1746.260  0.0  0.0   0.264  0.353472  1746.440       0  1746.873177  1745.299878  1746.086528
29  XAU_USD 2022-11-21 05:17:00+00:00  1746.490  1746.430  0.0  0.0   0.276  0.335278  1746.490       0  1746.898978  1745.410466  1746.154722
30  XAU_USD 2022-11-21 05:18:00+00:00  1746.290  1746.510  0.0  0.0   0.276  0.087222  1746.290       0  1746.899864  1745.505692  1746.202778
2022-11-21 05:20:09 CandleManager() new candle:last_candle:22-11-21 05:19 is_ready:True
2022-11-21 05:20:10 tech_manager: max_rows:32 candle_time:2022-11-21 05:19:00+00:00 granularity:M1
2022-11-21 05:20:10 process_candles:
       PAIR                      time     mid_c     mid_o   SL   TP  SPREAD      GAIN      LOSS  SIGNAL        BB_UP        BB_LW        BB_MA
26  XAU_USD 2022-11-21 05:15:00+00:00  1746.245  1746.405  0.0  0.0   0.250  0.203611  1746.245       0  1746.806134  1745.276644  1746.041389
27  XAU_USD 2022-11-21 05:16:00+00:00  1746.440  1746.260  0.0  0.0   0.264  0.353472  1746.440       0  1746.873177  1745.299878  1746.086528
28  XAU_USD 2022-11-21 05:17:00+00:00  1746.490  1746.430  0.0  0.0   0.276  0.335278  1746.490       0  1746.898978  1745.410466  1746.154722
29  XAU_USD 2022-11-21 05:18:00+00:00  1746.290  1746.510  0.0  0.0   0.276  0.087222  1746.290       0  1746.899864  1745.505692  1746.202778
30  XAU_USD 2022-11-21 05:19:00+00:00  1746.340  1746.265  0.0  0.0   0.340  0.088194  1746.340       0  1746.862974  1745.640637  1746.251806
2022-11-21 05:21:06 CandleManager() new candle:last_candle:22-11-21 05:20 is_ready:True
2022-11-21 05:21:07 tech_manager: max_rows:32 candle_time:2022-11-21 05:20:00+00:00 granularity:M1
2022-11-21 05:21:07 process_candles:
       PAIR                      time    mid_c     mid_o   SL   TP  SPREAD      GAIN     LOSS  SIGNAL        BB_UP        BB_LW        BB_MA
26  XAU_USD 2022-11-21 05:16:00+00:00  1746.44  1746.260  0.0  0.0   0.264  0.353472  1746.44       0  1746.873177  1745.299878  1746.086528
27  XAU_USD 2022-11-21 05:17:00+00:00  1746.49  1746.430  0.0  0.0   0.276  0.335278  1746.49       0  1746.898978  1745.410466  1746.154722
28  XAU_USD 2022-11-21 05:18:00+00:00  1746.29  1746.510  0.0  0.0   0.276  0.087222  1746.29       0  1746.899864  1745.505692  1746.202778
29  XAU_USD 2022-11-21 05:19:00+00:00  1746.34  1746.265  0.0  0.0   0.340  0.088194  1746.34       0  1746.862974  1745.640637  1746.251806
30  XAU_USD 2022-11-21 05:20:00+00:00  1746.25  1746.295  0.0  0.0   0.330  0.055278  1746.25       0  1746.723222  1745.887333  1746.305278
2022-11-21 05:22:03 CandleManager() new candle:last_candle:22-11-21 05:21 is_ready:True
2022-11-21 05:22:04 tech_manager: max_rows:32 candle_time:2022-11-21 05:21:00+00:00 granularity:M1
2022-11-21 05:22:04 process_candles:
       PAIR                      time    mid_c     mid_o   SL   TP  SPREAD      GAIN     LOSS  SIGNAL        BB_UP        BB_LW        BB_MA
26  XAU_USD 2022-11-21 05:17:00+00:00  1746.49  1746.430  0.0  0.0   0.276  0.335278  1746.49       0  1746.898978  1745.410466  1746.154722
27  XAU_USD 2022-11-21 05:18:00+00:00  1746.29  1746.510  0.0  0.0   0.276  0.087222  1746.29       0  1746.899864  1745.505692  1746.202778
28  XAU_USD 2022-11-21 05:19:00+00:00  1746.34  1746.265  0.0  0.0   0.340  0.088194  1746.34       0  1746.862974  1745.640637  1746.251806
29  XAU_USD 2022-11-21 05:20:00+00:00  1746.25  1746.295  0.0  0.0   0.330  0.055278  1746.25       0  1746.723222  1745.887333  1746.305278
30  XAU_USD 2022-11-21 05:21:00+00:00  1745.89  1746.220  0.0  0.0   0.320  0.424306  1745.89       0  1746.671538  1745.957073  1746.314306
2022-11-21 05:23:00 CandleManager() new candle:last_candle:22-11-21 05:22 is_ready:True
2022-11-21 05:23:01 tech_manager: max_rows:32 candle_time:2022-11-21 05:22:00+00:00 granularity:M1
2022-11-21 05:23:01 process_candles:
       PAIR                      time     mid_c     mid_o   SL   TP  SPREAD      GAIN      LOSS  SIGNAL        BB_UP        BB_LW        BB_MA
26  XAU_USD 2022-11-21 05:18:00+00:00  1746.290  1746.510  0.0  0.0   0.276  0.087222  1746.290       0  1746.899864  1745.505692  1746.202778
27  XAU_USD 2022-11-21 05:19:00+00:00  1746.340  1746.265  0.0  0.0   0.340  0.088194  1746.340       0  1746.862974  1745.640637  1746.251806
28  XAU_USD 2022-11-21 05:20:00+00:00  1746.250  1746.295  0.0  0.0   0.330  0.055278  1746.250       0  1746.723222  1745.887333  1746.305278
29  XAU_USD 2022-11-21 05:21:00+00:00  1745.890  1746.220  0.0  0.0   0.320  0.424306  1745.890       0  1746.671538  1745.957073  1746.314306
30  XAU_USD 2022-11-21 05:22:00+00:00  1745.785  1745.850  0.0  0.0   0.310  0.510972  1745.785       0  1746.757112  1745.834833  1746.295972
2022-11-21 05:24:08 CandleManager() new candle:last_candle:22-11-21 05:23 is_ready:True
2022-11-21 05:24:10 tech_manager: max_rows:32 candle_time:2022-11-21 05:23:00+00:00 granularity:M1
2022-11-21 05:24:10 process_candles:
       PAIR                      time     mid_c     mid_o   SL   TP  SPREAD      GAIN      LOSS  SIGNAL        BB_UP        BB_LW        BB_MA
26  XAU_USD 2022-11-21 05:19:00+00:00  1746.340  1746.265  0.0  0.0   0.340  0.088194  1746.340       0  1746.862974  1745.640637  1746.251806
27  XAU_USD 2022-11-21 05:20:00+00:00  1746.250  1746.295  0.0  0.0   0.330  0.055278  1746.250       0  1746.723222  1745.887333  1746.305278
28  XAU_USD 2022-11-21 05:21:00+00:00  1745.890  1746.220  0.0  0.0   0.320  0.424306  1745.890       0  1746.671538  1745.957073  1746.314306
29  XAU_USD 2022-11-21 05:22:00+00:00  1745.785  1745.850  0.0  0.0   0.310  0.510972  1745.785       0  1746.757112  1745.834833  1746.295972
30  XAU_USD 2022-11-21 05:23:00+00:00  1745.925  1745.800  0.0  0.0   0.286  0.325278  1745.925       0  1746.779940  1745.720615  1746.250278
2022-11-21 05:25:06 CandleManager() new candle:last_candle:22-11-21 05:24 is_ready:True
2022-11-21 05:25:07 tech_manager: max_rows:32 candle_time:2022-11-21 05:24:00+00:00 granularity:M1
2022-11-21 05:25:07 process_candles:
       PAIR                      time     mid_c     mid_o   SL   TP  SPREAD      GAIN      LOSS  SIGNAL        BB_UP        BB_LW        BB_MA
26  XAU_USD 2022-11-21 05:20:00+00:00  1746.250  1746.295  0.0  0.0   0.330  0.055278  1746.250       0  1746.723222  1745.887333  1746.305278
27  XAU_USD 2022-11-21 05:21:00+00:00  1745.890  1746.220  0.0  0.0   0.320  0.424306  1745.890       0  1746.671538  1745.957073  1746.314306
28  XAU_USD 2022-11-21 05:22:00+00:00  1745.785  1745.850  0.0  0.0   0.310  0.510972  1745.785       0  1746.757112  1745.834833  1746.295972
29  XAU_USD 2022-11-21 05:23:00+00:00  1745.925  1745.800  0.0  0.0   0.286  0.325278  1745.925       0  1746.779940  1745.720615  1746.250278
30  XAU_USD 2022-11-21 05:24:00+00:00  1746.340  1745.960  0.0  0.0   0.284  0.098750  1746.340       0  1746.766235  1745.716265  1746.241250
2022-11-21 05:26:03 CandleManager() new candle:last_candle:22-11-21 05:25 is_ready:True
2022-11-21 05:26:04 tech_manager: max_rows:32 candle_time:2022-11-21 05:25:00+00:00 granularity:M1
2022-11-21 05:26:04 process_candles:
       PAIR                      time     mid_c    mid_o   SL   TP  SPREAD      GAIN      LOSS  SIGNAL        BB_UP        BB_LW        BB_MA
26  XAU_USD 2022-11-21 05:21:00+00:00  1745.890  1746.22  0.0  0.0   0.320  0.424306  1745.890       0  1746.671538  1745.957073  1746.314306
27  XAU_USD 2022-11-21 05:22:00+00:00  1745.785  1745.85  0.0  0.0   0.310  0.510972  1745.785       0  1746.757112  1745.834833  1746.295972
28  XAU_USD 2022-11-21 05:23:00+00:00  1745.925  1745.80  0.0  0.0   0.286  0.325278  1745.925       0  1746.779940  1745.720615  1746.250278
29  XAU_USD 2022-11-21 05:24:00+00:00  1746.340  1745.96  0.0  0.0   0.284  0.098750  1746.340       0  1746.766235  1745.716265  1746.241250
30  XAU_USD 2022-11-21 05:25:00+00:00  1746.635  1746.31  0.0  0.0   0.300  0.378056  1746.635       0  1746.819339  1745.694550  1746.256944
2022-11-21 05:27:00 CandleManager() new candle:last_candle:22-11-21 05:26 is_ready:True
2022-11-21 05:27:01 tech_manager: max_rows:32 candle_time:2022-11-21 05:26:00+00:00 granularity:M1
2022-11-21 05:27:01 process_candles:
       PAIR                      time     mid_c     mid_o   SL   TP  SPREAD      GAIN      LOSS  SIGNAL        BB_UP        BB_LW        BB_MA
26  XAU_USD 2022-11-21 05:22:00+00:00  1745.785  1745.850  0.0  0.0   0.310  0.510972  1745.785       0  1746.757112  1745.834833  1746.295972
27  XAU_USD 2022-11-21 05:23:00+00:00  1745.925  1745.800  0.0  0.0   0.286  0.325278  1745.925       0  1746.779940  1745.720615  1746.250278
28  XAU_USD 2022-11-21 05:24:00+00:00  1746.340  1745.960  0.0  0.0   0.284  0.098750  1746.340       0  1746.766235  1745.716265  1746.241250
29  XAU_USD 2022-11-21 05:25:00+00:00  1746.635  1746.310  0.0  0.0   0.300  0.378056  1746.635       0  1746.819339  1745.694550  1746.256944
30  XAU_USD 2022-11-21 05:26:00+00:00  1746.490  1746.675  0.0  0.0   0.354  0.217917  1746.490       0  1746.875441  1745.668725  1746.272083
2022-11-21 05:28:08 CandleManager() new candle:last_candle:22-11-21 05:27 is_ready:True
2022-11-21 05:28:09 tech_manager: max_rows:32 candle_time:2022-11-21 05:27:00+00:00 granularity:M1
2022-11-21 05:28:09 process_candles:
       PAIR                      time     mid_c     mid_o   SL   TP  SPREAD      GAIN      LOSS  SIGNAL        BB_UP        BB_LW        BB_MA
26  XAU_USD 2022-11-21 05:23:00+00:00  1745.925  1745.800  0.0  0.0   0.286  0.325278  1745.925       0  1746.779940  1745.720615  1746.250278
27  XAU_USD 2022-11-21 05:24:00+00:00  1746.340  1745.960  0.0  0.0   0.284  0.098750  1746.340       0  1746.766235  1745.716265  1746.241250
28  XAU_USD 2022-11-21 05:25:00+00:00  1746.635  1746.310  0.0  0.0   0.300  0.378056  1746.635       0  1746.819339  1745.694550  1746.256944
29  XAU_USD 2022-11-21 05:26:00+00:00  1746.490  1746.675  0.0  0.0   0.354  0.217917  1746.490       0  1746.875441  1745.668725  1746.272083
30  XAU_USD 2022-11-21 05:27:00+00:00  1746.275  1746.510  0.0  0.0   0.294  0.001389  1746.275       0  1746.881929  1745.670849  1746.276389
2022-11-21 05:29:05 CandleManager() new candle:last_candle:22-11-21 05:28 is_ready:True
2022-11-21 05:29:06 tech_manager: max_rows:32 candle_time:2022-11-21 05:28:00+00:00 granularity:M1
2022-11-21 05:29:06 process_candles:
       PAIR                      time     mid_c     mid_o   SL   TP  SPREAD      GAIN      LOSS  SIGNAL        BB_UP        BB_LW        BB_MA
26  XAU_USD 2022-11-21 05:24:00+00:00  1746.340  1745.960  0.0  0.0   0.284  0.098750  1746.340       0  1746.766235  1745.716265  1746.241250
27  XAU_USD 2022-11-21 05:25:00+00:00  1746.635  1746.310  0.0  0.0   0.300  0.378056  1746.635       0  1746.819339  1745.694550  1746.256944
28  XAU_USD 2022-11-21 05:26:00+00:00  1746.490  1746.675  0.0  0.0   0.354  0.217917  1746.490       0  1746.875441  1745.668725  1746.272083
29  XAU_USD 2022-11-21 05:27:00+00:00  1746.275  1746.510  0.0  0.0   0.294  0.001389  1746.275       0  1746.881929  1745.670849  1746.276389
30  XAU_USD 2022-11-21 05:28:00+00:00  1746.360  1746.250  0.0  0.0   0.280  0.087778  1746.360       0  1746.873492  1745.670952  1746.272222
2022-11-21 05:30:02 CandleManager() new candle:last_candle:22-11-21 05:29 is_ready:True
2022-11-21 05:30:03 tech_manager: max_rows:32 candle_time:2022-11-21 05:29:00+00:00 granularity:M1
2022-11-21 05:30:03 process_candles:
       PAIR                      time     mid_c     mid_o   SL   TP  SPREAD      GAIN      LOSS  SIGNAL        BB_UP        BB_LW        BB_MA
26  XAU_USD 2022-11-21 05:25:00+00:00  1746.635  1746.310  0.0  0.0   0.300  0.378056  1746.635       0  1746.819339  1745.694550  1746.256944
27  XAU_USD 2022-11-21 05:26:00+00:00  1746.490  1746.675  0.0  0.0   0.354  0.217917  1746.490       0  1746.875441  1745.668725  1746.272083
28  XAU_USD 2022-11-21 05:27:00+00:00  1746.275  1746.510  0.0  0.0   0.294  0.001389  1746.275       0  1746.881929  1745.670849  1746.276389
29  XAU_USD 2022-11-21 05:28:00+00:00  1746.360  1746.250  0.0  0.0   0.280  0.087778  1746.360       0  1746.873492  1745.670952  1746.272222
30  XAU_USD 2022-11-21 05:29:00+00:00  1746.290  1746.490  0.0  0.0   0.266  0.021667  1746.290       0  1746.862221  1745.674446  1746.268333
2022-11-21 05:31:12 CandleManager() new candle:last_candle:22-11-21 05:30 is_ready:True
2022-11-21 05:31:13 tech_manager: max_rows:32 candle_time:2022-11-21 05:30:00+00:00 granularity:M1
2022-11-21 05:31:13 process_candles:
       PAIR                      time     mid_c     mid_o   SL   TP  SPREAD      GAIN      LOSS  SIGNAL        BB_UP        BB_LW        BB_MA
26  XAU_USD 2022-11-21 05:26:00+00:00  1746.490  1746.675  0.0  0.0   0.354  0.217917  1746.490       0  1746.875441  1745.668725  1746.272083
27  XAU_USD 2022-11-21 05:27:00+00:00  1746.275  1746.510  0.0  0.0   0.294  0.001389  1746.275       0  1746.881929  1745.670849  1746.276389
28  XAU_USD 2022-11-21 05:28:00+00:00  1746.360  1746.250  0.0  0.0   0.280  0.087778  1746.360       0  1746.873492  1745.670952  1746.272222
29  XAU_USD 2022-11-21 05:29:00+00:00  1746.290  1746.490  0.0  0.0   0.266  0.021667  1746.290       0  1746.862221  1745.674446  1746.268333
30  XAU_USD 2022-11-21 05:30:00+00:00  1745.430  1746.170  0.0  0.0   0.364  0.781111  1745.430       0  1746.935094  1745.487128  1746.211111
2022-11-21 05:32:08 CandleManager() new candle:last_candle:22-11-21 05:31 is_ready:True
2022-11-21 05:32:09 tech_manager: max_rows:32 candle_time:2022-11-21 05:31:00+00:00 granularity:M1
2022-11-21 05:32:09 process_candles:
       PAIR                      time     mid_c    mid_o   SL   TP  SPREAD      GAIN      LOSS  SIGNAL        BB_UP        BB_LW        BB_MA
26  XAU_USD 2022-11-21 05:27:00+00:00  1746.275  1746.51  0.0  0.0   0.294  0.001389  1746.275       0  1746.881929  1745.670849  1746.276389
27  XAU_USD 2022-11-21 05:28:00+00:00  1746.360  1746.25  0.0  0.0   0.280  0.087778  1746.360       0  1746.873492  1745.670952  1746.272222
28  XAU_USD 2022-11-21 05:29:00+00:00  1746.290  1746.49  0.0  0.0   0.266  0.021667  1746.290       0  1746.862221  1745.674446  1746.268333
29  XAU_USD 2022-11-21 05:30:00+00:00  1745.430  1746.17  0.0  0.0   0.364  0.781111  1745.430       0  1746.935094  1745.487128  1746.211111
30  XAU_USD 2022-11-21 05:31:00+00:00  1745.790  1745.39  0.0  0.0   0.276  0.365556  1745.790       0  1746.960471  1745.350640  1746.155556
2022-11-21 05:33:05 CandleManager() new candle:last_candle:22-11-21 05:32 is_ready:True
2022-11-21 05:33:06 tech_manager: max_rows:32 candle_time:2022-11-21 05:32:00+00:00 granularity:M1
2022-11-21 05:33:06 process_candles:
       PAIR                      time    mid_c     mid_o   SL   TP  SPREAD      GAIN     LOSS  SIGNAL        BB_UP        BB_LW        BB_MA
26  XAU_USD 2022-11-21 05:28:00+00:00  1746.36  1746.250  0.0  0.0   0.280  0.087778  1746.36       0  1746.873492  1745.670952  1746.272222
27  XAU_USD 2022-11-21 05:29:00+00:00  1746.29  1746.490  0.0  0.0   0.266  0.021667  1746.29       0  1746.862221  1745.674446  1746.268333
28  XAU_USD 2022-11-21 05:30:00+00:00  1745.43  1746.170  0.0  0.0   0.364  0.781111  1745.43       0  1746.935094  1745.487128  1746.211111
29  XAU_USD 2022-11-21 05:31:00+00:00  1745.79  1745.390  0.0  0.0   0.276  0.365556  1745.79       0  1746.960471  1745.350640  1746.155556
30  XAU_USD 2022-11-21 05:32:00+00:00  1745.64  1745.875  0.0  0.0   0.256  0.460278  1745.64       0  1746.965194  1745.235361  1746.100278
2022-11-21 05:34:02 CandleManager() new candle:last_candle:22-11-21 05:33 is_ready:True
2022-11-21 05:34:03 tech_manager: max_rows:32 candle_time:2022-11-21 05:33:00+00:00 granularity:M1
2022-11-21 05:34:03 process_candles:
       PAIR                      time     mid_c     mid_o   SL   TP  SPREAD      GAIN      LOSS  SIGNAL        BB_UP        BB_LW        BB_MA
26  XAU_USD 2022-11-21 05:29:00+00:00  1746.290  1746.490  0.0  0.0   0.266  0.021667  1746.290       0  1746.862221  1745.674446  1746.268333
27  XAU_USD 2022-11-21 05:30:00+00:00  1745.430  1746.170  0.0  0.0   0.364  0.781111  1745.430       0  1746.935094  1745.487128  1746.211111
28  XAU_USD 2022-11-21 05:31:00+00:00  1745.790  1745.390  0.0  0.0   0.276  0.365556  1745.790       0  1746.960471  1745.350640  1746.155556
29  XAU_USD 2022-11-21 05:32:00+00:00  1745.640  1745.875  0.0  0.0   0.256  0.460278  1745.640       0  1746.965194  1745.235361  1746.100278
30  XAU_USD 2022-11-21 05:33:00+00:00  1745.635  1745.630  0.0  0.0   0.250  0.433611  1745.635       0  1747.003762  1745.133460  1746.068611
2022-11-21 05:35:12 CandleManager() new candle:last_candle:22-11-21 05:34 is_ready:True
2022-11-21 05:35:13 tech_manager: max_rows:32 candle_time:2022-11-21 05:34:00+00:00 granularity:M1
2022-11-21 05:35:13 process_candles:
       PAIR                      time     mid_c     mid_o   SL   TP  SPREAD      GAIN      LOSS  SIGNAL        BB_UP        BB_LW        BB_MA
26  XAU_USD 2022-11-21 05:30:00+00:00  1745.430  1746.170  0.0  0.0   0.364  0.781111  1745.430       0  1746.935094  1745.487128  1746.211111
27  XAU_USD 2022-11-21 05:31:00+00:00  1745.790  1745.390  0.0  0.0   0.276  0.365556  1745.790       0  1746.960471  1745.350640  1746.155556
28  XAU_USD 2022-11-21 05:32:00+00:00  1745.640  1745.875  0.0  0.0   0.256  0.460278  1745.640       0  1746.965194  1745.235361  1746.100278
29  XAU_USD 2022-11-21 05:33:00+00:00  1745.635  1745.630  0.0  0.0   0.250  0.433611  1745.635       0  1747.003762  1745.133460  1746.068611
30  XAU_USD 2022-11-21 05:34:00+00:00  1745.970  1745.650  0.0  0.0   0.296  0.101944  1745.970       0  1747.002337  1745.141552  1746.071944
2022-11-21 05:36:08 CandleManager() new candle:last_candle:22-11-21 05:35 is_ready:True
2022-11-21 05:36:09 tech_manager: max_rows:32 candle_time:2022-11-21 05:35:00+00:00 granularity:M1
2022-11-21 05:36:09 process_candles:
       PAIR                      time     mid_c     mid_o   SL   TP  SPREAD      GAIN      LOSS  SIGNAL        BB_UP        BB_LW        BB_MA
26  XAU_USD 2022-11-21 05:31:00+00:00  1745.790  1745.390  0.0  0.0   0.276  0.365556  1745.790       0  1746.960471  1745.350640  1746.155556
27  XAU_USD 2022-11-21 05:32:00+00:00  1745.640  1745.875  0.0  0.0   0.256  0.460278  1745.640       0  1746.965194  1745.235361  1746.100278
28  XAU_USD 2022-11-21 05:33:00+00:00  1745.635  1745.630  0.0  0.0   0.250  0.433611  1745.635       0  1747.003762  1745.133460  1746.068611
29  XAU_USD 2022-11-21 05:34:00+00:00  1745.970  1745.650  0.0  0.0   0.296  0.101944  1745.970       0  1747.002337  1745.141552  1746.071944
30  XAU_USD 2022-11-21 05:35:00+00:00  1745.930  1745.990  0.0  0.0   0.294  0.147361  1745.930       0  1747.001695  1745.153028  1746.077361
2022-11-21 05:37:05 CandleManager() new candle:last_candle:22-11-21 05:36 is_ready:True
2022-11-21 05:37:06 tech_manager: max_rows:32 candle_time:2022-11-21 05:36:00+00:00 granularity:M1
2022-11-21 05:37:06 process_candles:
       PAIR                      time     mid_c     mid_o   SL   TP  SPREAD      GAIN      LOSS  SIGNAL        BB_UP        BB_LW        BB_MA
26  XAU_USD 2022-11-21 05:32:00+00:00  1745.640  1745.875  0.0  0.0   0.256  0.460278  1745.640       0  1746.965194  1745.235361  1746.100278
27  XAU_USD 2022-11-21 05:33:00+00:00  1745.635  1745.630  0.0  0.0   0.250  0.433611  1745.635       0  1747.003762  1745.133460  1746.068611
28  XAU_USD 2022-11-21 05:34:00+00:00  1745.970  1745.650  0.0  0.0   0.296  0.101944  1745.970       0  1747.002337  1745.141552  1746.071944
29  XAU_USD 2022-11-21 05:35:00+00:00  1745.930  1745.990  0.0  0.0   0.294  0.147361  1745.930       0  1747.001695  1745.153028  1746.077361
30  XAU_USD 2022-11-21 05:36:00+00:00  1746.095  1745.920  0.0  0.0   0.306  0.025417  1746.095       0  1746.987496  1745.151671  1746.069583
2022-11-21 05:38:02 CandleManager() new candle:last_candle:22-11-21 05:37 is_ready:True
2022-11-21 05:38:03 tech_manager: max_rows:32 candle_time:2022-11-21 05:37:00+00:00 granularity:M1
2022-11-21 05:38:03 process_candles:
       PAIR                      time     mid_c     mid_o   SL   TP  SPREAD      GAIN      LOSS  SIGNAL        BB_UP        BB_LW        BB_MA
26  XAU_USD 2022-11-21 05:33:00+00:00  1745.635  1745.630  0.0  0.0   0.250  0.433611  1745.635       0  1747.003762  1745.133460  1746.068611
27  XAU_USD 2022-11-21 05:34:00+00:00  1745.970  1745.650  0.0  0.0   0.296  0.101944  1745.970       0  1747.002337  1745.141552  1746.071944
28  XAU_USD 2022-11-21 05:35:00+00:00  1745.930  1745.990  0.0  0.0   0.294  0.147361  1745.930       0  1747.001695  1745.153028  1746.077361
29  XAU_USD 2022-11-21 05:36:00+00:00  1746.095  1745.920  0.0  0.0   0.306  0.025417  1746.095       0  1746.987496  1745.151671  1746.069583
30  XAU_USD 2022-11-21 05:37:00+00:00  1745.860  1746.035  0.0  0.0   0.276  0.154028  1745.860       0  1746.864157  1745.163899  1746.014028
2022-11-21 05:39:00 CandleManager() new candle:last_candle:22-11-21 05:38 is_ready:True
2022-11-21 05:39:01 tech_manager: max_rows:32 candle_time:2022-11-21 05:38:00+00:00 granularity:M1
2022-11-21 05:39:01 process_candles:
       PAIR                      time     mid_c     mid_o   SL   TP  SPREAD      GAIN      LOSS  SIGNAL        BB_UP        BB_LW        BB_MA
26  XAU_USD 2022-11-21 05:34:00+00:00  1745.970  1745.650  0.0  0.0   0.296  0.101944  1745.970       0  1747.002337  1745.141552  1746.071944
27  XAU_USD 2022-11-21 05:35:00+00:00  1745.930  1745.990  0.0  0.0   0.294  0.147361  1745.930       0  1747.001695  1745.153028  1746.077361
28  XAU_USD 2022-11-21 05:36:00+00:00  1746.095  1745.920  0.0  0.0   0.306  0.025417  1746.095       0  1746.987496  1745.151671  1746.069583
29  XAU_USD 2022-11-21 05:37:00+00:00  1745.860  1746.035  0.0  0.0   0.276  0.154028  1745.860       0  1746.864157  1745.163899  1746.014028
30  XAU_USD 2022-11-21 05:38:00+00:00  1745.645  1745.840  0.0  0.0   0.298  0.296806  1745.645       0  1746.683399  1745.200212  1745.941806
2022-11-21 05:40:08 CandleManager() new candle:last_candle:22-11-21 05:39 is_ready:True
2022-11-21 05:40:09 tech_manager: max_rows:32 candle_time:2022-11-21 05:39:00+00:00 granularity:M1
2022-11-21 05:40:09 process_candles:
       PAIR                      time     mid_c     mid_o   SL   TP  SPREAD      GAIN      LOSS  SIGNAL        BB_UP        BB_LW        BB_MA
26  XAU_USD 2022-11-21 05:35:00+00:00  1745.930  1745.990  0.0  0.0   0.294  0.147361  1745.930       0  1747.001695  1745.153028  1746.077361
27  XAU_USD 2022-11-21 05:36:00+00:00  1746.095  1745.920  0.0  0.0   0.306  0.025417  1746.095       0  1746.987496  1745.151671  1746.069583
28  XAU_USD 2022-11-21 05:37:00+00:00  1745.860  1746.035  0.0  0.0   0.276  0.154028  1745.860       0  1746.864157  1745.163899  1746.014028
29  XAU_USD 2022-11-21 05:38:00+00:00  1745.645  1745.840  0.0  0.0   0.298  0.296806  1745.645       0  1746.683399  1745.200212  1745.941806
30  XAU_USD 2022-11-21 05:39:00+00:00  1745.990  1745.645  0.0  0.0   0.318  0.085139  1745.990       0  1746.575087  1745.234635  1745.904861
2022-11-21 05:41:04 CandleManager() new candle:last_candle:22-11-21 05:40 is_ready:True
2022-11-21 05:41:05 tech_manager: max_rows:32 candle_time:2022-11-21 05:40:00+00:00 granularity:M1
2022-11-21 05:41:06 process_candles:
       PAIR                      time     mid_c     mid_o   SL   TP  SPREAD      GAIN      LOSS  SIGNAL        BB_UP        BB_LW        BB_MA
26  XAU_USD 2022-11-21 05:36:00+00:00  1746.095  1745.920  0.0  0.0   0.306  0.025417  1746.095       0  1746.987496  1745.151671  1746.069583
27  XAU_USD 2022-11-21 05:37:00+00:00  1745.860  1746.035  0.0  0.0   0.276  0.154028  1745.860       0  1746.864157  1745.163899  1746.014028
28  XAU_USD 2022-11-21 05:38:00+00:00  1745.645  1745.840  0.0  0.0   0.298  0.296806  1745.645       0  1746.683399  1745.200212  1745.941806
29  XAU_USD 2022-11-21 05:39:00+00:00  1745.990  1745.645  0.0  0.0   0.318  0.085139  1745.990       0  1746.575087  1745.234635  1745.904861
30  XAU_USD 2022-11-21 05:40:00+00:00  1745.565  1745.960  0.0  0.0   0.306  0.283611  1745.565       0  1746.442527  1745.254695  1745.848611
2022-11-21 05:42:01 CandleManager() new candle:last_candle:22-11-21 05:41 is_ready:True
2022-11-21 05:42:02 tech_manager: max_rows:32 candle_time:2022-11-21 05:41:00+00:00 granularity:M1
2022-11-21 05:42:03 process_candles:
       PAIR                      time     mid_c     mid_o   SL   TP  SPREAD      GAIN      LOSS  SIGNAL        BB_UP        BB_LW        BB_MA
26  XAU_USD 2022-11-21 05:37:00+00:00  1745.860  1746.035  0.0  0.0   0.276  0.154028  1745.860       0  1746.864157  1745.163899  1746.014028
27  XAU_USD 2022-11-21 05:38:00+00:00  1745.645  1745.840  0.0  0.0   0.298  0.296806  1745.645       0  1746.683399  1745.200212  1745.941806
28  XAU_USD 2022-11-21 05:39:00+00:00  1745.990  1745.645  0.0  0.0   0.318  0.085139  1745.990       0  1746.575087  1745.234635  1745.904861
29  XAU_USD 2022-11-21 05:40:00+00:00  1745.565  1745.960  0.0  0.0   0.306  0.283611  1745.565       0  1746.442527  1745.254695  1745.848611
30  XAU_USD 2022-11-21 05:41:00+00:00  1745.370  1745.545  0.0  0.0   0.256  0.394028  1745.370       0  1746.251835  1745.276220  1745.764028
2022-11-21 05:43:09 CandleManager() new candle:last_candle:22-11-21 05:42 is_ready:True
2022-11-21 05:43:10 tech_manager: max_rows:32 candle_time:2022-11-21 05:42:00+00:00 granularity:M1
2022-11-21 05:43:10 process_candles:
       PAIR                      time     mid_c     mid_o   SL   TP  SPREAD      GAIN      LOSS  SIGNAL        BB_UP        BB_LW        BB_MA
26  XAU_USD 2022-11-21 05:38:00+00:00  1745.645  1745.840  0.0  0.0   0.298  0.296806  1745.645       0  1746.683399  1745.200212  1745.941806
27  XAU_USD 2022-11-21 05:39:00+00:00  1745.990  1745.645  0.0  0.0   0.318  0.085139  1745.990       0  1746.575087  1745.234635  1745.904861
28  XAU_USD 2022-11-21 05:40:00+00:00  1745.565  1745.960  0.0  0.0   0.306  0.283611  1745.565       0  1746.442527  1745.254695  1745.848611
29  XAU_USD 2022-11-21 05:41:00+00:00  1745.370  1745.545  0.0  0.0   0.256  0.394028  1745.370       0  1746.251835  1745.276220  1745.764028
30  XAU_USD 2022-11-21 05:42:00+00:00  1744.665  1745.290  0.0  0.0   0.286  1.030556  1744.665       0  1746.514799  1744.876312  1745.695556
2022-11-21 05:44:06 CandleManager() new candle:last_candle:22-11-21 05:43 is_ready:True
2022-11-21 05:44:07 tech_manager: max_rows:32 candle_time:2022-11-21 05:43:00+00:00 granularity:M1
2022-11-21 05:44:07 process_candles:
       PAIR                      time     mid_c     mid_o   SL   TP  SPREAD      GAIN      LOSS  SIGNAL        BB_UP        BB_LW        BB_MA
26  XAU_USD 2022-11-21 05:39:00+00:00  1745.990  1745.645  0.0  0.0   0.318  0.085139  1745.990       0  1746.575087  1745.234635  1745.904861
27  XAU_USD 2022-11-21 05:40:00+00:00  1745.565  1745.960  0.0  0.0   0.306  0.283611  1745.565       0  1746.442527  1745.254695  1745.848611
28  XAU_USD 2022-11-21 05:41:00+00:00  1745.370  1745.545  0.0  0.0   0.256  0.394028  1745.370       0  1746.251835  1745.276220  1745.764028
29  XAU_USD 2022-11-21 05:42:00+00:00  1744.665  1745.290  0.0  0.0   0.286  1.030556  1744.665       0  1746.514799  1744.876312  1745.695556
30  XAU_USD 2022-11-21 05:43:00+00:00  1744.855  1744.625  0.0  0.0   0.270  0.768472  1744.855       0  1746.657686  1744.589259  1745.623472
2022-11-21 05:45:03 CandleManager() new candle:last_candle:22-11-21 05:44 is_ready:True
2022-11-21 05:45:04 tech_manager: max_rows:32 candle_time:2022-11-21 05:44:00+00:00 granularity:M1
2022-11-21 05:45:04 process_candles:
       PAIR                      time     mid_c     mid_o   SL   TP  SPREAD      GAIN      LOSS  SIGNAL        BB_UP        BB_LW        BB_MA
26  XAU_USD 2022-11-21 05:40:00+00:00  1745.565  1745.960  0.0  0.0   0.306  0.283611  1745.565       0  1746.442527  1745.254695  1745.848611
27  XAU_USD 2022-11-21 05:41:00+00:00  1745.370  1745.545  0.0  0.0   0.256  0.394028  1745.370       0  1746.251835  1745.276220  1745.764028
28  XAU_USD 2022-11-21 05:42:00+00:00  1744.665  1745.290  0.0  0.0   0.286  1.030556  1744.665       0  1746.514799  1744.876312  1745.695556
29  XAU_USD 2022-11-21 05:43:00+00:00  1744.855  1744.625  0.0  0.0   0.270  0.768472  1744.855       0  1746.657686  1744.589259  1745.623472
30  XAU_USD 2022-11-21 05:44:00+00:00  1744.950  1744.855  0.0  0.0   0.274  0.614306  1744.950       0  1746.704476  1744.424135  1745.564306
2022-11-21 05:46:11 CandleManager() new candle:last_candle:22-11-21 05:45 is_ready:True
2022-11-21 05:46:12 tech_manager: max_rows:32 candle_time:2022-11-21 05:45:00+00:00 granularity:M1
2022-11-21 05:46:12 process_candles:
       PAIR                      time     mid_c     mid_o   SL   TP  SPREAD      GAIN      LOSS  SIGNAL        BB_UP        BB_LW        BB_MA
26  XAU_USD 2022-11-21 05:41:00+00:00  1745.370  1745.545  0.0  0.0   0.256  0.394028  1745.370       0  1746.251835  1745.276220  1745.764028
27  XAU_USD 2022-11-21 05:42:00+00:00  1744.665  1745.290  0.0  0.0   0.286  1.030556  1744.665       0  1746.514799  1744.876312  1745.695556
28  XAU_USD 2022-11-21 05:43:00+00:00  1744.855  1744.625  0.0  0.0   0.270  0.768472  1744.855       0  1746.657686  1744.589259  1745.623472
29  XAU_USD 2022-11-21 05:44:00+00:00  1744.950  1744.855  0.0  0.0   0.274  0.614306  1744.950       0  1746.704476  1744.424135  1745.564306
30  XAU_USD 2022-11-21 05:45:00+00:00  1744.465  1744.925  0.0  0.0   0.250  1.017083  1744.465       0  1746.810668  1744.153499  1745.482083
2022-11-21 05:47:08 CandleManager() new candle:last_candle:22-11-21 05:46 is_ready:True
2022-11-21 05:47:09 tech_manager: max_rows:32 candle_time:2022-11-21 05:46:00+00:00 granularity:M1
2022-11-21 05:47:09 process_candles:
       PAIR                      time     mid_c     mid_o   SL   TP  SPREAD      GAIN      LOSS  SIGNAL        BB_UP        BB_LW        BB_MA
26  XAU_USD 2022-11-21 05:42:00+00:00  1744.665  1745.290  0.0  0.0   0.286  1.030556  1744.665       0  1746.514799  1744.876312  1745.695556
27  XAU_USD 2022-11-21 05:43:00+00:00  1744.855  1744.625  0.0  0.0   0.270  0.768472  1744.855       0  1746.657686  1744.589259  1745.623472
28  XAU_USD 2022-11-21 05:44:00+00:00  1744.950  1744.855  0.0  0.0   0.274  0.614306  1744.950       0  1746.704476  1744.424135  1745.564306
29  XAU_USD 2022-11-21 05:45:00+00:00  1744.465  1744.925  0.0  0.0   0.250  1.017083  1744.465       0  1746.810668  1744.153499  1745.482083
30  XAU_USD 2022-11-21 05:46:00+00:00  1744.625  1744.575  0.0  0.0   0.262  0.746944  1744.625       0  1746.805392  1743.938497  1745.371944
2022-11-21 05:48:05 CandleManager() new candle:last_candle:22-11-21 05:47 is_ready:True
2022-11-21 05:48:06 tech_manager: max_rows:32 candle_time:2022-11-21 05:47:00+00:00 granularity:M1
2022-11-21 05:48:06 process_candles:
       PAIR                      time     mid_c     mid_o   SL   TP  SPREAD      GAIN      LOSS  SIGNAL        BB_UP        BB_LW        BB_MA
26  XAU_USD 2022-11-21 05:43:00+00:00  1744.855  1744.625  0.0  0.0   0.270  0.768472  1744.855       0  1746.657686  1744.589259  1745.623472
27  XAU_USD 2022-11-21 05:44:00+00:00  1744.950  1744.855  0.0  0.0   0.274  0.614306  1744.950       0  1746.704476  1744.424135  1745.564306
28  XAU_USD 2022-11-21 05:45:00+00:00  1744.465  1744.925  0.0  0.0   0.250  1.017083  1744.465       0  1746.810668  1744.153499  1745.482083
29  XAU_USD 2022-11-21 05:46:00+00:00  1744.625  1744.575  0.0  0.0   0.262  0.746944  1744.625       0  1746.805392  1743.938497  1745.371944
30  XAU_USD 2022-11-21 05:47:00+00:00  1744.830  1744.705  0.0  0.0   0.282  0.444028  1744.830       0  1746.686591  1743.861464  1745.274028
2022-11-21 05:49:02 CandleManager() new candle:last_candle:22-11-21 05:48 is_ready:True
2022-11-21 05:49:03 tech_manager: max_rows:32 candle_time:2022-11-21 05:48:00+00:00 granularity:M1
2022-11-21 05:49:03 process_candles:
       PAIR                      time     mid_c     mid_o   SL   TP  SPREAD      GAIN      LOSS  SIGNAL        BB_UP        BB_LW        BB_MA
26  XAU_USD 2022-11-21 05:44:00+00:00  1744.950  1744.855  0.0  0.0   0.274  0.614306  1744.950       0  1746.704476  1744.424135  1745.564306
27  XAU_USD 2022-11-21 05:45:00+00:00  1744.465  1744.925  0.0  0.0   0.250  1.017083  1744.465       0  1746.810668  1744.153499  1745.482083
28  XAU_USD 2022-11-21 05:46:00+00:00  1744.625  1744.575  0.0  0.0   0.262  0.746944  1744.625       0  1746.805392  1743.938497  1745.371944
29  XAU_USD 2022-11-21 05:47:00+00:00  1744.830  1744.705  0.0  0.0   0.282  0.444028  1744.830       0  1746.686591  1743.861464  1745.274028
30  XAU_USD 2022-11-21 05:48:00+00:00  1745.100  1744.830  0.0  0.0   0.308  0.080139  1745.100       0  1746.425088  1743.935190  1745.180139
2022-11-21 05:50:12 CandleManager() new candle:last_candle:22-11-21 05:49 is_ready:True
2022-11-21 05:50:13 tech_manager: max_rows:32 candle_time:2022-11-21 05:49:00+00:00 granularity:M1
2022-11-21 05:50:13 process_candles:
       PAIR                      time     mid_c     mid_o   SL   TP  SPREAD      GAIN      LOSS  SIGNAL        BB_UP        BB_LW        BB_MA
26  XAU_USD 2022-11-21 05:45:00+00:00  1744.465  1744.925  0.0  0.0   0.250  1.017083  1744.465       0  1746.810668  1744.153499  1745.482083
27  XAU_USD 2022-11-21 05:46:00+00:00  1744.625  1744.575  0.0  0.0   0.262  0.746944  1744.625       0  1746.805392  1743.938497  1745.371944
28  XAU_USD 2022-11-21 05:47:00+00:00  1744.830  1744.705  0.0  0.0   0.282  0.444028  1744.830       0  1746.686591  1743.861464  1745.274028
29  XAU_USD 2022-11-21 05:48:00+00:00  1745.100  1744.830  0.0  0.0   0.308  0.080139  1745.100       0  1746.425088  1743.935190  1745.180139
30  XAU_USD 2022-11-21 05:49:00+00:00  1745.355  1745.075  0.0  0.0   0.298  0.225833  1745.355       0  1746.255031  1744.003302  1745.129167
2022-11-21 05:51:07 CandleManager() new candle:last_candle:22-11-21 05:50 is_ready:True
2022-11-21 05:51:08 tech_manager: max_rows:32 candle_time:2022-11-21 05:50:00+00:00 granularity:M1
2022-11-21 05:51:08 process_candles:
       PAIR                      time     mid_c     mid_o   SL   TP  SPREAD      GAIN      LOSS  SIGNAL        BB_UP        BB_LW        BB_MA
26  XAU_USD 2022-11-21 05:46:00+00:00  1744.625  1744.575  0.0  0.0   0.262  0.746944  1744.625       0  1746.805392  1743.938497  1745.371944
27  XAU_USD 2022-11-21 05:47:00+00:00  1744.830  1744.705  0.0  0.0   0.282  0.444028  1744.830       0  1746.686591  1743.861464  1745.274028
28  XAU_USD 2022-11-21 05:48:00+00:00  1745.100  1744.830  0.0  0.0   0.308  0.080139  1745.100       0  1746.425088  1743.935190  1745.180139
29  XAU_USD 2022-11-21 05:49:00+00:00  1745.355  1745.075  0.0  0.0   0.298  0.225833  1745.355       0  1746.255031  1744.003302  1745.129167
30  XAU_USD 2022-11-21 05:50:00+00:00  1745.080  1745.330  0.0  0.0   0.250  0.008750  1745.080       0  1746.120474  1744.057026  1745.088750
2022-11-21 05:52:04 CandleManager() new candle:last_candle:22-11-21 05:51 is_ready:True
2022-11-21 05:52:05 tech_manager: max_rows:32 candle_time:2022-11-21 05:51:00+00:00 granularity:M1
2022-11-21 05:52:05 process_candles:
       PAIR                      time     mid_c     mid_o   SL   TP  SPREAD      GAIN      LOSS  SIGNAL        BB_UP        BB_LW        BB_MA
26  XAU_USD 2022-11-21 05:47:00+00:00  1744.830  1744.705  0.0  0.0   0.282  0.444028  1744.830       0  1746.686591  1743.861464  1745.274028
27  XAU_USD 2022-11-21 05:48:00+00:00  1745.100  1744.830  0.0  0.0   0.308  0.080139  1745.100       0  1746.425088  1743.935190  1745.180139
28  XAU_USD 2022-11-21 05:49:00+00:00  1745.355  1745.075  0.0  0.0   0.298  0.225833  1745.355       0  1746.255031  1744.003302  1745.129167
29  XAU_USD 2022-11-21 05:50:00+00:00  1745.080  1745.330  0.0  0.0   0.250  0.008750  1745.080       0  1746.120474  1744.057026  1745.088750
30  XAU_USD 2022-11-21 05:51:00+00:00  1745.925  1745.165  0.0  0.0   0.272  0.852778  1745.925       0  1746.021816  1744.122629  1745.072222
2022-11-21 05:53:01 CandleManager() new candle:last_candle:22-11-21 05:52 is_ready:True
2022-11-21 05:53:02 tech_manager: max_rows:32 candle_time:2022-11-21 05:52:00+00:00 granularity:M1
2022-11-21 05:53:02 process_candles:
       PAIR                      time     mid_c     mid_o   SL   TP  SPREAD      GAIN      LOSS  SIGNAL        BB_UP        BB_LW        BB_MA
26  XAU_USD 2022-11-21 05:48:00+00:00  1745.100  1744.830  0.0  0.0   0.308  0.080139  1745.100       0  1746.425088  1743.935190  1745.180139
27  XAU_USD 2022-11-21 05:49:00+00:00  1745.355  1745.075  0.0  0.0   0.298  0.225833  1745.355       0  1746.255031  1744.003302  1745.129167
28  XAU_USD 2022-11-21 05:50:00+00:00  1745.080  1745.330  0.0  0.0   0.250  0.008750  1745.080       0  1746.120474  1744.057026  1745.088750
29  XAU_USD 2022-11-21 05:51:00+00:00  1745.925  1745.165  0.0  0.0   0.272  0.852778  1745.925       0  1746.021816  1744.122629  1745.072222
30  XAU_USD 2022-11-21 05:52:00+00:00  1745.945  1745.915  0.0  0.0   0.266  0.850556  1745.945       0  1746.151986  1744.036903  1745.094444
2022-11-21 05:54:09 CandleManager() new candle:last_candle:22-11-21 05:53 is_ready:True
2022-11-21 05:54:10 tech_manager: max_rows:32 candle_time:2022-11-21 05:53:00+00:00 granularity:M1
2022-11-21 05:54:10 process_candles:
       PAIR                      time     mid_c     mid_o   SL   TP  SPREAD      GAIN      LOSS  SIGNAL        BB_UP        BB_LW        BB_MA
26  XAU_USD 2022-11-21 05:49:00+00:00  1745.355  1745.075  0.0  0.0   0.298  0.225833  1745.355       0  1746.255031  1744.003302  1745.129167
27  XAU_USD 2022-11-21 05:50:00+00:00  1745.080  1745.330  0.0  0.0   0.250  0.008750  1745.080       0  1746.120474  1744.057026  1745.088750
28  XAU_USD 2022-11-21 05:51:00+00:00  1745.925  1745.165  0.0  0.0   0.272  0.852778  1745.925       0  1746.021816  1744.122629  1745.072222
29  XAU_USD 2022-11-21 05:52:00+00:00  1745.945  1745.915  0.0  0.0   0.266  0.850556  1745.945       0  1746.151986  1744.036903  1745.094444
30  XAU_USD 2022-11-21 05:53:00+00:00  1745.945  1745.945  0.0  0.0   0.256  0.808056  1745.945       0  1746.332762  1743.941127  1745.136944
2022-11-21 05:55:06 CandleManager() new candle:last_candle:22-11-21 05:54 is_ready:True
2022-11-21 05:55:07 tech_manager: max_rows:32 candle_time:2022-11-21 05:54:00+00:00 granularity:M1
2022-11-21 05:55:07 process_candles:
       PAIR                      time     mid_c     mid_o   SL   TP  SPREAD      GAIN      LOSS  SIGNAL        BB_UP        BB_LW        BB_MA
26  XAU_USD 2022-11-21 05:50:00+00:00  1745.080  1745.330  0.0  0.0   0.250  0.008750  1745.080       0  1746.120474  1744.057026  1745.088750
27  XAU_USD 2022-11-21 05:51:00+00:00  1745.925  1745.165  0.0  0.0   0.272  0.852778  1745.925       0  1746.021816  1744.122629  1745.072222
28  XAU_USD 2022-11-21 05:52:00+00:00  1745.945  1745.915  0.0  0.0   0.266  0.850556  1745.945       0  1746.151986  1744.036903  1745.094444
29  XAU_USD 2022-11-21 05:53:00+00:00  1745.945  1745.945  0.0  0.0   0.256  0.808056  1745.945       0  1746.332762  1743.941127  1745.136944
30  XAU_USD 2022-11-21 05:54:00+00:00  1745.975  1745.960  0.0  0.0   0.250  0.737361  1745.975       0  1746.580507  1743.894771  1745.237639
2022-11-21 05:56:03 CandleManager() new candle:last_candle:22-11-21 05:55 is_ready:True
2022-11-21 05:56:04 tech_manager: max_rows:32 candle_time:2022-11-21 05:55:00+00:00 granularity:M1
2022-11-21 05:56:04 process_candles:
       PAIR                      time     mid_c     mid_o   SL   TP  SPREAD      GAIN      LOSS  SIGNAL        BB_UP        BB_LW        BB_MA
26  XAU_USD 2022-11-21 05:51:00+00:00  1745.925  1745.165  0.0  0.0   0.272  0.852778  1745.925       0  1746.021816  1744.122629  1745.072222
27  XAU_USD 2022-11-21 05:52:00+00:00  1745.945  1745.915  0.0  0.0   0.266  0.850556  1745.945       0  1746.151986  1744.036903  1745.094444
28  XAU_USD 2022-11-21 05:53:00+00:00  1745.945  1745.945  0.0  0.0   0.256  0.808056  1745.945       0  1746.332762  1743.941127  1745.136944
29  XAU_USD 2022-11-21 05:54:00+00:00  1745.975  1745.960  0.0  0.0   0.250  0.737361  1745.975       0  1746.580507  1743.894771  1745.237639
30  XAU_USD 2022-11-21 05:55:00+00:00  1746.520  1746.025  0.0  0.0   0.250  1.154028  1746.520       0  1746.886022  1743.845923  1745.365972
2022-11-21 05:57:12 CandleManager() new candle:last_candle:22-11-21 05:56 is_ready:True
2022-11-21 05:57:13 tech_manager: max_rows:32 candle_time:2022-11-21 05:56:00+00:00 granularity:M1
2022-11-21 05:57:13 process_candles:
       PAIR                      time     mid_c     mid_o   SL   TP  SPREAD      GAIN      LOSS  SIGNAL        BB_UP        BB_LW        BB_MA
26  XAU_USD 2022-11-21 05:52:00+00:00  1745.945  1745.915  0.0  0.0   0.266  0.850556  1745.945       0  1746.151986  1744.036903  1745.094444
27  XAU_USD 2022-11-21 05:53:00+00:00  1745.945  1745.945  0.0  0.0   0.256  0.808056  1745.945       0  1746.332762  1743.941127  1745.136944
28  XAU_USD 2022-11-21 05:54:00+00:00  1745.975  1745.960  0.0  0.0   0.250  0.737361  1745.975       0  1746.580507  1743.894771  1745.237639
29  XAU_USD 2022-11-21 05:55:00+00:00  1746.520  1746.025  0.0  0.0   0.250  1.154028  1746.520       0  1746.886022  1743.845923  1745.365972
30  XAU_USD 2022-11-21 05:56:00+00:00  1746.325  1746.450  0.0  0.0   0.250  0.841806  1746.325       0  1747.120733  1743.845656  1745.483194
2022-11-21 05:58:08 CandleManager() new candle:last_candle:22-11-21 05:57 is_ready:True
2022-11-21 05:58:09 tech_manager: max_rows:32 candle_time:2022-11-21 05:57:00+00:00 granularity:M1
2022-11-21 05:58:09 process_candles:
       PAIR                      time     mid_c     mid_o   SL   TP  SPREAD      GAIN      LOSS  SIGNAL        BB_UP        BB_LW        BB_MA
26  XAU_USD 2022-11-21 05:53:00+00:00  1745.945  1745.945  0.0  0.0   0.256  0.808056  1745.945       0  1746.332762  1743.941127  1745.136944
27  XAU_USD 2022-11-21 05:54:00+00:00  1745.975  1745.960  0.0  0.0   0.250  0.737361  1745.975       0  1746.580507  1743.894771  1745.237639
28  XAU_USD 2022-11-21 05:55:00+00:00  1746.520  1746.025  0.0  0.0   0.250  1.154028  1746.520       0  1746.886022  1743.845923  1745.365972
29  XAU_USD 2022-11-21 05:56:00+00:00  1746.325  1746.450  0.0  0.0   0.250  0.841806  1746.325       0  1747.120733  1743.845656  1745.483194
30  XAU_USD 2022-11-21 05:57:00+00:00  1746.545  1746.280  0.0  0.0   0.250  0.902639  1746.545       0  1747.284679  1744.000043  1745.642361
2022-11-21 05:59:05 CandleManager() new candle:last_candle:22-11-21 05:58 is_ready:True
2022-11-21 05:59:06 tech_manager: max_rows:32 candle_time:2022-11-21 05:58:00+00:00 granularity:M1
2022-11-21 05:59:06 process_candles:
       PAIR                      time     mid_c     mid_o   SL   TP  SPREAD      GAIN      LOSS  SIGNAL        BB_UP        BB_LW        BB_MA
26  XAU_USD 2022-11-21 05:54:00+00:00  1745.975  1745.960  0.0  0.0    0.25  0.737361  1745.975       0  1746.580507  1743.894771  1745.237639
27  XAU_USD 2022-11-21 05:55:00+00:00  1746.520  1746.025  0.0  0.0    0.25  1.154028  1746.520       0  1746.886022  1743.845923  1745.365972
28  XAU_USD 2022-11-21 05:56:00+00:00  1746.325  1746.450  0.0  0.0    0.25  0.841806  1746.325       0  1747.120733  1743.845656  1745.483194
29  XAU_USD 2022-11-21 05:57:00+00:00  1746.545  1746.280  0.0  0.0    0.25  0.902639  1746.545       0  1747.284679  1744.000043  1745.642361
30  XAU_USD 2022-11-21 05:58:00+00:00  1747.005  1746.590  0.0  0.0    0.25  1.167361  1747.005       0  1747.484005  1744.191273  1745.837639
2022-11-21 06:00:02 CandleManager() new candle:last_candle:22-11-21 05:59 is_ready:True
2022-11-21 06:00:03 tech_manager: max_rows:32 candle_time:2022-11-21 05:59:00+00:00 granularity:M1
2022-11-21 06:00:03 process_candles:
       PAIR                      time     mid_c     mid_o   SL   TP  SPREAD      GAIN      LOSS  SIGNAL        BB_UP        BB_LW        BB_MA
26  XAU_USD 2022-11-21 05:55:00+00:00  1746.520  1746.025  0.0  0.0    0.25  1.154028  1746.520       0  1746.886022  1743.845923  1745.365972
27  XAU_USD 2022-11-21 05:56:00+00:00  1746.325  1746.450  0.0  0.0    0.25  0.841806  1746.325       0  1747.120733  1743.845656  1745.483194
28  XAU_USD 2022-11-21 05:57:00+00:00  1746.545  1746.280  0.0  0.0    0.25  0.902639  1746.545       0  1747.284679  1744.000043  1745.642361
29  XAU_USD 2022-11-21 05:58:00+00:00  1747.005  1746.590  0.0  0.0    0.25  1.167361  1747.005       0  1747.484005  1744.191273  1745.837639
30  XAU_USD 2022-11-21 05:59:00+00:00  1746.765  1746.920  0.0  0.0    0.25  0.754167  1746.765       0  1747.580029  1744.441638  1746.010833
2022-11-21 06:01:11 CandleManager() new candle:last_candle:22-11-21 06:00 is_ready:True
2022-11-21 06:01:13 tech_manager: max_rows:32 candle_time:2022-11-21 06:00:00+00:00 granularity:M1
2022-11-21 06:01:13 process_candles:
       PAIR                      time     mid_c    mid_o   SL   TP  SPREAD      GAIN      LOSS  SIGNAL        BB_UP        BB_LW        BB_MA
26  XAU_USD 2022-11-21 05:56:00+00:00  1746.325  1746.45  0.0  0.0    0.25  0.841806  1746.325       0  1747.120733  1743.845656  1745.483194
27  XAU_USD 2022-11-21 05:57:00+00:00  1746.545  1746.28  0.0  0.0    0.25  0.902639  1746.545       0  1747.284679  1744.000043  1745.642361
28  XAU_USD 2022-11-21 05:58:00+00:00  1747.005  1746.59  0.0  0.0    0.25  1.167361  1747.005       0  1747.484005  1744.191273  1745.837639
29  XAU_USD 2022-11-21 05:59:00+00:00  1746.765  1746.92  0.0  0.0    0.25  0.754167  1746.765       0  1747.580029  1744.441638  1746.010833
30  XAU_USD 2022-11-21 06:00:00+00:00  1746.475  1746.71  0.0  0.0    0.25  0.339444  1746.475       0  1747.524695  1744.746416  1746.135556
2022-11-21 06:02:08 CandleManager() new candle:last_candle:22-11-21 06:01 is_ready:True
2022-11-21 06:02:09 tech_manager: max_rows:32 candle_time:2022-11-21 06:01:00+00:00 granularity:M1
2022-11-21 06:02:09 process_candles:
       PAIR                      time     mid_c    mid_o   SL   TP  SPREAD      GAIN      LOSS  SIGNAL        BB_UP        BB_LW        BB_MA
26  XAU_USD 2022-11-21 05:57:00+00:00  1746.545  1746.28  0.0  0.0    0.25  0.902639  1746.545       0  1747.284679  1744.000043  1745.642361
27  XAU_USD 2022-11-21 05:58:00+00:00  1747.005  1746.59  0.0  0.0    0.25  1.167361  1747.005       0  1747.484005  1744.191273  1745.837639
28  XAU_USD 2022-11-21 05:59:00+00:00  1746.765  1746.92  0.0  0.0    0.25  0.754167  1746.765       0  1747.580029  1744.441638  1746.010833
29  XAU_USD 2022-11-21 06:00:00+00:00  1746.475  1746.71  0.0  0.0    0.25  0.339444  1746.475       0  1747.524695  1744.746416  1746.135556
30  XAU_USD 2022-11-21 06:01:00+00:00  1746.525  1746.54  0.0  0.0    0.25  0.290139  1746.525       0  1747.450142  1745.019580  1746.234861
2022-11-21 06:03:05 CandleManager() new candle:last_candle:22-11-21 06:02 is_ready:True
2022-11-21 06:03:06 tech_manager: max_rows:32 candle_time:2022-11-21 06:02:00+00:00 granularity:M1
2022-11-21 06:03:06 process_candles:
       PAIR                      time     mid_c     mid_o   SL   TP  SPREAD      GAIN      LOSS  SIGNAL        BB_UP        BB_LW        BB_MA
26  XAU_USD 2022-11-21 05:58:00+00:00  1747.005  1746.590  0.0  0.0    0.25  1.167361  1747.005       0  1747.484005  1744.191273  1745.837639
27  XAU_USD 2022-11-21 05:59:00+00:00  1746.765  1746.920  0.0  0.0    0.25  0.754167  1746.765       0  1747.580029  1744.441638  1746.010833
28  XAU_USD 2022-11-21 06:00:00+00:00  1746.475  1746.710  0.0  0.0    0.25  0.339444  1746.475       0  1747.524695  1744.746416  1746.135556
29  XAU_USD 2022-11-21 06:01:00+00:00  1746.525  1746.540  0.0  0.0    0.25  0.290139  1746.525       0  1747.450142  1745.019580  1746.234861
30  XAU_USD 2022-11-21 06:02:00+00:00  1746.695  1746.475  0.0  0.0    0.25  0.345972  1746.695       0  1747.296582  1745.401474  1746.349028
2022-11-21 06:04:02 CandleManager() new candle:last_candle:22-11-21 06:03 is_ready:True
2022-11-21 06:04:03 tech_manager: max_rows:32 candle_time:2022-11-21 06:03:00+00:00 granularity:M1
2022-11-21 06:04:03 process_candles:
       PAIR                      time     mid_c     mid_o   SL   TP  SPREAD      GAIN      LOSS  SIGNAL        BB_UP        BB_LW        BB_MA
26  XAU_USD 2022-11-21 05:59:00+00:00  1746.765  1746.920  0.0  0.0    0.25  0.754167  1746.765       0  1747.580029  1744.441638  1746.010833
27  XAU_USD 2022-11-21 06:00:00+00:00  1746.475  1746.710  0.0  0.0    0.25  0.339444  1746.475       0  1747.524695  1744.746416  1746.135556
28  XAU_USD 2022-11-21 06:01:00+00:00  1746.525  1746.540  0.0  0.0    0.25  0.290139  1746.525       0  1747.450142  1745.019580  1746.234861
29  XAU_USD 2022-11-21 06:02:00+00:00  1746.695  1746.475  0.0  0.0    0.25  0.345972  1746.695       0  1747.296582  1745.401474  1746.349028
30  XAU_USD 2022-11-21 06:03:00+00:00  1746.595  1746.750  0.0  0.0    0.25  0.160278  1746.595       0  1747.267843  1745.601601  1746.434722
2022-11-21 06:05:11 CandleManager() new candle:last_candle:22-11-21 06:04 is_ready:True
2022-11-21 06:05:12 tech_manager: max_rows:32 candle_time:2022-11-21 06:04:00+00:00 granularity:M1
2022-11-21 06:05:12 process_candles:
       PAIR                      time     mid_c     mid_o   SL   TP  SPREAD      GAIN      LOSS  SIGNAL        BB_UP        BB_LW        BB_MA
26  XAU_USD 2022-11-21 06:00:00+00:00  1746.475  1746.710  0.0  0.0    0.25  0.339444  1746.475       0  1747.524695  1744.746416  1746.135556
27  XAU_USD 2022-11-21 06:01:00+00:00  1746.525  1746.540  0.0  0.0    0.25  0.290139  1746.525       0  1747.450142  1745.019580  1746.234861
28  XAU_USD 2022-11-21 06:02:00+00:00  1746.695  1746.475  0.0  0.0    0.25  0.345972  1746.695       0  1747.296582  1745.401474  1746.349028
29  XAU_USD 2022-11-21 06:03:00+00:00  1746.595  1746.750  0.0  0.0    0.25  0.160278  1746.595       0  1747.267843  1745.601601  1746.434722
30  XAU_USD 2022-11-21 06:04:00+00:00  1746.690  1746.690  0.0  0.0    0.25  0.188889  1746.690       0  1747.255587  1745.746635  1746.501111
2022-11-21 06:06:07 CandleManager() new candle:last_candle:22-11-21 06:05 is_ready:True
2022-11-21 06:06:08 tech_manager: max_rows:32 candle_time:2022-11-21 06:05:00+00:00 granularity:M1
2022-11-21 06:06:08 process_candles:
       PAIR                      time     mid_c     mid_o   SL   TP  SPREAD      GAIN      LOSS  SIGNAL        BB_UP        BB_LW        BB_MA
26  XAU_USD 2022-11-21 06:01:00+00:00  1746.525  1746.540  0.0  0.0    0.25  0.290139  1746.525       0  1747.450142  1745.019580  1746.234861
27  XAU_USD 2022-11-21 06:02:00+00:00  1746.695  1746.475  0.0  0.0    0.25  0.345972  1746.695       0  1747.296582  1745.401474  1746.349028
28  XAU_USD 2022-11-21 06:03:00+00:00  1746.595  1746.750  0.0  0.0    0.25  0.160278  1746.595       0  1747.267843  1745.601601  1746.434722
29  XAU_USD 2022-11-21 06:04:00+00:00  1746.690  1746.690  0.0  0.0    0.25  0.188889  1746.690       0  1747.255587  1745.746635  1746.501111
30  XAU_USD 2022-11-21 06:05:00+00:00  1746.695  1746.750  0.0  0.0    0.25  0.130972  1746.695       0  1747.161979  1745.966077  1746.564028
2022-11-21 06:07:17 CandleManager() new candle:last_candle:22-11-21 06:06 is_ready:True
2022-11-21 06:07:18 tech_manager: max_rows:32 candle_time:2022-11-21 06:06:00+00:00 granularity:M1
2022-11-21 06:07:18 process_candles:
       PAIR                      time     mid_c     mid_o   SL   TP  SPREAD      GAIN      LOSS  SIGNAL        BB_UP        BB_LW        BB_MA
26  XAU_USD 2022-11-21 06:02:00+00:00  1746.695  1746.475  0.0  0.0    0.25  0.345972  1746.695       0  1747.296582  1745.401474  1746.349028
27  XAU_USD 2022-11-21 06:03:00+00:00  1746.595  1746.750  0.0  0.0    0.25  0.160278  1746.595       0  1747.267843  1745.601601  1746.434722
28  XAU_USD 2022-11-21 06:04:00+00:00  1746.690  1746.690  0.0  0.0    0.25  0.188889  1746.690       0  1747.255587  1745.746635  1746.501111
29  XAU_USD 2022-11-21 06:05:00+00:00  1746.695  1746.750  0.0  0.0    0.25  0.130972  1746.695       0  1747.161979  1745.966077  1746.564028
30  XAU_USD 2022-11-21 06:06:00+00:00  1746.420  1746.650  0.0  0.0    0.25  0.176944  1746.420       0  1747.059616  1746.134273  1746.596944
2022-11-21 06:08:13 CandleManager() new candle:last_candle:22-11-21 06:07 is_ready:True
2022-11-21 06:08:14 tech_manager: max_rows:32 candle_time:2022-11-21 06:07:00+00:00 granularity:M1
2022-11-21 06:08:15 process_candles:
       PAIR                      time     mid_c    mid_o   SL   TP  SPREAD      GAIN      LOSS  SIGNAL        BB_UP        BB_LW        BB_MA
26  XAU_USD 2022-11-21 06:03:00+00:00  1746.595  1746.75  0.0  0.0    0.25  0.160278  1746.595       0  1747.267843  1745.601601  1746.434722
27  XAU_USD 2022-11-21 06:04:00+00:00  1746.690  1746.69  0.0  0.0    0.25  0.188889  1746.690       0  1747.255587  1745.746635  1746.501111
28  XAU_USD 2022-11-21 06:05:00+00:00  1746.695  1746.75  0.0  0.0    0.25  0.130972  1746.695       0  1747.161979  1745.966077  1746.564028
29  XAU_USD 2022-11-21 06:06:00+00:00  1746.420  1746.65  0.0  0.0    0.25  0.176944  1746.420       0  1747.059616  1746.134273  1746.596944
30  XAU_USD 2022-11-21 06:07:00+00:00  1746.295  1746.37  0.0  0.0    0.25  0.301806  1746.295       0  1747.059960  1746.133651  1746.596806
2022-11-21 06:09:09 CandleManager() new candle:last_candle:22-11-21 06:08 is_ready:True
2022-11-21 06:09:10 tech_manager: max_rows:32 candle_time:2022-11-21 06:08:00+00:00 granularity:M1
2022-11-21 06:09:10 process_candles:
       PAIR                      time     mid_c     mid_o   SL   TP  SPREAD      GAIN      LOSS  SIGNAL        BB_UP        BB_LW        BB_MA
26  XAU_USD 2022-11-21 06:04:00+00:00  1746.690  1746.690  0.0  0.0    0.25  0.188889  1746.690       0  1747.255587  1745.746635  1746.501111
27  XAU_USD 2022-11-21 06:05:00+00:00  1746.695  1746.750  0.0  0.0    0.25  0.130972  1746.695       0  1747.161979  1745.966077  1746.564028
28  XAU_USD 2022-11-21 06:06:00+00:00  1746.420  1746.650  0.0  0.0    0.25  0.176944  1746.420       0  1747.059616  1746.134273  1746.596944
29  XAU_USD 2022-11-21 06:07:00+00:00  1746.295  1746.370  0.0  0.0    0.25  0.301806  1746.295       0  1747.059960  1746.133651  1746.596806
30  XAU_USD 2022-11-21 06:08:00+00:00  1746.295  1746.345  0.0  0.0    0.25  0.298056  1746.295       0  1747.070210  1746.115901  1746.593056
2022-11-21 06:10:06 CandleManager() new candle:last_candle:22-11-21 06:09 is_ready:True
2022-11-21 06:10:07 tech_manager: max_rows:32 candle_time:2022-11-21 06:09:00+00:00 granularity:M1
2022-11-21 06:10:08 process_candles:
       PAIR                      time     mid_c     mid_o   SL   TP  SPREAD      GAIN      LOSS  SIGNAL        BB_UP        BB_LW        BB_MA
26  XAU_USD 2022-11-21 06:05:00+00:00  1746.695  1746.750  0.0  0.0    0.25  0.130972  1746.695       0  1747.161979  1745.966077  1746.564028
27  XAU_USD 2022-11-21 06:06:00+00:00  1746.420  1746.650  0.0  0.0    0.25  0.176944  1746.420       0  1747.059616  1746.134273  1746.596944
28  XAU_USD 2022-11-21 06:07:00+00:00  1746.295  1746.370  0.0  0.0    0.25  0.301806  1746.295       0  1747.059960  1746.133651  1746.596806
29  XAU_USD 2022-11-21 06:08:00+00:00  1746.295  1746.345  0.0  0.0    0.25  0.298056  1746.295       0  1747.070210  1746.115901  1746.593056
30  XAU_USD 2022-11-21 06:09:00+00:00  1746.540  1746.360  0.0  0.0    0.25  0.055972  1746.540       0  1747.070954  1746.120991  1746.595972
2022-11-21 06:11:04 CandleManager() new candle:last_candle:22-11-21 06:10 is_ready:True
2022-11-21 06:11:05 tech_manager: max_rows:32 candle_time:2022-11-21 06:10:00+00:00 granularity:M1
2022-11-21 06:11:05 process_candles:
       PAIR                      time     mid_c     mid_o   SL   TP  SPREAD      GAIN      LOSS  SIGNAL        BB_UP        BB_LW        BB_MA
26  XAU_USD 2022-11-21 06:06:00+00:00  1746.420  1746.650  0.0  0.0    0.25  0.176944  1746.420       0  1747.059616  1746.134273  1746.596944
27  XAU_USD 2022-11-21 06:07:00+00:00  1746.295  1746.370  0.0  0.0    0.25  0.301806  1746.295       0  1747.059960  1746.133651  1746.596806
28  XAU_USD 2022-11-21 06:08:00+00:00  1746.295  1746.345  0.0  0.0    0.25  0.298056  1746.295       0  1747.070210  1746.115901  1746.593056
29  XAU_USD 2022-11-21 06:09:00+00:00  1746.540  1746.360  0.0  0.0    0.25  0.055972  1746.540       0  1747.070954  1746.120991  1746.595972
30  XAU_USD 2022-11-21 06:10:00+00:00  1746.305  1746.475  0.0  0.0    0.25  0.248750  1746.305       0  1746.971684  1746.135816  1746.553750
2022-11-21 06:12:01 CandleManager() new candle:last_candle:22-11-21 06:11 is_ready:True
2022-11-21 06:12:02 tech_manager: max_rows:32 candle_time:2022-11-21 06:11:00+00:00 granularity:M1
2022-11-21 06:12:02 process_candles:
       PAIR                      time     mid_c     mid_o   SL   TP  SPREAD      GAIN      LOSS  SIGNAL        BB_UP        BB_LW        BB_MA
26  XAU_USD 2022-11-21 06:07:00+00:00  1746.295  1746.370  0.0  0.0    0.25  0.301806  1746.295       0  1747.059960  1746.133651  1746.596806
27  XAU_USD 2022-11-21 06:08:00+00:00  1746.295  1746.345  0.0  0.0    0.25  0.298056  1746.295       0  1747.070210  1746.115901  1746.593056
28  XAU_USD 2022-11-21 06:09:00+00:00  1746.540  1746.360  0.0  0.0    0.25  0.055972  1746.540       0  1747.070954  1746.120991  1746.595972
29  XAU_USD 2022-11-21 06:10:00+00:00  1746.305  1746.475  0.0  0.0    0.25  0.248750  1746.305       0  1746.971684  1746.135816  1746.553750
30  XAU_USD 2022-11-21 06:11:00+00:00  1746.575  1746.350  0.0  0.0    0.25  0.045139  1746.575       0  1746.873735  1746.185987  1746.529861
2022-11-21 06:13:09 CandleManager() new candle:last_candle:22-11-21 06:12 is_ready:True
2022-11-21 06:13:10 tech_manager: max_rows:32 candle_time:2022-11-21 06:12:00+00:00 granularity:M1
2022-11-21 06:13:10 process_candles:
       PAIR                      time     mid_c     mid_o   SL   TP  SPREAD      GAIN      LOSS  SIGNAL        BB_UP        BB_LW        BB_MA
26  XAU_USD 2022-11-21 06:08:00+00:00  1746.295  1746.345  0.0  0.0    0.25  0.298056  1746.295       0  1747.070210  1746.115901  1746.593056
27  XAU_USD 2022-11-21 06:09:00+00:00  1746.540  1746.360  0.0  0.0    0.25  0.055972  1746.540       0  1747.070954  1746.120991  1746.595972
28  XAU_USD 2022-11-21 06:10:00+00:00  1746.305  1746.475  0.0  0.0    0.25  0.248750  1746.305       0  1746.971684  1746.135816  1746.553750
29  XAU_USD 2022-11-21 06:11:00+00:00  1746.575  1746.350  0.0  0.0    0.25  0.045139  1746.575       0  1746.873735  1746.185987  1746.529861
30  XAU_USD 2022-11-21 06:12:00+00:00  1746.695  1746.525  0.0  0.0    0.25  0.150000  1746.695       0  1746.906931  1746.183069  1746.545000
2022-11-21 06:14:06 CandleManager() new candle:last_candle:22-11-21 06:13 is_ready:True
2022-11-21 06:14:07 tech_manager: max_rows:32 candle_time:2022-11-21 06:13:00+00:00 granularity:M1
2022-11-21 06:14:07 process_candles:
       PAIR                      time     mid_c     mid_o   SL   TP  SPREAD      GAIN      LOSS  SIGNAL        BB_UP        BB_LW        BB_MA
26  XAU_USD 2022-11-21 06:09:00+00:00  1746.540  1746.360  0.0  0.0    0.25  0.055972  1746.540       0  1747.070954  1746.120991  1746.595972
27  XAU_USD 2022-11-21 06:10:00+00:00  1746.305  1746.475  0.0  0.0    0.25  0.248750  1746.305       0  1746.971684  1746.135816  1746.553750
28  XAU_USD 2022-11-21 06:11:00+00:00  1746.575  1746.350  0.0  0.0    0.25  0.045139  1746.575       0  1746.873735  1746.185987  1746.529861
29  XAU_USD 2022-11-21 06:12:00+00:00  1746.695  1746.525  0.0  0.0    0.25  0.150000  1746.695       0  1746.906931  1746.183069  1746.545000
30  XAU_USD 2022-11-21 06:13:00+00:00  1746.835  1746.650  0.0  0.0    0.25  0.260972  1746.835       0  1746.968067  1746.179989  1746.574028
2022-11-21 06:15:03 CandleManager() new candle:last_candle:22-11-21 06:14 is_ready:True
2022-11-21 06:15:04 tech_manager: max_rows:32 candle_time:2022-11-21 06:14:00+00:00 granularity:M1
2022-11-21 06:15:05 process_candles:
       PAIR                      time     mid_c     mid_o   SL   TP  SPREAD      GAIN      LOSS  SIGNAL        BB_UP        BB_LW        BB_MA
26  XAU_USD 2022-11-21 06:10:00+00:00  1746.305  1746.475  0.0  0.0    0.25  0.248750  1746.305       0  1746.971684  1746.135816  1746.553750
27  XAU_USD 2022-11-21 06:11:00+00:00  1746.575  1746.350  0.0  0.0    0.25  0.045139  1746.575       0  1746.873735  1746.185987  1746.529861
28  XAU_USD 2022-11-21 06:12:00+00:00  1746.695  1746.525  0.0  0.0    0.25  0.150000  1746.695       0  1746.906931  1746.183069  1746.545000
29  XAU_USD 2022-11-21 06:13:00+00:00  1746.835  1746.650  0.0  0.0    0.25  0.260972  1746.835       0  1746.968067  1746.179989  1746.574028
30  XAU_USD 2022-11-21 06:14:00+00:00  1746.915  1746.895  0.0  0.0    0.25  0.313472  1746.915       0  1747.074391  1746.128664  1746.601528
2022-11-21 06:16:01 CandleManager() new candle:last_candle:22-11-21 06:15 is_ready:True
2022-11-21 06:16:02 tech_manager: max_rows:32 candle_time:2022-11-21 06:15:00+00:00 granularity:M1
2022-11-21 06:16:02 process_candles:
       PAIR                      time     mid_c     mid_o   SL   TP  SPREAD      GAIN      LOSS  SIGNAL        BB_UP        BB_LW        BB_MA
26  XAU_USD 2022-11-21 06:11:00+00:00  1746.575  1746.350  0.0  0.0    0.25  0.045139  1746.575       0  1746.873735  1746.185987  1746.529861
27  XAU_USD 2022-11-21 06:12:00+00:00  1746.695  1746.525  0.0  0.0    0.25  0.150000  1746.695       0  1746.906931  1746.183069  1746.545000
28  XAU_USD 2022-11-21 06:13:00+00:00  1746.835  1746.650  0.0  0.0    0.25  0.260972  1746.835       0  1746.968067  1746.179989  1746.574028
29  XAU_USD 2022-11-21 06:14:00+00:00  1746.915  1746.895  0.0  0.0    0.25  0.313472  1746.915       0  1747.074391  1746.128664  1746.601528
30  XAU_USD 2022-11-21 06:15:00+00:00  1746.420  1746.845  0.0  0.0    0.25  0.174583  1746.420       0  1747.058149  1746.131018  1746.594583
2022-11-21 06:17:09 CandleManager() new candle:last_candle:22-11-21 06:16 is_ready:True
2022-11-21 06:17:10 tech_manager: max_rows:32 candle_time:2022-11-21 06:16:00+00:00 granularity:M1
2022-11-21 06:17:10 process_candles:
       PAIR                      time     mid_c     mid_o   SL   TP  SPREAD      GAIN      LOSS  SIGNAL        BB_UP        BB_LW        BB_MA
26  XAU_USD 2022-11-21 06:12:00+00:00  1746.695  1746.525  0.0  0.0    0.25  0.150000  1746.695       0  1746.906931  1746.183069  1746.545000
27  XAU_USD 2022-11-21 06:13:00+00:00  1746.835  1746.650  0.0  0.0    0.25  0.260972  1746.835       0  1746.968067  1746.179989  1746.574028
28  XAU_USD 2022-11-21 06:14:00+00:00  1746.915  1746.895  0.0  0.0    0.25  0.313472  1746.915       0  1747.074391  1746.128664  1746.601528
29  XAU_USD 2022-11-21 06:15:00+00:00  1746.420  1746.845  0.0  0.0    0.25  0.174583  1746.420       0  1747.058149  1746.131018  1746.594583
30  XAU_USD 2022-11-21 06:16:00+00:00  1746.440  1746.375  0.0  0.0    0.25  0.128472  1746.440       0  1747.035810  1746.101135  1746.568472
2022-11-21 06:18:06 CandleManager() new candle:last_candle:22-11-21 06:17 is_ready:True
2022-11-21 06:18:07 tech_manager: max_rows:32 candle_time:2022-11-21 06:17:00+00:00 granularity:M1
2022-11-21 06:18:07 process_candles:
       PAIR                      time     mid_c     mid_o   SL   TP  SPREAD      GAIN      LOSS  SIGNAL        BB_UP        BB_LW        BB_MA
26  XAU_USD 2022-11-21 06:13:00+00:00  1746.835  1746.650  0.0  0.0    0.25  0.260972  1746.835       0  1746.968067  1746.179989  1746.574028
27  XAU_USD 2022-11-21 06:14:00+00:00  1746.915  1746.895  0.0  0.0    0.25  0.313472  1746.915       0  1747.074391  1746.128664  1746.601528
28  XAU_USD 2022-11-21 06:15:00+00:00  1746.420  1746.845  0.0  0.0    0.25  0.174583  1746.420       0  1747.058149  1746.131018  1746.594583
29  XAU_USD 2022-11-21 06:16:00+00:00  1746.440  1746.375  0.0  0.0    0.25  0.128472  1746.440       0  1747.035810  1746.101135  1746.568472
30  XAU_USD 2022-11-21 06:17:00+00:00  1746.800  1746.550  0.0  0.0    0.25  0.223333  1746.800       0  1747.060444  1746.092889  1746.576667
2022-11-21 06:19:16 CandleManager() new candle:last_candle:22-11-21 06:18 is_ready:True
2022-11-21 06:19:17 tech_manager: max_rows:32 candle_time:2022-11-21 06:18:00+00:00 granularity:M1
2022-11-21 06:19:17 process_candles:
       PAIR                      time     mid_c     mid_o   SL   TP  SPREAD      GAIN      LOSS  SIGNAL        BB_UP        BB_LW        BB_MA
26  XAU_USD 2022-11-21 06:14:00+00:00  1746.915  1746.895  0.0  0.0    0.25  0.313472  1746.915       0  1747.074391  1746.128664  1746.601528
27  XAU_USD 2022-11-21 06:15:00+00:00  1746.420  1746.845  0.0  0.0    0.25  0.174583  1746.420       0  1747.058149  1746.131018  1746.594583
28  XAU_USD 2022-11-21 06:16:00+00:00  1746.440  1746.375  0.0  0.0    0.25  0.128472  1746.440       0  1747.035810  1746.101135  1746.568472
29  XAU_USD 2022-11-21 06:17:00+00:00  1746.800  1746.550  0.0  0.0    0.25  0.223333  1746.800       0  1747.060444  1746.092889  1746.576667
30  XAU_USD 2022-11-21 06:18:00+00:00  1746.365  1746.755  0.0  0.0    0.25  0.220278  1746.365       0  1747.060364  1746.110192  1746.585278
2022-11-21 06:20:12 CandleManager() new candle:last_candle:22-11-21 06:19 is_ready:True
2022-11-21 06:20:13 tech_manager: max_rows:32 candle_time:2022-11-21 06:19:00+00:00 granularity:M1
2022-11-21 06:20:13 process_candles:
       PAIR                      time     mid_c     mid_o   SL   TP  SPREAD      GAIN      LOSS  SIGNAL        BB_UP        BB_LW        BB_MA
26  XAU_USD 2022-11-21 06:15:00+00:00  1746.420  1746.845  0.0  0.0    0.25  0.174583  1746.420       0  1747.058149  1746.131018  1746.594583
27  XAU_USD 2022-11-21 06:16:00+00:00  1746.440  1746.375  0.0  0.0    0.25  0.128472  1746.440       0  1747.035810  1746.101135  1746.568472
28  XAU_USD 2022-11-21 06:17:00+00:00  1746.800  1746.550  0.0  0.0    0.25  0.223333  1746.800       0  1747.060444  1746.092889  1746.576667
29  XAU_USD 2022-11-21 06:18:00+00:00  1746.365  1746.755  0.0  0.0    0.25  0.220278  1746.365       0  1747.060364  1746.110192  1746.585278
30  XAU_USD 2022-11-21 06:19:00+00:00  1746.415  1746.435  0.0  0.0    0.25  0.174306  1746.415       0  1747.052501  1746.126110  1746.589306
2022-11-21 06:21:08 CandleManager() new candle:last_candle:22-11-21 06:20 is_ready:True
2022-11-21 06:21:09 tech_manager: max_rows:32 candle_time:2022-11-21 06:20:00+00:00 granularity:M1
2022-11-21 06:21:09 process_candles:
       PAIR                      time     mid_c     mid_o   SL   TP  SPREAD      GAIN      LOSS  SIGNAL        BB_UP        BB_LW        BB_MA
26  XAU_USD 2022-11-21 06:16:00+00:00  1746.440  1746.375  0.0  0.0    0.25  0.128472  1746.440       0  1747.035810  1746.101135  1746.568472
27  XAU_USD 2022-11-21 06:17:00+00:00  1746.800  1746.550  0.0  0.0    0.25  0.223333  1746.800       0  1747.060444  1746.092889  1746.576667
28  XAU_USD 2022-11-21 06:18:00+00:00  1746.365  1746.755  0.0  0.0    0.25  0.220278  1746.365       0  1747.060364  1746.110192  1746.585278
29  XAU_USD 2022-11-21 06:19:00+00:00  1746.415  1746.435  0.0  0.0    0.25  0.174306  1746.415       0  1747.052501  1746.126110  1746.589306
30  XAU_USD 2022-11-21 06:20:00+00:00  1746.145  1746.360  0.0  0.0    0.25  0.435556  1746.145       0  1747.083568  1746.077543  1746.580556
2022-11-21 06:22:05 CandleManager() new candle:last_candle:22-11-21 06:21 is_ready:True
2022-11-21 06:22:06 tech_manager: max_rows:32 candle_time:2022-11-21 06:21:00+00:00 granularity:M1
2022-11-21 06:22:06 process_candles:
       PAIR                      time     mid_c     mid_o   SL   TP  SPREAD      GAIN      LOSS  SIGNAL        BB_UP        BB_LW        BB_MA
26  XAU_USD 2022-11-21 06:17:00+00:00  1746.800  1746.550  0.0  0.0    0.25  0.223333  1746.800       0  1747.060444  1746.092889  1746.576667
27  XAU_USD 2022-11-21 06:18:00+00:00  1746.365  1746.755  0.0  0.0    0.25  0.220278  1746.365       0  1747.060364  1746.110192  1746.585278
28  XAU_USD 2022-11-21 06:19:00+00:00  1746.415  1746.435  0.0  0.0    0.25  0.174306  1746.415       0  1747.052501  1746.126110  1746.589306
29  XAU_USD 2022-11-21 06:20:00+00:00  1746.145  1746.360  0.0  0.0    0.25  0.435556  1746.145       0  1747.083568  1746.077543  1746.580556
30  XAU_USD 2022-11-21 06:21:00+00:00  1746.505  1746.195  0.0  0.0    0.25  0.067917  1746.505       0  1747.082367  1746.063466  1746.572917
2022-11-21 06:23:02 CandleManager() new candle:last_candle:22-11-21 06:22 is_ready:True
2022-11-21 06:23:03 tech_manager: max_rows:32 candle_time:2022-11-21 06:22:00+00:00 granularity:M1
2022-11-21 06:23:03 process_candles:
       PAIR                      time     mid_c     mid_o   SL   TP  SPREAD      GAIN      LOSS  SIGNAL        BB_UP        BB_LW        BB_MA
26  XAU_USD 2022-11-21 06:18:00+00:00  1746.365  1746.755  0.0  0.0    0.25  0.220278  1746.365       0  1747.060364  1746.110192  1746.585278
27  XAU_USD 2022-11-21 06:19:00+00:00  1746.415  1746.435  0.0  0.0    0.25  0.174306  1746.415       0  1747.052501  1746.126110  1746.589306
28  XAU_USD 2022-11-21 06:20:00+00:00  1746.145  1746.360  0.0  0.0    0.25  0.435556  1746.145       0  1747.083568  1746.077543  1746.580556
29  XAU_USD 2022-11-21 06:21:00+00:00  1746.505  1746.195  0.0  0.0    0.25  0.067917  1746.505       0  1747.082367  1746.063466  1746.572917
30  XAU_USD 2022-11-21 06:22:00+00:00  1746.425  1746.445  0.0  0.0    0.25  0.145139  1746.425       0  1747.086171  1746.054107  1746.570139
2022-11-21 06:24:11 CandleManager() new candle:last_candle:22-11-21 06:23 is_ready:True
2022-11-21 06:24:12 tech_manager: max_rows:32 candle_time:2022-11-21 06:23:00+00:00 granularity:M1
2022-11-21 06:24:12 process_candles:
       PAIR                      time     mid_c     mid_o   SL   TP  SPREAD      GAIN      LOSS  SIGNAL        BB_UP        BB_LW        BB_MA
26  XAU_USD 2022-11-21 06:19:00+00:00  1746.415  1746.435  0.0  0.0    0.25  0.174306  1746.415       0  1747.052501  1746.126110  1746.589306
27  XAU_USD 2022-11-21 06:20:00+00:00  1746.145  1746.360  0.0  0.0    0.25  0.435556  1746.145       0  1747.083568  1746.077543  1746.580556
28  XAU_USD 2022-11-21 06:21:00+00:00  1746.505  1746.195  0.0  0.0    0.25  0.067917  1746.505       0  1747.082367  1746.063466  1746.572917
29  XAU_USD 2022-11-21 06:22:00+00:00  1746.425  1746.445  0.0  0.0    0.25  0.145139  1746.425       0  1747.086171  1746.054107  1746.570139
30  XAU_USD 2022-11-21 06:23:00+00:00  1746.330  1746.375  0.0  0.0    0.25  0.224722  1746.330       0  1747.087445  1746.021999  1746.554722
2022-11-21 06:25:07 CandleManager() new candle:last_candle:22-11-21 06:24 is_ready:True
2022-11-21 06:25:08 tech_manager: max_rows:32 candle_time:2022-11-21 06:24:00+00:00 granularity:M1
2022-11-21 06:25:09 process_candles:
       PAIR                      time     mid_c     mid_o   SL   TP  SPREAD      GAIN      LOSS  SIGNAL        BB_UP        BB_LW        BB_MA
26  XAU_USD 2022-11-21 06:20:00+00:00  1746.145  1746.360  0.0  0.0    0.25  0.435556  1746.145       0  1747.083568  1746.077543  1746.580556
27  XAU_USD 2022-11-21 06:21:00+00:00  1746.505  1746.195  0.0  0.0    0.25  0.067917  1746.505       0  1747.082367  1746.063466  1746.572917
28  XAU_USD 2022-11-21 06:22:00+00:00  1746.425  1746.445  0.0  0.0    0.25  0.145139  1746.425       0  1747.086171  1746.054107  1746.570139
29  XAU_USD 2022-11-21 06:23:00+00:00  1746.330  1746.375  0.0  0.0    0.25  0.224722  1746.330       0  1747.087445  1746.021999  1746.554722
30  XAU_USD 2022-11-21 06:24:00+00:00  1746.400  1746.375  0.0  0.0    0.25  0.132917  1746.400       0  1747.061339  1746.004494  1746.532917
2022-11-21 06:26:05 CandleManager() new candle:last_candle:22-11-21 06:25 is_ready:True
2022-11-21 06:26:06 tech_manager: max_rows:32 candle_time:2022-11-21 06:25:00+00:00 granularity:M1
2022-11-21 06:26:06 process_candles:
       PAIR                      time     mid_c     mid_o   SL   TP  SPREAD      GAIN      LOSS  SIGNAL        BB_UP        BB_LW        BB_MA
26  XAU_USD 2022-11-21 06:21:00+00:00  1746.505  1746.195  0.0  0.0    0.25  0.067917  1746.505       0  1747.082367  1746.063466  1746.572917
27  XAU_USD 2022-11-21 06:22:00+00:00  1746.425  1746.445  0.0  0.0    0.25  0.145139  1746.425       0  1747.086171  1746.054107  1746.570139
28  XAU_USD 2022-11-21 06:23:00+00:00  1746.330  1746.375  0.0  0.0    0.25  0.224722  1746.330       0  1747.087445  1746.021999  1746.554722
29  XAU_USD 2022-11-21 06:24:00+00:00  1746.400  1746.375  0.0  0.0    0.25  0.132917  1746.400       0  1747.061339  1746.004494  1746.532917
30  XAU_USD 2022-11-21 06:25:00+00:00  1746.355  1746.360  0.0  0.0    0.25  0.138889  1746.355       0  1746.997861  1745.989917  1746.493889
2022-11-21 06:27:02 CandleManager() new candle:last_candle:22-11-21 06:26 is_ready:True
2022-11-21 06:27:03 tech_manager: max_rows:32 candle_time:2022-11-21 06:26:00+00:00 granularity:M1
2022-11-21 06:27:03 process_candles:
       PAIR                      time     mid_c     mid_o   SL   TP  SPREAD      GAIN      LOSS  SIGNAL        BB_UP        BB_LW        BB_MA
26  XAU_USD 2022-11-21 06:22:00+00:00  1746.425  1746.445  0.0  0.0    0.25  0.145139  1746.425       0  1747.086171  1746.054107  1746.570139
27  XAU_USD 2022-11-21 06:23:00+00:00  1746.330  1746.375  0.0  0.0    0.25  0.224722  1746.330       0  1747.087445  1746.021999  1746.554722
28  XAU_USD 2022-11-21 06:24:00+00:00  1746.400  1746.375  0.0  0.0    0.25  0.132917  1746.400       0  1747.061339  1746.004494  1746.532917
29  XAU_USD 2022-11-21 06:25:00+00:00  1746.355  1746.360  0.0  0.0    0.25  0.138889  1746.355       0  1746.997861  1745.989917  1746.493889
30  XAU_USD 2022-11-21 06:26:00+00:00  1746.295  1746.310  0.0  0.0    0.25  0.155417  1746.295       0  1746.816795  1746.084038  1746.450417
2022-11-21 06:28:11 CandleManager() new candle:last_candle:22-11-21 06:27 is_ready:True
2022-11-21 06:28:12 tech_manager: max_rows:32 candle_time:2022-11-21 06:27:00+00:00 granularity:M1
2022-11-21 06:28:13 process_candles:
       PAIR                      time     mid_c     mid_o   SL   TP  SPREAD      GAIN      LOSS  SIGNAL        BB_UP        BB_LW        BB_MA
26  XAU_USD 2022-11-21 06:23:00+00:00  1746.330  1746.375  0.0  0.0    0.25  0.224722  1746.330       0  1747.087445  1746.021999  1746.554722
27  XAU_USD 2022-11-21 06:24:00+00:00  1746.400  1746.375  0.0  0.0    0.25  0.132917  1746.400       0  1747.061339  1746.004494  1746.532917
28  XAU_USD 2022-11-21 06:25:00+00:00  1746.355  1746.360  0.0  0.0    0.25  0.138889  1746.355       0  1746.997861  1745.989917  1746.493889
29  XAU_USD 2022-11-21 06:26:00+00:00  1746.295  1746.310  0.0  0.0    0.25  0.155417  1746.295       0  1746.816795  1746.084038  1746.450417
30  XAU_USD 2022-11-21 06:27:00+00:00  1746.275  1746.250  0.0  0.0    0.25  0.145694  1746.275       0  1746.767498  1746.073891  1746.420694
2022-11-21 06:29:07 CandleManager() new candle:last_candle:22-11-21 06:28 is_ready:True
2022-11-21 06:29:08 tech_manager: max_rows:32 candle_time:2022-11-21 06:28:00+00:00 granularity:M1
2022-11-21 06:29:08 process_candles:
       PAIR                      time     mid_c     mid_o   SL   TP  SPREAD      GAIN      LOSS  SIGNAL        BB_UP        BB_LW        BB_MA
26  XAU_USD 2022-11-21 06:24:00+00:00  1746.400  1746.375  0.0  0.0    0.25  0.132917  1746.400       0  1747.061339  1746.004494  1746.532917
27  XAU_USD 2022-11-21 06:25:00+00:00  1746.355  1746.360  0.0  0.0    0.25  0.138889  1746.355       0  1746.997861  1745.989917  1746.493889
28  XAU_USD 2022-11-21 06:26:00+00:00  1746.295  1746.310  0.0  0.0    0.25  0.155417  1746.295       0  1746.816795  1746.084038  1746.450417
29  XAU_USD 2022-11-21 06:27:00+00:00  1746.275  1746.250  0.0  0.0    0.25  0.145694  1746.275       0  1746.767498  1746.073891  1746.420694
30  XAU_USD 2022-11-21 06:28:00+00:00  1745.970  1746.320  0.0  0.0    0.25  0.421944  1745.970       0  1746.821476  1745.962413  1746.391944
2022-11-21 06:30:04 CandleManager() new candle:last_candle:22-11-21 06:29 is_ready:True
2022-11-21 06:30:05 tech_manager: max_rows:32 candle_time:2022-11-21 06:29:00+00:00 granularity:M1
2022-11-21 06:30:05 process_candles:
       PAIR                      time     mid_c    mid_o   SL   TP  SPREAD      GAIN      LOSS  SIGNAL        BB_UP        BB_LW        BB_MA
26  XAU_USD 2022-11-21 06:25:00+00:00  1746.355  1746.36  0.0  0.0    0.25  0.138889  1746.355       0  1746.997861  1745.989917  1746.493889
27  XAU_USD 2022-11-21 06:26:00+00:00  1746.295  1746.31  0.0  0.0    0.25  0.155417  1746.295       0  1746.816795  1746.084038  1746.450417
28  XAU_USD 2022-11-21 06:27:00+00:00  1746.275  1746.25  0.0  0.0    0.25  0.145694  1746.275       0  1746.767498  1746.073891  1746.420694
29  XAU_USD 2022-11-21 06:28:00+00:00  1745.970  1746.32  0.0  0.0    0.25  0.421944  1745.970       0  1746.821476  1745.962413  1746.391944
30  XAU_USD 2022-11-21 06:29:00+00:00  1745.900  1746.03  0.0  0.0    0.25  0.420278  1745.900       0  1746.776771  1745.863784  1746.320278
2022-11-21 06:31:01 CandleManager() new candle:last_candle:22-11-21 06:30 is_ready:True
2022-11-21 06:31:02 tech_manager: max_rows:32 candle_time:2022-11-21 06:30:00+00:00 granularity:M1
2022-11-21 06:31:03 process_candles:
       PAIR                      time     mid_c    mid_o   SL   TP  SPREAD      GAIN      LOSS  SIGNAL        BB_UP        BB_LW        BB_MA
26  XAU_USD 2022-11-21 06:26:00+00:00  1746.295  1746.31  0.0  0.0    0.25  0.155417  1746.295       0  1746.816795  1746.084038  1746.450417
27  XAU_USD 2022-11-21 06:27:00+00:00  1746.275  1746.25  0.0  0.0    0.25  0.145694  1746.275       0  1746.767498  1746.073891  1746.420694
28  XAU_USD 2022-11-21 06:28:00+00:00  1745.970  1746.32  0.0  0.0    0.25  0.421944  1745.970       0  1746.821476  1745.962413  1746.391944
29  XAU_USD 2022-11-21 06:29:00+00:00  1745.900  1746.03  0.0  0.0    0.25  0.420278  1745.900       0  1746.776771  1745.863784  1746.320278
30  XAU_USD 2022-11-21 06:30:00+00:00  1745.650  1745.86  0.0  0.0    0.25  0.599306  1745.650       0  1746.843064  1745.655547  1746.249306
2022-11-21 06:32:10 CandleManager() new candle:last_candle:22-11-21 06:31 is_ready:True
2022-11-21 06:32:11 tech_manager: max_rows:32 candle_time:2022-11-21 06:31:00+00:00 granularity:M1
2022-11-21 06:32:11 process_candles:
       PAIR                      time     mid_c     mid_o   SL   TP  SPREAD      GAIN      LOSS  SIGNAL        BB_UP        BB_LW        BB_MA
27  XAU_USD 2022-11-21 06:27:00+00:00  1746.275  1746.250  0.0  0.0    0.25  0.145694  1746.275       0  1746.767498  1746.073891  1746.420694
28  XAU_USD 2022-11-21 06:28:00+00:00  1745.970  1746.320  0.0  0.0    0.25  0.421944  1745.970       0  1746.821476  1745.962413  1746.391944
29  XAU_USD 2022-11-21 06:29:00+00:00  1745.900  1746.030  0.0  0.0    0.25  0.420278  1745.900       0  1746.776771  1745.863784  1746.320278
30  XAU_USD 2022-11-21 06:30:00+00:00  1745.650  1745.860  0.0  0.0    0.25  0.599306  1745.650       0  1746.843064  1745.655547  1746.249306
31  XAU_USD 2022-11-21 06:31:00+00:00  1745.765  1745.695  0.0  0.0    0.25  0.425000  1745.765       0  1746.888375  1745.491625  1746.190000
2022-11-21 06:33:07 CandleManager() new candle:last_candle:22-11-21 06:32 is_ready:True
2022-11-21 06:33:08 tech_manager: max_rows:32 candle_time:2022-11-21 06:32:00+00:00 granularity:M1
2022-11-21 06:33:08 process_candles:
       PAIR                      time     mid_c     mid_o   SL   TP  SPREAD      GAIN      LOSS  SIGNAL        BB_UP        BB_LW        BB_MA
26  XAU_USD 2022-11-21 06:28:00+00:00  1745.970  1746.320  0.0  0.0    0.25  0.421944  1745.970       0  1746.821476  1745.962413  1746.391944
27  XAU_USD 2022-11-21 06:29:00+00:00  1745.900  1746.030  0.0  0.0    0.25  0.420278  1745.900       0  1746.776771  1745.863784  1746.320278
28  XAU_USD 2022-11-21 06:30:00+00:00  1745.650  1745.860  0.0  0.0    0.25  0.599306  1745.650       0  1746.843064  1745.655547  1746.249306
29  XAU_USD 2022-11-21 06:31:00+00:00  1745.765  1745.695  0.0  0.0    0.25  0.425000  1745.765       0  1746.888375  1745.491625  1746.190000
30  XAU_USD 2022-11-21 06:32:00+00:00  1746.095  1745.880  0.0  0.0    0.25  0.082917  1746.095       0  1746.881751  1745.474083  1746.177917
2022-11-21 06:34:04 CandleManager() new candle:last_candle:22-11-21 06:33 is_ready:True
2022-11-21 06:34:05 tech_manager: max_rows:32 candle_time:2022-11-21 06:33:00+00:00 granularity:M1
2022-11-21 06:34:05 process_candles:
       PAIR                      time     mid_c     mid_o   SL   TP  SPREAD      GAIN      LOSS  SIGNAL        BB_UP        BB_LW        BB_MA
26  XAU_USD 2022-11-21 06:29:00+00:00  1745.900  1746.030  0.0  0.0    0.25  0.420278  1745.900       0  1746.776771  1745.863784  1746.320278
27  XAU_USD 2022-11-21 06:30:00+00:00  1745.650  1745.860  0.0  0.0    0.25  0.599306  1745.650       0  1746.843064  1745.655547  1746.249306
28  XAU_USD 2022-11-21 06:31:00+00:00  1745.765  1745.695  0.0  0.0    0.25  0.425000  1745.765       0  1746.888375  1745.491625  1746.190000
29  XAU_USD 2022-11-21 06:32:00+00:00  1746.095  1745.880  0.0  0.0    0.25  0.082917  1746.095       0  1746.881751  1745.474083  1746.177917
30  XAU_USD 2022-11-21 06:33:00+00:00  1745.745  1746.050  0.0  0.0    0.25  0.381944  1745.745       0  1746.825789  1745.428100  1746.126944
2022-11-21 06:35:14 CandleManager() new candle:last_candle:22-11-21 06:34 is_ready:True
2022-11-21 06:35:15 tech_manager: max_rows:32 candle_time:2022-11-21 06:34:00+00:00 granularity:M1
2022-11-21 06:35:15 process_candles:
       PAIR                      time     mid_c     mid_o   SL   TP  SPREAD      GAIN      LOSS  SIGNAL        BB_UP        BB_LW        BB_MA
26  XAU_USD 2022-11-21 06:30:00+00:00  1745.650  1745.860  0.0  0.0    0.25  0.599306  1745.650       0  1746.843064  1745.655547  1746.249306
27  XAU_USD 2022-11-21 06:31:00+00:00  1745.765  1745.695  0.0  0.0    0.25  0.425000  1745.765       0  1746.888375  1745.491625  1746.190000
28  XAU_USD 2022-11-21 06:32:00+00:00  1746.095  1745.880  0.0  0.0    0.25  0.082917  1746.095       0  1746.881751  1745.474083  1746.177917
29  XAU_USD 2022-11-21 06:33:00+00:00  1745.745  1746.050  0.0  0.0    0.25  0.381944  1745.745       0  1746.825789  1745.428100  1746.126944
30  XAU_USD 2022-11-21 06:34:00+00:00  1745.785  1745.695  0.0  0.0    0.25  0.285972  1745.785       0  1746.800868  1745.341077  1746.070972
2022-11-21 06:36:10 CandleManager() new candle:last_candle:22-11-21 06:35 is_ready:True
2022-11-21 06:36:11 tech_manager: max_rows:32 candle_time:2022-11-21 06:35:00+00:00 granularity:M1
2022-11-21 06:36:11 process_candles:
       PAIR                      time     mid_c     mid_o   SL   TP  SPREAD      GAIN      LOSS  SIGNAL        BB_UP        BB_LW        BB_MA
26  XAU_USD 2022-11-21 06:31:00+00:00  1745.765  1745.695  0.0  0.0    0.25  0.425000  1745.765       0  1746.888375  1745.491625  1746.190000
27  XAU_USD 2022-11-21 06:32:00+00:00  1746.095  1745.880  0.0  0.0    0.25  0.082917  1746.095       0  1746.881751  1745.474083  1746.177917
28  XAU_USD 2022-11-21 06:33:00+00:00  1745.745  1746.050  0.0  0.0    0.25  0.381944  1745.745       0  1746.825789  1745.428100  1746.126944
29  XAU_USD 2022-11-21 06:34:00+00:00  1745.785  1745.695  0.0  0.0    0.25  0.285972  1745.785       0  1746.800868  1745.341077  1746.070972
30  XAU_USD 2022-11-21 06:35:00+00:00  1745.915  1745.730  0.0  0.0    0.25  0.112778  1745.915       0  1746.725439  1745.330117  1746.027778
2022-11-21 06:37:07 CandleManager() new candle:last_candle:22-11-21 06:36 is_ready:True
2022-11-21 06:37:08 tech_manager: max_rows:32 candle_time:2022-11-21 06:36:00+00:00 granularity:M1
2022-11-21 06:37:08 process_candles:
       PAIR                      time     mid_c     mid_o   SL   TP  SPREAD      GAIN      LOSS  SIGNAL        BB_UP        BB_LW        BB_MA
27  XAU_USD 2022-11-21 06:32:00+00:00  1746.095  1745.880  0.0  0.0    0.25  0.082917  1746.095       0  1746.881751  1745.474083  1746.177917
28  XAU_USD 2022-11-21 06:33:00+00:00  1745.745  1746.050  0.0  0.0    0.25  0.381944  1745.745       0  1746.825789  1745.428100  1746.126944
29  XAU_USD 2022-11-21 06:34:00+00:00  1745.785  1745.695  0.0  0.0    0.25  0.285972  1745.785       0  1746.800868  1745.341077  1746.070972
30  XAU_USD 2022-11-21 06:35:00+00:00  1745.915  1745.730  0.0  0.0    0.25  0.112778  1745.915       0  1746.725439  1745.330117  1746.027778
31  XAU_USD 2022-11-21 06:36:00+00:00  1745.875  1745.970  0.0  0.0    0.25  0.115278  1745.875       0  1746.612668  1745.367887  1745.990278
2022-11-21 06:38:16 CandleManager() new candle:last_candle:22-11-21 06:37 is_ready:True
2022-11-21 06:38:17 tech_manager: max_rows:32 candle_time:2022-11-21 06:37:00+00:00 granularity:M1
2022-11-21 06:38:18 process_candles:
       PAIR                      time     mid_c     mid_o   SL   TP  SPREAD      GAIN      LOSS  SIGNAL        BB_UP        BB_LW        BB_MA
26  XAU_USD 2022-11-21 06:33:00+00:00  1745.745  1746.050  0.0  0.0    0.25  0.381944  1745.745       0  1746.825789  1745.428100  1746.126944
27  XAU_USD 2022-11-21 06:34:00+00:00  1745.785  1745.695  0.0  0.0    0.25  0.285972  1745.785       0  1746.800868  1745.341077  1746.070972
28  XAU_USD 2022-11-21 06:35:00+00:00  1745.915  1745.730  0.0  0.0    0.25  0.112778  1745.915       0  1746.725439  1745.330117  1746.027778
29  XAU_USD 2022-11-21 06:36:00+00:00  1745.875  1745.970  0.0  0.0    0.25  0.115278  1745.875       0  1746.612668  1745.367887  1745.990278
30  XAU_USD 2022-11-21 06:37:00+00:00  1745.985  1745.950  0.0  0.0    0.25  0.028194  1745.985       0  1746.520595  1745.393016  1745.956806
2022-11-21 06:39:01 CandleManager() new candle:last_candle:22-11-21 06:38 is_ready:True
2022-11-21 06:39:02 tech_manager: max_rows:32 candle_time:2022-11-21 06:38:00+00:00 granularity:M1
2022-11-21 06:39:02 process_candles:
       PAIR                      time     mid_c     mid_o   SL   TP  SPREAD      GAIN      LOSS  SIGNAL        BB_UP        BB_LW        BB_MA
26  XAU_USD 2022-11-21 06:34:00+00:00  1745.785  1745.695  0.0  0.0    0.25  0.285972  1745.785       0  1746.800868  1745.341077  1746.070972
27  XAU_USD 2022-11-21 06:35:00+00:00  1745.915  1745.730  0.0  0.0    0.25  0.112778  1745.915       0  1746.725439  1745.330117  1746.027778
28  XAU_USD 2022-11-21 06:36:00+00:00  1745.875  1745.970  0.0  0.0    0.25  0.115278  1745.875       0  1746.612668  1745.367887  1745.990278
29  XAU_USD 2022-11-21 06:37:00+00:00  1745.985  1745.950  0.0  0.0    0.25  0.028194  1745.985       0  1746.520595  1745.393016  1745.956806
30  XAU_USD 2022-11-21 06:38:00+00:00  1745.480  1746.055  0.0  0.0    0.25  0.415000  1745.480       0  1746.363604  1745.426396  1745.895000
